[2025-11-29T01:52:01.504+0000] {local_task_job_runner.py:120} INFO - ::group::Pre task execution logs
[2025-11-29T01:52:01.539+0000] {taskinstance.py:2076} INFO - Dependencies all met for dep_context=non-requeueable deps ti=<TaskInstance: job_prediction_pipeline.check_for_new_data scheduled__2025-11-29T01:50:00+00:00 [queued]>
[2025-11-29T01:52:01.547+0000] {taskinstance.py:2076} INFO - Dependencies all met for dep_context=requeueable deps ti=<TaskInstance: job_prediction_pipeline.check_for_new_data scheduled__2025-11-29T01:50:00+00:00 [queued]>
[2025-11-29T01:52:01.548+0000] {taskinstance.py:2306} INFO - Starting attempt 1 of 1
[2025-11-29T01:52:01.562+0000] {taskinstance.py:2330} INFO - Executing <Task(_PythonDecoratedOperator): check_for_new_data> on 2025-11-29 01:50:00+00:00
[2025-11-29T01:52:01.571+0000] {standard_task_runner.py:64} INFO - Started process 7218 to run task
[2025-11-29T01:52:01.577+0000] {standard_task_runner.py:90} INFO - Running: ['***', 'tasks', 'run', 'job_prediction_pipeline', 'check_for_new_data', 'scheduled__2025-11-29T01:50:00+00:00', '--job-id', '789', '--raw', '--subdir', 'DAGS_FOLDER/dag_prediction.py', '--cfg-path', '/tmp/tmp0jmhn1it']
[2025-11-29T01:52:01.580+0000] {standard_task_runner.py:91} INFO - Job 789: Subtask check_for_new_data
[2025-11-29T01:52:01.663+0000] {task_command.py:426} INFO - Running <TaskInstance: job_prediction_pipeline.check_for_new_data scheduled__2025-11-29T01:50:00+00:00 [running]> on host 9e1c9e9647a7
[2025-11-29T01:52:01.771+0000] {taskinstance.py:2648} INFO - Exporting env vars: AIRFLOW_CTX_DAG_OWNER='***' AIRFLOW_CTX_DAG_ID='job_prediction_pipeline' AIRFLOW_CTX_TASK_ID='check_for_new_data' AIRFLOW_CTX_EXECUTION_DATE='2025-11-29T01:50:00+00:00' AIRFLOW_CTX_TRY_NUMBER='1' AIRFLOW_CTX_DAG_RUN_ID='scheduled__2025-11-29T01:50:00+00:00'
[2025-11-29T01:52:01.772+0000] {taskinstance.py:430} INFO - ::endgroup::
[2025-11-29T01:52:01.776+0000] {logging_mixin.py:188} INFO - Last processed timestamp = 1764380956.9105656
[2025-11-29T01:52:01.812+0000] {logging_mixin.py:188} INFO - New files for prediction = ['job_part_0003.csv', 'job_part_0007.csv']
[2025-11-29T01:52:01.812+0000] {logging_mixin.py:188} INFO - New latest timestamp = 1764381075.430617
[2025-11-29T01:52:01.812+0000] {python.py:237} INFO - Done. Returned value was: {'files': ['job_part_0003.csv', 'job_part_0007.csv'], 'latest_ts': 1764381075.430617}
[2025-11-29T01:52:01.813+0000] {taskinstance.py:441} INFO - ::group::Post task execution logs
[2025-11-29T01:52:01.846+0000] {taskinstance.py:1206} INFO - Marking task as SUCCESS. dag_id=job_prediction_pipeline, task_id=check_for_new_data, run_id=scheduled__2025-11-29T01:50:00+00:00, execution_date=20251129T015000, start_date=20251129T015201, end_date=20251129T015201
[2025-11-29T01:52:01.910+0000] {local_task_job_runner.py:243} INFO - Task exited with return code 0
[2025-11-29T01:52:01.932+0000] {taskinstance.py:3503} INFO - 1 downstream tasks scheduled from follow-on schedule check
[2025-11-29T01:52:01.936+0000] {local_task_job_runner.py:222} INFO - ::endgroup::
