[2025-11-15T00:00:06.061+0000] {processor.py:161} INFO - Started process (PID=3209) to work on /opt/airflow/dags/dag_ingestion.py
[2025-11-15T00:00:06.064+0000] {processor.py:830} INFO - Processing file /opt/airflow/dags/dag_ingestion.py for tasks to queue
[2025-11-15T00:00:06.070+0000] {logging_mixin.py:188} INFO - [2025-11-15T00:00:06.069+0000] {dagbag.py:545} INFO - Filling up the DagBag from /opt/airflow/dags/dag_ingestion.py
[2025-11-15T00:00:06.899+0000] {processor.py:840} INFO - DAG(s) 'job_ingestion_pipeline' retrieved from /opt/airflow/dags/dag_ingestion.py
[2025-11-15T00:00:06.981+0000] {logging_mixin.py:188} INFO - [2025-11-15T00:00:06.980+0000] {dag.py:3089} INFO - Sync 1 DAGs
[2025-11-15T00:00:07.042+0000] {logging_mixin.py:188} INFO - [2025-11-15T00:00:07.042+0000] {dag.py:3947} INFO - Setting next_dagrun for job_ingestion_pipeline to 2025-11-14 23:59:00+00:00, run_after=2025-11-15 00:00:00+00:00
[2025-11-15T00:00:07.098+0000] {processor.py:183} INFO - Processing /opt/airflow/dags/dag_ingestion.py took 1.058 seconds
[2025-11-15T00:00:37.549+0000] {processor.py:161} INFO - Started process (PID=3221) to work on /opt/airflow/dags/dag_ingestion.py
[2025-11-15T00:00:37.551+0000] {processor.py:830} INFO - Processing file /opt/airflow/dags/dag_ingestion.py for tasks to queue
[2025-11-15T00:00:37.556+0000] {logging_mixin.py:188} INFO - [2025-11-15T00:00:37.555+0000] {dagbag.py:545} INFO - Filling up the DagBag from /opt/airflow/dags/dag_ingestion.py
[2025-11-15T00:00:38.374+0000] {processor.py:840} INFO - DAG(s) 'job_ingestion_pipeline' retrieved from /opt/airflow/dags/dag_ingestion.py
[2025-11-15T00:00:38.460+0000] {logging_mixin.py:188} INFO - [2025-11-15T00:00:38.457+0000] {dag.py:3089} INFO - Sync 1 DAGs
[2025-11-15T00:00:38.521+0000] {logging_mixin.py:188} INFO - [2025-11-15T00:00:38.520+0000] {dag.py:3947} INFO - Setting next_dagrun for job_ingestion_pipeline to 2025-11-14 23:59:00+00:00, run_after=2025-11-15 00:00:00+00:00
[2025-11-15T00:00:38.567+0000] {processor.py:183} INFO - Processing /opt/airflow/dags/dag_ingestion.py took 1.035 seconds
[2025-11-15T00:01:09.133+0000] {processor.py:161} INFO - Started process (PID=3233) to work on /opt/airflow/dags/dag_ingestion.py
[2025-11-15T00:01:09.135+0000] {processor.py:830} INFO - Processing file /opt/airflow/dags/dag_ingestion.py for tasks to queue
[2025-11-15T00:01:09.141+0000] {logging_mixin.py:188} INFO - [2025-11-15T00:01:09.140+0000] {dagbag.py:545} INFO - Filling up the DagBag from /opt/airflow/dags/dag_ingestion.py
[2025-11-15T00:01:09.925+0000] {processor.py:840} INFO - DAG(s) 'job_ingestion_pipeline' retrieved from /opt/airflow/dags/dag_ingestion.py
[2025-11-15T00:01:10.004+0000] {logging_mixin.py:188} INFO - [2025-11-15T00:01:10.004+0000] {dag.py:3089} INFO - Sync 1 DAGs
[2025-11-15T00:01:10.058+0000] {logging_mixin.py:188} INFO - [2025-11-15T00:01:10.058+0000] {dag.py:3947} INFO - Setting next_dagrun for job_ingestion_pipeline to 2025-11-15 00:00:00+00:00, run_after=2025-11-15 00:01:00+00:00
[2025-11-15T00:01:10.106+0000] {processor.py:183} INFO - Processing /opt/airflow/dags/dag_ingestion.py took 0.990 seconds
[2025-11-15T00:01:40.729+0000] {processor.py:161} INFO - Started process (PID=3245) to work on /opt/airflow/dags/dag_ingestion.py
[2025-11-15T00:01:40.732+0000] {processor.py:830} INFO - Processing file /opt/airflow/dags/dag_ingestion.py for tasks to queue
[2025-11-15T00:01:40.737+0000] {logging_mixin.py:188} INFO - [2025-11-15T00:01:40.736+0000] {dagbag.py:545} INFO - Filling up the DagBag from /opt/airflow/dags/dag_ingestion.py
[2025-11-15T00:01:41.552+0000] {processor.py:840} INFO - DAG(s) 'job_ingestion_pipeline' retrieved from /opt/airflow/dags/dag_ingestion.py
[2025-11-15T00:01:41.626+0000] {logging_mixin.py:188} INFO - [2025-11-15T00:01:41.625+0000] {dag.py:3089} INFO - Sync 1 DAGs
[2025-11-15T00:01:41.688+0000] {logging_mixin.py:188} INFO - [2025-11-15T00:01:41.687+0000] {dag.py:3947} INFO - Setting next_dagrun for job_ingestion_pipeline to 2025-11-15 00:00:00+00:00, run_after=2025-11-15 00:01:00+00:00
[2025-11-15T00:01:41.737+0000] {processor.py:183} INFO - Processing /opt/airflow/dags/dag_ingestion.py took 1.032 seconds
[2025-11-15T00:02:12.427+0000] {processor.py:161} INFO - Started process (PID=3257) to work on /opt/airflow/dags/dag_ingestion.py
[2025-11-15T00:02:12.429+0000] {processor.py:830} INFO - Processing file /opt/airflow/dags/dag_ingestion.py for tasks to queue
[2025-11-15T00:02:12.433+0000] {logging_mixin.py:188} INFO - [2025-11-15T00:02:12.432+0000] {dagbag.py:545} INFO - Filling up the DagBag from /opt/airflow/dags/dag_ingestion.py
[2025-11-15T00:02:13.183+0000] {processor.py:840} INFO - DAG(s) 'job_ingestion_pipeline' retrieved from /opt/airflow/dags/dag_ingestion.py
[2025-11-15T00:02:13.253+0000] {logging_mixin.py:188} INFO - [2025-11-15T00:02:13.252+0000] {dag.py:3089} INFO - Sync 1 DAGs
[2025-11-15T00:02:13.303+0000] {logging_mixin.py:188} INFO - [2025-11-15T00:02:13.302+0000] {dag.py:3947} INFO - Setting next_dagrun for job_ingestion_pipeline to 2025-11-15 00:01:00+00:00, run_after=2025-11-15 00:02:00+00:00
[2025-11-15T00:02:13.371+0000] {processor.py:183} INFO - Processing /opt/airflow/dags/dag_ingestion.py took 0.957 seconds
[2025-11-15T00:02:43.931+0000] {processor.py:161} INFO - Started process (PID=3269) to work on /opt/airflow/dags/dag_ingestion.py
[2025-11-15T00:02:43.933+0000] {processor.py:830} INFO - Processing file /opt/airflow/dags/dag_ingestion.py for tasks to queue
[2025-11-15T00:02:43.938+0000] {logging_mixin.py:188} INFO - [2025-11-15T00:02:43.937+0000] {dagbag.py:545} INFO - Filling up the DagBag from /opt/airflow/dags/dag_ingestion.py
[2025-11-15T00:02:44.739+0000] {processor.py:840} INFO - DAG(s) 'job_ingestion_pipeline' retrieved from /opt/airflow/dags/dag_ingestion.py
[2025-11-15T00:02:44.822+0000] {logging_mixin.py:188} INFO - [2025-11-15T00:02:44.821+0000] {dag.py:3089} INFO - Sync 1 DAGs
[2025-11-15T00:02:44.878+0000] {logging_mixin.py:188} INFO - [2025-11-15T00:02:44.877+0000] {dag.py:3947} INFO - Setting next_dagrun for job_ingestion_pipeline to 2025-11-15 00:01:00+00:00, run_after=2025-11-15 00:02:00+00:00
[2025-11-15T00:02:44.927+0000] {processor.py:183} INFO - Processing /opt/airflow/dags/dag_ingestion.py took 1.011 seconds
[2025-11-15T00:03:15.516+0000] {processor.py:161} INFO - Started process (PID=3281) to work on /opt/airflow/dags/dag_ingestion.py
[2025-11-15T00:03:15.519+0000] {processor.py:830} INFO - Processing file /opt/airflow/dags/dag_ingestion.py for tasks to queue
[2025-11-15T00:03:15.523+0000] {logging_mixin.py:188} INFO - [2025-11-15T00:03:15.522+0000] {dagbag.py:545} INFO - Filling up the DagBag from /opt/airflow/dags/dag_ingestion.py
[2025-11-15T00:03:16.293+0000] {processor.py:840} INFO - DAG(s) 'job_ingestion_pipeline' retrieved from /opt/airflow/dags/dag_ingestion.py
[2025-11-15T00:03:16.363+0000] {logging_mixin.py:188} INFO - [2025-11-15T00:03:16.362+0000] {dag.py:3089} INFO - Sync 1 DAGs
[2025-11-15T00:03:16.427+0000] {logging_mixin.py:188} INFO - [2025-11-15T00:03:16.427+0000] {dag.py:3947} INFO - Setting next_dagrun for job_ingestion_pipeline to 2025-11-15 00:02:00+00:00, run_after=2025-11-15 00:03:00+00:00
[2025-11-15T00:03:16.497+0000] {processor.py:183} INFO - Processing /opt/airflow/dags/dag_ingestion.py took 0.999 seconds
[2025-11-15T00:03:47.243+0000] {processor.py:161} INFO - Started process (PID=3293) to work on /opt/airflow/dags/dag_ingestion.py
[2025-11-15T00:03:47.245+0000] {processor.py:830} INFO - Processing file /opt/airflow/dags/dag_ingestion.py for tasks to queue
[2025-11-15T00:03:47.251+0000] {logging_mixin.py:188} INFO - [2025-11-15T00:03:47.249+0000] {dagbag.py:545} INFO - Filling up the DagBag from /opt/airflow/dags/dag_ingestion.py
[2025-11-15T00:03:48.023+0000] {processor.py:840} INFO - DAG(s) 'job_ingestion_pipeline' retrieved from /opt/airflow/dags/dag_ingestion.py
[2025-11-15T00:03:48.094+0000] {logging_mixin.py:188} INFO - [2025-11-15T00:03:48.093+0000] {dag.py:3089} INFO - Sync 1 DAGs
[2025-11-15T00:03:48.153+0000] {logging_mixin.py:188} INFO - [2025-11-15T00:03:48.152+0000] {dag.py:3947} INFO - Setting next_dagrun for job_ingestion_pipeline to 2025-11-15 00:02:00+00:00, run_after=2025-11-15 00:03:00+00:00
[2025-11-15T00:03:48.430+0000] {processor.py:183} INFO - Processing /opt/airflow/dags/dag_ingestion.py took 1.202 seconds
[2025-11-15T00:04:18.713+0000] {processor.py:161} INFO - Started process (PID=3305) to work on /opt/airflow/dags/dag_ingestion.py
[2025-11-15T00:04:18.717+0000] {processor.py:830} INFO - Processing file /opt/airflow/dags/dag_ingestion.py for tasks to queue
[2025-11-15T00:04:18.721+0000] {logging_mixin.py:188} INFO - [2025-11-15T00:04:18.720+0000] {dagbag.py:545} INFO - Filling up the DagBag from /opt/airflow/dags/dag_ingestion.py
[2025-11-15T00:04:19.516+0000] {processor.py:840} INFO - DAG(s) 'job_ingestion_pipeline' retrieved from /opt/airflow/dags/dag_ingestion.py
[2025-11-15T00:04:19.604+0000] {logging_mixin.py:188} INFO - [2025-11-15T00:04:19.603+0000] {dag.py:3089} INFO - Sync 1 DAGs
[2025-11-15T00:04:19.672+0000] {logging_mixin.py:188} INFO - [2025-11-15T00:04:19.671+0000] {dag.py:3947} INFO - Setting next_dagrun for job_ingestion_pipeline to 2025-11-15 00:03:00+00:00, run_after=2025-11-15 00:04:00+00:00
[2025-11-15T00:04:19.812+0000] {processor.py:183} INFO - Processing /opt/airflow/dags/dag_ingestion.py took 1.118 seconds
[2025-11-15T00:04:50.458+0000] {processor.py:161} INFO - Started process (PID=3317) to work on /opt/airflow/dags/dag_ingestion.py
[2025-11-15T00:04:50.460+0000] {processor.py:830} INFO - Processing file /opt/airflow/dags/dag_ingestion.py for tasks to queue
[2025-11-15T00:04:50.466+0000] {logging_mixin.py:188} INFO - [2025-11-15T00:04:50.465+0000] {dagbag.py:545} INFO - Filling up the DagBag from /opt/airflow/dags/dag_ingestion.py
[2025-11-15T00:04:51.919+0000] {processor.py:840} INFO - DAG(s) 'job_ingestion_pipeline' retrieved from /opt/airflow/dags/dag_ingestion.py
[2025-11-15T00:04:52.037+0000] {logging_mixin.py:188} INFO - [2025-11-15T00:04:52.036+0000] {dag.py:3089} INFO - Sync 1 DAGs
[2025-11-15T00:04:52.103+0000] {logging_mixin.py:188} INFO - [2025-11-15T00:04:52.102+0000] {dag.py:3947} INFO - Setting next_dagrun for job_ingestion_pipeline to 2025-11-15 00:03:00+00:00, run_after=2025-11-15 00:04:00+00:00
[2025-11-15T00:04:52.386+0000] {processor.py:183} INFO - Processing /opt/airflow/dags/dag_ingestion.py took 1.943 seconds
[2025-11-15T00:05:23.148+0000] {processor.py:161} INFO - Started process (PID=3329) to work on /opt/airflow/dags/dag_ingestion.py
[2025-11-15T00:05:23.151+0000] {processor.py:830} INFO - Processing file /opt/airflow/dags/dag_ingestion.py for tasks to queue
[2025-11-15T00:05:23.155+0000] {logging_mixin.py:188} INFO - [2025-11-15T00:05:23.154+0000] {dagbag.py:545} INFO - Filling up the DagBag from /opt/airflow/dags/dag_ingestion.py
[2025-11-15T00:05:23.916+0000] {processor.py:840} INFO - DAG(s) 'job_ingestion_pipeline' retrieved from /opt/airflow/dags/dag_ingestion.py
[2025-11-15T00:05:23.999+0000] {logging_mixin.py:188} INFO - [2025-11-15T00:05:23.998+0000] {dag.py:3089} INFO - Sync 1 DAGs
[2025-11-15T00:05:24.077+0000] {logging_mixin.py:188} INFO - [2025-11-15T00:05:24.076+0000] {dag.py:3947} INFO - Setting next_dagrun for job_ingestion_pipeline to 2025-11-15 00:04:00+00:00, run_after=2025-11-15 00:05:00+00:00
[2025-11-15T00:05:24.127+0000] {processor.py:183} INFO - Processing /opt/airflow/dags/dag_ingestion.py took 0.994 seconds
[2025-11-15T00:05:54.566+0000] {processor.py:161} INFO - Started process (PID=3341) to work on /opt/airflow/dags/dag_ingestion.py
[2025-11-15T00:05:54.568+0000] {processor.py:830} INFO - Processing file /opt/airflow/dags/dag_ingestion.py for tasks to queue
[2025-11-15T00:05:54.572+0000] {logging_mixin.py:188} INFO - [2025-11-15T00:05:54.571+0000] {dagbag.py:545} INFO - Filling up the DagBag from /opt/airflow/dags/dag_ingestion.py
[2025-11-15T00:05:55.320+0000] {processor.py:840} INFO - DAG(s) 'job_ingestion_pipeline' retrieved from /opt/airflow/dags/dag_ingestion.py
[2025-11-15T00:05:55.401+0000] {logging_mixin.py:188} INFO - [2025-11-15T00:05:55.400+0000] {dag.py:3089} INFO - Sync 1 DAGs
[2025-11-15T00:05:55.456+0000] {logging_mixin.py:188} INFO - [2025-11-15T00:05:55.456+0000] {dag.py:3947} INFO - Setting next_dagrun for job_ingestion_pipeline to 2025-11-15 00:04:00+00:00, run_after=2025-11-15 00:05:00+00:00
[2025-11-15T00:05:55.596+0000] {processor.py:183} INFO - Processing /opt/airflow/dags/dag_ingestion.py took 1.045 seconds
[2025-11-15T00:06:26.024+0000] {processor.py:161} INFO - Started process (PID=3353) to work on /opt/airflow/dags/dag_ingestion.py
[2025-11-15T00:06:26.027+0000] {processor.py:830} INFO - Processing file /opt/airflow/dags/dag_ingestion.py for tasks to queue
[2025-11-15T00:06:26.031+0000] {logging_mixin.py:188} INFO - [2025-11-15T00:06:26.030+0000] {dagbag.py:545} INFO - Filling up the DagBag from /opt/airflow/dags/dag_ingestion.py
[2025-11-15T00:06:26.835+0000] {processor.py:840} INFO - DAG(s) 'job_ingestion_pipeline' retrieved from /opt/airflow/dags/dag_ingestion.py
[2025-11-15T00:06:26.909+0000] {logging_mixin.py:188} INFO - [2025-11-15T00:06:26.909+0000] {dag.py:3089} INFO - Sync 1 DAGs
[2025-11-15T00:06:26.975+0000] {logging_mixin.py:188} INFO - [2025-11-15T00:06:26.974+0000] {dag.py:3947} INFO - Setting next_dagrun for job_ingestion_pipeline to 2025-11-15 00:05:00+00:00, run_after=2025-11-15 00:06:00+00:00
[2025-11-15T00:06:27.025+0000] {processor.py:183} INFO - Processing /opt/airflow/dags/dag_ingestion.py took 1.014 seconds
[2025-11-15T00:06:57.596+0000] {processor.py:161} INFO - Started process (PID=3365) to work on /opt/airflow/dags/dag_ingestion.py
[2025-11-15T00:06:57.598+0000] {processor.py:830} INFO - Processing file /opt/airflow/dags/dag_ingestion.py for tasks to queue
[2025-11-15T00:06:57.607+0000] {logging_mixin.py:188} INFO - [2025-11-15T00:06:57.606+0000] {dagbag.py:545} INFO - Filling up the DagBag from /opt/airflow/dags/dag_ingestion.py
[2025-11-15T00:06:57.313+0000] {processor.py:840} INFO - DAG(s) 'job_ingestion_pipeline' retrieved from /opt/airflow/dags/dag_ingestion.py
[2025-11-15T00:06:57.386+0000] {logging_mixin.py:188} INFO - [2025-11-15T00:06:57.385+0000] {dag.py:3089} INFO - Sync 1 DAGs
[2025-11-15T00:06:57.438+0000] {logging_mixin.py:188} INFO - [2025-11-15T00:06:57.437+0000] {dag.py:3947} INFO - Setting next_dagrun for job_ingestion_pipeline to 2025-11-15 00:05:00+00:00, run_after=2025-11-15 00:06:00+00:00
[2025-11-15T00:06:57.487+0000] {processor.py:183} INFO - Processing /opt/airflow/dags/dag_ingestion.py took 1.051 seconds
[2025-11-15T00:07:28.036+0000] {processor.py:161} INFO - Started process (PID=3377) to work on /opt/airflow/dags/dag_ingestion.py
[2025-11-15T00:07:28.039+0000] {processor.py:830} INFO - Processing file /opt/airflow/dags/dag_ingestion.py for tasks to queue
[2025-11-15T00:07:28.045+0000] {logging_mixin.py:188} INFO - [2025-11-15T00:07:28.044+0000] {dagbag.py:545} INFO - Filling up the DagBag from /opt/airflow/dags/dag_ingestion.py
[2025-11-15T00:07:28.866+0000] {processor.py:840} INFO - DAG(s) 'job_ingestion_pipeline' retrieved from /opt/airflow/dags/dag_ingestion.py
[2025-11-15T00:07:28.942+0000] {logging_mixin.py:188} INFO - [2025-11-15T00:07:28.941+0000] {dag.py:3089} INFO - Sync 1 DAGs
[2025-11-15T00:07:29.001+0000] {logging_mixin.py:188} INFO - [2025-11-15T00:07:29.000+0000] {dag.py:3947} INFO - Setting next_dagrun for job_ingestion_pipeline to 2025-11-15 00:06:00+00:00, run_after=2025-11-15 00:07:00+00:00
[2025-11-15T00:07:29.051+0000] {processor.py:183} INFO - Processing /opt/airflow/dags/dag_ingestion.py took 1.033 seconds
[2025-11-15T00:07:59.643+0000] {processor.py:161} INFO - Started process (PID=3389) to work on /opt/airflow/dags/dag_ingestion.py
[2025-11-15T00:07:59.645+0000] {processor.py:830} INFO - Processing file /opt/airflow/dags/dag_ingestion.py for tasks to queue
[2025-11-15T00:07:59.649+0000] {logging_mixin.py:188} INFO - [2025-11-15T00:07:59.649+0000] {dagbag.py:545} INFO - Filling up the DagBag from /opt/airflow/dags/dag_ingestion.py
[2025-11-15T00:08:00.385+0000] {processor.py:840} INFO - DAG(s) 'job_ingestion_pipeline' retrieved from /opt/airflow/dags/dag_ingestion.py
[2025-11-15T00:08:00.453+0000] {logging_mixin.py:188} INFO - [2025-11-15T00:08:00.452+0000] {dag.py:3089} INFO - Sync 1 DAGs
[2025-11-15T00:08:00.560+0000] {logging_mixin.py:188} INFO - [2025-11-15T00:08:00.559+0000] {dag.py:3947} INFO - Setting next_dagrun for job_ingestion_pipeline to 2025-11-15 00:07:00+00:00, run_after=2025-11-15 00:08:00+00:00
[2025-11-15T00:08:00.651+0000] {processor.py:183} INFO - Processing /opt/airflow/dags/dag_ingestion.py took 1.024 seconds
[2025-11-15T00:08:31.203+0000] {processor.py:161} INFO - Started process (PID=3401) to work on /opt/airflow/dags/dag_ingestion.py
[2025-11-15T00:08:31.207+0000] {processor.py:830} INFO - Processing file /opt/airflow/dags/dag_ingestion.py for tasks to queue
[2025-11-15T00:08:31.214+0000] {logging_mixin.py:188} INFO - [2025-11-15T00:08:31.213+0000] {dagbag.py:545} INFO - Filling up the DagBag from /opt/airflow/dags/dag_ingestion.py
[2025-11-15T00:08:32.047+0000] {processor.py:840} INFO - DAG(s) 'job_ingestion_pipeline' retrieved from /opt/airflow/dags/dag_ingestion.py
[2025-11-15T00:08:32.126+0000] {logging_mixin.py:188} INFO - [2025-11-15T00:08:32.125+0000] {dag.py:3089} INFO - Sync 1 DAGs
[2025-11-15T00:08:32.179+0000] {logging_mixin.py:188} INFO - [2025-11-15T00:08:32.179+0000] {dag.py:3947} INFO - Setting next_dagrun for job_ingestion_pipeline to 2025-11-15 00:07:00+00:00, run_after=2025-11-15 00:08:00+00:00
[2025-11-15T00:08:32.450+0000] {processor.py:183} INFO - Processing /opt/airflow/dags/dag_ingestion.py took 1.274 seconds
[2025-11-15T00:09:02.733+0000] {processor.py:161} INFO - Started process (PID=3413) to work on /opt/airflow/dags/dag_ingestion.py
[2025-11-15T00:09:02.735+0000] {processor.py:830} INFO - Processing file /opt/airflow/dags/dag_ingestion.py for tasks to queue
[2025-11-15T00:09:02.740+0000] {logging_mixin.py:188} INFO - [2025-11-15T00:09:02.739+0000] {dagbag.py:545} INFO - Filling up the DagBag from /opt/airflow/dags/dag_ingestion.py
[2025-11-15T00:09:03.535+0000] {processor.py:840} INFO - DAG(s) 'job_ingestion_pipeline' retrieved from /opt/airflow/dags/dag_ingestion.py
[2025-11-15T00:09:03.617+0000] {logging_mixin.py:188} INFO - [2025-11-15T00:09:03.616+0000] {dag.py:3089} INFO - Sync 1 DAGs
[2025-11-15T00:09:03.676+0000] {logging_mixin.py:188} INFO - [2025-11-15T00:09:03.676+0000] {dag.py:3947} INFO - Setting next_dagrun for job_ingestion_pipeline to 2025-11-15 00:08:00+00:00, run_after=2025-11-15 00:09:00+00:00
[2025-11-15T00:09:03.842+0000] {processor.py:183} INFO - Processing /opt/airflow/dags/dag_ingestion.py took 1.125 seconds
[2025-11-15T00:09:34.356+0000] {processor.py:161} INFO - Started process (PID=3425) to work on /opt/airflow/dags/dag_ingestion.py
[2025-11-15T00:09:34.360+0000] {processor.py:830} INFO - Processing file /opt/airflow/dags/dag_ingestion.py for tasks to queue
[2025-11-15T00:09:34.364+0000] {logging_mixin.py:188} INFO - [2025-11-15T00:09:34.364+0000] {dagbag.py:545} INFO - Filling up the DagBag from /opt/airflow/dags/dag_ingestion.py
[2025-11-15T00:09:35.272+0000] {processor.py:840} INFO - DAG(s) 'job_ingestion_pipeline' retrieved from /opt/airflow/dags/dag_ingestion.py
[2025-11-15T00:09:35.390+0000] {logging_mixin.py:188} INFO - [2025-11-15T00:09:35.388+0000] {dag.py:3089} INFO - Sync 1 DAGs
[2025-11-15T00:09:35.475+0000] {logging_mixin.py:188} INFO - [2025-11-15T00:09:35.474+0000] {dag.py:3947} INFO - Setting next_dagrun for job_ingestion_pipeline to 2025-11-15 00:08:00+00:00, run_after=2025-11-15 00:09:00+00:00
[2025-11-15T00:09:35.612+0000] {processor.py:183} INFO - Processing /opt/airflow/dags/dag_ingestion.py took 1.270 seconds
[2025-11-15T00:10:06.048+0000] {processor.py:161} INFO - Started process (PID=3438) to work on /opt/airflow/dags/dag_ingestion.py
[2025-11-15T00:10:06.051+0000] {processor.py:830} INFO - Processing file /opt/airflow/dags/dag_ingestion.py for tasks to queue
[2025-11-15T00:10:06.056+0000] {logging_mixin.py:188} INFO - [2025-11-15T00:10:06.055+0000] {dagbag.py:545} INFO - Filling up the DagBag from /opt/airflow/dags/dag_ingestion.py
[2025-11-15T00:10:06.852+0000] {processor.py:840} INFO - DAG(s) 'job_ingestion_pipeline' retrieved from /opt/airflow/dags/dag_ingestion.py
[2025-11-15T00:10:06.912+0000] {logging_mixin.py:188} INFO - [2025-11-15T00:10:06.912+0000] {dag.py:3089} INFO - Sync 1 DAGs
[2025-11-15T00:10:06.957+0000] {logging_mixin.py:188} INFO - [2025-11-15T00:10:06.956+0000] {dag.py:3947} INFO - Setting next_dagrun for job_ingestion_pipeline to 2025-11-15 00:09:00+00:00, run_after=2025-11-15 00:10:00+00:00
[2025-11-15T00:10:07.124+0000] {processor.py:183} INFO - Processing /opt/airflow/dags/dag_ingestion.py took 1.089 seconds
[2025-11-15T00:10:37.422+0000] {processor.py:161} INFO - Started process (PID=3450) to work on /opt/airflow/dags/dag_ingestion.py
[2025-11-15T00:10:37.425+0000] {processor.py:830} INFO - Processing file /opt/airflow/dags/dag_ingestion.py for tasks to queue
[2025-11-15T00:10:37.429+0000] {logging_mixin.py:188} INFO - [2025-11-15T00:10:37.428+0000] {dagbag.py:545} INFO - Filling up the DagBag from /opt/airflow/dags/dag_ingestion.py
[2025-11-15T00:10:38.217+0000] {processor.py:840} INFO - DAG(s) 'job_ingestion_pipeline' retrieved from /opt/airflow/dags/dag_ingestion.py
[2025-11-15T00:10:38.287+0000] {logging_mixin.py:188} INFO - [2025-11-15T00:10:38.286+0000] {dag.py:3089} INFO - Sync 1 DAGs
[2025-11-15T00:10:38.345+0000] {logging_mixin.py:188} INFO - [2025-11-15T00:10:38.345+0000] {dag.py:3947} INFO - Setting next_dagrun for job_ingestion_pipeline to 2025-11-15 00:09:00+00:00, run_after=2025-11-15 00:10:00+00:00
[2025-11-15T00:10:38.393+0000] {processor.py:183} INFO - Processing /opt/airflow/dags/dag_ingestion.py took 0.987 seconds
[2025-11-15T00:11:08.992+0000] {processor.py:161} INFO - Started process (PID=3461) to work on /opt/airflow/dags/dag_ingestion.py
[2025-11-15T00:11:08.995+0000] {processor.py:830} INFO - Processing file /opt/airflow/dags/dag_ingestion.py for tasks to queue
[2025-11-15T00:11:09.001+0000] {logging_mixin.py:188} INFO - [2025-11-15T00:11:09.000+0000] {dagbag.py:545} INFO - Filling up the DagBag from /opt/airflow/dags/dag_ingestion.py
[2025-11-15T00:11:09.806+0000] {processor.py:840} INFO - DAG(s) 'job_ingestion_pipeline' retrieved from /opt/airflow/dags/dag_ingestion.py
[2025-11-15T00:11:09.889+0000] {logging_mixin.py:188} INFO - [2025-11-15T00:11:09.888+0000] {dag.py:3089} INFO - Sync 1 DAGs
[2025-11-15T00:11:09.941+0000] {logging_mixin.py:188} INFO - [2025-11-15T00:11:09.940+0000] {dag.py:3947} INFO - Setting next_dagrun for job_ingestion_pipeline to 2025-11-15 00:10:00+00:00, run_after=2025-11-15 00:11:00+00:00
[2025-11-15T00:11:09.986+0000] {processor.py:183} INFO - Processing /opt/airflow/dags/dag_ingestion.py took 1.009 seconds
[2025-11-15T00:11:40.623+0000] {processor.py:161} INFO - Started process (PID=3473) to work on /opt/airflow/dags/dag_ingestion.py
[2025-11-15T00:11:40.626+0000] {processor.py:830} INFO - Processing file /opt/airflow/dags/dag_ingestion.py for tasks to queue
[2025-11-15T00:11:40.631+0000] {logging_mixin.py:188} INFO - [2025-11-15T00:11:40.630+0000] {dagbag.py:545} INFO - Filling up the DagBag from /opt/airflow/dags/dag_ingestion.py
[2025-11-15T00:11:41.472+0000] {processor.py:840} INFO - DAG(s) 'job_ingestion_pipeline' retrieved from /opt/airflow/dags/dag_ingestion.py
[2025-11-15T00:11:41.653+0000] {logging_mixin.py:188} INFO - [2025-11-15T00:11:41.651+0000] {dag.py:3089} INFO - Sync 1 DAGs
[2025-11-15T00:11:41.869+0000] {logging_mixin.py:188} INFO - [2025-11-15T00:11:41.868+0000] {dag.py:3947} INFO - Setting next_dagrun for job_ingestion_pipeline to 2025-11-15 00:10:00+00:00, run_after=2025-11-15 00:11:00+00:00
[2025-11-15T00:11:42.009+0000] {processor.py:183} INFO - Processing /opt/airflow/dags/dag_ingestion.py took 1.403 seconds
[2025-11-15T00:12:12.496+0000] {processor.py:161} INFO - Started process (PID=3485) to work on /opt/airflow/dags/dag_ingestion.py
[2025-11-15T00:12:12.498+0000] {processor.py:830} INFO - Processing file /opt/airflow/dags/dag_ingestion.py for tasks to queue
[2025-11-15T00:12:12.503+0000] {logging_mixin.py:188} INFO - [2025-11-15T00:12:12.502+0000] {dagbag.py:545} INFO - Filling up the DagBag from /opt/airflow/dags/dag_ingestion.py
[2025-11-15T00:12:13.255+0000] {processor.py:840} INFO - DAG(s) 'job_ingestion_pipeline' retrieved from /opt/airflow/dags/dag_ingestion.py
[2025-11-15T00:12:13.340+0000] {logging_mixin.py:188} INFO - [2025-11-15T00:12:13.339+0000] {dag.py:3089} INFO - Sync 1 DAGs
[2025-11-15T00:12:13.416+0000] {logging_mixin.py:188} INFO - [2025-11-15T00:12:13.415+0000] {dag.py:3947} INFO - Setting next_dagrun for job_ingestion_pipeline to 2025-11-15 00:11:00+00:00, run_after=2025-11-15 00:12:00+00:00
[2025-11-15T00:12:13.580+0000] {processor.py:183} INFO - Processing /opt/airflow/dags/dag_ingestion.py took 1.099 seconds
[2025-11-15T00:12:43.850+0000] {processor.py:161} INFO - Started process (PID=3497) to work on /opt/airflow/dags/dag_ingestion.py
[2025-11-15T00:12:43.852+0000] {processor.py:830} INFO - Processing file /opt/airflow/dags/dag_ingestion.py for tasks to queue
[2025-11-15T00:12:43.857+0000] {logging_mixin.py:188} INFO - [2025-11-15T00:12:43.856+0000] {dagbag.py:545} INFO - Filling up the DagBag from /opt/airflow/dags/dag_ingestion.py
[2025-11-15T00:12:43.530+0000] {processor.py:840} INFO - DAG(s) 'job_ingestion_pipeline' retrieved from /opt/airflow/dags/dag_ingestion.py
[2025-11-15T00:12:43.631+0000] {logging_mixin.py:188} INFO - [2025-11-15T00:12:43.630+0000] {dag.py:3089} INFO - Sync 1 DAGs
[2025-11-15T00:12:43.697+0000] {logging_mixin.py:188} INFO - [2025-11-15T00:12:43.697+0000] {dag.py:3947} INFO - Setting next_dagrun for job_ingestion_pipeline to 2025-11-15 00:11:00+00:00, run_after=2025-11-15 00:12:00+00:00
[2025-11-15T00:12:43.749+0000] {processor.py:183} INFO - Processing /opt/airflow/dags/dag_ingestion.py took 1.080 seconds
[2025-11-15T00:13:14.144+0000] {processor.py:161} INFO - Started process (PID=3509) to work on /opt/airflow/dags/dag_ingestion.py
[2025-11-15T00:13:14.147+0000] {processor.py:830} INFO - Processing file /opt/airflow/dags/dag_ingestion.py for tasks to queue
[2025-11-15T00:13:14.152+0000] {logging_mixin.py:188} INFO - [2025-11-15T00:13:14.150+0000] {dagbag.py:545} INFO - Filling up the DagBag from /opt/airflow/dags/dag_ingestion.py
[2025-11-15T00:13:14.911+0000] {processor.py:840} INFO - DAG(s) 'job_ingestion_pipeline' retrieved from /opt/airflow/dags/dag_ingestion.py
[2025-11-15T00:13:14.993+0000] {logging_mixin.py:188} INFO - [2025-11-15T00:13:14.992+0000] {dag.py:3089} INFO - Sync 1 DAGs
[2025-11-15T00:13:15.053+0000] {logging_mixin.py:188} INFO - [2025-11-15T00:13:15.052+0000] {dag.py:3947} INFO - Setting next_dagrun for job_ingestion_pipeline to 2025-11-15 00:12:00+00:00, run_after=2025-11-15 00:13:00+00:00
[2025-11-15T00:13:15.097+0000] {processor.py:183} INFO - Processing /opt/airflow/dags/dag_ingestion.py took 0.971 seconds
[2025-11-15T00:13:45.614+0000] {processor.py:161} INFO - Started process (PID=3521) to work on /opt/airflow/dags/dag_ingestion.py
[2025-11-15T00:13:45.617+0000] {processor.py:830} INFO - Processing file /opt/airflow/dags/dag_ingestion.py for tasks to queue
[2025-11-15T00:13:45.623+0000] {logging_mixin.py:188} INFO - [2025-11-15T00:13:45.622+0000] {dagbag.py:545} INFO - Filling up the DagBag from /opt/airflow/dags/dag_ingestion.py
[2025-11-15T00:13:46.397+0000] {processor.py:840} INFO - DAG(s) 'job_ingestion_pipeline' retrieved from /opt/airflow/dags/dag_ingestion.py
[2025-11-15T00:13:46.476+0000] {logging_mixin.py:188} INFO - [2025-11-15T00:13:46.475+0000] {dag.py:3089} INFO - Sync 1 DAGs
[2025-11-15T00:13:46.535+0000] {logging_mixin.py:188} INFO - [2025-11-15T00:13:46.534+0000] {dag.py:3947} INFO - Setting next_dagrun for job_ingestion_pipeline to 2025-11-15 00:12:00+00:00, run_after=2025-11-15 00:13:00+00:00
[2025-11-15T00:13:46.590+0000] {processor.py:183} INFO - Processing /opt/airflow/dags/dag_ingestion.py took 0.995 seconds
[2025-11-15T00:14:17.181+0000] {processor.py:161} INFO - Started process (PID=3533) to work on /opt/airflow/dags/dag_ingestion.py
[2025-11-15T00:14:17.184+0000] {processor.py:830} INFO - Processing file /opt/airflow/dags/dag_ingestion.py for tasks to queue
[2025-11-15T00:14:17.188+0000] {logging_mixin.py:188} INFO - [2025-11-15T00:14:17.188+0000] {dagbag.py:545} INFO - Filling up the DagBag from /opt/airflow/dags/dag_ingestion.py
[2025-11-15T00:14:17.975+0000] {processor.py:840} INFO - DAG(s) 'job_ingestion_pipeline' retrieved from /opt/airflow/dags/dag_ingestion.py
[2025-11-15T00:14:18.050+0000] {logging_mixin.py:188} INFO - [2025-11-15T00:14:18.049+0000] {dag.py:3089} INFO - Sync 1 DAGs
[2025-11-15T00:14:18.111+0000] {logging_mixin.py:188} INFO - [2025-11-15T00:14:18.111+0000] {dag.py:3947} INFO - Setting next_dagrun for job_ingestion_pipeline to 2025-11-15 00:13:00+00:00, run_after=2025-11-15 00:14:00+00:00
[2025-11-15T00:14:18.261+0000] {processor.py:183} INFO - Processing /opt/airflow/dags/dag_ingestion.py took 1.095 seconds
[2025-11-15T00:14:48.612+0000] {processor.py:161} INFO - Started process (PID=3545) to work on /opt/airflow/dags/dag_ingestion.py
[2025-11-15T00:14:48.615+0000] {processor.py:830} INFO - Processing file /opt/airflow/dags/dag_ingestion.py for tasks to queue
[2025-11-15T00:14:48.622+0000] {logging_mixin.py:188} INFO - [2025-11-15T00:14:48.621+0000] {dagbag.py:545} INFO - Filling up the DagBag from /opt/airflow/dags/dag_ingestion.py
[2025-11-15T00:14:49.400+0000] {processor.py:840} INFO - DAG(s) 'job_ingestion_pipeline' retrieved from /opt/airflow/dags/dag_ingestion.py
[2025-11-15T00:14:49.469+0000] {logging_mixin.py:188} INFO - [2025-11-15T00:14:49.469+0000] {dag.py:3089} INFO - Sync 1 DAGs
[2025-11-15T00:14:49.521+0000] {logging_mixin.py:188} INFO - [2025-11-15T00:14:49.521+0000] {dag.py:3947} INFO - Setting next_dagrun for job_ingestion_pipeline to 2025-11-15 00:13:00+00:00, run_after=2025-11-15 00:14:00+00:00
[2025-11-15T00:14:49.693+0000] {processor.py:183} INFO - Processing /opt/airflow/dags/dag_ingestion.py took 1.098 seconds
[2025-11-15T00:15:20.202+0000] {processor.py:161} INFO - Started process (PID=3557) to work on /opt/airflow/dags/dag_ingestion.py
[2025-11-15T00:15:20.205+0000] {processor.py:830} INFO - Processing file /opt/airflow/dags/dag_ingestion.py for tasks to queue
[2025-11-15T00:15:20.210+0000] {logging_mixin.py:188} INFO - [2025-11-15T00:15:20.209+0000] {dagbag.py:545} INFO - Filling up the DagBag from /opt/airflow/dags/dag_ingestion.py
[2025-11-15T00:15:20.969+0000] {processor.py:840} INFO - DAG(s) 'job_ingestion_pipeline' retrieved from /opt/airflow/dags/dag_ingestion.py
[2025-11-15T00:15:21.049+0000] {logging_mixin.py:188} INFO - [2025-11-15T00:15:21.048+0000] {dag.py:3089} INFO - Sync 1 DAGs
[2025-11-15T00:15:21.137+0000] {logging_mixin.py:188} INFO - [2025-11-15T00:15:21.136+0000] {dag.py:3947} INFO - Setting next_dagrun for job_ingestion_pipeline to 2025-11-15 00:14:00+00:00, run_after=2025-11-15 00:15:00+00:00
[2025-11-15T00:15:21.276+0000] {processor.py:183} INFO - Processing /opt/airflow/dags/dag_ingestion.py took 1.092 seconds
[2025-11-15T00:15:51.846+0000] {processor.py:161} INFO - Started process (PID=3569) to work on /opt/airflow/dags/dag_ingestion.py
[2025-11-15T00:15:51.852+0000] {processor.py:830} INFO - Processing file /opt/airflow/dags/dag_ingestion.py for tasks to queue
[2025-11-15T00:15:51.858+0000] {logging_mixin.py:188} INFO - [2025-11-15T00:15:51.857+0000] {dagbag.py:545} INFO - Filling up the DagBag from /opt/airflow/dags/dag_ingestion.py
[2025-11-15T00:15:52.753+0000] {processor.py:840} INFO - DAG(s) 'job_ingestion_pipeline' retrieved from /opt/airflow/dags/dag_ingestion.py
[2025-11-15T00:15:52.845+0000] {logging_mixin.py:188} INFO - [2025-11-15T00:15:52.844+0000] {dag.py:3089} INFO - Sync 1 DAGs
[2025-11-15T00:15:52.912+0000] {logging_mixin.py:188} INFO - [2025-11-15T00:15:52.912+0000] {dag.py:3947} INFO - Setting next_dagrun for job_ingestion_pipeline to 2025-11-15 00:14:00+00:00, run_after=2025-11-15 00:15:00+00:00
[2025-11-15T00:15:52.956+0000] {processor.py:183} INFO - Processing /opt/airflow/dags/dag_ingestion.py took 1.144 seconds
[2025-11-15T00:16:23.469+0000] {processor.py:161} INFO - Started process (PID=3581) to work on /opt/airflow/dags/dag_ingestion.py
[2025-11-15T00:16:23.471+0000] {processor.py:830} INFO - Processing file /opt/airflow/dags/dag_ingestion.py for tasks to queue
[2025-11-15T00:16:23.475+0000] {logging_mixin.py:188} INFO - [2025-11-15T00:16:23.475+0000] {dagbag.py:545} INFO - Filling up the DagBag from /opt/airflow/dags/dag_ingestion.py
[2025-11-15T00:16:24.192+0000] {processor.py:840} INFO - DAG(s) 'job_ingestion_pipeline' retrieved from /opt/airflow/dags/dag_ingestion.py
[2025-11-15T00:16:24.258+0000] {logging_mixin.py:188} INFO - [2025-11-15T00:16:24.257+0000] {dag.py:3089} INFO - Sync 1 DAGs
[2025-11-15T00:16:24.313+0000] {logging_mixin.py:188} INFO - [2025-11-15T00:16:24.313+0000] {dag.py:3947} INFO - Setting next_dagrun for job_ingestion_pipeline to 2025-11-15 00:15:00+00:00, run_after=2025-11-15 00:16:00+00:00
[2025-11-15T00:16:24.383+0000] {processor.py:183} INFO - Processing /opt/airflow/dags/dag_ingestion.py took 0.928 seconds
[2025-11-15T00:16:54.807+0000] {processor.py:161} INFO - Started process (PID=3593) to work on /opt/airflow/dags/dag_ingestion.py
[2025-11-15T00:16:54.809+0000] {processor.py:830} INFO - Processing file /opt/airflow/dags/dag_ingestion.py for tasks to queue
[2025-11-15T00:16:54.813+0000] {logging_mixin.py:188} INFO - [2025-11-15T00:16:54.813+0000] {dagbag.py:545} INFO - Filling up the DagBag from /opt/airflow/dags/dag_ingestion.py
[2025-11-15T00:16:55.496+0000] {processor.py:840} INFO - DAG(s) 'job_ingestion_pipeline' retrieved from /opt/airflow/dags/dag_ingestion.py
[2025-11-15T00:16:55.566+0000] {logging_mixin.py:188} INFO - [2025-11-15T00:16:55.566+0000] {dag.py:3089} INFO - Sync 1 DAGs
[2025-11-15T00:16:55.613+0000] {logging_mixin.py:188} INFO - [2025-11-15T00:16:55.613+0000] {dag.py:3947} INFO - Setting next_dagrun for job_ingestion_pipeline to 2025-11-15 00:15:00+00:00, run_after=2025-11-15 00:16:00+00:00
[2025-11-15T00:16:55.798+0000] {processor.py:183} INFO - Processing /opt/airflow/dags/dag_ingestion.py took 1.004 seconds
[2025-11-15T00:17:26.620+0000] {processor.py:161} INFO - Started process (PID=3605) to work on /opt/airflow/dags/dag_ingestion.py
[2025-11-15T00:17:26.624+0000] {processor.py:830} INFO - Processing file /opt/airflow/dags/dag_ingestion.py for tasks to queue
[2025-11-15T00:17:26.630+0000] {logging_mixin.py:188} INFO - [2025-11-15T00:17:26.629+0000] {dagbag.py:545} INFO - Filling up the DagBag from /opt/airflow/dags/dag_ingestion.py
[2025-11-15T00:17:27.376+0000] {processor.py:840} INFO - DAG(s) 'job_ingestion_pipeline' retrieved from /opt/airflow/dags/dag_ingestion.py
[2025-11-15T00:17:27.443+0000] {logging_mixin.py:188} INFO - [2025-11-15T00:17:27.442+0000] {dag.py:3089} INFO - Sync 1 DAGs
[2025-11-15T00:17:27.492+0000] {logging_mixin.py:188} INFO - [2025-11-15T00:17:27.492+0000] {dag.py:3947} INFO - Setting next_dagrun for job_ingestion_pipeline to 2025-11-15 00:16:00+00:00, run_after=2025-11-15 00:17:00+00:00
[2025-11-15T00:17:27.726+0000] {processor.py:183} INFO - Processing /opt/airflow/dags/dag_ingestion.py took 1.126 seconds
[2025-11-15T00:17:58.128+0000] {processor.py:161} INFO - Started process (PID=3617) to work on /opt/airflow/dags/dag_ingestion.py
[2025-11-15T00:17:58.130+0000] {processor.py:830} INFO - Processing file /opt/airflow/dags/dag_ingestion.py for tasks to queue
[2025-11-15T00:17:58.134+0000] {logging_mixin.py:188} INFO - [2025-11-15T00:17:58.134+0000] {dagbag.py:545} INFO - Filling up the DagBag from /opt/airflow/dags/dag_ingestion.py
[2025-11-15T00:17:58.917+0000] {processor.py:840} INFO - DAG(s) 'job_ingestion_pipeline' retrieved from /opt/airflow/dags/dag_ingestion.py
[2025-11-15T00:17:58.988+0000] {logging_mixin.py:188} INFO - [2025-11-15T00:17:58.988+0000] {dag.py:3089} INFO - Sync 1 DAGs
[2025-11-15T00:17:59.051+0000] {logging_mixin.py:188} INFO - [2025-11-15T00:17:59.051+0000] {dag.py:3947} INFO - Setting next_dagrun for job_ingestion_pipeline to 2025-11-15 00:16:00+00:00, run_after=2025-11-15 00:17:00+00:00
[2025-11-15T00:17:59.099+0000] {processor.py:183} INFO - Processing /opt/airflow/dags/dag_ingestion.py took 0.985 seconds
