[2025-11-14T15:48:08.447+0000] {local_task_job_runner.py:120} INFO - ::group::Pre task execution logs
[2025-11-14T15:48:08.512+0000] {taskinstance.py:2076} INFO - Dependencies all met for dep_context=non-requeueable deps ti=<TaskInstance: job_ingestion_pipeline.send_alerts scheduled__2025-11-14T15:47:00+00:00 [queued]>
[2025-11-14T15:48:08.528+0000] {taskinstance.py:2076} INFO - Dependencies all met for dep_context=requeueable deps ti=<TaskInstance: job_ingestion_pipeline.send_alerts scheduled__2025-11-14T15:47:00+00:00 [queued]>
[2025-11-14T15:48:08.546+0000] {taskinstance.py:2306} INFO - Starting attempt 1 of 1
[2025-11-14T15:48:08.570+0000] {taskinstance.py:2330} INFO - Executing <Task(_PythonDecoratedOperator): send_alerts> on 2025-11-14 15:47:00+00:00
[2025-11-14T15:48:08.590+0000] {logging_mixin.py:188} WARNING - /home/***/.local/lib/python3.12/site-packages/***/task/task_runner/standard_task_runner.py:62 DeprecationWarning: This process (pid=805) is multi-threaded, use of fork() may lead to deadlocks in the child.
[2025-11-14T15:48:08.594+0000] {standard_task_runner.py:64} INFO - Started process 811 to run task
[2025-11-14T15:48:08.590+0000] {standard_task_runner.py:90} INFO - Running: ['***', 'tasks', 'run', 'job_ingestion_pipeline', 'send_alerts', 'scheduled__2025-11-14T15:47:00+00:00', '--job-id', '80', '--raw', '--subdir', 'DAGS_FOLDER/dag_ingestion.py', '--cfg-path', '/tmp/tmpnr5z7mdq']
[2025-11-14T15:48:08.595+0000] {standard_task_runner.py:91} INFO - Job 80: Subtask send_alerts
[2025-11-14T15:48:08.741+0000] {task_command.py:426} INFO - Running <TaskInstance: job_ingestion_pipeline.send_alerts scheduled__2025-11-14T15:47:00+00:00 [running]> on host 01f98b13abaa
[2025-11-14T15:48:09.463+0000] {taskinstance.py:2648} INFO - Exporting env vars: AIRFLOW_CTX_DAG_OWNER='***' AIRFLOW_CTX_DAG_ID='job_ingestion_pipeline' AIRFLOW_CTX_TASK_ID='send_alerts' AIRFLOW_CTX_EXECUTION_DATE='2025-11-14T15:47:00+00:00' AIRFLOW_CTX_TRY_NUMBER='1' AIRFLOW_CTX_DAG_RUN_ID='scheduled__2025-11-14T15:47:00+00:00'
[2025-11-14T15:48:09.467+0000] {taskinstance.py:430} INFO - ::endgroup::
[2025-11-14T15:48:09.469+0000] {logging_mixin.py:188} INFO - ALERT - data quality issues: {'invalid_rows': 119, 'invalid_rows_pct': 0.008393877407067787, 'failed_checks': 1}
[2025-11-14T15:48:09.470+0000] {logging_mixin.py:188} INFO - Report: /opt/***/data/reports/job_part_011.csv.html
[2025-11-14T15:48:09.471+0000] {python.py:237} INFO - Done. Returned value was: ok
[2025-11-14T15:48:09.480+0000] {taskinstance.py:441} INFO - ::group::Post task execution logs
[2025-11-14T15:48:09.581+0000] {taskinstance.py:1206} INFO - Marking task as SUCCESS. dag_id=job_ingestion_pipeline, task_id=send_alerts, run_id=scheduled__2025-11-14T15:47:00+00:00, execution_date=20251114T154700, start_date=20251114T154808, end_date=20251114T154809
[2025-11-14T15:48:09.775+0000] {local_task_job_runner.py:243} INFO - Task exited with return code 0
[2025-11-14T15:48:09.854+0000] {taskinstance.py:3503} INFO - 0 downstream tasks scheduled from follow-on schedule check
[2025-11-14T15:48:09.868+0000] {local_task_job_runner.py:222} INFO - ::endgroup::
