[2025-11-29T10:02:46.163+0000] {local_task_job_runner.py:120} INFO - ::group::Pre task execution logs
[2025-11-29T10:02:46.328+0000] {taskinstance.py:2076} INFO - Dependencies all met for dep_context=non-requeueable deps ti=<TaskInstance: job_prediction_pipeline.check_for_new_data scheduled__2025-11-29T10:00:00+00:00 [queued]>
[2025-11-29T10:02:46.362+0000] {taskinstance.py:2076} INFO - Dependencies all met for dep_context=requeueable deps ti=<TaskInstance: job_prediction_pipeline.check_for_new_data scheduled__2025-11-29T10:00:00+00:00 [queued]>
[2025-11-29T10:02:46.372+0000] {taskinstance.py:2306} INFO - Starting attempt 1 of 1
[2025-11-29T10:02:46.434+0000] {taskinstance.py:2330} INFO - Executing <Task(_PythonDecoratedOperator): check_for_new_data> on 2025-11-29 10:00:00+00:00
[2025-11-29T10:02:46.496+0000] {standard_task_runner.py:64} INFO - Started process 15321 to run task
[2025-11-29T10:02:46.512+0000] {standard_task_runner.py:90} INFO - Running: ['***', 'tasks', 'run', 'job_prediction_pipeline', 'check_for_new_data', 'scheduled__2025-11-29T10:00:00+00:00', '--job-id', '1050', '--raw', '--subdir', 'DAGS_FOLDER/dag_prediction.py', '--cfg-path', '/tmp/tmp29vx_gm9']
[2025-11-29T10:02:46.538+0000] {standard_task_runner.py:91} INFO - Job 1050: Subtask check_for_new_data
[2025-11-29T10:02:46.992+0000] {task_command.py:426} INFO - Running <TaskInstance: job_prediction_pipeline.check_for_new_data scheduled__2025-11-29T10:00:00+00:00 [running]> on host 9e1c9e9647a7
[2025-11-29T10:02:47.590+0000] {taskinstance.py:2648} INFO - Exporting env vars: AIRFLOW_CTX_DAG_OWNER='***' AIRFLOW_CTX_DAG_ID='job_prediction_pipeline' AIRFLOW_CTX_TASK_ID='check_for_new_data' AIRFLOW_CTX_EXECUTION_DATE='2025-11-29T10:00:00+00:00' AIRFLOW_CTX_TRY_NUMBER='1' AIRFLOW_CTX_DAG_RUN_ID='scheduled__2025-11-29T10:00:00+00:00'
[2025-11-29T10:02:47.595+0000] {taskinstance.py:430} INFO - ::endgroup::
[2025-11-29T10:02:47.619+0000] {logging_mixin.py:188} INFO - Last processed timestamp = 1764405814.06468
[2025-11-29T10:02:47.831+0000] {logging_mixin.py:188} INFO - New files for prediction = ['job_part_0006.csv']
[2025-11-29T10:02:47.833+0000] {logging_mixin.py:188} INFO - New latest timestamp = 1764405874.696022
[2025-11-29T10:02:47.836+0000] {python.py:237} INFO - Done. Returned value was: {'files': ['job_part_0006.csv'], 'latest_ts': 1764405874.696022}
[2025-11-29T10:02:47.839+0000] {taskinstance.py:441} INFO - ::group::Post task execution logs
[2025-11-29T10:02:47.966+0000] {taskinstance.py:1206} INFO - Marking task as SUCCESS. dag_id=job_prediction_pipeline, task_id=check_for_new_data, run_id=scheduled__2025-11-29T10:00:00+00:00, execution_date=20251129T100000, start_date=20251129T100246, end_date=20251129T100247
[2025-11-29T10:02:48.091+0000] {local_task_job_runner.py:243} INFO - Task exited with return code 0
[2025-11-29T10:02:48.230+0000] {taskinstance.py:3503} INFO - 1 downstream tasks scheduled from follow-on schedule check
[2025-11-29T10:02:48.242+0000] {local_task_job_runner.py:222} INFO - ::endgroup::
