[2025-12-16T12:48:01.545+0000] {local_task_job_runner.py:120} INFO - ::group::Pre task execution logs
[2025-12-16T12:48:01.591+0000] {taskinstance.py:2076} INFO - Dependencies all met for dep_context=non-requeueable deps ti=<TaskInstance: job_prediction_pipeline.check_for_new_data scheduled__2025-12-16T12:46:00+00:00 [queued]>
[2025-12-16T12:48:01.606+0000] {taskinstance.py:2076} INFO - Dependencies all met for dep_context=requeueable deps ti=<TaskInstance: job_prediction_pipeline.check_for_new_data scheduled__2025-12-16T12:46:00+00:00 [queued]>
[2025-12-16T12:48:01.607+0000] {taskinstance.py:2306} INFO - Starting attempt 1 of 1
[2025-12-16T12:48:01.630+0000] {taskinstance.py:2330} INFO - Executing <Task(_PythonDecoratedOperator): check_for_new_data> on 2025-12-16 12:46:00+00:00
[2025-12-16T12:48:01.645+0000] {standard_task_runner.py:64} INFO - Started process 717 to run task
[2025-12-16T12:48:01.656+0000] {standard_task_runner.py:90} INFO - Running: ['***', 'tasks', 'run', 'job_prediction_pipeline', 'check_for_new_data', 'scheduled__2025-12-16T12:46:00+00:00', '--job-id', '28', '--raw', '--subdir', 'DAGS_FOLDER/dag_prediction.py', '--cfg-path', '/tmp/tmpxeq2wh_1']
[2025-12-16T12:48:01.663+0000] {standard_task_runner.py:91} INFO - Job 28: Subtask check_for_new_data
[2025-12-16T12:48:01.772+0000] {task_command.py:426} INFO - Running <TaskInstance: job_prediction_pipeline.check_for_new_data scheduled__2025-12-16T12:46:00+00:00 [running]> on host 386a90b020ca
[2025-12-16T12:48:01.918+0000] {taskinstance.py:2648} INFO - Exporting env vars: AIRFLOW_CTX_DAG_OWNER='***' AIRFLOW_CTX_DAG_ID='job_prediction_pipeline' AIRFLOW_CTX_TASK_ID='check_for_new_data' AIRFLOW_CTX_EXECUTION_DATE='2025-12-16T12:46:00+00:00' AIRFLOW_CTX_TRY_NUMBER='1' AIRFLOW_CTX_DAG_RUN_ID='scheduled__2025-12-16T12:46:00+00:00'
[2025-12-16T12:48:01.920+0000] {taskinstance.py:430} INFO - ::endgroup::
[2025-12-16T12:48:01.925+0000] {logging_mixin.py:188} INFO - Last processed timestamp = 1765889141.639769
[2025-12-16T12:48:01.972+0000] {logging_mixin.py:188} INFO - New files for prediction = ['job_part_0001.csv', 'job_part_0002.csv', 'job_part_0003.csv', 'job_part_0004.csv', 'job_part_0005.csv', 'job_part_0006.csv', 'job_part_0007.csv', 'job_part_0008.csv', 'job_part_0009.csv', 'job_part_0010.csv', 'job_part_0011.csv', 'job_part_0012.csv', 'job_part_0013.csv', 'job_part_0014.csv', 'job_part_0015.csv', 'job_part_0016.csv', 'job_part_0017.csv', 'job_part_0018.csv', 'job_part_0019.csv', 'job_part_0020.csv']
[2025-12-16T12:48:01.973+0000] {logging_mixin.py:188} INFO - New latest timestamp = 1765889239.4652297
[2025-12-16T12:48:01.974+0000] {python.py:237} INFO - Done. Returned value was: {'files': ['job_part_0001.csv', 'job_part_0002.csv', 'job_part_0003.csv', 'job_part_0004.csv', 'job_part_0005.csv', 'job_part_0006.csv', 'job_part_0007.csv', 'job_part_0008.csv', 'job_part_0009.csv', 'job_part_0010.csv', 'job_part_0011.csv', 'job_part_0012.csv', 'job_part_0013.csv', 'job_part_0014.csv', 'job_part_0015.csv', 'job_part_0016.csv', 'job_part_0017.csv', 'job_part_0018.csv', 'job_part_0019.csv', 'job_part_0020.csv'], 'latest_ts': 1765889239.4652297}
[2025-12-16T12:48:01.974+0000] {taskinstance.py:441} INFO - ::group::Post task execution logs
[2025-12-16T12:48:02.019+0000] {taskinstance.py:1206} INFO - Marking task as SUCCESS. dag_id=job_prediction_pipeline, task_id=check_for_new_data, run_id=scheduled__2025-12-16T12:46:00+00:00, execution_date=20251216T124600, start_date=20251216T124801, end_date=20251216T124802
[2025-12-16T12:48:02.071+0000] {local_task_job_runner.py:243} INFO - Task exited with return code 0
[2025-12-16T12:48:02.101+0000] {taskinstance.py:3503} INFO - 1 downstream tasks scheduled from follow-on schedule check
[2025-12-16T12:48:02.106+0000] {local_task_job_runner.py:222} INFO - ::endgroup::
