[2025-11-27T22:12:52.273+0000] {local_task_job_runner.py:120} INFO - ::group::Pre task execution logs
[2025-11-27T22:12:52.355+0000] {taskinstance.py:2076} INFO - Dependencies all met for dep_context=non-requeueable deps ti=<TaskInstance: job_prediction_pipeline.make_predictions scheduled__2025-11-27T22:10:00+00:00 [queued]>
[2025-11-27T22:12:52.378+0000] {taskinstance.py:2076} INFO - Dependencies all met for dep_context=requeueable deps ti=<TaskInstance: job_prediction_pipeline.make_predictions scheduled__2025-11-27T22:10:00+00:00 [queued]>
[2025-11-27T22:12:52.380+0000] {taskinstance.py:2306} INFO - Starting attempt 1 of 1
[2025-11-27T22:12:52.412+0000] {taskinstance.py:2330} INFO - Executing <Task(_PythonDecoratedOperator): make_predictions> on 2025-11-27 22:10:00+00:00
[2025-11-27T22:12:52.430+0000] {standard_task_runner.py:64} INFO - Started process 840 to run task
[2025-11-27T22:12:52.439+0000] {standard_task_runner.py:90} INFO - Running: ['***', 'tasks', 'run', 'job_prediction_pipeline', 'make_predictions', 'scheduled__2025-11-27T22:10:00+00:00', '--job-id', '24', '--raw', '--subdir', 'DAGS_FOLDER/dag_prediction.py', '--cfg-path', '/tmp/tmpz0ydh8om']
[2025-11-27T22:12:52.442+0000] {standard_task_runner.py:91} INFO - Job 24: Subtask make_predictions
[2025-11-27T22:12:52.611+0000] {task_command.py:426} INFO - Running <TaskInstance: job_prediction_pipeline.make_predictions scheduled__2025-11-27T22:10:00+00:00 [running]> on host 9e1c9e9647a7
[2025-11-27T22:12:53.091+0000] {taskinstance.py:2648} INFO - Exporting env vars: AIRFLOW_CTX_DAG_OWNER='***' AIRFLOW_CTX_DAG_ID='job_prediction_pipeline' AIRFLOW_CTX_TASK_ID='make_predictions' AIRFLOW_CTX_EXECUTION_DATE='2025-11-27T22:10:00+00:00' AIRFLOW_CTX_TRY_NUMBER='1' AIRFLOW_CTX_DAG_RUN_ID='scheduled__2025-11-27T22:10:00+00:00'
[2025-11-27T22:12:53.094+0000] {taskinstance.py:430} INFO - ::endgroup::
[2025-11-27T22:12:59.792+0000] {logging_mixin.py:188} INFO - ✔ Saved prediction file: /opt/***/data/predicted_files/job_part_0001_predicted.csv
[2025-11-27T22:13:04.556+0000] {logging_mixin.py:188} INFO - ✔ Saved prediction file: /opt/***/data/predicted_files/job_part_0002_predicted.csv
[2025-11-27T22:13:09.105+0000] {logging_mixin.py:188} INFO - ✔ Saved prediction file: /opt/***/data/predicted_files/job_part_0003_predicted.csv
[2025-11-27T22:13:12.352+0000] {logging_mixin.py:188} INFO - ✔ Saved prediction file: /opt/***/data/predicted_files/job_part_0004_predicted.csv
[2025-11-27T22:13:16.804+0000] {logging_mixin.py:188} INFO - ✔ Saved prediction file: /opt/***/data/predicted_files/job_part_0005_predicted.csv
[2025-11-27T22:13:20.777+0000] {logging_mixin.py:188} INFO - ✔ Saved prediction file: /opt/***/data/predicted_files/job_part_0006_predicted.csv
[2025-11-27T22:13:24.594+0000] {logging_mixin.py:188} INFO - ✔ Saved prediction file: /opt/***/data/predicted_files/job_part_0007_predicted.csv
[2025-11-27T22:13:26.530+0000] {logging_mixin.py:188} INFO - ✔ Saved prediction file: /opt/***/data/predicted_files/job_part_0008_predicted.csv
[2025-11-27T22:13:28.050+0000] {logging_mixin.py:188} INFO - ✔ Saved prediction file: /opt/***/data/predicted_files/job_part_0009_predicted.csv
[2025-11-27T22:13:29.503+0000] {logging_mixin.py:188} INFO - ✔ Saved prediction file: /opt/***/data/predicted_files/job_part_0010_predicted.csv
[2025-11-27T22:13:30.991+0000] {logging_mixin.py:188} INFO - ✔ Saved prediction file: /opt/***/data/predicted_files/job_part_0011_predicted.csv
[2025-11-27T22:13:32.688+0000] {logging_mixin.py:188} INFO - ✔ Saved prediction file: /opt/***/data/predicted_files/job_part_0012_predicted.csv
[2025-11-27T22:13:34.480+0000] {logging_mixin.py:188} INFO - ✔ Saved prediction file: /opt/***/data/predicted_files/job_part_0013_predicted.csv
[2025-11-27T22:13:36.073+0000] {logging_mixin.py:188} INFO - ✔ Saved prediction file: /opt/***/data/predicted_files/job_part_0014_predicted.csv
[2025-11-27T22:13:37.483+0000] {logging_mixin.py:188} INFO - ✔ Saved prediction file: /opt/***/data/predicted_files/job_part_0017_predicted.csv
[2025-11-27T22:13:38.964+0000] {logging_mixin.py:188} INFO - ✔ Saved prediction file: /opt/***/data/predicted_files/job_part_0018_predicted.csv
[2025-11-27T22:13:40.469+0000] {logging_mixin.py:188} INFO - ✔ Saved prediction file: /opt/***/data/predicted_files/job_part_0019_predicted.csv
[2025-11-27T22:13:41.916+0000] {logging_mixin.py:188} INFO - ✔ Saved prediction file: /opt/***/data/predicted_files/job_part_0020_predicted.csv
[2025-11-27T22:13:41.921+0000] {python.py:237} INFO - Done. Returned value was: [{'file': 'job_part_0001.csv', 'status': 'ok', 'output': 'job_part_0001_predicted.csv'}, {'file': 'job_part_0002.csv', 'status': 'ok', 'output': 'job_part_0002_predicted.csv'}, {'file': 'job_part_0003.csv', 'status': 'ok', 'output': 'job_part_0003_predicted.csv'}, {'file': 'job_part_0004.csv', 'status': 'ok', 'output': 'job_part_0004_predicted.csv'}, {'file': 'job_part_0005.csv', 'status': 'ok', 'output': 'job_part_0005_predicted.csv'}, {'file': 'job_part_0006.csv', 'status': 'ok', 'output': 'job_part_0006_predicted.csv'}, {'file': 'job_part_0007.csv', 'status': 'ok', 'output': 'job_part_0007_predicted.csv'}, {'file': 'job_part_0008.csv', 'status': 'ok', 'output': 'job_part_0008_predicted.csv'}, {'file': 'job_part_0009.csv', 'status': 'ok', 'output': 'job_part_0009_predicted.csv'}, {'file': 'job_part_0010.csv', 'status': 'ok', 'output': 'job_part_0010_predicted.csv'}, {'file': 'job_part_0011.csv', 'status': 'ok', 'output': 'job_part_0011_predicted.csv'}, {'file': 'job_part_0012.csv', 'status': 'ok', 'output': 'job_part_0012_predicted.csv'}, {'file': 'job_part_0013.csv', 'status': 'ok', 'output': 'job_part_0013_predicted.csv'}, {'file': 'job_part_0014.csv', 'status': 'ok', 'output': 'job_part_0014_predicted.csv'}, {'file': 'job_part_0017.csv', 'status': 'ok', 'output': 'job_part_0017_predicted.csv'}, {'file': 'job_part_0018.csv', 'status': 'ok', 'output': 'job_part_0018_predicted.csv'}, {'file': 'job_part_0019.csv', 'status': 'ok', 'output': 'job_part_0019_predicted.csv'}, {'file': 'job_part_0020.csv', 'status': 'ok', 'output': 'job_part_0020_predicted.csv'}]
[2025-11-27T22:13:41.922+0000] {taskinstance.py:441} INFO - ::group::Post task execution logs
[2025-11-27T22:13:41.952+0000] {taskinstance.py:1206} INFO - Marking task as SUCCESS. dag_id=job_prediction_pipeline, task_id=make_predictions, run_id=scheduled__2025-11-27T22:10:00+00:00, execution_date=20251127T221000, start_date=20251127T221252, end_date=20251127T221341
[2025-11-27T22:13:41.989+0000] {local_task_job_runner.py:243} INFO - Task exited with return code 0
[2025-11-27T22:13:42.008+0000] {taskinstance.py:3503} INFO - 0 downstream tasks scheduled from follow-on schedule check
[2025-11-27T22:13:42.012+0000] {local_task_job_runner.py:222} INFO - ::endgroup::
