[2025-11-14T15:59:38.160+0000] {local_task_job_runner.py:120} INFO - ::group::Pre task execution logs
[2025-11-14T15:59:38.241+0000] {taskinstance.py:2076} INFO - Dependencies all met for dep_context=non-requeueable deps ti=<TaskInstance: job_ingestion_pipeline.send_alerts scheduled__2025-11-14T15:58:00+00:00 [queued]>
[2025-11-14T15:59:38.258+0000] {taskinstance.py:2076} INFO - Dependencies all met for dep_context=requeueable deps ti=<TaskInstance: job_ingestion_pipeline.send_alerts scheduled__2025-11-14T15:58:00+00:00 [queued]>
[2025-11-14T15:59:38.272+0000] {taskinstance.py:2306} INFO - Starting attempt 1 of 1
[2025-11-14T15:59:38.359+0000] {taskinstance.py:2330} INFO - Executing <Task(_PythonDecoratedOperator): send_alerts> on 2025-11-14 15:58:00+00:00
[2025-11-14T15:59:38.380+0000] {standard_task_runner.py:90} INFO - Running: ['***', 'tasks', 'run', 'job_ingestion_pipeline', 'send_alerts', 'scheduled__2025-11-14T15:58:00+00:00', '--job-id', '101', '--raw', '--subdir', 'DAGS_FOLDER/dag_ingestion.py', '--cfg-path', '/tmp/tmpg3u221e8']
[2025-11-14T15:59:38.386+0000] {logging_mixin.py:188} WARNING - /home/***/.local/lib/python3.12/site-packages/***/task/task_runner/standard_task_runner.py:62 DeprecationWarning: This process (pid=272) is multi-threaded, use of fork() may lead to deadlocks in the child.
[2025-11-14T15:59:38.387+0000] {standard_task_runner.py:91} INFO - Job 101: Subtask send_alerts
[2025-11-14T15:59:38.388+0000] {standard_task_runner.py:64} INFO - Started process 280 to run task
[2025-11-14T15:59:38.535+0000] {task_command.py:426} INFO - Running <TaskInstance: job_ingestion_pipeline.send_alerts scheduled__2025-11-14T15:58:00+00:00 [running]> on host 01f98b13abaa
[2025-11-14T15:59:39.390+0000] {taskinstance.py:2648} INFO - Exporting env vars: AIRFLOW_CTX_DAG_OWNER='***' AIRFLOW_CTX_DAG_ID='job_ingestion_pipeline' AIRFLOW_CTX_TASK_ID='send_alerts' AIRFLOW_CTX_EXECUTION_DATE='2025-11-14T15:58:00+00:00' AIRFLOW_CTX_TRY_NUMBER='1' AIRFLOW_CTX_DAG_RUN_ID='scheduled__2025-11-14T15:58:00+00:00'
[2025-11-14T15:59:39.393+0000] {taskinstance.py:430} INFO - ::endgroup::
[2025-11-14T15:59:39.394+0000] {logging_mixin.py:188} INFO - ALERT - data quality issues: {'invalid_rows': 133, 'invalid_rows_pct': 0.009381392396134584, 'failed_checks': 1}
[2025-11-14T15:59:39.396+0000] {logging_mixin.py:188} INFO - Report: /opt/***/data/reports/job_part_007.csv.html
[2025-11-14T15:59:39.397+0000] {python.py:237} INFO - Done. Returned value was: ok
[2025-11-14T15:59:39.398+0000] {taskinstance.py:441} INFO - ::group::Post task execution logs
[2025-11-14T15:59:39.469+0000] {taskinstance.py:1206} INFO - Marking task as SUCCESS. dag_id=job_ingestion_pipeline, task_id=send_alerts, run_id=scheduled__2025-11-14T15:58:00+00:00, execution_date=20251114T155800, start_date=20251114T155938, end_date=20251114T155939
[2025-11-14T15:59:39.570+0000] {local_task_job_runner.py:243} INFO - Task exited with return code 0
[2025-11-14T15:59:39.655+0000] {taskinstance.py:3503} INFO - 0 downstream tasks scheduled from follow-on schedule check
[2025-11-14T15:59:39.663+0000] {local_task_job_runner.py:222} INFO - ::endgroup::
