[2025-11-27T19:59:30.487+0000] {local_task_job_runner.py:120} INFO - ::group::Pre task execution logs
[2025-11-27T19:59:30.563+0000] {taskinstance.py:2076} INFO - Dependencies all met for dep_context=non-requeueable deps ti=<TaskInstance: job_prediction_pipeline.make_predictions scheduled__2025-11-27T19:56:00+00:00 [queued]>
[2025-11-27T19:59:30.592+0000] {taskinstance.py:2076} INFO - Dependencies all met for dep_context=requeueable deps ti=<TaskInstance: job_prediction_pipeline.make_predictions scheduled__2025-11-27T19:56:00+00:00 [queued]>
[2025-11-27T19:59:30.595+0000] {taskinstance.py:2306} INFO - Starting attempt 1 of 1
[2025-11-27T19:59:30.631+0000] {taskinstance.py:2330} INFO - Executing <Task(_PythonDecoratedOperator): make_predictions> on 2025-11-27 19:56:00+00:00
[2025-11-27T19:59:30.647+0000] {standard_task_runner.py:64} INFO - Started process 744 to run task
[2025-11-27T19:59:30.657+0000] {standard_task_runner.py:90} INFO - Running: ['***', 'tasks', 'run', 'job_prediction_pipeline', 'make_predictions', 'scheduled__2025-11-27T19:56:00+00:00', '--job-id', '23', '--raw', '--subdir', 'DAGS_FOLDER/dag_prediction.py', '--cfg-path', '/tmp/tmpezdw2jr_']
[2025-11-27T19:59:30.661+0000] {standard_task_runner.py:91} INFO - Job 23: Subtask make_predictions
[2025-11-27T19:59:30.842+0000] {task_command.py:426} INFO - Running <TaskInstance: job_prediction_pipeline.make_predictions scheduled__2025-11-27T19:56:00+00:00 [running]> on host 2505d82fd220
[2025-11-27T19:59:31.130+0000] {taskinstance.py:2648} INFO - Exporting env vars: AIRFLOW_CTX_DAG_OWNER='***' AIRFLOW_CTX_DAG_ID='job_prediction_pipeline' AIRFLOW_CTX_TASK_ID='make_predictions' AIRFLOW_CTX_EXECUTION_DATE='2025-11-27T19:56:00+00:00' AIRFLOW_CTX_TRY_NUMBER='1' AIRFLOW_CTX_DAG_RUN_ID='scheduled__2025-11-27T19:56:00+00:00'
[2025-11-27T19:59:31.136+0000] {taskinstance.py:430} INFO - ::endgroup::
[2025-11-27T19:59:37.000+0000] {logging_mixin.py:188} INFO - ✔ Saved prediction file: /opt/***/data/predicted_files/job_part_0001_predicted.csv
[2025-11-27T19:59:42.774+0000] {logging_mixin.py:188} INFO - ✔ Saved prediction file: /opt/***/data/predicted_files/job_part_0002_predicted.csv
[2025-11-27T19:59:45.045+0000] {logging_mixin.py:188} INFO - ✔ Saved prediction file: /opt/***/data/predicted_files/job_part_0004_predicted.csv
[2025-11-27T19:59:51.079+0000] {logging_mixin.py:188} INFO - ✔ Saved prediction file: /opt/***/data/predicted_files/job_part_0005_predicted.csv
[2025-11-27T19:59:56.437+0000] {logging_mixin.py:188} INFO - ✔ Saved prediction file: /opt/***/data/predicted_files/job_part_0006_predicted.csv
[2025-11-27T20:00:02.096+0000] {logging_mixin.py:188} INFO - ✔ Saved prediction file: /opt/***/data/predicted_files/job_part_0007_predicted.csv
[2025-11-27T20:00:07.657+0000] {logging_mixin.py:188} INFO - ✔ Saved prediction file: /opt/***/data/predicted_files/job_part_0008_predicted.csv
[2025-11-27T20:00:13.827+0000] {logging_mixin.py:188} INFO - ✔ Saved prediction file: /opt/***/data/predicted_files/job_part_0010_predicted.csv
[2025-11-27T20:00:16.584+0000] {logging_mixin.py:188} INFO - ✔ Saved prediction file: /opt/***/data/predicted_files/job_part_0011_predicted.csv
[2025-11-27T20:00:22.585+0000] {logging_mixin.py:188} INFO - ✔ Saved prediction file: /opt/***/data/predicted_files/job_part_0012_predicted.csv
[2025-11-27T20:00:28.914+0000] {logging_mixin.py:188} INFO - ✔ Saved prediction file: /opt/***/data/predicted_files/job_part_0014_predicted.csv
[2025-11-27T20:00:34.444+0000] {logging_mixin.py:188} INFO - ✔ Saved prediction file: /opt/***/data/predicted_files/job_part_0017_predicted.csv
[2025-11-27T20:00:40.370+0000] {logging_mixin.py:188} INFO - ✔ Saved prediction file: /opt/***/data/predicted_files/job_part_0018_predicted.csv
[2025-11-27T20:00:43.442+0000] {logging_mixin.py:188} INFO - ✔ Saved prediction file: /opt/***/data/predicted_files/job_part_0019_predicted.csv
[2025-11-27T20:00:49.663+0000] {logging_mixin.py:188} INFO - ✔ Saved prediction file: /opt/***/data/predicted_files/job_part_0020_predicted.csv
[2025-11-27T20:00:49.674+0000] {python.py:237} INFO - Done. Returned value was: [{'file': 'job_part_0001.csv', 'status': 'ok', 'output': 'job_part_0001_predicted.csv'}, {'file': 'job_part_0002.csv', 'status': 'ok', 'output': 'job_part_0002_predicted.csv'}, {'file': 'job_part_0004.csv', 'status': 'ok', 'output': 'job_part_0004_predicted.csv'}, {'file': 'job_part_0005.csv', 'status': 'ok', 'output': 'job_part_0005_predicted.csv'}, {'file': 'job_part_0006.csv', 'status': 'ok', 'output': 'job_part_0006_predicted.csv'}, {'file': 'job_part_0007.csv', 'status': 'ok', 'output': 'job_part_0007_predicted.csv'}, {'file': 'job_part_0008.csv', 'status': 'ok', 'output': 'job_part_0008_predicted.csv'}, {'file': 'job_part_0010.csv', 'status': 'ok', 'output': 'job_part_0010_predicted.csv'}, {'file': 'job_part_0011.csv', 'status': 'ok', 'output': 'job_part_0011_predicted.csv'}, {'file': 'job_part_0012.csv', 'status': 'ok', 'output': 'job_part_0012_predicted.csv'}, {'file': 'job_part_0014.csv', 'status': 'ok', 'output': 'job_part_0014_predicted.csv'}, {'file': 'job_part_0017.csv', 'status': 'ok', 'output': 'job_part_0017_predicted.csv'}, {'file': 'job_part_0018.csv', 'status': 'ok', 'output': 'job_part_0018_predicted.csv'}, {'file': 'job_part_0019.csv', 'status': 'ok', 'output': 'job_part_0019_predicted.csv'}, {'file': 'job_part_0020.csv', 'status': 'ok', 'output': 'job_part_0020_predicted.csv'}]
[2025-11-27T20:00:49.677+0000] {taskinstance.py:441} INFO - ::group::Post task execution logs
[2025-11-27T20:00:49.756+0000] {taskinstance.py:1206} INFO - Marking task as SUCCESS. dag_id=job_prediction_pipeline, task_id=make_predictions, run_id=scheduled__2025-11-27T19:56:00+00:00, execution_date=20251127T195600, start_date=20251127T195930, end_date=20251127T200049
[2025-11-27T20:00:49.858+0000] {local_task_job_runner.py:243} INFO - Task exited with return code 0
[2025-11-27T20:00:49.907+0000] {taskinstance.py:3503} INFO - 0 downstream tasks scheduled from follow-on schedule check
[2025-11-27T20:00:49.914+0000] {local_task_job_runner.py:222} INFO - ::endgroup::
