[2025-11-16T19:17:15.989+0000] {local_task_job_runner.py:120} INFO - ::group::Pre task execution logs
[2025-11-16T19:17:16.077+0000] {taskinstance.py:2076} INFO - Dependencies all met for dep_context=non-requeueable deps ti=<TaskInstance: job_ingestion_pipeline.send_alerts scheduled__2025-11-16T19:16:00+00:00 [queued]>
[2025-11-16T19:17:16.096+0000] {taskinstance.py:2076} INFO - Dependencies all met for dep_context=requeueable deps ti=<TaskInstance: job_ingestion_pipeline.send_alerts scheduled__2025-11-16T19:16:00+00:00 [queued]>
[2025-11-16T19:17:16.098+0000] {taskinstance.py:2306} INFO - Starting attempt 1 of 1
[2025-11-16T19:17:16.144+0000] {taskinstance.py:2330} INFO - Executing <Task(_PythonDecoratedOperator): send_alerts> on 2025-11-16 19:16:00+00:00
[2025-11-16T19:17:16.168+0000] {logging_mixin.py:188} WARNING - /home/***/.local/lib/python3.12/site-packages/***/task/task_runner/standard_task_runner.py:62 DeprecationWarning: This process (pid=616) is multi-threaded, use of fork() may lead to deadlocks in the child.
[2025-11-16T19:17:16.171+0000] {standard_task_runner.py:64} INFO - Started process 622 to run task
[2025-11-16T19:17:16.167+0000] {standard_task_runner.py:90} INFO - Running: ['***', 'tasks', 'run', 'job_ingestion_pipeline', 'send_alerts', 'scheduled__2025-11-16T19:16:00+00:00', '--job-id', '46', '--raw', '--subdir', 'DAGS_FOLDER/dag_ingestion.py', '--cfg-path', '/tmp/tmpk3xbkgm9']
[2025-11-16T19:17:16.172+0000] {standard_task_runner.py:91} INFO - Job 46: Subtask send_alerts
[2025-11-16T19:17:16.322+0000] {task_command.py:426} INFO - Running <TaskInstance: job_ingestion_pipeline.send_alerts scheduled__2025-11-16T19:16:00+00:00 [running]> on host 2446aed405f7
[2025-11-16T19:17:16.917+0000] {taskinstance.py:2648} INFO - Exporting env vars: AIRFLOW_CTX_DAG_OWNER='***' AIRFLOW_CTX_DAG_ID='job_ingestion_pipeline' AIRFLOW_CTX_TASK_ID='send_alerts' AIRFLOW_CTX_EXECUTION_DATE='2025-11-16T19:16:00+00:00' AIRFLOW_CTX_TRY_NUMBER='1' AIRFLOW_CTX_DAG_RUN_ID='scheduled__2025-11-16T19:16:00+00:00'
[2025-11-16T19:17:16.919+0000] {taskinstance.py:430} INFO - ::endgroup::
[2025-11-16T19:17:16.921+0000] {logging_mixin.py:188} INFO - 📣 Sending alert...
[2025-11-16T19:17:16.922+0000] {logging_mixin.py:188} INFO - {
  "file_path": "/opt/***/data/raw_data/job_part_013.csv",
  "errors": [
    "Missing column: age",
    "Missing column: salary",
    "Column gender has missing values",
    "Column city has missing values",
    "Column experience has missing values"
  ],
  "criticality": "medium",
  "valid": false
}
[2025-11-16T19:17:16.923+0000] {python.py:237} INFO - Done. Returned value was: None
[2025-11-16T19:17:16.925+0000] {taskinstance.py:441} INFO - ::group::Post task execution logs
[2025-11-16T19:17:16.951+0000] {taskinstance.py:1206} INFO - Marking task as SUCCESS. dag_id=job_ingestion_pipeline, task_id=send_alerts, run_id=scheduled__2025-11-16T19:16:00+00:00, execution_date=20251116T191600, start_date=20251116T191716, end_date=20251116T191716
[2025-11-16T19:17:17.052+0000] {local_task_job_runner.py:243} INFO - Task exited with return code 0
[2025-11-16T19:17:17.097+0000] {taskinstance.py:3503} INFO - 0 downstream tasks scheduled from follow-on schedule check
[2025-11-16T19:17:17.102+0000] {local_task_job_runner.py:222} INFO - ::endgroup::
