[2025-11-16T19:21:15.682+0000] {local_task_job_runner.py:120} INFO - ::group::Pre task execution logs
[2025-11-16T19:21:15.771+0000] {taskinstance.py:2076} INFO - Dependencies all met for dep_context=non-requeueable deps ti=<TaskInstance: job_ingestion_pipeline.send_alerts scheduled__2025-11-16T19:20:00+00:00 [queued]>
[2025-11-16T19:21:15.794+0000] {taskinstance.py:2076} INFO - Dependencies all met for dep_context=requeueable deps ti=<TaskInstance: job_ingestion_pipeline.send_alerts scheduled__2025-11-16T19:20:00+00:00 [queued]>
[2025-11-16T19:21:15.796+0000] {taskinstance.py:2306} INFO - Starting attempt 1 of 1
[2025-11-16T19:21:15.825+0000] {taskinstance.py:2330} INFO - Executing <Task(_PythonDecoratedOperator): send_alerts> on 2025-11-16 19:20:00+00:00
[2025-11-16T19:21:15.849+0000] {logging_mixin.py:188} WARNING - /home/***/.local/lib/python3.12/site-packages/***/task/task_runner/standard_task_runner.py:62 DeprecationWarning: This process (pid=820) is multi-threaded, use of fork() may lead to deadlocks in the child.
[2025-11-16T19:21:15.848+0000] {standard_task_runner.py:90} INFO - Running: ['***', 'tasks', 'run', 'job_ingestion_pipeline', 'send_alerts', 'scheduled__2025-11-16T19:20:00+00:00', '--job-id', '64', '--raw', '--subdir', 'DAGS_FOLDER/dag_ingestion.py', '--cfg-path', '/tmp/tmp6h66thue']
[2025-11-16T19:21:15.852+0000] {standard_task_runner.py:64} INFO - Started process 824 to run task
[2025-11-16T19:21:15.853+0000] {standard_task_runner.py:91} INFO - Job 64: Subtask send_alerts
[2025-11-16T19:21:16.020+0000] {task_command.py:426} INFO - Running <TaskInstance: job_ingestion_pipeline.send_alerts scheduled__2025-11-16T19:20:00+00:00 [running]> on host 2446aed405f7
[2025-11-16T19:21:16.699+0000] {taskinstance.py:2648} INFO - Exporting env vars: AIRFLOW_CTX_DAG_OWNER='***' AIRFLOW_CTX_DAG_ID='job_ingestion_pipeline' AIRFLOW_CTX_TASK_ID='send_alerts' AIRFLOW_CTX_EXECUTION_DATE='2025-11-16T19:20:00+00:00' AIRFLOW_CTX_TRY_NUMBER='1' AIRFLOW_CTX_DAG_RUN_ID='scheduled__2025-11-16T19:20:00+00:00'
[2025-11-16T19:21:16.702+0000] {taskinstance.py:430} INFO - ::endgroup::
[2025-11-16T19:21:16.704+0000] {logging_mixin.py:188} INFO - 📣 Sending alert...
[2025-11-16T19:21:16.705+0000] {logging_mixin.py:188} INFO - {
  "file_path": "/opt/***/data/raw_data/job_missingcol_gender.csv",
  "errors": [
    "Missing column: age",
    "Missing column: gender",
    "Missing column: salary",
    "Column experience has missing values"
  ],
  "criticality": "medium",
  "valid": false
}
[2025-11-16T19:21:16.706+0000] {python.py:237} INFO - Done. Returned value was: None
[2025-11-16T19:21:16.707+0000] {taskinstance.py:441} INFO - ::group::Post task execution logs
[2025-11-16T19:21:16.732+0000] {taskinstance.py:1206} INFO - Marking task as SUCCESS. dag_id=job_ingestion_pipeline, task_id=send_alerts, run_id=scheduled__2025-11-16T19:20:00+00:00, execution_date=20251116T192000, start_date=20251116T192115, end_date=20251116T192116
[2025-11-16T19:21:16.832+0000] {local_task_job_runner.py:243} INFO - Task exited with return code 0
[2025-11-16T19:21:16.872+0000] {taskinstance.py:3503} INFO - 0 downstream tasks scheduled from follow-on schedule check
[2025-11-16T19:21:16.877+0000] {local_task_job_runner.py:222} INFO - ::endgroup::
