[2025-11-29T01:32:00.755+0000] {local_task_job_runner.py:120} INFO - ::group::Pre task execution logs
[2025-11-29T01:32:00.787+0000] {taskinstance.py:2076} INFO - Dependencies all met for dep_context=non-requeueable deps ti=<TaskInstance: job_prediction_pipeline.check_for_new_data scheduled__2025-11-29T01:30:00+00:00 [queued]>
[2025-11-29T01:32:00.794+0000] {taskinstance.py:2076} INFO - Dependencies all met for dep_context=requeueable deps ti=<TaskInstance: job_prediction_pipeline.check_for_new_data scheduled__2025-11-29T01:30:00+00:00 [queued]>
[2025-11-29T01:32:00.795+0000] {taskinstance.py:2306} INFO - Starting attempt 1 of 1
[2025-11-29T01:32:00.808+0000] {taskinstance.py:2330} INFO - Executing <Task(_PythonDecoratedOperator): check_for_new_data> on 2025-11-29 01:30:00+00:00
[2025-11-29T01:32:00.817+0000] {standard_task_runner.py:64} INFO - Started process 4772 to run task
[2025-11-29T01:32:00.821+0000] {standard_task_runner.py:90} INFO - Running: ['***', 'tasks', 'run', 'job_prediction_pipeline', 'check_for_new_data', 'scheduled__2025-11-29T01:30:00+00:00', '--job-id', '669', '--raw', '--subdir', 'DAGS_FOLDER/dag_prediction.py', '--cfg-path', '/tmp/tmpiptxfch8']
[2025-11-29T01:32:00.824+0000] {standard_task_runner.py:91} INFO - Job 669: Subtask check_for_new_data
[2025-11-29T01:32:00.903+0000] {task_command.py:426} INFO - Running <TaskInstance: job_prediction_pipeline.check_for_new_data scheduled__2025-11-29T01:30:00+00:00 [running]> on host 9e1c9e9647a7
[2025-11-29T01:32:01.014+0000] {taskinstance.py:2648} INFO - Exporting env vars: AIRFLOW_CTX_DAG_OWNER='***' AIRFLOW_CTX_DAG_ID='job_prediction_pipeline' AIRFLOW_CTX_TASK_ID='check_for_new_data' AIRFLOW_CTX_EXECUTION_DATE='2025-11-29T01:30:00+00:00' AIRFLOW_CTX_TRY_NUMBER='1' AIRFLOW_CTX_DAG_RUN_ID='scheduled__2025-11-29T01:30:00+00:00'
[2025-11-29T01:32:01.016+0000] {taskinstance.py:430} INFO - ::endgroup::
[2025-11-29T01:32:01.019+0000] {logging_mixin.py:188} INFO - Last processed timestamp = 1764379756.584203
[2025-11-29T01:32:01.056+0000] {logging_mixin.py:188} INFO - New files for prediction = ['job_part_0001.csv', 'job_part_0017.csv']
[2025-11-29T01:32:01.057+0000] {logging_mixin.py:188} INFO - New latest timestamp = 1764379877.0503829
[2025-11-29T01:32:01.057+0000] {python.py:237} INFO - Done. Returned value was: {'files': ['job_part_0001.csv', 'job_part_0017.csv'], 'latest_ts': 1764379877.0503829}
[2025-11-29T01:32:01.058+0000] {taskinstance.py:441} INFO - ::group::Post task execution logs
[2025-11-29T01:32:01.095+0000] {taskinstance.py:1206} INFO - Marking task as SUCCESS. dag_id=job_prediction_pipeline, task_id=check_for_new_data, run_id=scheduled__2025-11-29T01:30:00+00:00, execution_date=20251129T013000, start_date=20251129T013200, end_date=20251129T013201
[2025-11-29T01:32:01.156+0000] {local_task_job_runner.py:243} INFO - Task exited with return code 0
[2025-11-29T01:32:01.181+0000] {taskinstance.py:3503} INFO - 1 downstream tasks scheduled from follow-on schedule check
[2025-11-29T01:32:01.185+0000] {local_task_job_runner.py:222} INFO - ::endgroup::
