[2025-11-29T02:02:01.335+0000] {local_task_job_runner.py:120} INFO - ::group::Pre task execution logs
[2025-11-29T02:02:01.370+0000] {taskinstance.py:2076} INFO - Dependencies all met for dep_context=non-requeueable deps ti=<TaskInstance: job_prediction_pipeline.check_for_new_data scheduled__2025-11-29T02:00:00+00:00 [queued]>
[2025-11-29T02:02:01.379+0000] {taskinstance.py:2076} INFO - Dependencies all met for dep_context=requeueable deps ti=<TaskInstance: job_prediction_pipeline.check_for_new_data scheduled__2025-11-29T02:00:00+00:00 [queued]>
[2025-11-29T02:02:01.380+0000] {taskinstance.py:2306} INFO - Starting attempt 1 of 1
[2025-11-29T02:02:01.394+0000] {taskinstance.py:2330} INFO - Executing <Task(_PythonDecoratedOperator): check_for_new_data> on 2025-11-29 02:00:00+00:00
[2025-11-29T02:02:01.404+0000] {standard_task_runner.py:64} INFO - Started process 8442 to run task
[2025-11-29T02:02:01.409+0000] {standard_task_runner.py:90} INFO - Running: ['***', 'tasks', 'run', 'job_prediction_pipeline', 'check_for_new_data', 'scheduled__2025-11-29T02:00:00+00:00', '--job-id', '849', '--raw', '--subdir', 'DAGS_FOLDER/dag_prediction.py', '--cfg-path', '/tmp/tmpcjo088qs']
[2025-11-29T02:02:01.412+0000] {standard_task_runner.py:91} INFO - Job 849: Subtask check_for_new_data
[2025-11-29T02:02:01.496+0000] {task_command.py:426} INFO - Running <TaskInstance: job_prediction_pipeline.check_for_new_data scheduled__2025-11-29T02:00:00+00:00 [running]> on host 9e1c9e9647a7
[2025-11-29T02:02:01.607+0000] {taskinstance.py:2648} INFO - Exporting env vars: AIRFLOW_CTX_DAG_OWNER='***' AIRFLOW_CTX_DAG_ID='job_prediction_pipeline' AIRFLOW_CTX_TASK_ID='check_for_new_data' AIRFLOW_CTX_EXECUTION_DATE='2025-11-29T02:00:00+00:00' AIRFLOW_CTX_TRY_NUMBER='1' AIRFLOW_CTX_DAG_RUN_ID='scheduled__2025-11-29T02:00:00+00:00'
[2025-11-29T02:02:01.609+0000] {taskinstance.py:430} INFO - ::endgroup::
[2025-11-29T02:02:01.612+0000] {logging_mixin.py:188} INFO - Last processed timestamp = 1764381558.9530373
[2025-11-29T02:02:01.650+0000] {logging_mixin.py:188} INFO - New files for prediction = ['job_part_0006.csv', 'job_part_0018.csv']
[2025-11-29T02:02:01.651+0000] {logging_mixin.py:188} INFO - New latest timestamp = 1764381677.0602794
[2025-11-29T02:02:01.651+0000] {python.py:237} INFO - Done. Returned value was: {'files': ['job_part_0006.csv', 'job_part_0018.csv'], 'latest_ts': 1764381677.0602794}
[2025-11-29T02:02:01.652+0000] {taskinstance.py:441} INFO - ::group::Post task execution logs
[2025-11-29T02:02:01.688+0000] {taskinstance.py:1206} INFO - Marking task as SUCCESS. dag_id=job_prediction_pipeline, task_id=check_for_new_data, run_id=scheduled__2025-11-29T02:00:00+00:00, execution_date=20251129T020000, start_date=20251129T020201, end_date=20251129T020201
[2025-11-29T02:02:01.742+0000] {local_task_job_runner.py:243} INFO - Task exited with return code 0
[2025-11-29T02:02:01.767+0000] {taskinstance.py:3503} INFO - 1 downstream tasks scheduled from follow-on schedule check
[2025-11-29T02:02:01.772+0000] {local_task_job_runner.py:222} INFO - ::endgroup::
