[2025-11-29T08:14:02.123+0000] {local_task_job_runner.py:120} INFO - ::group::Pre task execution logs
[2025-11-29T08:14:02.200+0000] {taskinstance.py:2076} INFO - Dependencies all met for dep_context=non-requeueable deps ti=<TaskInstance: job_prediction_pipeline.check_for_new_data scheduled__2025-11-29T08:12:00+00:00 [queued]>
[2025-11-29T08:14:02.218+0000] {taskinstance.py:2076} INFO - Dependencies all met for dep_context=requeueable deps ti=<TaskInstance: job_prediction_pipeline.check_for_new_data scheduled__2025-11-29T08:12:00+00:00 [queued]>
[2025-11-29T08:14:02.220+0000] {taskinstance.py:2306} INFO - Starting attempt 1 of 1
[2025-11-29T08:14:02.256+0000] {taskinstance.py:2330} INFO - Executing <Task(_PythonDecoratedOperator): check_for_new_data> on 2025-11-29 08:12:00+00:00
[2025-11-29T08:14:02.273+0000] {standard_task_runner.py:64} INFO - Started process 13205 to run task
[2025-11-29T08:14:02.283+0000] {standard_task_runner.py:90} INFO - Running: ['***', 'tasks', 'run', 'job_prediction_pipeline', 'check_for_new_data', 'scheduled__2025-11-29T08:12:00+00:00', '--job-id', '936', '--raw', '--subdir', 'DAGS_FOLDER/dag_prediction.py', '--cfg-path', '/tmp/tmp88_0hvbr']
[2025-11-29T08:14:02.292+0000] {standard_task_runner.py:91} INFO - Job 936: Subtask check_for_new_data
[2025-11-29T08:14:02.466+0000] {task_command.py:426} INFO - Running <TaskInstance: job_prediction_pipeline.check_for_new_data scheduled__2025-11-29T08:12:00+00:00 [running]> on host 9e1c9e9647a7
[2025-11-29T08:14:02.728+0000] {taskinstance.py:2648} INFO - Exporting env vars: AIRFLOW_CTX_DAG_OWNER='***' AIRFLOW_CTX_DAG_ID='job_prediction_pipeline' AIRFLOW_CTX_TASK_ID='check_for_new_data' AIRFLOW_CTX_EXECUTION_DATE='2025-11-29T08:12:00+00:00' AIRFLOW_CTX_TRY_NUMBER='1' AIRFLOW_CTX_DAG_RUN_ID='scheduled__2025-11-29T08:12:00+00:00'
[2025-11-29T08:14:02.731+0000] {taskinstance.py:430} INFO - ::endgroup::
[2025-11-29T08:14:02.740+0000] {logging_mixin.py:188} INFO - Last processed timestamp = 1764403894.2868793
[2025-11-29T08:14:02.847+0000] {logging_mixin.py:188} INFO - New files for prediction = ['job_part_0007.csv', 'job_part_0008.csv']
[2025-11-29T08:14:02.849+0000] {logging_mixin.py:188} INFO - New latest timestamp = 1764404017.165996
[2025-11-29T08:14:02.849+0000] {python.py:237} INFO - Done. Returned value was: {'files': ['job_part_0007.csv', 'job_part_0008.csv'], 'latest_ts': 1764404017.165996}
[2025-11-29T08:14:02.851+0000] {taskinstance.py:441} INFO - ::group::Post task execution logs
[2025-11-29T08:14:02.921+0000] {taskinstance.py:1206} INFO - Marking task as SUCCESS. dag_id=job_prediction_pipeline, task_id=check_for_new_data, run_id=scheduled__2025-11-29T08:12:00+00:00, execution_date=20251129T081200, start_date=20251129T081402, end_date=20251129T081402
[2025-11-29T08:14:02.991+0000] {local_task_job_runner.py:243} INFO - Task exited with return code 0
[2025-11-29T08:14:03.042+0000] {taskinstance.py:3503} INFO - 1 downstream tasks scheduled from follow-on schedule check
[2025-11-29T08:14:03.195+0000] {local_task_job_runner.py:222} INFO - ::endgroup::
