[2025-11-14T15:17:56.506+0000] {local_task_job_runner.py:120} INFO - ::group::Pre task execution logs
[2025-11-14T15:17:56.574+0000] {taskinstance.py:2076} INFO - Dependencies all met for dep_context=non-requeueable deps ti=<TaskInstance: job_prediction_pipeline.check_for_new_data scheduled__2025-11-14T15:14:00+00:00 [queued]>
[2025-11-14T15:17:56.589+0000] {taskinstance.py:2076} INFO - Dependencies all met for dep_context=requeueable deps ti=<TaskInstance: job_prediction_pipeline.check_for_new_data scheduled__2025-11-14T15:14:00+00:00 [queued]>
[2025-11-14T15:17:56.607+0000] {taskinstance.py:2306} INFO - Starting attempt 1 of 1
[2025-11-14T15:17:56.631+0000] {taskinstance.py:2330} INFO - Executing <Task(BranchPythonOperator): check_for_new_data> on 2025-11-14 15:14:00+00:00
[2025-11-14T15:17:56.653+0000] {standard_task_runner.py:90} INFO - Running: ['***', 'tasks', 'run', 'job_prediction_pipeline', 'check_for_new_data', 'scheduled__2025-11-14T15:14:00+00:00', '--job-id', '17', '--raw', '--subdir', 'DAGS_FOLDER/dag_prediction.py', '--cfg-path', '/tmp/tmpmhmgxmi5']
[2025-11-14T15:17:56.661+0000] {standard_task_runner.py:91} INFO - Job 17: Subtask check_for_new_data
[2025-11-14T15:17:56.662+0000] {logging_mixin.py:188} WARNING - /home/***/.local/lib/python3.12/site-packages/***/task/task_runner/standard_task_runner.py:62 DeprecationWarning: This process (pid=327) is multi-threaded, use of fork() may lead to deadlocks in the child.
[2025-11-14T15:17:56.664+0000] {standard_task_runner.py:64} INFO - Started process 329 to run task
[2025-11-14T15:17:56.813+0000] {task_command.py:426} INFO - Running <TaskInstance: job_prediction_pipeline.check_for_new_data scheduled__2025-11-14T15:14:00+00:00 [running]> on host 40c1e13051ad
[2025-11-14T15:17:57.528+0000] {taskinstance.py:2648} INFO - Exporting env vars: AIRFLOW_CTX_DAG_OWNER='***' AIRFLOW_CTX_DAG_ID='job_prediction_pipeline' AIRFLOW_CTX_TASK_ID='check_for_new_data' AIRFLOW_CTX_EXECUTION_DATE='2025-11-14T15:14:00+00:00' AIRFLOW_CTX_TRY_NUMBER='1' AIRFLOW_CTX_DAG_RUN_ID='scheduled__2025-11-14T15:14:00+00:00'
[2025-11-14T15:17:57.534+0000] {taskinstance.py:430} INFO - ::endgroup::
[2025-11-14T15:17:57.578+0000] {baseoperator.py:400} WARNING - BranchPythonOperator.execute cannot be called outside TaskInstance!
[2025-11-14T15:17:57.613+0000] {python.py:237} INFO - Done. Returned value was: make_predictions
[2025-11-14T15:17:57.615+0000] {branch.py:36} INFO - Branch into make_predictions
[2025-11-14T15:17:57.617+0000] {skipmixin.py:178} INFO - Following branch make_predictions
[2025-11-14T15:17:57.690+0000] {skipmixin.py:246} INFO - Skipping tasks [('no_new_data', -1)]
[2025-11-14T15:17:57.764+0000] {taskinstance.py:441} INFO - ::group::Post task execution logs
[2025-11-14T15:17:57.828+0000] {taskinstance.py:1206} INFO - Marking task as SUCCESS. dag_id=job_prediction_pipeline, task_id=check_for_new_data, run_id=scheduled__2025-11-14T15:14:00+00:00, execution_date=20251114T151400, start_date=20251114T151756, end_date=20251114T151757
[2025-11-14T15:17:57.928+0000] {local_task_job_runner.py:243} INFO - Task exited with return code 0
[2025-11-14T15:17:58.014+0000] {taskinstance.py:3503} INFO - 1 downstream tasks scheduled from follow-on schedule check
[2025-11-14T15:17:58.044+0000] {local_task_job_runner.py:222} INFO - ::endgroup::
