[2025-12-16T12:44:22.817+0000] {processor.py:161} INFO - Started process (PID=206) to work on /opt/airflow/dags/dag_prediction.py
[2025-12-16T12:44:22.819+0000] {processor.py:830} INFO - Processing file /opt/airflow/dags/dag_prediction.py for tasks to queue
[2025-12-16T12:44:22.823+0000] {logging_mixin.py:188} INFO - [2025-12-16T12:44:22.822+0000] {dagbag.py:545} INFO - Filling up the DagBag from /opt/airflow/dags/dag_prediction.py
[2025-12-16T12:44:23.250+0000] {processor.py:840} INFO - DAG(s) 'job_prediction_pipeline' retrieved from /opt/airflow/dags/dag_prediction.py
[2025-12-16T12:44:23.291+0000] {logging_mixin.py:188} INFO - [2025-12-16T12:44:23.290+0000] {dag.py:3089} INFO - Sync 1 DAGs
[2025-12-16T12:44:23.331+0000] {logging_mixin.py:188} INFO - [2025-12-16T12:44:23.331+0000] {dag.py:3947} INFO - Setting next_dagrun for job_prediction_pipeline to 2025-12-16 12:42:00+00:00, run_after=2025-12-16 12:44:00+00:00
[2025-12-16T12:44:23.367+0000] {processor.py:183} INFO - Processing /opt/airflow/dags/dag_prediction.py took 0.560 seconds
[2025-12-16T12:44:53.470+0000] {processor.py:161} INFO - Started process (PID=250) to work on /opt/airflow/dags/dag_prediction.py
[2025-12-16T12:44:53.472+0000] {processor.py:830} INFO - Processing file /opt/airflow/dags/dag_prediction.py for tasks to queue
[2025-12-16T12:44:53.477+0000] {logging_mixin.py:188} INFO - [2025-12-16T12:44:53.476+0000] {dagbag.py:545} INFO - Filling up the DagBag from /opt/airflow/dags/dag_prediction.py
[2025-12-16T12:44:54.107+0000] {processor.py:840} INFO - DAG(s) 'job_prediction_pipeline' retrieved from /opt/airflow/dags/dag_prediction.py
[2025-12-16T12:44:54.222+0000] {logging_mixin.py:188} INFO - [2025-12-16T12:44:54.222+0000] {dag.py:3089} INFO - Sync 1 DAGs
[2025-12-16T12:44:54.251+0000] {logging_mixin.py:188} INFO - [2025-12-16T12:44:54.251+0000] {dag.py:3947} INFO - Setting next_dagrun for job_prediction_pipeline to 2025-12-16 12:42:00+00:00, run_after=2025-12-16 12:44:00+00:00
[2025-12-16T12:44:54.278+0000] {processor.py:183} INFO - Processing /opt/airflow/dags/dag_prediction.py took 0.817 seconds
[2025-12-16T12:45:24.555+0000] {processor.py:161} INFO - Started process (PID=278) to work on /opt/airflow/dags/dag_prediction.py
[2025-12-16T12:45:24.558+0000] {processor.py:830} INFO - Processing file /opt/airflow/dags/dag_prediction.py for tasks to queue
[2025-12-16T12:45:24.563+0000] {logging_mixin.py:188} INFO - [2025-12-16T12:45:24.562+0000] {dagbag.py:545} INFO - Filling up the DagBag from /opt/airflow/dags/dag_prediction.py
[2025-12-16T12:45:24.959+0000] {processor.py:840} INFO - DAG(s) 'job_prediction_pipeline' retrieved from /opt/airflow/dags/dag_prediction.py
[2025-12-16T12:45:24.992+0000] {logging_mixin.py:188} INFO - [2025-12-16T12:45:24.992+0000] {dag.py:3089} INFO - Sync 1 DAGs
[2025-12-16T12:45:25.027+0000] {logging_mixin.py:188} INFO - [2025-12-16T12:45:25.027+0000] {dag.py:3947} INFO - Setting next_dagrun for job_prediction_pipeline to 2025-12-16 12:42:00+00:00, run_after=2025-12-16 12:44:00+00:00
[2025-12-16T12:45:25.054+0000] {processor.py:183} INFO - Processing /opt/airflow/dags/dag_prediction.py took 0.513 seconds
[2025-12-16T12:45:55.394+0000] {processor.py:161} INFO - Started process (PID=414) to work on /opt/airflow/dags/dag_prediction.py
[2025-12-16T12:45:55.398+0000] {processor.py:830} INFO - Processing file /opt/airflow/dags/dag_prediction.py for tasks to queue
[2025-12-16T12:45:55.404+0000] {logging_mixin.py:188} INFO - [2025-12-16T12:45:55.404+0000] {dagbag.py:545} INFO - Filling up the DagBag from /opt/airflow/dags/dag_prediction.py
[2025-12-16T12:45:56.021+0000] {processor.py:840} INFO - DAG(s) 'job_prediction_pipeline' retrieved from /opt/airflow/dags/dag_prediction.py
[2025-12-16T12:45:56.076+0000] {logging_mixin.py:188} INFO - [2025-12-16T12:45:56.075+0000] {dag.py:3089} INFO - Sync 1 DAGs
[2025-12-16T12:45:56.129+0000] {logging_mixin.py:188} INFO - [2025-12-16T12:45:56.129+0000] {dag.py:3947} INFO - Setting next_dagrun for job_prediction_pipeline to 2025-12-16 12:44:00+00:00, run_after=2025-12-16 12:46:00+00:00
[2025-12-16T12:45:56.177+0000] {processor.py:183} INFO - Processing /opt/airflow/dags/dag_prediction.py took 0.809 seconds
[2025-12-16T12:46:26.486+0000] {processor.py:161} INFO - Started process (PID=545) to work on /opt/airflow/dags/dag_prediction.py
[2025-12-16T12:46:26.488+0000] {processor.py:830} INFO - Processing file /opt/airflow/dags/dag_prediction.py for tasks to queue
[2025-12-16T12:46:26.490+0000] {logging_mixin.py:188} INFO - [2025-12-16T12:46:26.490+0000] {dagbag.py:545} INFO - Filling up the DagBag from /opt/airflow/dags/dag_prediction.py
[2025-12-16T12:46:26.813+0000] {processor.py:840} INFO - DAG(s) 'job_prediction_pipeline' retrieved from /opt/airflow/dags/dag_prediction.py
[2025-12-16T12:46:26.846+0000] {logging_mixin.py:188} INFO - [2025-12-16T12:46:26.846+0000] {dag.py:3089} INFO - Sync 1 DAGs
[2025-12-16T12:46:26.872+0000] {logging_mixin.py:188} INFO - [2025-12-16T12:46:26.872+0000] {dag.py:3947} INFO - Setting next_dagrun for job_prediction_pipeline to 2025-12-16 12:46:00+00:00, run_after=2025-12-16 12:48:00+00:00
[2025-12-16T12:46:26.896+0000] {processor.py:183} INFO - Processing /opt/airflow/dags/dag_prediction.py took 0.417 seconds
[2025-12-16T12:46:57.171+0000] {processor.py:161} INFO - Started process (PID=584) to work on /opt/airflow/dags/dag_prediction.py
[2025-12-16T12:46:57.172+0000] {processor.py:830} INFO - Processing file /opt/airflow/dags/dag_prediction.py for tasks to queue
[2025-12-16T12:46:57.174+0000] {logging_mixin.py:188} INFO - [2025-12-16T12:46:57.174+0000] {dagbag.py:545} INFO - Filling up the DagBag from /opt/airflow/dags/dag_prediction.py
[2025-12-16T12:46:57.508+0000] {processor.py:840} INFO - DAG(s) 'job_prediction_pipeline' retrieved from /opt/airflow/dags/dag_prediction.py
[2025-12-16T12:46:57.542+0000] {logging_mixin.py:188} INFO - [2025-12-16T12:46:57.542+0000] {dag.py:3089} INFO - Sync 1 DAGs
[2025-12-16T12:46:57.567+0000] {logging_mixin.py:188} INFO - [2025-12-16T12:46:57.567+0000] {dag.py:3947} INFO - Setting next_dagrun for job_prediction_pipeline to 2025-12-16 12:46:00+00:00, run_after=2025-12-16 12:48:00+00:00
[2025-12-16T12:46:57.590+0000] {processor.py:183} INFO - Processing /opt/airflow/dags/dag_prediction.py took 0.427 seconds
[2025-12-16T12:47:27.896+0000] {processor.py:161} INFO - Started process (PID=683) to work on /opt/airflow/dags/dag_prediction.py
[2025-12-16T12:47:27.898+0000] {processor.py:830} INFO - Processing file /opt/airflow/dags/dag_prediction.py for tasks to queue
[2025-12-16T12:47:27.901+0000] {logging_mixin.py:188} INFO - [2025-12-16T12:47:27.900+0000] {dagbag.py:545} INFO - Filling up the DagBag from /opt/airflow/dags/dag_prediction.py
[2025-12-16T12:47:28.243+0000] {processor.py:840} INFO - DAG(s) 'job_prediction_pipeline' retrieved from /opt/airflow/dags/dag_prediction.py
[2025-12-16T12:47:28.282+0000] {logging_mixin.py:188} INFO - [2025-12-16T12:47:28.282+0000] {dag.py:3089} INFO - Sync 1 DAGs
[2025-12-16T12:47:28.318+0000] {logging_mixin.py:188} INFO - [2025-12-16T12:47:28.317+0000] {dag.py:3947} INFO - Setting next_dagrun for job_prediction_pipeline to 2025-12-16 12:46:00+00:00, run_after=2025-12-16 12:48:00+00:00
[2025-12-16T12:47:28.344+0000] {processor.py:183} INFO - Processing /opt/airflow/dags/dag_prediction.py took 0.457 seconds
[2025-12-16T12:47:58.600+0000] {processor.py:161} INFO - Started process (PID=707) to work on /opt/airflow/dags/dag_prediction.py
[2025-12-16T12:47:58.601+0000] {processor.py:830} INFO - Processing file /opt/airflow/dags/dag_prediction.py for tasks to queue
[2025-12-16T12:47:58.604+0000] {logging_mixin.py:188} INFO - [2025-12-16T12:47:58.604+0000] {dagbag.py:545} INFO - Filling up the DagBag from /opt/airflow/dags/dag_prediction.py
[2025-12-16T12:47:59.055+0000] {processor.py:840} INFO - DAG(s) 'job_prediction_pipeline' retrieved from /opt/airflow/dags/dag_prediction.py
[2025-12-16T12:47:59.092+0000] {logging_mixin.py:188} INFO - [2025-12-16T12:47:59.091+0000] {dag.py:3089} INFO - Sync 1 DAGs
[2025-12-16T12:47:59.131+0000] {logging_mixin.py:188} INFO - [2025-12-16T12:47:59.131+0000] {dag.py:3947} INFO - Setting next_dagrun for job_prediction_pipeline to 2025-12-16 12:46:00+00:00, run_after=2025-12-16 12:48:00+00:00
[2025-12-16T12:47:59.164+0000] {processor.py:183} INFO - Processing /opt/airflow/dags/dag_prediction.py took 0.572 seconds
[2025-12-16T12:48:29.280+0000] {processor.py:161} INFO - Started process (PID=812) to work on /opt/airflow/dags/dag_prediction.py
[2025-12-16T12:48:29.282+0000] {processor.py:830} INFO - Processing file /opt/airflow/dags/dag_prediction.py for tasks to queue
[2025-12-16T12:48:29.285+0000] {logging_mixin.py:188} INFO - [2025-12-16T12:48:29.285+0000] {dagbag.py:545} INFO - Filling up the DagBag from /opt/airflow/dags/dag_prediction.py
[2025-12-16T12:48:29.659+0000] {processor.py:840} INFO - DAG(s) 'job_prediction_pipeline' retrieved from /opt/airflow/dags/dag_prediction.py
[2025-12-16T12:48:29.689+0000] {logging_mixin.py:188} INFO - [2025-12-16T12:48:29.689+0000] {dag.py:3089} INFO - Sync 1 DAGs
[2025-12-16T12:48:29.714+0000] {logging_mixin.py:188} INFO - [2025-12-16T12:48:29.713+0000] {dag.py:3947} INFO - Setting next_dagrun for job_prediction_pipeline to 2025-12-16 12:48:00+00:00, run_after=2025-12-16 12:50:00+00:00
[2025-12-16T12:48:29.735+0000] {processor.py:183} INFO - Processing /opt/airflow/dags/dag_prediction.py took 0.466 seconds
[2025-12-16T12:49:00.027+0000] {processor.py:161} INFO - Started process (PID=823) to work on /opt/airflow/dags/dag_prediction.py
[2025-12-16T12:49:00.028+0000] {processor.py:830} INFO - Processing file /opt/airflow/dags/dag_prediction.py for tasks to queue
[2025-12-16T12:49:00.031+0000] {logging_mixin.py:188} INFO - [2025-12-16T12:49:00.031+0000] {dagbag.py:545} INFO - Filling up the DagBag from /opt/airflow/dags/dag_prediction.py
[2025-12-16T12:49:00.404+0000] {processor.py:840} INFO - DAG(s) 'job_prediction_pipeline' retrieved from /opt/airflow/dags/dag_prediction.py
[2025-12-16T12:49:00.444+0000] {logging_mixin.py:188} INFO - [2025-12-16T12:49:00.444+0000] {dag.py:3089} INFO - Sync 1 DAGs
[2025-12-16T12:49:00.475+0000] {logging_mixin.py:188} INFO - [2025-12-16T12:49:00.474+0000] {dag.py:3947} INFO - Setting next_dagrun for job_prediction_pipeline to 2025-12-16 12:48:00+00:00, run_after=2025-12-16 12:50:00+00:00
[2025-12-16T12:49:00.502+0000] {processor.py:183} INFO - Processing /opt/airflow/dags/dag_prediction.py took 0.485 seconds
[2025-12-16T12:49:30.834+0000] {processor.py:161} INFO - Started process (PID=917) to work on /opt/airflow/dags/dag_prediction.py
[2025-12-16T12:49:30.836+0000] {processor.py:830} INFO - Processing file /opt/airflow/dags/dag_prediction.py for tasks to queue
[2025-12-16T12:49:30.837+0000] {logging_mixin.py:188} INFO - [2025-12-16T12:49:30.837+0000] {dagbag.py:545} INFO - Filling up the DagBag from /opt/airflow/dags/dag_prediction.py
[2025-12-16T12:49:31.108+0000] {processor.py:840} INFO - DAG(s) 'job_prediction_pipeline' retrieved from /opt/airflow/dags/dag_prediction.py
[2025-12-16T12:49:31.137+0000] {logging_mixin.py:188} INFO - [2025-12-16T12:49:31.137+0000] {dag.py:3089} INFO - Sync 1 DAGs
[2025-12-16T12:49:31.161+0000] {logging_mixin.py:188} INFO - [2025-12-16T12:49:31.160+0000] {dag.py:3947} INFO - Setting next_dagrun for job_prediction_pipeline to 2025-12-16 12:48:00+00:00, run_after=2025-12-16 12:50:00+00:00
[2025-12-16T12:49:31.185+0000] {processor.py:183} INFO - Processing /opt/airflow/dags/dag_prediction.py took 0.358 seconds
[2025-12-16T12:50:02.075+0000] {processor.py:161} INFO - Started process (PID=948) to work on /opt/airflow/dags/dag_prediction.py
[2025-12-16T12:50:02.076+0000] {processor.py:830} INFO - Processing file /opt/airflow/dags/dag_prediction.py for tasks to queue
[2025-12-16T12:50:02.079+0000] {logging_mixin.py:188} INFO - [2025-12-16T12:50:02.078+0000] {dagbag.py:545} INFO - Filling up the DagBag from /opt/airflow/dags/dag_prediction.py
[2025-12-16T12:50:02.451+0000] {processor.py:840} INFO - DAG(s) 'job_prediction_pipeline' retrieved from /opt/airflow/dags/dag_prediction.py
[2025-12-16T12:50:02.491+0000] {logging_mixin.py:188} INFO - [2025-12-16T12:50:02.491+0000] {dag.py:3089} INFO - Sync 1 DAGs
[2025-12-16T12:50:02.531+0000] {logging_mixin.py:188} INFO - [2025-12-16T12:50:02.531+0000] {dag.py:3947} INFO - Setting next_dagrun for job_prediction_pipeline to 2025-12-16 12:50:00+00:00, run_after=2025-12-16 12:52:00+00:00
[2025-12-16T12:50:02.559+0000] {processor.py:183} INFO - Processing /opt/airflow/dags/dag_prediction.py took 0.491 seconds
[2025-12-16T12:50:32.798+0000] {processor.py:161} INFO - Started process (PID=1046) to work on /opt/airflow/dags/dag_prediction.py
[2025-12-16T12:50:32.799+0000] {processor.py:830} INFO - Processing file /opt/airflow/dags/dag_prediction.py for tasks to queue
[2025-12-16T12:50:32.801+0000] {logging_mixin.py:188} INFO - [2025-12-16T12:50:32.801+0000] {dagbag.py:545} INFO - Filling up the DagBag from /opt/airflow/dags/dag_prediction.py
[2025-12-16T12:50:33.081+0000] {processor.py:840} INFO - DAG(s) 'job_prediction_pipeline' retrieved from /opt/airflow/dags/dag_prediction.py
[2025-12-16T12:50:33.111+0000] {logging_mixin.py:188} INFO - [2025-12-16T12:50:33.111+0000] {dag.py:3089} INFO - Sync 1 DAGs
[2025-12-16T12:50:33.133+0000] {logging_mixin.py:188} INFO - [2025-12-16T12:50:33.133+0000] {dag.py:3947} INFO - Setting next_dagrun for job_prediction_pipeline to 2025-12-16 12:50:00+00:00, run_after=2025-12-16 12:52:00+00:00
[2025-12-16T12:50:33.154+0000] {processor.py:183} INFO - Processing /opt/airflow/dags/dag_prediction.py took 0.363 seconds
[2025-12-16T12:51:03.431+0000] {processor.py:161} INFO - Started process (PID=1084) to work on /opt/airflow/dags/dag_prediction.py
[2025-12-16T12:51:03.433+0000] {processor.py:830} INFO - Processing file /opt/airflow/dags/dag_prediction.py for tasks to queue
[2025-12-16T12:51:03.436+0000] {logging_mixin.py:188} INFO - [2025-12-16T12:51:03.435+0000] {dagbag.py:545} INFO - Filling up the DagBag from /opt/airflow/dags/dag_prediction.py
[2025-12-16T12:51:03.781+0000] {processor.py:840} INFO - DAG(s) 'job_prediction_pipeline' retrieved from /opt/airflow/dags/dag_prediction.py
[2025-12-16T12:51:03.828+0000] {logging_mixin.py:188} INFO - [2025-12-16T12:51:03.827+0000] {dag.py:3089} INFO - Sync 1 DAGs
[2025-12-16T12:51:03.909+0000] {logging_mixin.py:188} INFO - [2025-12-16T12:51:03.908+0000] {dag.py:3947} INFO - Setting next_dagrun for job_prediction_pipeline to 2025-12-16 12:50:00+00:00, run_after=2025-12-16 12:52:00+00:00
[2025-12-16T12:51:03.978+0000] {processor.py:183} INFO - Processing /opt/airflow/dags/dag_prediction.py took 0.557 seconds
[2025-12-16T12:51:34.317+0000] {processor.py:161} INFO - Started process (PID=1169) to work on /opt/airflow/dags/dag_prediction.py
[2025-12-16T12:51:34.321+0000] {processor.py:830} INFO - Processing file /opt/airflow/dags/dag_prediction.py for tasks to queue
[2025-12-16T12:51:34.328+0000] {logging_mixin.py:188} INFO - [2025-12-16T12:51:34.327+0000] {dagbag.py:545} INFO - Filling up the DagBag from /opt/airflow/dags/dag_prediction.py
[2025-12-16T12:51:35.229+0000] {processor.py:840} INFO - DAG(s) 'job_prediction_pipeline' retrieved from /opt/airflow/dags/dag_prediction.py
[2025-12-16T12:51:35.286+0000] {logging_mixin.py:188} INFO - [2025-12-16T12:51:35.285+0000] {dag.py:3089} INFO - Sync 1 DAGs
[2025-12-16T12:51:35.337+0000] {logging_mixin.py:188} INFO - [2025-12-16T12:51:35.337+0000] {dag.py:3947} INFO - Setting next_dagrun for job_prediction_pipeline to 2025-12-16 12:50:00+00:00, run_after=2025-12-16 12:52:00+00:00
[2025-12-16T12:51:35.383+0000] {processor.py:183} INFO - Processing /opt/airflow/dags/dag_prediction.py took 1.082 seconds
[2025-12-16T12:52:05.736+0000] {processor.py:161} INFO - Started process (PID=1214) to work on /opt/airflow/dags/dag_prediction.py
[2025-12-16T12:52:05.738+0000] {processor.py:830} INFO - Processing file /opt/airflow/dags/dag_prediction.py for tasks to queue
[2025-12-16T12:52:05.740+0000] {logging_mixin.py:188} INFO - [2025-12-16T12:52:05.740+0000] {dagbag.py:545} INFO - Filling up the DagBag from /opt/airflow/dags/dag_prediction.py
[2025-12-16T12:52:06.084+0000] {processor.py:840} INFO - DAG(s) 'job_prediction_pipeline' retrieved from /opt/airflow/dags/dag_prediction.py
[2025-12-16T12:52:06.114+0000] {logging_mixin.py:188} INFO - [2025-12-16T12:52:06.113+0000] {dag.py:3089} INFO - Sync 1 DAGs
[2025-12-16T12:52:06.158+0000] {logging_mixin.py:188} INFO - [2025-12-16T12:52:06.157+0000] {dag.py:3947} INFO - Setting next_dagrun for job_prediction_pipeline to 2025-12-16 12:52:00+00:00, run_after=2025-12-16 12:54:00+00:00
[2025-12-16T12:52:06.184+0000] {processor.py:183} INFO - Processing /opt/airflow/dags/dag_prediction.py took 0.461 seconds
[2025-12-16T12:52:36.320+0000] {processor.py:161} INFO - Started process (PID=1253) to work on /opt/airflow/dags/dag_prediction.py
[2025-12-16T12:52:36.321+0000] {processor.py:830} INFO - Processing file /opt/airflow/dags/dag_prediction.py for tasks to queue
[2025-12-16T12:52:36.323+0000] {logging_mixin.py:188} INFO - [2025-12-16T12:52:36.323+0000] {dagbag.py:545} INFO - Filling up the DagBag from /opt/airflow/dags/dag_prediction.py
[2025-12-16T12:52:36.646+0000] {processor.py:840} INFO - DAG(s) 'job_prediction_pipeline' retrieved from /opt/airflow/dags/dag_prediction.py
[2025-12-16T12:52:36.681+0000] {logging_mixin.py:188} INFO - [2025-12-16T12:52:36.681+0000] {dag.py:3089} INFO - Sync 1 DAGs
[2025-12-16T12:52:36.723+0000] {logging_mixin.py:188} INFO - [2025-12-16T12:52:36.722+0000] {dag.py:3947} INFO - Setting next_dagrun for job_prediction_pipeline to 2025-12-16 12:52:00+00:00, run_after=2025-12-16 12:54:00+00:00
[2025-12-16T12:52:36.753+0000] {processor.py:183} INFO - Processing /opt/airflow/dags/dag_prediction.py took 0.440 seconds
[2025-12-16T12:53:07.040+0000] {processor.py:161} INFO - Started process (PID=1277) to work on /opt/airflow/dags/dag_prediction.py
[2025-12-16T12:53:07.042+0000] {processor.py:830} INFO - Processing file /opt/airflow/dags/dag_prediction.py for tasks to queue
[2025-12-16T12:53:07.044+0000] {logging_mixin.py:188} INFO - [2025-12-16T12:53:07.044+0000] {dagbag.py:545} INFO - Filling up the DagBag from /opt/airflow/dags/dag_prediction.py
[2025-12-16T12:53:07.367+0000] {processor.py:840} INFO - DAG(s) 'job_prediction_pipeline' retrieved from /opt/airflow/dags/dag_prediction.py
[2025-12-16T12:53:07.401+0000] {logging_mixin.py:188} INFO - [2025-12-16T12:53:07.401+0000] {dag.py:3089} INFO - Sync 1 DAGs
[2025-12-16T12:53:07.439+0000] {logging_mixin.py:188} INFO - [2025-12-16T12:53:07.439+0000] {dag.py:3947} INFO - Setting next_dagrun for job_prediction_pipeline to 2025-12-16 12:52:00+00:00, run_after=2025-12-16 12:54:00+00:00
[2025-12-16T12:53:07.463+0000] {processor.py:183} INFO - Processing /opt/airflow/dags/dag_prediction.py took 0.432 seconds
[2025-12-16T12:53:37.675+0000] {processor.py:161} INFO - Started process (PID=1301) to work on /opt/airflow/dags/dag_prediction.py
[2025-12-16T12:53:37.677+0000] {processor.py:830} INFO - Processing file /opt/airflow/dags/dag_prediction.py for tasks to queue
[2025-12-16T12:53:37.679+0000] {logging_mixin.py:188} INFO - [2025-12-16T12:53:37.679+0000] {dagbag.py:545} INFO - Filling up the DagBag from /opt/airflow/dags/dag_prediction.py
[2025-12-16T12:53:38.049+0000] {processor.py:840} INFO - DAG(s) 'job_prediction_pipeline' retrieved from /opt/airflow/dags/dag_prediction.py
[2025-12-16T12:53:38.087+0000] {logging_mixin.py:188} INFO - [2025-12-16T12:53:38.087+0000] {dag.py:3089} INFO - Sync 1 DAGs
[2025-12-16T12:53:38.130+0000] {logging_mixin.py:188} INFO - [2025-12-16T12:53:38.129+0000] {dag.py:3947} INFO - Setting next_dagrun for job_prediction_pipeline to 2025-12-16 12:52:00+00:00, run_after=2025-12-16 12:54:00+00:00
[2025-12-16T12:53:38.158+0000] {processor.py:183} INFO - Processing /opt/airflow/dags/dag_prediction.py took 0.494 seconds
[2025-12-16T12:54:08.422+0000] {processor.py:161} INFO - Started process (PID=1325) to work on /opt/airflow/dags/dag_prediction.py
[2025-12-16T12:54:08.424+0000] {processor.py:830} INFO - Processing file /opt/airflow/dags/dag_prediction.py for tasks to queue
[2025-12-16T12:54:08.426+0000] {logging_mixin.py:188} INFO - [2025-12-16T12:54:08.426+0000] {dagbag.py:545} INFO - Filling up the DagBag from /opt/airflow/dags/dag_prediction.py
[2025-12-16T12:54:08.758+0000] {processor.py:840} INFO - DAG(s) 'job_prediction_pipeline' retrieved from /opt/airflow/dags/dag_prediction.py
[2025-12-16T12:54:08.802+0000] {logging_mixin.py:188} INFO - [2025-12-16T12:54:08.802+0000] {dag.py:3089} INFO - Sync 1 DAGs
[2025-12-16T12:54:08.826+0000] {logging_mixin.py:188} INFO - [2025-12-16T12:54:08.826+0000] {dag.py:3947} INFO - Setting next_dagrun for job_prediction_pipeline to 2025-12-16 12:52:00+00:00, run_after=2025-12-16 12:54:00+00:00
[2025-12-16T12:54:08.846+0000] {processor.py:183} INFO - Processing /opt/airflow/dags/dag_prediction.py took 0.431 seconds
[2025-12-16T12:54:39.164+0000] {processor.py:161} INFO - Started process (PID=1335) to work on /opt/airflow/dags/dag_prediction.py
[2025-12-16T12:54:39.165+0000] {processor.py:830} INFO - Processing file /opt/airflow/dags/dag_prediction.py for tasks to queue
[2025-12-16T12:54:39.167+0000] {logging_mixin.py:188} INFO - [2025-12-16T12:54:39.167+0000] {dagbag.py:545} INFO - Filling up the DagBag from /opt/airflow/dags/dag_prediction.py
[2025-12-16T12:54:39.519+0000] {processor.py:840} INFO - DAG(s) 'job_prediction_pipeline' retrieved from /opt/airflow/dags/dag_prediction.py
[2025-12-16T12:54:39.557+0000] {logging_mixin.py:188} INFO - [2025-12-16T12:54:39.557+0000] {dag.py:3089} INFO - Sync 1 DAGs
[2025-12-16T12:54:39.596+0000] {logging_mixin.py:188} INFO - [2025-12-16T12:54:39.595+0000] {dag.py:3947} INFO - Setting next_dagrun for job_prediction_pipeline to 2025-12-16 12:52:00+00:00, run_after=2025-12-16 12:54:00+00:00
[2025-12-16T12:54:39.622+0000] {processor.py:183} INFO - Processing /opt/airflow/dags/dag_prediction.py took 0.467 seconds
[2025-12-16T12:55:09.891+0000] {processor.py:161} INFO - Started process (PID=1355) to work on /opt/airflow/dags/dag_prediction.py
[2025-12-16T12:55:09.892+0000] {processor.py:830} INFO - Processing file /opt/airflow/dags/dag_prediction.py for tasks to queue
[2025-12-16T12:55:09.894+0000] {logging_mixin.py:188} INFO - [2025-12-16T12:55:09.893+0000] {dagbag.py:545} INFO - Filling up the DagBag from /opt/airflow/dags/dag_prediction.py
[2025-12-16T12:55:10.195+0000] {processor.py:840} INFO - DAG(s) 'job_prediction_pipeline' retrieved from /opt/airflow/dags/dag_prediction.py
[2025-12-16T12:55:10.224+0000] {logging_mixin.py:188} INFO - [2025-12-16T12:55:10.224+0000] {dag.py:3089} INFO - Sync 1 DAGs
[2025-12-16T12:55:10.249+0000] {logging_mixin.py:188} INFO - [2025-12-16T12:55:10.249+0000] {dag.py:3947} INFO - Setting next_dagrun for job_prediction_pipeline to 2025-12-16 12:52:00+00:00, run_after=2025-12-16 12:54:00+00:00
[2025-12-16T12:55:10.272+0000] {processor.py:183} INFO - Processing /opt/airflow/dags/dag_prediction.py took 0.388 seconds
[2025-12-16T12:55:40.479+0000] {processor.py:161} INFO - Started process (PID=1379) to work on /opt/airflow/dags/dag_prediction.py
[2025-12-16T12:55:40.480+0000] {processor.py:830} INFO - Processing file /opt/airflow/dags/dag_prediction.py for tasks to queue
[2025-12-16T12:55:40.483+0000] {logging_mixin.py:188} INFO - [2025-12-16T12:55:40.482+0000] {dagbag.py:545} INFO - Filling up the DagBag from /opt/airflow/dags/dag_prediction.py
[2025-12-16T12:55:40.819+0000] {processor.py:840} INFO - DAG(s) 'job_prediction_pipeline' retrieved from /opt/airflow/dags/dag_prediction.py
[2025-12-16T12:55:40.852+0000] {logging_mixin.py:188} INFO - [2025-12-16T12:55:40.852+0000] {dag.py:3089} INFO - Sync 1 DAGs
[2025-12-16T12:55:40.881+0000] {logging_mixin.py:188} INFO - [2025-12-16T12:55:40.880+0000] {dag.py:3947} INFO - Setting next_dagrun for job_prediction_pipeline to 2025-12-16 12:52:00+00:00, run_after=2025-12-16 12:54:00+00:00
[2025-12-16T12:55:40.904+0000] {processor.py:183} INFO - Processing /opt/airflow/dags/dag_prediction.py took 0.432 seconds
[2025-12-16T12:56:11.040+0000] {processor.py:161} INFO - Started process (PID=1403) to work on /opt/airflow/dags/dag_prediction.py
[2025-12-16T12:56:11.041+0000] {processor.py:830} INFO - Processing file /opt/airflow/dags/dag_prediction.py for tasks to queue
[2025-12-16T12:56:11.044+0000] {logging_mixin.py:188} INFO - [2025-12-16T12:56:11.044+0000] {dagbag.py:545} INFO - Filling up the DagBag from /opt/airflow/dags/dag_prediction.py
[2025-12-16T12:56:11.494+0000] {processor.py:840} INFO - DAG(s) 'job_prediction_pipeline' retrieved from /opt/airflow/dags/dag_prediction.py
[2025-12-16T12:56:11.538+0000] {logging_mixin.py:188} INFO - [2025-12-16T12:56:11.537+0000] {dag.py:3089} INFO - Sync 1 DAGs
[2025-12-16T12:56:11.567+0000] {logging_mixin.py:188} INFO - [2025-12-16T12:56:11.567+0000] {dag.py:3947} INFO - Setting next_dagrun for job_prediction_pipeline to 2025-12-16 12:54:00+00:00, run_after=2025-12-16 12:56:00+00:00
[2025-12-16T12:56:11.593+0000] {processor.py:183} INFO - Processing /opt/airflow/dags/dag_prediction.py took 0.562 seconds
[2025-12-16T12:56:41.879+0000] {processor.py:161} INFO - Started process (PID=1427) to work on /opt/airflow/dags/dag_prediction.py
[2025-12-16T12:56:41.880+0000] {processor.py:830} INFO - Processing file /opt/airflow/dags/dag_prediction.py for tasks to queue
[2025-12-16T12:56:41.882+0000] {logging_mixin.py:188} INFO - [2025-12-16T12:56:41.882+0000] {dagbag.py:545} INFO - Filling up the DagBag from /opt/airflow/dags/dag_prediction.py
[2025-12-16T12:56:42.166+0000] {processor.py:840} INFO - DAG(s) 'job_prediction_pipeline' retrieved from /opt/airflow/dags/dag_prediction.py
[2025-12-16T12:56:42.193+0000] {logging_mixin.py:188} INFO - [2025-12-16T12:56:42.193+0000] {dag.py:3089} INFO - Sync 1 DAGs
[2025-12-16T12:56:42.219+0000] {logging_mixin.py:188} INFO - [2025-12-16T12:56:42.219+0000] {dag.py:3947} INFO - Setting next_dagrun for job_prediction_pipeline to 2025-12-16 12:54:00+00:00, run_after=2025-12-16 12:56:00+00:00
[2025-12-16T12:56:42.239+0000] {processor.py:183} INFO - Processing /opt/airflow/dags/dag_prediction.py took 0.366 seconds
[2025-12-16T12:57:12.503+0000] {processor.py:161} INFO - Started process (PID=1451) to work on /opt/airflow/dags/dag_prediction.py
[2025-12-16T12:57:12.505+0000] {processor.py:830} INFO - Processing file /opt/airflow/dags/dag_prediction.py for tasks to queue
[2025-12-16T12:57:12.507+0000] {logging_mixin.py:188} INFO - [2025-12-16T12:57:12.507+0000] {dagbag.py:545} INFO - Filling up the DagBag from /opt/airflow/dags/dag_prediction.py
[2025-12-16T12:57:12.850+0000] {processor.py:840} INFO - DAG(s) 'job_prediction_pipeline' retrieved from /opt/airflow/dags/dag_prediction.py
[2025-12-16T12:57:12.883+0000] {logging_mixin.py:188} INFO - [2025-12-16T12:57:12.883+0000] {dag.py:3089} INFO - Sync 1 DAGs
[2025-12-16T12:57:12.910+0000] {logging_mixin.py:188} INFO - [2025-12-16T12:57:12.910+0000] {dag.py:3947} INFO - Setting next_dagrun for job_prediction_pipeline to 2025-12-16 12:54:00+00:00, run_after=2025-12-16 12:56:00+00:00
[2025-12-16T12:57:12.935+0000] {processor.py:183} INFO - Processing /opt/airflow/dags/dag_prediction.py took 0.444 seconds
[2025-12-16T12:57:43.112+0000] {processor.py:161} INFO - Started process (PID=1475) to work on /opt/airflow/dags/dag_prediction.py
[2025-12-16T12:57:43.113+0000] {processor.py:830} INFO - Processing file /opt/airflow/dags/dag_prediction.py for tasks to queue
[2025-12-16T12:57:43.115+0000] {logging_mixin.py:188} INFO - [2025-12-16T12:57:43.114+0000] {dagbag.py:545} INFO - Filling up the DagBag from /opt/airflow/dags/dag_prediction.py
[2025-12-16T12:57:43.386+0000] {processor.py:840} INFO - DAG(s) 'job_prediction_pipeline' retrieved from /opt/airflow/dags/dag_prediction.py
[2025-12-16T12:57:43.415+0000] {logging_mixin.py:188} INFO - [2025-12-16T12:57:43.415+0000] {dag.py:3089} INFO - Sync 1 DAGs
[2025-12-16T12:57:43.441+0000] {logging_mixin.py:188} INFO - [2025-12-16T12:57:43.441+0000] {dag.py:3947} INFO - Setting next_dagrun for job_prediction_pipeline to 2025-12-16 12:54:00+00:00, run_after=2025-12-16 12:56:00+00:00
[2025-12-16T12:57:43.464+0000] {processor.py:183} INFO - Processing /opt/airflow/dags/dag_prediction.py took 0.357 seconds
[2025-12-16T12:58:13.703+0000] {processor.py:161} INFO - Started process (PID=1499) to work on /opt/airflow/dags/dag_prediction.py
[2025-12-16T12:58:13.704+0000] {processor.py:830} INFO - Processing file /opt/airflow/dags/dag_prediction.py for tasks to queue
[2025-12-16T12:58:13.706+0000] {logging_mixin.py:188} INFO - [2025-12-16T12:58:13.706+0000] {dagbag.py:545} INFO - Filling up the DagBag from /opt/airflow/dags/dag_prediction.py
[2025-12-16T12:58:13.983+0000] {processor.py:840} INFO - DAG(s) 'job_prediction_pipeline' retrieved from /opt/airflow/dags/dag_prediction.py
[2025-12-16T12:58:14.012+0000] {logging_mixin.py:188} INFO - [2025-12-16T12:58:14.012+0000] {dag.py:3089} INFO - Sync 1 DAGs
[2025-12-16T12:58:14.034+0000] {logging_mixin.py:188} INFO - [2025-12-16T12:58:14.034+0000] {dag.py:3947} INFO - Setting next_dagrun for job_prediction_pipeline to 2025-12-16 12:56:00+00:00, run_after=2025-12-16 12:58:00+00:00
[2025-12-16T12:58:14.053+0000] {processor.py:183} INFO - Processing /opt/airflow/dags/dag_prediction.py took 0.358 seconds
[2025-12-16T12:58:44.368+0000] {processor.py:161} INFO - Started process (PID=1523) to work on /opt/airflow/dags/dag_prediction.py
[2025-12-16T12:58:44.375+0000] {processor.py:830} INFO - Processing file /opt/airflow/dags/dag_prediction.py for tasks to queue
[2025-12-16T12:58:44.380+0000] {logging_mixin.py:188} INFO - [2025-12-16T12:58:44.379+0000] {dagbag.py:545} INFO - Filling up the DagBag from /opt/airflow/dags/dag_prediction.py
[2025-12-16T12:58:44.859+0000] {processor.py:840} INFO - DAG(s) 'job_prediction_pipeline' retrieved from /opt/airflow/dags/dag_prediction.py
[2025-12-16T12:58:44.890+0000] {logging_mixin.py:188} INFO - [2025-12-16T12:58:44.889+0000] {dag.py:3089} INFO - Sync 1 DAGs
[2025-12-16T12:58:44.917+0000] {logging_mixin.py:188} INFO - [2025-12-16T12:58:44.917+0000] {dag.py:3947} INFO - Setting next_dagrun for job_prediction_pipeline to 2025-12-16 12:56:00+00:00, run_after=2025-12-16 12:58:00+00:00
[2025-12-16T12:58:44.938+0000] {processor.py:183} INFO - Processing /opt/airflow/dags/dag_prediction.py took 0.584 seconds
[2025-12-16T12:59:15.484+0000] {processor.py:161} INFO - Started process (PID=1547) to work on /opt/airflow/dags/dag_prediction.py
[2025-12-16T12:59:15.485+0000] {processor.py:830} INFO - Processing file /opt/airflow/dags/dag_prediction.py for tasks to queue
[2025-12-16T12:59:15.487+0000] {logging_mixin.py:188} INFO - [2025-12-16T12:59:15.487+0000] {dagbag.py:545} INFO - Filling up the DagBag from /opt/airflow/dags/dag_prediction.py
[2025-12-16T12:59:15.762+0000] {processor.py:840} INFO - DAG(s) 'job_prediction_pipeline' retrieved from /opt/airflow/dags/dag_prediction.py
[2025-12-16T12:59:15.792+0000] {logging_mixin.py:188} INFO - [2025-12-16T12:59:15.791+0000] {dag.py:3089} INFO - Sync 1 DAGs
[2025-12-16T12:59:15.815+0000] {logging_mixin.py:188} INFO - [2025-12-16T12:59:15.815+0000] {dag.py:3947} INFO - Setting next_dagrun for job_prediction_pipeline to 2025-12-16 12:56:00+00:00, run_after=2025-12-16 12:58:00+00:00
[2025-12-16T12:59:15.836+0000] {processor.py:183} INFO - Processing /opt/airflow/dags/dag_prediction.py took 0.359 seconds
[2025-12-16T12:59:46.015+0000] {processor.py:161} INFO - Started process (PID=1571) to work on /opt/airflow/dags/dag_prediction.py
[2025-12-16T12:59:46.016+0000] {processor.py:830} INFO - Processing file /opt/airflow/dags/dag_prediction.py for tasks to queue
[2025-12-16T12:59:46.019+0000] {logging_mixin.py:188} INFO - [2025-12-16T12:59:46.018+0000] {dagbag.py:545} INFO - Filling up the DagBag from /opt/airflow/dags/dag_prediction.py
[2025-12-16T12:59:46.320+0000] {processor.py:840} INFO - DAG(s) 'job_prediction_pipeline' retrieved from /opt/airflow/dags/dag_prediction.py
[2025-12-16T12:59:46.350+0000] {logging_mixin.py:188} INFO - [2025-12-16T12:59:46.349+0000] {dag.py:3089} INFO - Sync 1 DAGs
[2025-12-16T12:59:46.371+0000] {logging_mixin.py:188} INFO - [2025-12-16T12:59:46.371+0000] {dag.py:3947} INFO - Setting next_dagrun for job_prediction_pipeline to 2025-12-16 12:56:00+00:00, run_after=2025-12-16 12:58:00+00:00
[2025-12-16T12:59:46.393+0000] {processor.py:183} INFO - Processing /opt/airflow/dags/dag_prediction.py took 0.386 seconds
[2025-12-16T13:00:16.604+0000] {processor.py:161} INFO - Started process (PID=1582) to work on /opt/airflow/dags/dag_prediction.py
[2025-12-16T13:00:16.605+0000] {processor.py:830} INFO - Processing file /opt/airflow/dags/dag_prediction.py for tasks to queue
[2025-12-16T13:00:16.608+0000] {logging_mixin.py:188} INFO - [2025-12-16T13:00:16.607+0000] {dagbag.py:545} INFO - Filling up the DagBag from /opt/airflow/dags/dag_prediction.py
[2025-12-16T13:00:16.932+0000] {processor.py:840} INFO - DAG(s) 'job_prediction_pipeline' retrieved from /opt/airflow/dags/dag_prediction.py
[2025-12-16T13:00:16.968+0000] {logging_mixin.py:188} INFO - [2025-12-16T13:00:16.967+0000] {dag.py:3089} INFO - Sync 1 DAGs
[2025-12-16T13:00:16.994+0000] {logging_mixin.py:188} INFO - [2025-12-16T13:00:16.994+0000] {dag.py:3947} INFO - Setting next_dagrun for job_prediction_pipeline to 2025-12-16 12:58:00+00:00, run_after=2025-12-16 13:00:00+00:00
[2025-12-16T13:00:17.018+0000] {processor.py:183} INFO - Processing /opt/airflow/dags/dag_prediction.py took 0.423 seconds
[2025-12-16T13:00:47.242+0000] {processor.py:161} INFO - Started process (PID=1601) to work on /opt/airflow/dags/dag_prediction.py
[2025-12-16T13:00:47.243+0000] {processor.py:830} INFO - Processing file /opt/airflow/dags/dag_prediction.py for tasks to queue
[2025-12-16T13:00:47.245+0000] {logging_mixin.py:188} INFO - [2025-12-16T13:00:47.245+0000] {dagbag.py:545} INFO - Filling up the DagBag from /opt/airflow/dags/dag_prediction.py
[2025-12-16T13:00:47.528+0000] {processor.py:840} INFO - DAG(s) 'job_prediction_pipeline' retrieved from /opt/airflow/dags/dag_prediction.py
[2025-12-16T13:00:47.558+0000] {logging_mixin.py:188} INFO - [2025-12-16T13:00:47.558+0000] {dag.py:3089} INFO - Sync 1 DAGs
[2025-12-16T13:00:47.583+0000] {logging_mixin.py:188} INFO - [2025-12-16T13:00:47.582+0000] {dag.py:3947} INFO - Setting next_dagrun for job_prediction_pipeline to 2025-12-16 12:58:00+00:00, run_after=2025-12-16 13:00:00+00:00
[2025-12-16T13:00:47.603+0000] {processor.py:183} INFO - Processing /opt/airflow/dags/dag_prediction.py took 0.369 seconds
[2025-12-16T13:01:17.769+0000] {processor.py:161} INFO - Started process (PID=1625) to work on /opt/airflow/dags/dag_prediction.py
[2025-12-16T13:01:17.770+0000] {processor.py:830} INFO - Processing file /opt/airflow/dags/dag_prediction.py for tasks to queue
[2025-12-16T13:01:17.772+0000] {logging_mixin.py:188} INFO - [2025-12-16T13:01:17.771+0000] {dagbag.py:545} INFO - Filling up the DagBag from /opt/airflow/dags/dag_prediction.py
[2025-12-16T13:01:18.041+0000] {processor.py:840} INFO - DAG(s) 'job_prediction_pipeline' retrieved from /opt/airflow/dags/dag_prediction.py
[2025-12-16T13:01:18.071+0000] {logging_mixin.py:188} INFO - [2025-12-16T13:01:18.070+0000] {dag.py:3089} INFO - Sync 1 DAGs
[2025-12-16T13:01:18.095+0000] {logging_mixin.py:188} INFO - [2025-12-16T13:01:18.095+0000] {dag.py:3947} INFO - Setting next_dagrun for job_prediction_pipeline to 2025-12-16 12:58:00+00:00, run_after=2025-12-16 13:00:00+00:00
[2025-12-16T13:01:18.122+0000] {processor.py:183} INFO - Processing /opt/airflow/dags/dag_prediction.py took 0.361 seconds
[2025-12-16T13:01:48.979+0000] {processor.py:161} INFO - Started process (PID=1649) to work on /opt/airflow/dags/dag_prediction.py
[2025-12-16T13:01:48.980+0000] {processor.py:830} INFO - Processing file /opt/airflow/dags/dag_prediction.py for tasks to queue
[2025-12-16T13:01:48.982+0000] {logging_mixin.py:188} INFO - [2025-12-16T13:01:48.982+0000] {dagbag.py:545} INFO - Filling up the DagBag from /opt/airflow/dags/dag_prediction.py
[2025-12-16T13:01:49.263+0000] {processor.py:840} INFO - DAG(s) 'job_prediction_pipeline' retrieved from /opt/airflow/dags/dag_prediction.py
[2025-12-16T13:01:49.296+0000] {logging_mixin.py:188} INFO - [2025-12-16T13:01:49.295+0000] {dag.py:3089} INFO - Sync 1 DAGs
[2025-12-16T13:01:49.321+0000] {logging_mixin.py:188} INFO - [2025-12-16T13:01:49.321+0000] {dag.py:3947} INFO - Setting next_dagrun for job_prediction_pipeline to 2025-12-16 12:58:00+00:00, run_after=2025-12-16 13:00:00+00:00
[2025-12-16T13:01:49.340+0000] {processor.py:183} INFO - Processing /opt/airflow/dags/dag_prediction.py took 0.369 seconds
[2025-12-16T13:02:19.603+0000] {processor.py:161} INFO - Started process (PID=1673) to work on /opt/airflow/dags/dag_prediction.py
[2025-12-16T13:02:19.604+0000] {processor.py:830} INFO - Processing file /opt/airflow/dags/dag_prediction.py for tasks to queue
[2025-12-16T13:02:19.606+0000] {logging_mixin.py:188} INFO - [2025-12-16T13:02:19.606+0000] {dagbag.py:545} INFO - Filling up the DagBag from /opt/airflow/dags/dag_prediction.py
[2025-12-16T13:02:19.866+0000] {processor.py:840} INFO - DAG(s) 'job_prediction_pipeline' retrieved from /opt/airflow/dags/dag_prediction.py
[2025-12-16T13:02:19.895+0000] {logging_mixin.py:188} INFO - [2025-12-16T13:02:19.895+0000] {dag.py:3089} INFO - Sync 1 DAGs
[2025-12-16T13:02:19.918+0000] {logging_mixin.py:188} INFO - [2025-12-16T13:02:19.918+0000] {dag.py:3947} INFO - Setting next_dagrun for job_prediction_pipeline to 2025-12-16 13:00:00+00:00, run_after=2025-12-16 13:02:00+00:00
[2025-12-16T13:02:19.944+0000] {processor.py:183} INFO - Processing /opt/airflow/dags/dag_prediction.py took 0.348 seconds
[2025-12-16T13:02:50.172+0000] {processor.py:161} INFO - Started process (PID=1697) to work on /opt/airflow/dags/dag_prediction.py
[2025-12-16T13:02:50.174+0000] {processor.py:830} INFO - Processing file /opt/airflow/dags/dag_prediction.py for tasks to queue
[2025-12-16T13:02:50.176+0000] {logging_mixin.py:188} INFO - [2025-12-16T13:02:50.175+0000] {dagbag.py:545} INFO - Filling up the DagBag from /opt/airflow/dags/dag_prediction.py
[2025-12-16T13:02:50.443+0000] {processor.py:840} INFO - DAG(s) 'job_prediction_pipeline' retrieved from /opt/airflow/dags/dag_prediction.py
[2025-12-16T13:02:50.475+0000] {logging_mixin.py:188} INFO - [2025-12-16T13:02:50.474+0000] {dag.py:3089} INFO - Sync 1 DAGs
[2025-12-16T13:02:50.498+0000] {logging_mixin.py:188} INFO - [2025-12-16T13:02:50.498+0000] {dag.py:3947} INFO - Setting next_dagrun for job_prediction_pipeline to 2025-12-16 13:00:00+00:00, run_after=2025-12-16 13:02:00+00:00
[2025-12-16T13:02:50.517+0000] {processor.py:183} INFO - Processing /opt/airflow/dags/dag_prediction.py took 0.352 seconds
[2025-12-16T13:04:37.981+0000] {processor.py:161} INFO - Started process (PID=190) to work on /opt/airflow/dags/dag_prediction.py
[2025-12-16T13:04:37.983+0000] {processor.py:830} INFO - Processing file /opt/airflow/dags/dag_prediction.py for tasks to queue
[2025-12-16T13:04:37.986+0000] {logging_mixin.py:188} INFO - [2025-12-16T13:04:37.986+0000] {dagbag.py:545} INFO - Filling up the DagBag from /opt/airflow/dags/dag_prediction.py
[2025-12-16T13:04:39.113+0000] {processor.py:840} INFO - DAG(s) 'job_prediction_pipeline' retrieved from /opt/airflow/dags/dag_prediction.py
[2025-12-16T13:04:39.258+0000] {logging_mixin.py:188} INFO - [2025-12-16T13:04:39.257+0000] {override.py:1858} INFO - Created Permission View: can edit on DAG:job_prediction_pipeline
[2025-12-16T13:04:39.271+0000] {logging_mixin.py:188} INFO - [2025-12-16T13:04:39.270+0000] {override.py:1858} INFO - Created Permission View: can delete on DAG:job_prediction_pipeline
[2025-12-16T13:04:39.280+0000] {logging_mixin.py:188} INFO - [2025-12-16T13:04:39.280+0000] {override.py:1858} INFO - Created Permission View: can read on DAG:job_prediction_pipeline
[2025-12-16T13:04:39.281+0000] {logging_mixin.py:188} INFO - [2025-12-16T13:04:39.280+0000] {dag.py:3089} INFO - Sync 1 DAGs
[2025-12-16T13:04:39.293+0000] {logging_mixin.py:188} INFO - [2025-12-16T13:04:39.293+0000] {dag.py:3111} INFO - Creating ORM DAG for job_prediction_pipeline
[2025-12-16T13:04:39.306+0000] {logging_mixin.py:188} INFO - [2025-12-16T13:04:39.306+0000] {dag.py:3947} INFO - Setting next_dagrun for job_prediction_pipeline to 2025-12-16 13:02:00+00:00, run_after=2025-12-16 13:04:00+00:00
[2025-12-16T13:04:39.330+0000] {processor.py:183} INFO - Processing /opt/airflow/dags/dag_prediction.py took 1.359 seconds
[2025-12-16T13:05:10.270+0000] {processor.py:161} INFO - Started process (PID=234) to work on /opt/airflow/dags/dag_prediction.py
[2025-12-16T13:05:10.272+0000] {processor.py:830} INFO - Processing file /opt/airflow/dags/dag_prediction.py for tasks to queue
[2025-12-16T13:05:10.278+0000] {logging_mixin.py:188} INFO - [2025-12-16T13:05:10.277+0000] {dagbag.py:545} INFO - Filling up the DagBag from /opt/airflow/dags/dag_prediction.py
[2025-12-16T13:05:10.728+0000] {processor.py:840} INFO - DAG(s) 'job_prediction_pipeline' retrieved from /opt/airflow/dags/dag_prediction.py
[2025-12-16T13:05:10.791+0000] {logging_mixin.py:188} INFO - [2025-12-16T13:05:10.790+0000] {dag.py:3089} INFO - Sync 1 DAGs
[2025-12-16T13:05:10.820+0000] {logging_mixin.py:188} INFO - [2025-12-16T13:05:10.819+0000] {dag.py:3947} INFO - Setting next_dagrun for job_prediction_pipeline to 2025-12-16 13:02:00+00:00, run_after=2025-12-16 13:04:00+00:00
[2025-12-16T13:05:10.845+0000] {processor.py:183} INFO - Processing /opt/airflow/dags/dag_prediction.py took 0.589 seconds
[2025-12-16T13:05:41.561+0000] {processor.py:161} INFO - Started process (PID=258) to work on /opt/airflow/dags/dag_prediction.py
[2025-12-16T13:05:41.563+0000] {processor.py:830} INFO - Processing file /opt/airflow/dags/dag_prediction.py for tasks to queue
[2025-12-16T13:05:41.565+0000] {logging_mixin.py:188} INFO - [2025-12-16T13:05:41.565+0000] {dagbag.py:545} INFO - Filling up the DagBag from /opt/airflow/dags/dag_prediction.py
[2025-12-16T13:05:41.847+0000] {processor.py:840} INFO - DAG(s) 'job_prediction_pipeline' retrieved from /opt/airflow/dags/dag_prediction.py
[2025-12-16T13:05:41.876+0000] {logging_mixin.py:188} INFO - [2025-12-16T13:05:41.875+0000] {dag.py:3089} INFO - Sync 1 DAGs
[2025-12-16T13:05:41.897+0000] {logging_mixin.py:188} INFO - [2025-12-16T13:05:41.896+0000] {dag.py:3947} INFO - Setting next_dagrun for job_prediction_pipeline to 2025-12-16 13:02:00+00:00, run_after=2025-12-16 13:04:00+00:00
[2025-12-16T13:05:41.920+0000] {processor.py:183} INFO - Processing /opt/airflow/dags/dag_prediction.py took 0.367 seconds
[2025-12-16T13:06:12.167+0000] {processor.py:161} INFO - Started process (PID=282) to work on /opt/airflow/dags/dag_prediction.py
[2025-12-16T13:06:12.168+0000] {processor.py:830} INFO - Processing file /opt/airflow/dags/dag_prediction.py for tasks to queue
[2025-12-16T13:06:12.170+0000] {logging_mixin.py:188} INFO - [2025-12-16T13:06:12.170+0000] {dagbag.py:545} INFO - Filling up the DagBag from /opt/airflow/dags/dag_prediction.py
[2025-12-16T13:06:12.471+0000] {processor.py:840} INFO - DAG(s) 'job_prediction_pipeline' retrieved from /opt/airflow/dags/dag_prediction.py
[2025-12-16T13:06:12.500+0000] {logging_mixin.py:188} INFO - [2025-12-16T13:06:12.499+0000] {dag.py:3089} INFO - Sync 1 DAGs
[2025-12-16T13:06:12.523+0000] {logging_mixin.py:188} INFO - [2025-12-16T13:06:12.523+0000] {dag.py:3947} INFO - Setting next_dagrun for job_prediction_pipeline to 2025-12-16 13:04:00+00:00, run_after=2025-12-16 13:06:00+00:00
[2025-12-16T13:06:12.548+0000] {processor.py:183} INFO - Processing /opt/airflow/dags/dag_prediction.py took 0.389 seconds
[2025-12-16T13:06:42.743+0000] {processor.py:161} INFO - Started process (PID=306) to work on /opt/airflow/dags/dag_prediction.py
[2025-12-16T13:06:42.744+0000] {processor.py:830} INFO - Processing file /opt/airflow/dags/dag_prediction.py for tasks to queue
[2025-12-16T13:06:42.746+0000] {logging_mixin.py:188} INFO - [2025-12-16T13:06:42.746+0000] {dagbag.py:545} INFO - Filling up the DagBag from /opt/airflow/dags/dag_prediction.py
[2025-12-16T13:06:43.056+0000] {processor.py:840} INFO - DAG(s) 'job_prediction_pipeline' retrieved from /opt/airflow/dags/dag_prediction.py
[2025-12-16T13:06:43.090+0000] {logging_mixin.py:188} INFO - [2025-12-16T13:06:43.089+0000] {dag.py:3089} INFO - Sync 1 DAGs
[2025-12-16T13:06:43.115+0000] {logging_mixin.py:188} INFO - [2025-12-16T13:06:43.114+0000] {dag.py:3947} INFO - Setting next_dagrun for job_prediction_pipeline to 2025-12-16 13:04:00+00:00, run_after=2025-12-16 13:06:00+00:00
[2025-12-16T13:06:43.135+0000] {processor.py:183} INFO - Processing /opt/airflow/dags/dag_prediction.py took 0.399 seconds
[2025-12-16T13:07:13.383+0000] {processor.py:161} INFO - Started process (PID=330) to work on /opt/airflow/dags/dag_prediction.py
[2025-12-16T13:07:13.384+0000] {processor.py:830} INFO - Processing file /opt/airflow/dags/dag_prediction.py for tasks to queue
[2025-12-16T13:07:13.387+0000] {logging_mixin.py:188} INFO - [2025-12-16T13:07:13.387+0000] {dagbag.py:545} INFO - Filling up the DagBag from /opt/airflow/dags/dag_prediction.py
[2025-12-16T13:07:13.694+0000] {processor.py:840} INFO - DAG(s) 'job_prediction_pipeline' retrieved from /opt/airflow/dags/dag_prediction.py
[2025-12-16T13:07:13.728+0000] {logging_mixin.py:188} INFO - [2025-12-16T13:07:13.728+0000] {dag.py:3089} INFO - Sync 1 DAGs
[2025-12-16T13:07:13.764+0000] {logging_mixin.py:188} INFO - [2025-12-16T13:07:13.763+0000] {dag.py:3947} INFO - Setting next_dagrun for job_prediction_pipeline to 2025-12-16 13:04:00+00:00, run_after=2025-12-16 13:06:00+00:00
[2025-12-16T13:07:13.786+0000] {processor.py:183} INFO - Processing /opt/airflow/dags/dag_prediction.py took 0.414 seconds
[2025-12-16T13:07:44.023+0000] {processor.py:161} INFO - Started process (PID=354) to work on /opt/airflow/dags/dag_prediction.py
[2025-12-16T13:07:44.025+0000] {processor.py:830} INFO - Processing file /opt/airflow/dags/dag_prediction.py for tasks to queue
[2025-12-16T13:07:44.027+0000] {logging_mixin.py:188} INFO - [2025-12-16T13:07:44.026+0000] {dagbag.py:545} INFO - Filling up the DagBag from /opt/airflow/dags/dag_prediction.py
[2025-12-16T13:07:44.291+0000] {processor.py:840} INFO - DAG(s) 'job_prediction_pipeline' retrieved from /opt/airflow/dags/dag_prediction.py
[2025-12-16T13:07:44.320+0000] {logging_mixin.py:188} INFO - [2025-12-16T13:07:44.319+0000] {dag.py:3089} INFO - Sync 1 DAGs
[2025-12-16T13:07:44.343+0000] {logging_mixin.py:188} INFO - [2025-12-16T13:07:44.343+0000] {dag.py:3947} INFO - Setting next_dagrun for job_prediction_pipeline to 2025-12-16 13:04:00+00:00, run_after=2025-12-16 13:06:00+00:00
[2025-12-16T13:07:44.362+0000] {processor.py:183} INFO - Processing /opt/airflow/dags/dag_prediction.py took 0.345 seconds
[2025-12-16T13:08:14.545+0000] {processor.py:161} INFO - Started process (PID=378) to work on /opt/airflow/dags/dag_prediction.py
[2025-12-16T13:08:14.546+0000] {processor.py:830} INFO - Processing file /opt/airflow/dags/dag_prediction.py for tasks to queue
[2025-12-16T13:08:14.548+0000] {logging_mixin.py:188} INFO - [2025-12-16T13:08:14.548+0000] {dagbag.py:545} INFO - Filling up the DagBag from /opt/airflow/dags/dag_prediction.py
[2025-12-16T13:08:14.835+0000] {processor.py:840} INFO - DAG(s) 'job_prediction_pipeline' retrieved from /opt/airflow/dags/dag_prediction.py
[2025-12-16T13:08:14.863+0000] {logging_mixin.py:188} INFO - [2025-12-16T13:08:14.862+0000] {dag.py:3089} INFO - Sync 1 DAGs
[2025-12-16T13:08:14.885+0000] {logging_mixin.py:188} INFO - [2025-12-16T13:08:14.884+0000] {dag.py:3947} INFO - Setting next_dagrun for job_prediction_pipeline to 2025-12-16 13:06:00+00:00, run_after=2025-12-16 13:08:00+00:00
[2025-12-16T13:08:14.907+0000] {processor.py:183} INFO - Processing /opt/airflow/dags/dag_prediction.py took 0.368 seconds
[2025-12-16T13:08:45.106+0000] {processor.py:161} INFO - Started process (PID=402) to work on /opt/airflow/dags/dag_prediction.py
[2025-12-16T13:08:45.107+0000] {processor.py:830} INFO - Processing file /opt/airflow/dags/dag_prediction.py for tasks to queue
[2025-12-16T13:08:45.109+0000] {logging_mixin.py:188} INFO - [2025-12-16T13:08:45.108+0000] {dagbag.py:545} INFO - Filling up the DagBag from /opt/airflow/dags/dag_prediction.py
[2025-12-16T13:08:45.369+0000] {processor.py:840} INFO - DAG(s) 'job_prediction_pipeline' retrieved from /opt/airflow/dags/dag_prediction.py
[2025-12-16T13:08:45.399+0000] {logging_mixin.py:188} INFO - [2025-12-16T13:08:45.399+0000] {dag.py:3089} INFO - Sync 1 DAGs
[2025-12-16T13:08:45.422+0000] {logging_mixin.py:188} INFO - [2025-12-16T13:08:45.422+0000] {dag.py:3947} INFO - Setting next_dagrun for job_prediction_pipeline to 2025-12-16 13:06:00+00:00, run_after=2025-12-16 13:08:00+00:00
[2025-12-16T13:08:45.447+0000] {processor.py:183} INFO - Processing /opt/airflow/dags/dag_prediction.py took 0.348 seconds
[2025-12-16T13:09:15.677+0000] {processor.py:161} INFO - Started process (PID=426) to work on /opt/airflow/dags/dag_prediction.py
[2025-12-16T13:09:15.678+0000] {processor.py:830} INFO - Processing file /opt/airflow/dags/dag_prediction.py for tasks to queue
[2025-12-16T13:09:15.680+0000] {logging_mixin.py:188} INFO - [2025-12-16T13:09:15.679+0000] {dagbag.py:545} INFO - Filling up the DagBag from /opt/airflow/dags/dag_prediction.py
[2025-12-16T13:09:15.940+0000] {processor.py:840} INFO - DAG(s) 'job_prediction_pipeline' retrieved from /opt/airflow/dags/dag_prediction.py
[2025-12-16T13:09:15.968+0000] {logging_mixin.py:188} INFO - [2025-12-16T13:09:15.967+0000] {dag.py:3089} INFO - Sync 1 DAGs
[2025-12-16T13:09:15.989+0000] {logging_mixin.py:188} INFO - [2025-12-16T13:09:15.989+0000] {dag.py:3947} INFO - Setting next_dagrun for job_prediction_pipeline to 2025-12-16 13:06:00+00:00, run_after=2025-12-16 13:08:00+00:00
[2025-12-16T13:09:16.009+0000] {processor.py:183} INFO - Processing /opt/airflow/dags/dag_prediction.py took 0.339 seconds
[2025-12-16T13:09:46.277+0000] {processor.py:161} INFO - Started process (PID=450) to work on /opt/airflow/dags/dag_prediction.py
[2025-12-16T13:09:46.279+0000] {processor.py:830} INFO - Processing file /opt/airflow/dags/dag_prediction.py for tasks to queue
[2025-12-16T13:09:46.281+0000] {logging_mixin.py:188} INFO - [2025-12-16T13:09:46.280+0000] {dagbag.py:545} INFO - Filling up the DagBag from /opt/airflow/dags/dag_prediction.py
[2025-12-16T13:09:46.551+0000] {processor.py:840} INFO - DAG(s) 'job_prediction_pipeline' retrieved from /opt/airflow/dags/dag_prediction.py
[2025-12-16T13:09:46.585+0000] {logging_mixin.py:188} INFO - [2025-12-16T13:09:46.585+0000] {dag.py:3089} INFO - Sync 1 DAGs
[2025-12-16T13:09:46.613+0000] {logging_mixin.py:188} INFO - [2025-12-16T13:09:46.613+0000] {dag.py:3947} INFO - Setting next_dagrun for job_prediction_pipeline to 2025-12-16 13:06:00+00:00, run_after=2025-12-16 13:08:00+00:00
[2025-12-16T13:09:46.655+0000] {processor.py:183} INFO - Processing /opt/airflow/dags/dag_prediction.py took 0.385 seconds
[2025-12-16T13:10:17.437+0000] {processor.py:161} INFO - Started process (PID=474) to work on /opt/airflow/dags/dag_prediction.py
[2025-12-16T13:10:17.438+0000] {processor.py:830} INFO - Processing file /opt/airflow/dags/dag_prediction.py for tasks to queue
[2025-12-16T13:10:17.441+0000] {logging_mixin.py:188} INFO - [2025-12-16T13:10:17.440+0000] {dagbag.py:545} INFO - Filling up the DagBag from /opt/airflow/dags/dag_prediction.py
[2025-12-16T13:10:17.802+0000] {processor.py:840} INFO - DAG(s) 'job_prediction_pipeline' retrieved from /opt/airflow/dags/dag_prediction.py
[2025-12-16T13:10:17.834+0000] {logging_mixin.py:188} INFO - [2025-12-16T13:10:17.834+0000] {dag.py:3089} INFO - Sync 1 DAGs
[2025-12-16T13:10:17.858+0000] {logging_mixin.py:188} INFO - [2025-12-16T13:10:17.858+0000] {dag.py:3947} INFO - Setting next_dagrun for job_prediction_pipeline to 2025-12-16 13:08:00+00:00, run_after=2025-12-16 13:10:00+00:00
[2025-12-16T13:10:17.880+0000] {processor.py:183} INFO - Processing /opt/airflow/dags/dag_prediction.py took 0.450 seconds
[2025-12-16T13:10:48.075+0000] {processor.py:161} INFO - Started process (PID=485) to work on /opt/airflow/dags/dag_prediction.py
[2025-12-16T13:10:48.077+0000] {processor.py:830} INFO - Processing file /opt/airflow/dags/dag_prediction.py for tasks to queue
[2025-12-16T13:10:48.079+0000] {logging_mixin.py:188} INFO - [2025-12-16T13:10:48.079+0000] {dagbag.py:545} INFO - Filling up the DagBag from /opt/airflow/dags/dag_prediction.py
[2025-12-16T13:10:48.357+0000] {processor.py:840} INFO - DAG(s) 'job_prediction_pipeline' retrieved from /opt/airflow/dags/dag_prediction.py
[2025-12-16T13:10:48.390+0000] {logging_mixin.py:188} INFO - [2025-12-16T13:10:48.390+0000] {dag.py:3089} INFO - Sync 1 DAGs
[2025-12-16T13:10:48.415+0000] {logging_mixin.py:188} INFO - [2025-12-16T13:10:48.415+0000] {dag.py:3947} INFO - Setting next_dagrun for job_prediction_pipeline to 2025-12-16 13:08:00+00:00, run_after=2025-12-16 13:10:00+00:00
[2025-12-16T13:10:48.436+0000] {processor.py:183} INFO - Processing /opt/airflow/dags/dag_prediction.py took 0.368 seconds
[2025-12-16T13:11:18.697+0000] {processor.py:161} INFO - Started process (PID=504) to work on /opt/airflow/dags/dag_prediction.py
[2025-12-16T13:11:18.698+0000] {processor.py:830} INFO - Processing file /opt/airflow/dags/dag_prediction.py for tasks to queue
[2025-12-16T13:11:18.700+0000] {logging_mixin.py:188} INFO - [2025-12-16T13:11:18.700+0000] {dagbag.py:545} INFO - Filling up the DagBag from /opt/airflow/dags/dag_prediction.py
[2025-12-16T13:11:18.974+0000] {processor.py:840} INFO - DAG(s) 'job_prediction_pipeline' retrieved from /opt/airflow/dags/dag_prediction.py
[2025-12-16T13:11:19.007+0000] {logging_mixin.py:188} INFO - [2025-12-16T13:11:19.007+0000] {dag.py:3089} INFO - Sync 1 DAGs
[2025-12-16T13:11:19.031+0000] {logging_mixin.py:188} INFO - [2025-12-16T13:11:19.030+0000] {dag.py:3947} INFO - Setting next_dagrun for job_prediction_pipeline to 2025-12-16 13:08:00+00:00, run_after=2025-12-16 13:10:00+00:00
[2025-12-16T13:11:19.051+0000] {processor.py:183} INFO - Processing /opt/airflow/dags/dag_prediction.py took 0.362 seconds
[2025-12-16T13:11:49.158+0000] {processor.py:161} INFO - Started process (PID=528) to work on /opt/airflow/dags/dag_prediction.py
[2025-12-16T13:11:49.159+0000] {processor.py:830} INFO - Processing file /opt/airflow/dags/dag_prediction.py for tasks to queue
[2025-12-16T13:11:49.161+0000] {logging_mixin.py:188} INFO - [2025-12-16T13:11:49.161+0000] {dagbag.py:545} INFO - Filling up the DagBag from /opt/airflow/dags/dag_prediction.py
[2025-12-16T13:11:49.420+0000] {processor.py:840} INFO - DAG(s) 'job_prediction_pipeline' retrieved from /opt/airflow/dags/dag_prediction.py
[2025-12-16T13:11:49.450+0000] {logging_mixin.py:188} INFO - [2025-12-16T13:11:49.449+0000] {dag.py:3089} INFO - Sync 1 DAGs
[2025-12-16T13:11:49.471+0000] {logging_mixin.py:188} INFO - [2025-12-16T13:11:49.471+0000] {dag.py:3947} INFO - Setting next_dagrun for job_prediction_pipeline to 2025-12-16 13:08:00+00:00, run_after=2025-12-16 13:10:00+00:00
[2025-12-16T13:11:49.497+0000] {processor.py:183} INFO - Processing /opt/airflow/dags/dag_prediction.py took 0.346 seconds
[2025-12-16T13:12:19.673+0000] {processor.py:161} INFO - Started process (PID=552) to work on /opt/airflow/dags/dag_prediction.py
[2025-12-16T13:12:19.674+0000] {processor.py:830} INFO - Processing file /opt/airflow/dags/dag_prediction.py for tasks to queue
[2025-12-16T13:12:19.676+0000] {logging_mixin.py:188} INFO - [2025-12-16T13:12:19.676+0000] {dagbag.py:545} INFO - Filling up the DagBag from /opt/airflow/dags/dag_prediction.py
[2025-12-16T13:12:19.944+0000] {processor.py:840} INFO - DAG(s) 'job_prediction_pipeline' retrieved from /opt/airflow/dags/dag_prediction.py
[2025-12-16T13:12:19.976+0000] {logging_mixin.py:188} INFO - [2025-12-16T13:12:19.975+0000] {dag.py:3089} INFO - Sync 1 DAGs
[2025-12-16T13:12:19.999+0000] {logging_mixin.py:188} INFO - [2025-12-16T13:12:19.999+0000] {dag.py:3947} INFO - Setting next_dagrun for job_prediction_pipeline to 2025-12-16 13:10:00+00:00, run_after=2025-12-16 13:12:00+00:00
[2025-12-16T13:12:20.018+0000] {processor.py:183} INFO - Processing /opt/airflow/dags/dag_prediction.py took 0.353 seconds
[2025-12-16T13:12:50.878+0000] {processor.py:161} INFO - Started process (PID=576) to work on /opt/airflow/dags/dag_prediction.py
[2025-12-16T13:12:50.879+0000] {processor.py:830} INFO - Processing file /opt/airflow/dags/dag_prediction.py for tasks to queue
[2025-12-16T13:12:50.881+0000] {logging_mixin.py:188} INFO - [2025-12-16T13:12:50.881+0000] {dagbag.py:545} INFO - Filling up the DagBag from /opt/airflow/dags/dag_prediction.py
[2025-12-16T13:12:51.199+0000] {processor.py:840} INFO - DAG(s) 'job_prediction_pipeline' retrieved from /opt/airflow/dags/dag_prediction.py
[2025-12-16T13:12:51.231+0000] {logging_mixin.py:188} INFO - [2025-12-16T13:12:51.231+0000] {dag.py:3089} INFO - Sync 1 DAGs
[2025-12-16T13:12:51.258+0000] {logging_mixin.py:188} INFO - [2025-12-16T13:12:51.258+0000] {dag.py:3947} INFO - Setting next_dagrun for job_prediction_pipeline to 2025-12-16 13:10:00+00:00, run_after=2025-12-16 13:12:00+00:00
[2025-12-16T13:12:51.281+0000] {processor.py:183} INFO - Processing /opt/airflow/dags/dag_prediction.py took 0.411 seconds
[2025-12-16T13:13:22.197+0000] {processor.py:161} INFO - Started process (PID=600) to work on /opt/airflow/dags/dag_prediction.py
[2025-12-16T13:13:22.199+0000] {processor.py:830} INFO - Processing file /opt/airflow/dags/dag_prediction.py for tasks to queue
[2025-12-16T13:13:22.201+0000] {logging_mixin.py:188} INFO - [2025-12-16T13:13:22.200+0000] {dagbag.py:545} INFO - Filling up the DagBag from /opt/airflow/dags/dag_prediction.py
[2025-12-16T13:13:22.464+0000] {processor.py:840} INFO - DAG(s) 'job_prediction_pipeline' retrieved from /opt/airflow/dags/dag_prediction.py
[2025-12-16T13:13:22.494+0000] {logging_mixin.py:188} INFO - [2025-12-16T13:13:22.494+0000] {dag.py:3089} INFO - Sync 1 DAGs
[2025-12-16T13:13:22.518+0000] {logging_mixin.py:188} INFO - [2025-12-16T13:13:22.517+0000] {dag.py:3947} INFO - Setting next_dagrun for job_prediction_pipeline to 2025-12-16 13:10:00+00:00, run_after=2025-12-16 13:12:00+00:00
[2025-12-16T13:13:22.537+0000] {processor.py:183} INFO - Processing /opt/airflow/dags/dag_prediction.py took 0.346 seconds
[2025-12-16T13:13:52.730+0000] {processor.py:161} INFO - Started process (PID=624) to work on /opt/airflow/dags/dag_prediction.py
[2025-12-16T13:13:52.731+0000] {processor.py:830} INFO - Processing file /opt/airflow/dags/dag_prediction.py for tasks to queue
[2025-12-16T13:13:52.733+0000] {logging_mixin.py:188} INFO - [2025-12-16T13:13:52.733+0000] {dagbag.py:545} INFO - Filling up the DagBag from /opt/airflow/dags/dag_prediction.py
[2025-12-16T13:13:52.992+0000] {processor.py:840} INFO - DAG(s) 'job_prediction_pipeline' retrieved from /opt/airflow/dags/dag_prediction.py
[2025-12-16T13:13:53.023+0000] {logging_mixin.py:188} INFO - [2025-12-16T13:13:53.022+0000] {dag.py:3089} INFO - Sync 1 DAGs
[2025-12-16T13:13:53.044+0000] {logging_mixin.py:188} INFO - [2025-12-16T13:13:53.044+0000] {dag.py:3947} INFO - Setting next_dagrun for job_prediction_pipeline to 2025-12-16 13:10:00+00:00, run_after=2025-12-16 13:12:00+00:00
[2025-12-16T13:13:53.063+0000] {processor.py:183} INFO - Processing /opt/airflow/dags/dag_prediction.py took 0.340 seconds
[2025-12-16T13:14:23.261+0000] {processor.py:161} INFO - Started process (PID=648) to work on /opt/airflow/dags/dag_prediction.py
[2025-12-16T13:14:23.262+0000] {processor.py:830} INFO - Processing file /opt/airflow/dags/dag_prediction.py for tasks to queue
[2025-12-16T13:14:23.264+0000] {logging_mixin.py:188} INFO - [2025-12-16T13:14:23.264+0000] {dagbag.py:545} INFO - Filling up the DagBag from /opt/airflow/dags/dag_prediction.py
[2025-12-16T13:14:23.532+0000] {processor.py:840} INFO - DAG(s) 'job_prediction_pipeline' retrieved from /opt/airflow/dags/dag_prediction.py
[2025-12-16T13:14:23.563+0000] {logging_mixin.py:188} INFO - [2025-12-16T13:14:23.562+0000] {dag.py:3089} INFO - Sync 1 DAGs
[2025-12-16T13:14:23.585+0000] {logging_mixin.py:188} INFO - [2025-12-16T13:14:23.585+0000] {dag.py:3947} INFO - Setting next_dagrun for job_prediction_pipeline to 2025-12-16 13:12:00+00:00, run_after=2025-12-16 13:14:00+00:00
[2025-12-16T13:14:23.605+0000] {processor.py:183} INFO - Processing /opt/airflow/dags/dag_prediction.py took 0.352 seconds
[2025-12-16T13:14:53.757+0000] {processor.py:161} INFO - Started process (PID=672) to work on /opt/airflow/dags/dag_prediction.py
[2025-12-16T13:14:53.758+0000] {processor.py:830} INFO - Processing file /opt/airflow/dags/dag_prediction.py for tasks to queue
[2025-12-16T13:14:53.760+0000] {logging_mixin.py:188} INFO - [2025-12-16T13:14:53.759+0000] {dagbag.py:545} INFO - Filling up the DagBag from /opt/airflow/dags/dag_prediction.py
[2025-12-16T13:14:54.017+0000] {processor.py:840} INFO - DAG(s) 'job_prediction_pipeline' retrieved from /opt/airflow/dags/dag_prediction.py
[2025-12-16T13:14:54.048+0000] {logging_mixin.py:188} INFO - [2025-12-16T13:14:54.047+0000] {dag.py:3089} INFO - Sync 1 DAGs
[2025-12-16T13:14:54.071+0000] {logging_mixin.py:188} INFO - [2025-12-16T13:14:54.071+0000] {dag.py:3947} INFO - Setting next_dagrun for job_prediction_pipeline to 2025-12-16 13:12:00+00:00, run_after=2025-12-16 13:14:00+00:00
[2025-12-16T13:14:54.096+0000] {processor.py:183} INFO - Processing /opt/airflow/dags/dag_prediction.py took 0.346 seconds
[2025-12-16T13:15:24.282+0000] {processor.py:161} INFO - Started process (PID=696) to work on /opt/airflow/dags/dag_prediction.py
[2025-12-16T13:15:24.283+0000] {processor.py:830} INFO - Processing file /opt/airflow/dags/dag_prediction.py for tasks to queue
[2025-12-16T13:15:24.285+0000] {logging_mixin.py:188} INFO - [2025-12-16T13:15:24.285+0000] {dagbag.py:545} INFO - Filling up the DagBag from /opt/airflow/dags/dag_prediction.py
[2025-12-16T13:15:24.542+0000] {processor.py:840} INFO - DAG(s) 'job_prediction_pipeline' retrieved from /opt/airflow/dags/dag_prediction.py
[2025-12-16T13:15:24.574+0000] {logging_mixin.py:188} INFO - [2025-12-16T13:15:24.573+0000] {dag.py:3089} INFO - Sync 1 DAGs
[2025-12-16T13:15:24.596+0000] {logging_mixin.py:188} INFO - [2025-12-16T13:15:24.596+0000] {dag.py:3947} INFO - Setting next_dagrun for job_prediction_pipeline to 2025-12-16 13:12:00+00:00, run_after=2025-12-16 13:14:00+00:00
[2025-12-16T13:15:24.615+0000] {processor.py:183} INFO - Processing /opt/airflow/dags/dag_prediction.py took 0.340 seconds
[2025-12-16T13:15:54.793+0000] {processor.py:161} INFO - Started process (PID=720) to work on /opt/airflow/dags/dag_prediction.py
[2025-12-16T13:15:54.794+0000] {processor.py:830} INFO - Processing file /opt/airflow/dags/dag_prediction.py for tasks to queue
[2025-12-16T13:15:54.796+0000] {logging_mixin.py:188} INFO - [2025-12-16T13:15:54.796+0000] {dagbag.py:545} INFO - Filling up the DagBag from /opt/airflow/dags/dag_prediction.py
[2025-12-16T13:15:55.050+0000] {processor.py:840} INFO - DAG(s) 'job_prediction_pipeline' retrieved from /opt/airflow/dags/dag_prediction.py
[2025-12-16T13:15:55.082+0000] {logging_mixin.py:188} INFO - [2025-12-16T13:15:55.082+0000] {dag.py:3089} INFO - Sync 1 DAGs
[2025-12-16T13:15:55.104+0000] {logging_mixin.py:188} INFO - [2025-12-16T13:15:55.104+0000] {dag.py:3947} INFO - Setting next_dagrun for job_prediction_pipeline to 2025-12-16 13:12:00+00:00, run_after=2025-12-16 13:14:00+00:00
[2025-12-16T13:15:55.128+0000] {processor.py:183} INFO - Processing /opt/airflow/dags/dag_prediction.py took 0.342 seconds
[2025-12-16T13:16:25.325+0000] {processor.py:161} INFO - Started process (PID=744) to work on /opt/airflow/dags/dag_prediction.py
[2025-12-16T13:16:25.326+0000] {processor.py:830} INFO - Processing file /opt/airflow/dags/dag_prediction.py for tasks to queue
[2025-12-16T13:16:25.328+0000] {logging_mixin.py:188} INFO - [2025-12-16T13:16:25.327+0000] {dagbag.py:545} INFO - Filling up the DagBag from /opt/airflow/dags/dag_prediction.py
[2025-12-16T13:16:25.583+0000] {processor.py:840} INFO - DAG(s) 'job_prediction_pipeline' retrieved from /opt/airflow/dags/dag_prediction.py
[2025-12-16T13:16:25.614+0000] {logging_mixin.py:188} INFO - [2025-12-16T13:16:25.613+0000] {dag.py:3089} INFO - Sync 1 DAGs
[2025-12-16T13:16:25.635+0000] {logging_mixin.py:188} INFO - [2025-12-16T13:16:25.635+0000] {dag.py:3947} INFO - Setting next_dagrun for job_prediction_pipeline to 2025-12-16 13:14:00+00:00, run_after=2025-12-16 13:16:00+00:00
[2025-12-16T13:16:25.655+0000] {processor.py:183} INFO - Processing /opt/airflow/dags/dag_prediction.py took 0.337 seconds
[2025-12-16T13:16:55.794+0000] {processor.py:161} INFO - Started process (PID=768) to work on /opt/airflow/dags/dag_prediction.py
[2025-12-16T13:16:55.795+0000] {processor.py:830} INFO - Processing file /opt/airflow/dags/dag_prediction.py for tasks to queue
[2025-12-16T13:16:55.797+0000] {logging_mixin.py:188} INFO - [2025-12-16T13:16:55.796+0000] {dagbag.py:545} INFO - Filling up the DagBag from /opt/airflow/dags/dag_prediction.py
[2025-12-16T13:16:56.040+0000] {processor.py:840} INFO - DAG(s) 'job_prediction_pipeline' retrieved from /opt/airflow/dags/dag_prediction.py
[2025-12-16T13:16:56.071+0000] {logging_mixin.py:188} INFO - [2025-12-16T13:16:56.071+0000] {dag.py:3089} INFO - Sync 1 DAGs
[2025-12-16T13:16:56.093+0000] {logging_mixin.py:188} INFO - [2025-12-16T13:16:56.093+0000] {dag.py:3947} INFO - Setting next_dagrun for job_prediction_pipeline to 2025-12-16 13:14:00+00:00, run_after=2025-12-16 13:16:00+00:00
[2025-12-16T13:16:56.118+0000] {processor.py:183} INFO - Processing /opt/airflow/dags/dag_prediction.py took 0.332 seconds
[2025-12-16T13:17:26.341+0000] {processor.py:161} INFO - Started process (PID=790) to work on /opt/airflow/dags/dag_prediction.py
[2025-12-16T13:17:26.343+0000] {processor.py:830} INFO - Processing file /opt/airflow/dags/dag_prediction.py for tasks to queue
[2025-12-16T13:17:26.345+0000] {logging_mixin.py:188} INFO - [2025-12-16T13:17:26.345+0000] {dagbag.py:545} INFO - Filling up the DagBag from /opt/airflow/dags/dag_prediction.py
[2025-12-16T13:17:26.635+0000] {processor.py:840} INFO - DAG(s) 'job_prediction_pipeline' retrieved from /opt/airflow/dags/dag_prediction.py
[2025-12-16T13:17:26.667+0000] {logging_mixin.py:188} INFO - [2025-12-16T13:17:26.667+0000] {dag.py:3089} INFO - Sync 1 DAGs
[2025-12-16T13:17:26.691+0000] {logging_mixin.py:188} INFO - [2025-12-16T13:17:26.691+0000] {dag.py:3947} INFO - Setting next_dagrun for job_prediction_pipeline to 2025-12-16 13:14:00+00:00, run_after=2025-12-16 13:16:00+00:00
[2025-12-16T13:17:26.718+0000] {processor.py:183} INFO - Processing /opt/airflow/dags/dag_prediction.py took 0.386 seconds
[2025-12-16T13:17:56.926+0000] {processor.py:161} INFO - Started process (PID=798) to work on /opt/airflow/dags/dag_prediction.py
[2025-12-16T13:17:56.927+0000] {processor.py:830} INFO - Processing file /opt/airflow/dags/dag_prediction.py for tasks to queue
[2025-12-16T13:17:56.929+0000] {logging_mixin.py:188} INFO - [2025-12-16T13:17:56.928+0000] {dagbag.py:545} INFO - Filling up the DagBag from /opt/airflow/dags/dag_prediction.py
[2025-12-16T13:17:57.184+0000] {processor.py:840} INFO - DAG(s) 'job_prediction_pipeline' retrieved from /opt/airflow/dags/dag_prediction.py
[2025-12-16T13:17:57.214+0000] {logging_mixin.py:188} INFO - [2025-12-16T13:17:57.213+0000] {dag.py:3089} INFO - Sync 1 DAGs
[2025-12-16T13:17:57.236+0000] {logging_mixin.py:188} INFO - [2025-12-16T13:17:57.235+0000] {dag.py:3947} INFO - Setting next_dagrun for job_prediction_pipeline to 2025-12-16 13:14:00+00:00, run_after=2025-12-16 13:16:00+00:00
[2025-12-16T13:17:57.260+0000] {processor.py:183} INFO - Processing /opt/airflow/dags/dag_prediction.py took 0.341 seconds
[2025-12-16T13:18:27.446+0000] {processor.py:161} INFO - Started process (PID=822) to work on /opt/airflow/dags/dag_prediction.py
[2025-12-16T13:18:27.447+0000] {processor.py:830} INFO - Processing file /opt/airflow/dags/dag_prediction.py for tasks to queue
[2025-12-16T13:18:27.449+0000] {logging_mixin.py:188} INFO - [2025-12-16T13:18:27.449+0000] {dagbag.py:545} INFO - Filling up the DagBag from /opt/airflow/dags/dag_prediction.py
[2025-12-16T13:18:27.705+0000] {processor.py:840} INFO - DAG(s) 'job_prediction_pipeline' retrieved from /opt/airflow/dags/dag_prediction.py
[2025-12-16T13:18:27.735+0000] {logging_mixin.py:188} INFO - [2025-12-16T13:18:27.735+0000] {dag.py:3089} INFO - Sync 1 DAGs
[2025-12-16T13:18:27.757+0000] {logging_mixin.py:188} INFO - [2025-12-16T13:18:27.756+0000] {dag.py:3947} INFO - Setting next_dagrun for job_prediction_pipeline to 2025-12-16 13:16:00+00:00, run_after=2025-12-16 13:18:00+00:00
[2025-12-16T13:18:27.777+0000] {processor.py:183} INFO - Processing /opt/airflow/dags/dag_prediction.py took 0.337 seconds
[2025-12-16T13:18:58.682+0000] {processor.py:161} INFO - Started process (PID=846) to work on /opt/airflow/dags/dag_prediction.py
[2025-12-16T13:18:58.683+0000] {processor.py:830} INFO - Processing file /opt/airflow/dags/dag_prediction.py for tasks to queue
[2025-12-16T13:18:58.685+0000] {logging_mixin.py:188} INFO - [2025-12-16T13:18:58.684+0000] {dagbag.py:545} INFO - Filling up the DagBag from /opt/airflow/dags/dag_prediction.py
[2025-12-16T13:18:58.946+0000] {processor.py:840} INFO - DAG(s) 'job_prediction_pipeline' retrieved from /opt/airflow/dags/dag_prediction.py
[2025-12-16T13:18:58.976+0000] {logging_mixin.py:188} INFO - [2025-12-16T13:18:58.976+0000] {dag.py:3089} INFO - Sync 1 DAGs
[2025-12-16T13:18:59.000+0000] {logging_mixin.py:188} INFO - [2025-12-16T13:18:59.000+0000] {dag.py:3947} INFO - Setting next_dagrun for job_prediction_pipeline to 2025-12-16 13:16:00+00:00, run_after=2025-12-16 13:18:00+00:00
[2025-12-16T13:18:59.025+0000] {processor.py:183} INFO - Processing /opt/airflow/dags/dag_prediction.py took 0.350 seconds
[2025-12-16T13:19:29.200+0000] {processor.py:161} INFO - Started process (PID=870) to work on /opt/airflow/dags/dag_prediction.py
[2025-12-16T13:19:29.201+0000] {processor.py:830} INFO - Processing file /opt/airflow/dags/dag_prediction.py for tasks to queue
[2025-12-16T13:19:29.203+0000] {logging_mixin.py:188} INFO - [2025-12-16T13:19:29.203+0000] {dagbag.py:545} INFO - Filling up the DagBag from /opt/airflow/dags/dag_prediction.py
[2025-12-16T13:19:29.466+0000] {processor.py:840} INFO - DAG(s) 'job_prediction_pipeline' retrieved from /opt/airflow/dags/dag_prediction.py
[2025-12-16T13:19:29.495+0000] {logging_mixin.py:188} INFO - [2025-12-16T13:19:29.495+0000] {dag.py:3089} INFO - Sync 1 DAGs
[2025-12-16T13:19:29.516+0000] {logging_mixin.py:188} INFO - [2025-12-16T13:19:29.516+0000] {dag.py:3947} INFO - Setting next_dagrun for job_prediction_pipeline to 2025-12-16 13:16:00+00:00, run_after=2025-12-16 13:18:00+00:00
[2025-12-16T13:19:29.535+0000] {processor.py:183} INFO - Processing /opt/airflow/dags/dag_prediction.py took 0.342 seconds
[2025-12-16T13:19:59.756+0000] {processor.py:161} INFO - Started process (PID=894) to work on /opt/airflow/dags/dag_prediction.py
[2025-12-16T13:19:59.757+0000] {processor.py:830} INFO - Processing file /opt/airflow/dags/dag_prediction.py for tasks to queue
[2025-12-16T13:19:59.759+0000] {logging_mixin.py:188} INFO - [2025-12-16T13:19:59.759+0000] {dagbag.py:545} INFO - Filling up the DagBag from /opt/airflow/dags/dag_prediction.py
[2025-12-16T13:20:00.014+0000] {processor.py:840} INFO - DAG(s) 'job_prediction_pipeline' retrieved from /opt/airflow/dags/dag_prediction.py
[2025-12-16T13:20:00.047+0000] {logging_mixin.py:188} INFO - [2025-12-16T13:20:00.047+0000] {dag.py:3089} INFO - Sync 1 DAGs
[2025-12-16T13:20:00.070+0000] {logging_mixin.py:188} INFO - [2025-12-16T13:20:00.070+0000] {dag.py:3947} INFO - Setting next_dagrun for job_prediction_pipeline to 2025-12-16 13:18:00+00:00, run_after=2025-12-16 13:20:00+00:00
[2025-12-16T13:20:00.091+0000] {processor.py:183} INFO - Processing /opt/airflow/dags/dag_prediction.py took 0.341 seconds
[2025-12-16T13:20:30.304+0000] {processor.py:161} INFO - Started process (PID=918) to work on /opt/airflow/dags/dag_prediction.py
[2025-12-16T13:20:30.305+0000] {processor.py:830} INFO - Processing file /opt/airflow/dags/dag_prediction.py for tasks to queue
[2025-12-16T13:20:30.307+0000] {logging_mixin.py:188} INFO - [2025-12-16T13:20:30.307+0000] {dagbag.py:545} INFO - Filling up the DagBag from /opt/airflow/dags/dag_prediction.py
[2025-12-16T13:20:30.567+0000] {processor.py:840} INFO - DAG(s) 'job_prediction_pipeline' retrieved from /opt/airflow/dags/dag_prediction.py
[2025-12-16T13:20:30.600+0000] {logging_mixin.py:188} INFO - [2025-12-16T13:20:30.599+0000] {dag.py:3089} INFO - Sync 1 DAGs
[2025-12-16T13:20:30.647+0000] {logging_mixin.py:188} INFO - [2025-12-16T13:20:30.647+0000] {dag.py:3947} INFO - Setting next_dagrun for job_prediction_pipeline to 2025-12-16 13:18:00+00:00, run_after=2025-12-16 13:20:00+00:00
[2025-12-16T13:20:30.700+0000] {processor.py:183} INFO - Processing /opt/airflow/dags/dag_prediction.py took 0.403 seconds
[2025-12-16T13:21:01.470+0000] {processor.py:161} INFO - Started process (PID=942) to work on /opt/airflow/dags/dag_prediction.py
[2025-12-16T13:21:01.471+0000] {processor.py:830} INFO - Processing file /opt/airflow/dags/dag_prediction.py for tasks to queue
[2025-12-16T13:21:01.473+0000] {logging_mixin.py:188} INFO - [2025-12-16T13:21:01.473+0000] {dagbag.py:545} INFO - Filling up the DagBag from /opt/airflow/dags/dag_prediction.py
[2025-12-16T13:21:01.732+0000] {processor.py:840} INFO - DAG(s) 'job_prediction_pipeline' retrieved from /opt/airflow/dags/dag_prediction.py
[2025-12-16T13:21:01.762+0000] {logging_mixin.py:188} INFO - [2025-12-16T13:21:01.762+0000] {dag.py:3089} INFO - Sync 1 DAGs
[2025-12-16T13:21:01.785+0000] {logging_mixin.py:188} INFO - [2025-12-16T13:21:01.785+0000] {dag.py:3947} INFO - Setting next_dagrun for job_prediction_pipeline to 2025-12-16 13:18:00+00:00, run_after=2025-12-16 13:20:00+00:00
[2025-12-16T13:21:01.810+0000] {processor.py:183} INFO - Processing /opt/airflow/dags/dag_prediction.py took 0.348 seconds
[2025-12-16T13:21:31.980+0000] {processor.py:161} INFO - Started process (PID=966) to work on /opt/airflow/dags/dag_prediction.py
[2025-12-16T13:21:31.981+0000] {processor.py:830} INFO - Processing file /opt/airflow/dags/dag_prediction.py for tasks to queue
[2025-12-16T13:21:31.983+0000] {logging_mixin.py:188} INFO - [2025-12-16T13:21:31.982+0000] {dagbag.py:545} INFO - Filling up the DagBag from /opt/airflow/dags/dag_prediction.py
[2025-12-16T13:21:32.233+0000] {processor.py:840} INFO - DAG(s) 'job_prediction_pipeline' retrieved from /opt/airflow/dags/dag_prediction.py
[2025-12-16T13:21:32.262+0000] {logging_mixin.py:188} INFO - [2025-12-16T13:21:32.262+0000] {dag.py:3089} INFO - Sync 1 DAGs
[2025-12-16T13:21:32.284+0000] {logging_mixin.py:188} INFO - [2025-12-16T13:21:32.283+0000] {dag.py:3947} INFO - Setting next_dagrun for job_prediction_pipeline to 2025-12-16 13:18:00+00:00, run_after=2025-12-16 13:20:00+00:00
[2025-12-16T13:21:32.302+0000] {processor.py:183} INFO - Processing /opt/airflow/dags/dag_prediction.py took 0.328 seconds
[2025-12-16T13:22:02.515+0000] {processor.py:161} INFO - Started process (PID=990) to work on /opt/airflow/dags/dag_prediction.py
[2025-12-16T13:22:02.516+0000] {processor.py:830} INFO - Processing file /opt/airflow/dags/dag_prediction.py for tasks to queue
[2025-12-16T13:22:02.518+0000] {logging_mixin.py:188} INFO - [2025-12-16T13:22:02.518+0000] {dagbag.py:545} INFO - Filling up the DagBag from /opt/airflow/dags/dag_prediction.py
[2025-12-16T13:22:02.776+0000] {processor.py:840} INFO - DAG(s) 'job_prediction_pipeline' retrieved from /opt/airflow/dags/dag_prediction.py
[2025-12-16T13:22:02.805+0000] {logging_mixin.py:188} INFO - [2025-12-16T13:22:02.804+0000] {dag.py:3089} INFO - Sync 1 DAGs
[2025-12-16T13:22:02.827+0000] {logging_mixin.py:188} INFO - [2025-12-16T13:22:02.826+0000] {dag.py:3947} INFO - Setting next_dagrun for job_prediction_pipeline to 2025-12-16 13:20:00+00:00, run_after=2025-12-16 13:22:00+00:00
[2025-12-16T13:22:02.847+0000] {processor.py:183} INFO - Processing /opt/airflow/dags/dag_prediction.py took 0.340 seconds
[2025-12-16T13:22:33.040+0000] {processor.py:161} INFO - Started process (PID=1014) to work on /opt/airflow/dags/dag_prediction.py
[2025-12-16T13:22:33.041+0000] {processor.py:830} INFO - Processing file /opt/airflow/dags/dag_prediction.py for tasks to queue
[2025-12-16T13:22:33.043+0000] {logging_mixin.py:188} INFO - [2025-12-16T13:22:33.043+0000] {dagbag.py:545} INFO - Filling up the DagBag from /opt/airflow/dags/dag_prediction.py
[2025-12-16T13:22:33.307+0000] {processor.py:840} INFO - DAG(s) 'job_prediction_pipeline' retrieved from /opt/airflow/dags/dag_prediction.py
[2025-12-16T13:22:33.339+0000] {logging_mixin.py:188} INFO - [2025-12-16T13:22:33.339+0000] {dag.py:3089} INFO - Sync 1 DAGs
[2025-12-16T13:22:33.362+0000] {logging_mixin.py:188} INFO - [2025-12-16T13:22:33.362+0000] {dag.py:3947} INFO - Setting next_dagrun for job_prediction_pipeline to 2025-12-16 13:20:00+00:00, run_after=2025-12-16 13:22:00+00:00
[2025-12-16T13:22:33.383+0000] {processor.py:183} INFO - Processing /opt/airflow/dags/dag_prediction.py took 0.349 seconds
[2025-12-16T13:23:04.207+0000] {processor.py:161} INFO - Started process (PID=1038) to work on /opt/airflow/dags/dag_prediction.py
[2025-12-16T13:23:04.208+0000] {processor.py:830} INFO - Processing file /opt/airflow/dags/dag_prediction.py for tasks to queue
[2025-12-16T13:23:04.209+0000] {logging_mixin.py:188} INFO - [2025-12-16T13:23:04.209+0000] {dagbag.py:545} INFO - Filling up the DagBag from /opt/airflow/dags/dag_prediction.py
[2025-12-16T13:23:04.458+0000] {processor.py:840} INFO - DAG(s) 'job_prediction_pipeline' retrieved from /opt/airflow/dags/dag_prediction.py
[2025-12-16T13:23:04.485+0000] {logging_mixin.py:188} INFO - [2025-12-16T13:23:04.485+0000] {dag.py:3089} INFO - Sync 1 DAGs
[2025-12-16T13:23:04.506+0000] {logging_mixin.py:188} INFO - [2025-12-16T13:23:04.506+0000] {dag.py:3947} INFO - Setting next_dagrun for job_prediction_pipeline to 2025-12-16 13:20:00+00:00, run_after=2025-12-16 13:22:00+00:00
[2025-12-16T13:23:04.525+0000] {processor.py:183} INFO - Processing /opt/airflow/dags/dag_prediction.py took 0.326 seconds
[2025-12-16T13:23:34.699+0000] {processor.py:161} INFO - Started process (PID=1062) to work on /opt/airflow/dags/dag_prediction.py
[2025-12-16T13:23:34.701+0000] {processor.py:830} INFO - Processing file /opt/airflow/dags/dag_prediction.py for tasks to queue
[2025-12-16T13:23:34.702+0000] {logging_mixin.py:188} INFO - [2025-12-16T13:23:34.702+0000] {dagbag.py:545} INFO - Filling up the DagBag from /opt/airflow/dags/dag_prediction.py
[2025-12-16T13:23:34.970+0000] {processor.py:840} INFO - DAG(s) 'job_prediction_pipeline' retrieved from /opt/airflow/dags/dag_prediction.py
[2025-12-16T13:23:35.002+0000] {logging_mixin.py:188} INFO - [2025-12-16T13:23:35.001+0000] {dag.py:3089} INFO - Sync 1 DAGs
[2025-12-16T13:23:35.025+0000] {logging_mixin.py:188} INFO - [2025-12-16T13:23:35.024+0000] {dag.py:3947} INFO - Setting next_dagrun for job_prediction_pipeline to 2025-12-16 13:20:00+00:00, run_after=2025-12-16 13:22:00+00:00
[2025-12-16T13:23:35.044+0000] {processor.py:183} INFO - Processing /opt/airflow/dags/dag_prediction.py took 0.352 seconds
[2025-12-16T13:24:05.266+0000] {processor.py:161} INFO - Started process (PID=1086) to work on /opt/airflow/dags/dag_prediction.py
[2025-12-16T13:24:05.267+0000] {processor.py:830} INFO - Processing file /opt/airflow/dags/dag_prediction.py for tasks to queue
[2025-12-16T13:24:05.268+0000] {logging_mixin.py:188} INFO - [2025-12-16T13:24:05.268+0000] {dagbag.py:545} INFO - Filling up the DagBag from /opt/airflow/dags/dag_prediction.py
[2025-12-16T13:24:05.532+0000] {processor.py:840} INFO - DAG(s) 'job_prediction_pipeline' retrieved from /opt/airflow/dags/dag_prediction.py
[2025-12-16T13:24:05.563+0000] {logging_mixin.py:188} INFO - [2025-12-16T13:24:05.562+0000] {dag.py:3089} INFO - Sync 1 DAGs
[2025-12-16T13:24:05.586+0000] {logging_mixin.py:188} INFO - [2025-12-16T13:24:05.586+0000] {dag.py:3947} INFO - Setting next_dagrun for job_prediction_pipeline to 2025-12-16 13:22:00+00:00, run_after=2025-12-16 13:24:00+00:00
[2025-12-16T13:24:05.609+0000] {processor.py:183} INFO - Processing /opt/airflow/dags/dag_prediction.py took 0.349 seconds
[2025-12-16T13:24:35.798+0000] {processor.py:161} INFO - Started process (PID=1108) to work on /opt/airflow/dags/dag_prediction.py
[2025-12-16T13:24:35.800+0000] {processor.py:830} INFO - Processing file /opt/airflow/dags/dag_prediction.py for tasks to queue
[2025-12-16T13:24:35.802+0000] {logging_mixin.py:188} INFO - [2025-12-16T13:24:35.802+0000] {dagbag.py:545} INFO - Filling up the DagBag from /opt/airflow/dags/dag_prediction.py
[2025-12-16T13:24:36.084+0000] {processor.py:840} INFO - DAG(s) 'job_prediction_pipeline' retrieved from /opt/airflow/dags/dag_prediction.py
[2025-12-16T13:24:36.117+0000] {logging_mixin.py:188} INFO - [2025-12-16T13:24:36.117+0000] {dag.py:3089} INFO - Sync 1 DAGs
[2025-12-16T13:24:36.143+0000] {logging_mixin.py:188} INFO - [2025-12-16T13:24:36.142+0000] {dag.py:3947} INFO - Setting next_dagrun for job_prediction_pipeline to 2025-12-16 13:22:00+00:00, run_after=2025-12-16 13:24:00+00:00
[2025-12-16T13:24:36.164+0000] {processor.py:183} INFO - Processing /opt/airflow/dags/dag_prediction.py took 0.373 seconds
[2025-12-16T13:25:06.299+0000] {processor.py:161} INFO - Started process (PID=1119) to work on /opt/airflow/dags/dag_prediction.py
[2025-12-16T13:25:06.300+0000] {processor.py:830} INFO - Processing file /opt/airflow/dags/dag_prediction.py for tasks to queue
[2025-12-16T13:25:06.301+0000] {logging_mixin.py:188} INFO - [2025-12-16T13:25:06.301+0000] {dagbag.py:545} INFO - Filling up the DagBag from /opt/airflow/dags/dag_prediction.py
[2025-12-16T13:25:06.581+0000] {processor.py:840} INFO - DAG(s) 'job_prediction_pipeline' retrieved from /opt/airflow/dags/dag_prediction.py
[2025-12-16T13:25:06.612+0000] {logging_mixin.py:188} INFO - [2025-12-16T13:25:06.611+0000] {dag.py:3089} INFO - Sync 1 DAGs
[2025-12-16T13:25:06.634+0000] {logging_mixin.py:188} INFO - [2025-12-16T13:25:06.634+0000] {dag.py:3947} INFO - Setting next_dagrun for job_prediction_pipeline to 2025-12-16 13:22:00+00:00, run_after=2025-12-16 13:24:00+00:00
[2025-12-16T13:25:06.655+0000] {processor.py:183} INFO - Processing /opt/airflow/dags/dag_prediction.py took 0.363 seconds
[2025-12-16T13:25:36.864+0000] {processor.py:161} INFO - Started process (PID=1140) to work on /opt/airflow/dags/dag_prediction.py
[2025-12-16T13:25:36.865+0000] {processor.py:830} INFO - Processing file /opt/airflow/dags/dag_prediction.py for tasks to queue
[2025-12-16T13:25:36.867+0000] {logging_mixin.py:188} INFO - [2025-12-16T13:25:36.867+0000] {dagbag.py:545} INFO - Filling up the DagBag from /opt/airflow/dags/dag_prediction.py
[2025-12-16T13:25:37.114+0000] {processor.py:840} INFO - DAG(s) 'job_prediction_pipeline' retrieved from /opt/airflow/dags/dag_prediction.py
[2025-12-16T13:25:37.141+0000] {logging_mixin.py:188} INFO - [2025-12-16T13:25:37.140+0000] {dag.py:3089} INFO - Sync 1 DAGs
[2025-12-16T13:25:37.162+0000] {logging_mixin.py:188} INFO - [2025-12-16T13:25:37.161+0000] {dag.py:3947} INFO - Setting next_dagrun for job_prediction_pipeline to 2025-12-16 13:22:00+00:00, run_after=2025-12-16 13:24:00+00:00
[2025-12-16T13:25:37.185+0000] {processor.py:183} INFO - Processing /opt/airflow/dags/dag_prediction.py took 0.327 seconds
[2025-12-16T13:26:07.348+0000] {processor.py:161} INFO - Started process (PID=1164) to work on /opt/airflow/dags/dag_prediction.py
[2025-12-16T13:26:07.350+0000] {processor.py:830} INFO - Processing file /opt/airflow/dags/dag_prediction.py for tasks to queue
[2025-12-16T13:26:07.352+0000] {logging_mixin.py:188} INFO - [2025-12-16T13:26:07.351+0000] {dagbag.py:545} INFO - Filling up the DagBag from /opt/airflow/dags/dag_prediction.py
[2025-12-16T13:26:07.601+0000] {processor.py:840} INFO - DAG(s) 'job_prediction_pipeline' retrieved from /opt/airflow/dags/dag_prediction.py
[2025-12-16T13:26:07.629+0000] {logging_mixin.py:188} INFO - [2025-12-16T13:26:07.628+0000] {dag.py:3089} INFO - Sync 1 DAGs
[2025-12-16T13:26:07.649+0000] {logging_mixin.py:188} INFO - [2025-12-16T13:26:07.649+0000] {dag.py:3947} INFO - Setting next_dagrun for job_prediction_pipeline to 2025-12-16 13:24:00+00:00, run_after=2025-12-16 13:26:00+00:00
[2025-12-16T13:26:07.669+0000] {processor.py:183} INFO - Processing /opt/airflow/dags/dag_prediction.py took 0.328 seconds
[2025-12-16T13:26:37.842+0000] {processor.py:161} INFO - Started process (PID=1188) to work on /opt/airflow/dags/dag_prediction.py
[2025-12-16T13:26:37.843+0000] {processor.py:830} INFO - Processing file /opt/airflow/dags/dag_prediction.py for tasks to queue
[2025-12-16T13:26:37.845+0000] {logging_mixin.py:188} INFO - [2025-12-16T13:26:37.845+0000] {dagbag.py:545} INFO - Filling up the DagBag from /opt/airflow/dags/dag_prediction.py
[2025-12-16T13:26:38.098+0000] {processor.py:840} INFO - DAG(s) 'job_prediction_pipeline' retrieved from /opt/airflow/dags/dag_prediction.py
[2025-12-16T13:26:38.127+0000] {logging_mixin.py:188} INFO - [2025-12-16T13:26:38.126+0000] {dag.py:3089} INFO - Sync 1 DAGs
[2025-12-16T13:26:38.147+0000] {logging_mixin.py:188} INFO - [2025-12-16T13:26:38.147+0000] {dag.py:3947} INFO - Setting next_dagrun for job_prediction_pipeline to 2025-12-16 13:24:00+00:00, run_after=2025-12-16 13:26:00+00:00
[2025-12-16T13:26:38.316+0000] {processor.py:183} INFO - Processing /opt/airflow/dags/dag_prediction.py took 0.480 seconds
[2025-12-16T13:27:08.519+0000] {processor.py:161} INFO - Started process (PID=1212) to work on /opt/airflow/dags/dag_prediction.py
[2025-12-16T13:27:08.521+0000] {processor.py:830} INFO - Processing file /opt/airflow/dags/dag_prediction.py for tasks to queue
[2025-12-16T13:27:08.523+0000] {logging_mixin.py:188} INFO - [2025-12-16T13:27:08.522+0000] {dagbag.py:545} INFO - Filling up the DagBag from /opt/airflow/dags/dag_prediction.py
[2025-12-16T13:27:08.778+0000] {processor.py:840} INFO - DAG(s) 'job_prediction_pipeline' retrieved from /opt/airflow/dags/dag_prediction.py
[2025-12-16T13:27:08.808+0000] {logging_mixin.py:188} INFO - [2025-12-16T13:27:08.807+0000] {dag.py:3089} INFO - Sync 1 DAGs
[2025-12-16T13:27:08.830+0000] {logging_mixin.py:188} INFO - [2025-12-16T13:27:08.830+0000] {dag.py:3947} INFO - Setting next_dagrun for job_prediction_pipeline to 2025-12-16 13:24:00+00:00, run_after=2025-12-16 13:26:00+00:00
[2025-12-16T13:27:08.849+0000] {processor.py:183} INFO - Processing /opt/airflow/dags/dag_prediction.py took 0.337 seconds
[2025-12-16T13:27:39.058+0000] {processor.py:161} INFO - Started process (PID=1236) to work on /opt/airflow/dags/dag_prediction.py
[2025-12-16T13:27:39.059+0000] {processor.py:830} INFO - Processing file /opt/airflow/dags/dag_prediction.py for tasks to queue
[2025-12-16T13:27:39.061+0000] {logging_mixin.py:188} INFO - [2025-12-16T13:27:39.061+0000] {dagbag.py:545} INFO - Filling up the DagBag from /opt/airflow/dags/dag_prediction.py
[2025-12-16T13:27:39.345+0000] {processor.py:840} INFO - DAG(s) 'job_prediction_pipeline' retrieved from /opt/airflow/dags/dag_prediction.py
[2025-12-16T13:27:39.376+0000] {logging_mixin.py:188} INFO - [2025-12-16T13:27:39.375+0000] {dag.py:3089} INFO - Sync 1 DAGs
[2025-12-16T13:27:39.401+0000] {logging_mixin.py:188} INFO - [2025-12-16T13:27:39.400+0000] {dag.py:3947} INFO - Setting next_dagrun for job_prediction_pipeline to 2025-12-16 13:24:00+00:00, run_after=2025-12-16 13:26:00+00:00
[2025-12-16T13:27:39.426+0000] {processor.py:183} INFO - Processing /opt/airflow/dags/dag_prediction.py took 0.375 seconds
[2025-12-16T13:28:09.490+0000] {processor.py:161} INFO - Started process (PID=1260) to work on /opt/airflow/dags/dag_prediction.py
[2025-12-16T13:28:09.491+0000] {processor.py:830} INFO - Processing file /opt/airflow/dags/dag_prediction.py for tasks to queue
[2025-12-16T13:28:09.493+0000] {logging_mixin.py:188} INFO - [2025-12-16T13:28:09.493+0000] {dagbag.py:545} INFO - Filling up the DagBag from /opt/airflow/dags/dag_prediction.py
[2025-12-16T13:28:09.765+0000] {processor.py:840} INFO - DAG(s) 'job_prediction_pipeline' retrieved from /opt/airflow/dags/dag_prediction.py
[2025-12-16T13:28:09.798+0000] {logging_mixin.py:188} INFO - [2025-12-16T13:28:09.798+0000] {dag.py:3089} INFO - Sync 1 DAGs
[2025-12-16T13:28:09.823+0000] {logging_mixin.py:188} INFO - [2025-12-16T13:28:09.823+0000] {dag.py:3947} INFO - Setting next_dagrun for job_prediction_pipeline to 2025-12-16 13:26:00+00:00, run_after=2025-12-16 13:28:00+00:00
[2025-12-16T13:28:09.849+0000] {processor.py:183} INFO - Processing /opt/airflow/dags/dag_prediction.py took 0.366 seconds
[2025-12-16T13:28:40.052+0000] {processor.py:161} INFO - Started process (PID=1284) to work on /opt/airflow/dags/dag_prediction.py
[2025-12-16T13:28:40.053+0000] {processor.py:830} INFO - Processing file /opt/airflow/dags/dag_prediction.py for tasks to queue
[2025-12-16T13:28:40.055+0000] {logging_mixin.py:188} INFO - [2025-12-16T13:28:40.055+0000] {dagbag.py:545} INFO - Filling up the DagBag from /opt/airflow/dags/dag_prediction.py
[2025-12-16T13:28:40.344+0000] {processor.py:840} INFO - DAG(s) 'job_prediction_pipeline' retrieved from /opt/airflow/dags/dag_prediction.py
[2025-12-16T13:28:40.377+0000] {logging_mixin.py:188} INFO - [2025-12-16T13:28:40.376+0000] {dag.py:3089} INFO - Sync 1 DAGs
[2025-12-16T13:28:40.399+0000] {logging_mixin.py:188} INFO - [2025-12-16T13:28:40.399+0000] {dag.py:3947} INFO - Setting next_dagrun for job_prediction_pipeline to 2025-12-16 13:26:00+00:00, run_after=2025-12-16 13:28:00+00:00
[2025-12-16T13:28:40.423+0000] {processor.py:183} INFO - Processing /opt/airflow/dags/dag_prediction.py took 0.378 seconds
[2025-12-16T13:29:10.652+0000] {processor.py:161} INFO - Started process (PID=1308) to work on /opt/airflow/dags/dag_prediction.py
[2025-12-16T13:29:10.654+0000] {processor.py:830} INFO - Processing file /opt/airflow/dags/dag_prediction.py for tasks to queue
[2025-12-16T13:29:10.655+0000] {logging_mixin.py:188} INFO - [2025-12-16T13:29:10.655+0000] {dagbag.py:545} INFO - Filling up the DagBag from /opt/airflow/dags/dag_prediction.py
[2025-12-16T13:29:11.099+0000] {processor.py:840} INFO - DAG(s) 'job_prediction_pipeline' retrieved from /opt/airflow/dags/dag_prediction.py
[2025-12-16T13:29:11.185+0000] {logging_mixin.py:188} INFO - [2025-12-16T13:29:11.183+0000] {dag.py:3089} INFO - Sync 1 DAGs
[2025-12-16T13:29:11.260+0000] {logging_mixin.py:188} INFO - [2025-12-16T13:29:11.259+0000] {dag.py:3947} INFO - Setting next_dagrun for job_prediction_pipeline to 2025-12-16 13:26:00+00:00, run_after=2025-12-16 13:28:00+00:00
[2025-12-16T13:29:11.321+0000] {processor.py:183} INFO - Processing /opt/airflow/dags/dag_prediction.py took 0.677 seconds
