[2025-11-29T08:42:04.769+0000] {local_task_job_runner.py:120} INFO - ::group::Pre task execution logs
[2025-11-29T08:42:04.845+0000] {taskinstance.py:2076} INFO - Dependencies all met for dep_context=non-requeueable deps ti=<TaskInstance: job_prediction_pipeline.make_predictions scheduled__2025-11-29T08:40:00+00:00 [queued]>
[2025-11-29T08:42:04.863+0000] {taskinstance.py:2076} INFO - Dependencies all met for dep_context=requeueable deps ti=<TaskInstance: job_prediction_pipeline.make_predictions scheduled__2025-11-29T08:40:00+00:00 [queued]>
[2025-11-29T08:42:04.865+0000] {taskinstance.py:2306} INFO - Starting attempt 1 of 1
[2025-11-29T08:42:04.894+0000] {taskinstance.py:2330} INFO - Executing <Task(_PythonDecoratedOperator): make_predictions> on 2025-11-29 08:40:00+00:00
[2025-11-29T08:42:04.912+0000] {standard_task_runner.py:64} INFO - Started process 14976 to run task
[2025-11-29T08:42:04.922+0000] {standard_task_runner.py:90} INFO - Running: ['***', 'tasks', 'run', 'job_prediction_pipeline', 'make_predictions', 'scheduled__2025-11-29T08:40:00+00:00', '--job-id', '1032', '--raw', '--subdir', 'DAGS_FOLDER/dag_prediction.py', '--cfg-path', '/tmp/tmp75o6_vwh']
[2025-11-29T08:42:04.931+0000] {standard_task_runner.py:91} INFO - Job 1032: Subtask make_predictions
[2025-11-29T08:42:05.115+0000] {task_command.py:426} INFO - Running <TaskInstance: job_prediction_pipeline.make_predictions scheduled__2025-11-29T08:40:00+00:00 [running]> on host 9e1c9e9647a7
[2025-11-29T08:42:05.706+0000] {taskinstance.py:2648} INFO - Exporting env vars: AIRFLOW_CTX_DAG_OWNER='***' AIRFLOW_CTX_DAG_ID='job_prediction_pipeline' AIRFLOW_CTX_TASK_ID='make_predictions' AIRFLOW_CTX_EXECUTION_DATE='2025-11-29T08:40:00+00:00' AIRFLOW_CTX_TRY_NUMBER='1' AIRFLOW_CTX_DAG_RUN_ID='scheduled__2025-11-29T08:40:00+00:00'
[2025-11-29T08:42:05.709+0000] {taskinstance.py:430} INFO - ::endgroup::
[2025-11-29T08:42:10.597+0000] {logging_mixin.py:188} INFO - ✔ Saved prediction file: /opt/***/data/predicted_files/job_part_0002_predicted.csv
[2025-11-29T08:42:15.192+0000] {logging_mixin.py:188} INFO - ✔ Saved prediction file: /opt/***/data/predicted_files/job_part_0010_predicted.csv
[2025-11-29T08:42:18.421+0000] {logging_mixin.py:188} INFO - ✔ Saved prediction file: /opt/***/data/predicted_files/job_part_0018_predicted.csv
[2025-11-29T08:42:18.435+0000] {python.py:237} INFO - Done. Returned value was: [{'file': 'job_part_0002.csv', 'status': 'ok', 'output': 'job_part_0002_predicted.csv'}, {'file': 'job_part_0010.csv', 'status': 'ok', 'output': 'job_part_0010_predicted.csv'}, {'file': 'job_part_0018.csv', 'status': 'ok', 'output': 'job_part_0018_predicted.csv'}]
[2025-11-29T08:42:18.437+0000] {taskinstance.py:441} INFO - ::group::Post task execution logs
[2025-11-29T08:42:18.510+0000] {taskinstance.py:1206} INFO - Marking task as SUCCESS. dag_id=job_prediction_pipeline, task_id=make_predictions, run_id=scheduled__2025-11-29T08:40:00+00:00, execution_date=20251129T084000, start_date=20251129T084204, end_date=20251129T084218
[2025-11-29T08:42:20.160+0000] {local_task_job_runner.py:243} INFO - Task exited with return code 0
[2025-11-29T08:42:20.200+0000] {taskinstance.py:3503} INFO - 0 downstream tasks scheduled from follow-on schedule check
[2025-11-29T08:42:20.207+0000] {local_task_job_runner.py:222} INFO - ::endgroup::
