[2025-11-14T16:04:03.213+0000] {local_task_job_runner.py:120} INFO - ::group::Pre task execution logs
[2025-11-14T16:04:03.298+0000] {taskinstance.py:2076} INFO - Dependencies all met for dep_context=non-requeueable deps ti=<TaskInstance: job_prediction_pipeline.check_for_new_data scheduled__2025-11-14T16:02:00+00:00 [queued]>
[2025-11-14T16:04:03.316+0000] {taskinstance.py:2076} INFO - Dependencies all met for dep_context=requeueable deps ti=<TaskInstance: job_prediction_pipeline.check_for_new_data scheduled__2025-11-14T16:02:00+00:00 [queued]>
[2025-11-14T16:04:03.317+0000] {taskinstance.py:2306} INFO - Starting attempt 1 of 1
[2025-11-14T16:04:03.352+0000] {taskinstance.py:2330} INFO - Executing <Task(BranchPythonOperator): check_for_new_data> on 2025-11-14 16:02:00+00:00
[2025-11-14T16:04:03.379+0000] {logging_mixin.py:188} WARNING - /home/***/.local/lib/python3.12/site-packages/***/task/task_runner/standard_task_runner.py:62 DeprecationWarning: This process (pid=459) is multi-threaded, use of fork() may lead to deadlocks in the child.
[2025-11-14T16:04:03.383+0000] {standard_task_runner.py:64} INFO - Started process 471 to run task
[2025-11-14T16:04:03.379+0000] {standard_task_runner.py:90} INFO - Running: ['***', 'tasks', 'run', 'job_prediction_pipeline', 'check_for_new_data', 'scheduled__2025-11-14T16:02:00+00:00', '--job-id', '130', '--raw', '--subdir', 'DAGS_FOLDER/dag_prediction.py', '--cfg-path', '/tmp/tmpejnd2nkt']
[2025-11-14T16:04:03.384+0000] {standard_task_runner.py:91} INFO - Job 130: Subtask check_for_new_data
[2025-11-14T16:04:03.529+0000] {task_command.py:426} INFO - Running <TaskInstance: job_prediction_pipeline.check_for_new_data scheduled__2025-11-14T16:02:00+00:00 [running]> on host 01f98b13abaa
[2025-11-14T16:04:04.375+0000] {taskinstance.py:2648} INFO - Exporting env vars: AIRFLOW_CTX_DAG_OWNER='***' AIRFLOW_CTX_DAG_ID='job_prediction_pipeline' AIRFLOW_CTX_TASK_ID='check_for_new_data' AIRFLOW_CTX_EXECUTION_DATE='2025-11-14T16:02:00+00:00' AIRFLOW_CTX_TRY_NUMBER='1' AIRFLOW_CTX_DAG_RUN_ID='scheduled__2025-11-14T16:02:00+00:00'
[2025-11-14T16:04:04.377+0000] {taskinstance.py:430} INFO - ::endgroup::
[2025-11-14T16:04:04.404+0000] {baseoperator.py:400} WARNING - BranchPythonOperator.execute cannot be called outside TaskInstance!
[2025-11-14T16:04:04.504+0000] {logging_mixin.py:188} INFO - New files found: ['job_missingcol_experience.csv', 'job_missingcol_gender.csv', 'job_part_001.csv', 'job_part_002.csv', 'job_part_003.csv', 'job_part_004.csv', 'job_part_005.csv', 'job_part_006.csv', 'job_part_007.csv', 'job_part_008.csv', 'job_part_009.csv', 'job_part_010.csv', 'job_part_011.csv', 'job_part_012.csv', 'job_part_013.csv', 'job_part_014.csv', 'job_part_015.csv']
[2025-11-14T16:04:04.511+0000] {python.py:237} INFO - Done. Returned value was: make_predictions
[2025-11-14T16:04:04.512+0000] {branch.py:36} INFO - Branch into make_predictions
[2025-11-14T16:04:04.513+0000] {skipmixin.py:178} INFO - Following branch make_predictions
[2025-11-14T16:04:04.582+0000] {skipmixin.py:246} INFO - Skipping tasks [('no_new_data', -1)]
[2025-11-14T16:04:04.714+0000] {taskinstance.py:441} INFO - ::group::Post task execution logs
[2025-11-14T16:04:04.763+0000] {taskinstance.py:1206} INFO - Marking task as SUCCESS. dag_id=job_prediction_pipeline, task_id=check_for_new_data, run_id=scheduled__2025-11-14T16:02:00+00:00, execution_date=20251114T160200, start_date=20251114T160403, end_date=20251114T160404
[2025-11-14T16:04:04.849+0000] {local_task_job_runner.py:243} INFO - Task exited with return code 0
[2025-11-14T16:04:04.908+0000] {taskinstance.py:3503} INFO - 1 downstream tasks scheduled from follow-on schedule check
[2025-11-14T16:04:04.915+0000] {local_task_job_runner.py:222} INFO - ::endgroup::
