[2025-11-27T19:51:42.448+0000] {local_task_job_runner.py:120} INFO - ::group::Pre task execution logs
[2025-11-27T19:51:42.493+0000] {taskinstance.py:2076} INFO - Dependencies all met for dep_context=non-requeueable deps ti=<TaskInstance: job_prediction_pipeline.make_predictions scheduled__2025-11-27T19:48:00+00:00 [queued]>
[2025-11-27T19:51:42.512+0000] {taskinstance.py:2076} INFO - Dependencies all met for dep_context=requeueable deps ti=<TaskInstance: job_prediction_pipeline.make_predictions scheduled__2025-11-27T19:48:00+00:00 [queued]>
[2025-11-27T19:51:42.514+0000] {taskinstance.py:2306} INFO - Starting attempt 1 of 1
[2025-11-27T19:51:42.538+0000] {taskinstance.py:2330} INFO - Executing <Task(_PythonDecoratedOperator): make_predictions> on 2025-11-27 19:48:00+00:00
[2025-11-27T19:51:42.553+0000] {standard_task_runner.py:64} INFO - Started process 453 to run task
[2025-11-27T19:51:42.559+0000] {standard_task_runner.py:90} INFO - Running: ['***', 'tasks', 'run', 'job_prediction_pipeline', 'make_predictions', 'scheduled__2025-11-27T19:48:00+00:00', '--job-id', '38', '--raw', '--subdir', 'DAGS_FOLDER/dag_prediction.py', '--cfg-path', '/tmp/tmpjq8hmnpe']
[2025-11-27T19:51:42.560+0000] {standard_task_runner.py:91} INFO - Job 38: Subtask make_predictions
[2025-11-27T19:51:42.664+0000] {task_command.py:426} INFO - Running <TaskInstance: job_prediction_pipeline.make_predictions scheduled__2025-11-27T19:48:00+00:00 [running]> on host e0996db533ea
[2025-11-27T19:51:42.800+0000] {taskinstance.py:2648} INFO - Exporting env vars: AIRFLOW_CTX_DAG_OWNER='***' AIRFLOW_CTX_DAG_ID='job_prediction_pipeline' AIRFLOW_CTX_TASK_ID='make_predictions' AIRFLOW_CTX_EXECUTION_DATE='2025-11-27T19:48:00+00:00' AIRFLOW_CTX_TRY_NUMBER='1' AIRFLOW_CTX_DAG_RUN_ID='scheduled__2025-11-27T19:48:00+00:00'
[2025-11-27T19:51:42.802+0000] {taskinstance.py:430} INFO - ::endgroup::
[2025-11-27T19:51:44.935+0000] {logging_mixin.py:188} INFO - ✔ Saved prediction file: /opt/***/data/predicted_files/job_part_0001_predicted.csv
[2025-11-27T19:51:47.807+0000] {logging_mixin.py:188} INFO - ✔ Saved prediction file: /opt/***/data/predicted_files/job_part_0002_predicted.csv
[2025-11-27T19:51:50.112+0000] {logging_mixin.py:188} INFO - ✔ Saved prediction file: /opt/***/data/predicted_files/job_part_0004_predicted.csv
[2025-11-27T19:51:52.272+0000] {logging_mixin.py:188} INFO - ✔ Saved prediction file: /opt/***/data/predicted_files/job_part_0005_predicted.csv
[2025-11-27T19:51:54.476+0000] {logging_mixin.py:188} INFO - ✔ Saved prediction file: /opt/***/data/predicted_files/job_part_0006_predicted.csv
[2025-11-27T19:51:57.500+0000] {logging_mixin.py:188} INFO - ✔ Saved prediction file: /opt/***/data/predicted_files/job_part_0007_predicted.csv
[2025-11-27T19:52:00.185+0000] {logging_mixin.py:188} INFO - ✔ Saved prediction file: /opt/***/data/predicted_files/job_part_0008_predicted.csv
[2025-11-27T19:52:02.745+0000] {logging_mixin.py:188} INFO - ✔ Saved prediction file: /opt/***/data/predicted_files/job_part_0010_predicted.csv
[2025-11-27T19:52:03.436+0000] {logging_mixin.py:188} INFO - ✔ Saved prediction file: /opt/***/data/predicted_files/job_part_0012_predicted.csv
[2025-11-27T19:52:07.740+0000] {logging_mixin.py:188} INFO - ✔ Saved prediction file: /opt/***/data/predicted_files/job_part_0014_predicted.csv
[2025-11-27T19:52:10.519+0000] {logging_mixin.py:188} INFO - ✔ Saved prediction file: /opt/***/data/predicted_files/job_part_0017_predicted.csv
[2025-11-27T19:52:13.500+0000] {logging_mixin.py:188} INFO - ✔ Saved prediction file: /opt/***/data/predicted_files/job_part_0018_predicted.csv
[2025-11-27T19:52:18.617+0000] {logging_mixin.py:188} INFO - ✔ Saved prediction file: /opt/***/data/predicted_files/job_part_0019_predicted.csv
[2025-11-27T19:52:22.080+0000] {logging_mixin.py:188} INFO - ✔ Saved prediction file: /opt/***/data/predicted_files/job_part_0020_predicted.csv
[2025-11-27T19:52:22.086+0000] {python.py:237} INFO - Done. Returned value was: [{'file': 'job_part_0001.csv', 'status': 'ok', 'output': 'job_part_0001_predicted.csv'}, {'file': 'job_part_0002.csv', 'status': 'ok', 'output': 'job_part_0002_predicted.csv'}, {'file': 'job_part_0004.csv', 'status': 'ok', 'output': 'job_part_0004_predicted.csv'}, {'file': 'job_part_0005.csv', 'status': 'ok', 'output': 'job_part_0005_predicted.csv'}, {'file': 'job_part_0006.csv', 'status': 'ok', 'output': 'job_part_0006_predicted.csv'}, {'file': 'job_part_0007.csv', 'status': 'ok', 'output': 'job_part_0007_predicted.csv'}, {'file': 'job_part_0008.csv', 'status': 'ok', 'output': 'job_part_0008_predicted.csv'}, {'file': 'job_part_0010.csv', 'status': 'ok', 'output': 'job_part_0010_predicted.csv'}, {'file': 'job_part_0012.csv', 'status': 'ok', 'output': 'job_part_0012_predicted.csv'}, {'file': 'job_part_0014.csv', 'status': 'ok', 'output': 'job_part_0014_predicted.csv'}, {'file': 'job_part_0017.csv', 'status': 'ok', 'output': 'job_part_0017_predicted.csv'}, {'file': 'job_part_0018.csv', 'status': 'ok', 'output': 'job_part_0018_predicted.csv'}, {'file': 'job_part_0019.csv', 'status': 'ok', 'output': 'job_part_0019_predicted.csv'}, {'file': 'job_part_0020.csv', 'status': 'ok', 'output': 'job_part_0020_predicted.csv'}]
[2025-11-27T19:52:22.087+0000] {taskinstance.py:441} INFO - ::group::Post task execution logs
[2025-11-27T19:52:22.130+0000] {taskinstance.py:1206} INFO - Marking task as SUCCESS. dag_id=job_prediction_pipeline, task_id=make_predictions, run_id=scheduled__2025-11-27T19:48:00+00:00, execution_date=20251127T194800, start_date=20251127T195142, end_date=20251127T195222
[2025-11-27T19:52:22.190+0000] {local_task_job_runner.py:243} INFO - Task exited with return code 0
[2025-11-27T19:52:22.228+0000] {taskinstance.py:3503} INFO - 0 downstream tasks scheduled from follow-on schedule check
[2025-11-27T19:52:22.232+0000] {local_task_job_runner.py:222} INFO - ::endgroup::
