[2025-11-14T15:44:10.273+0000] {local_task_job_runner.py:120} INFO - ::group::Pre task execution logs
[2025-11-14T15:44:10.384+0000] {taskinstance.py:2076} INFO - Dependencies all met for dep_context=non-requeueable deps ti=<TaskInstance: job_prediction_pipeline.check_for_new_data scheduled__2025-11-14T15:42:00+00:00 [queued]>
[2025-11-14T15:44:10.401+0000] {taskinstance.py:2076} INFO - Dependencies all met for dep_context=requeueable deps ti=<TaskInstance: job_prediction_pipeline.check_for_new_data scheduled__2025-11-14T15:42:00+00:00 [queued]>
[2025-11-14T15:44:10.403+0000] {taskinstance.py:2306} INFO - Starting attempt 1 of 1
[2025-11-14T15:44:10.431+0000] {taskinstance.py:2330} INFO - Executing <Task(BranchPythonOperator): check_for_new_data> on 2025-11-14 15:42:00+00:00
[2025-11-14T15:44:10.460+0000] {standard_task_runner.py:90} INFO - Running: ['***', 'tasks', 'run', 'job_prediction_pipeline', 'check_for_new_data', 'scheduled__2025-11-14T15:42:00+00:00', '--job-id', '48', '--raw', '--subdir', 'DAGS_FOLDER/dag_prediction.py', '--cfg-path', '/tmp/tmphhuxfs4r']
[2025-11-14T15:44:10.469+0000] {standard_task_runner.py:91} INFO - Job 48: Subtask check_for_new_data
[2025-11-14T15:44:10.470+0000] {logging_mixin.py:188} WARNING - /home/***/.local/lib/python3.12/site-packages/***/task/task_runner/standard_task_runner.py:62 DeprecationWarning: This process (pid=595) is multi-threaded, use of fork() may lead to deadlocks in the child.
[2025-11-14T15:44:10.472+0000] {standard_task_runner.py:64} INFO - Started process 600 to run task
[2025-11-14T15:44:10.622+0000] {task_command.py:426} INFO - Running <TaskInstance: job_prediction_pipeline.check_for_new_data scheduled__2025-11-14T15:42:00+00:00 [running]> on host 01f98b13abaa
[2025-11-14T15:44:11.290+0000] {taskinstance.py:2648} INFO - Exporting env vars: AIRFLOW_CTX_DAG_OWNER='***' AIRFLOW_CTX_DAG_ID='job_prediction_pipeline' AIRFLOW_CTX_TASK_ID='check_for_new_data' AIRFLOW_CTX_EXECUTION_DATE='2025-11-14T15:42:00+00:00' AIRFLOW_CTX_TRY_NUMBER='1' AIRFLOW_CTX_DAG_RUN_ID='scheduled__2025-11-14T15:42:00+00:00'
[2025-11-14T15:44:11.292+0000] {taskinstance.py:430} INFO - ::endgroup::
[2025-11-14T15:44:11.314+0000] {baseoperator.py:400} WARNING - BranchPythonOperator.execute cannot be called outside TaskInstance!
[2025-11-14T15:44:11.322+0000] {logging_mixin.py:188} INFO - New files found: ['job_missingcol_city.csv', 'job_part_008.csv', 'job_part_010.csv', 'job_part_013.csv', 'job_part_014.csv']
[2025-11-14T15:44:11.323+0000] {python.py:237} INFO - Done. Returned value was: make_predictions
[2025-11-14T15:44:11.324+0000] {branch.py:36} INFO - Branch into make_predictions
[2025-11-14T15:44:11.325+0000] {skipmixin.py:178} INFO - Following branch make_predictions
[2025-11-14T15:44:11.375+0000] {skipmixin.py:246} INFO - Skipping tasks [('no_new_data', -1)]
[2025-11-14T15:44:11.441+0000] {taskinstance.py:441} INFO - ::group::Post task execution logs
[2025-11-14T15:44:11.498+0000] {taskinstance.py:1206} INFO - Marking task as SUCCESS. dag_id=job_prediction_pipeline, task_id=check_for_new_data, run_id=scheduled__2025-11-14T15:42:00+00:00, execution_date=20251114T154200, start_date=20251114T154410, end_date=20251114T154411
[2025-11-14T15:44:11.612+0000] {local_task_job_runner.py:243} INFO - Task exited with return code 0
[2025-11-14T15:44:11.682+0000] {taskinstance.py:3503} INFO - 1 downstream tasks scheduled from follow-on schedule check
[2025-11-14T15:44:11.688+0000] {local_task_job_runner.py:222} INFO - ::endgroup::
