[2025-11-20T00:28:50.415+0000] {local_task_job_runner.py:120} INFO - ::group::Pre task execution logs
[2025-11-20T00:28:50.484+0000] {taskinstance.py:2076} INFO - Dependencies all met for dep_context=non-requeueable deps ti=<TaskInstance: job_ingestion_pipeline.split_and_store manual__2025-11-20T00:28:25.832543+00:00 [queued]>
[2025-11-20T00:28:50.502+0000] {taskinstance.py:2076} INFO - Dependencies all met for dep_context=requeueable deps ti=<TaskInstance: job_ingestion_pipeline.split_and_store manual__2025-11-20T00:28:25.832543+00:00 [queued]>
[2025-11-20T00:28:50.522+0000] {taskinstance.py:2306} INFO - Starting attempt 1 of 1
[2025-11-20T00:28:50.551+0000] {taskinstance.py:2330} INFO - Executing <Task(_PythonDecoratedOperator): split_and_store> on 2025-11-20 00:28:25.832543+00:00
[2025-11-20T00:28:50.578+0000] {standard_task_runner.py:64} INFO - Started process 408 to run task
[2025-11-20T00:28:50.587+0000] {standard_task_runner.py:90} INFO - Running: ['***', 'tasks', 'run', 'job_ingestion_pipeline', 'split_and_store', 'manual__2025-11-20T00:28:25.832543+00:00', '--job-id', '7', '--raw', '--subdir', 'DAGS_FOLDER/dag_ingestion.py', '--cfg-path', '/tmp/tmp_t5jqx5g']
[2025-11-20T00:28:50.590+0000] {standard_task_runner.py:91} INFO - Job 7: Subtask split_and_store
[2025-11-20T00:28:50.743+0000] {task_command.py:426} INFO - Running <TaskInstance: job_ingestion_pipeline.split_and_store manual__2025-11-20T00:28:25.832543+00:00 [running]> on host 0aa2db56ec30
[2025-11-20T00:28:51.011+0000] {taskinstance.py:2648} INFO - Exporting env vars: AIRFLOW_CTX_DAG_OWNER='***' AIRFLOW_CTX_DAG_ID='job_ingestion_pipeline' AIRFLOW_CTX_TASK_ID='split_and_store' AIRFLOW_CTX_EXECUTION_DATE='2025-11-20T00:28:25.832543+00:00' AIRFLOW_CTX_TRY_NUMBER='1' AIRFLOW_CTX_DAG_RUN_ID='manual__2025-11-20T00:28:25.832543+00:00'
[2025-11-20T00:28:51.013+0000] {taskinstance.py:430} INFO - ::endgroup::
[2025-11-20T00:28:51.016+0000] {taskinstance.py:441} INFO - ::group::Post task execution logs
[2025-11-20T00:28:51.018+0000] {taskinstance.py:2905} ERROR - Task failed with exception
Traceback (most recent call last):
  File "/home/airflow/.local/lib/python3.10/site-packages/airflow/models/taskinstance.py", line 465, in _execute_task
    result = _execute_callable(context=context, **execute_callable_kwargs)
  File "/home/airflow/.local/lib/python3.10/site-packages/airflow/models/taskinstance.py", line 432, in _execute_callable
    return execute_callable(context=context, **execute_callable_kwargs)
  File "/home/airflow/.local/lib/python3.10/site-packages/airflow/models/baseoperator.py", line 401, in wrapper
    return func(self, *args, **kwargs)
  File "/home/airflow/.local/lib/python3.10/site-packages/airflow/decorators/base.py", line 265, in execute
    return_value = super().execute(context)
  File "/home/airflow/.local/lib/python3.10/site-packages/airflow/models/baseoperator.py", line 401, in wrapper
    return func(self, *args, **kwargs)
  File "/home/airflow/.local/lib/python3.10/site-packages/airflow/operators/python.py", line 235, in execute
    return_value = self.execute_callable()
  File "/home/airflow/.local/lib/python3.10/site-packages/airflow/operators/python.py", line 252, in execute_callable
    return self.python_callable(*self.op_args, **self.op_kwargs)
  File "/opt/airflow/dags/dag_ingestion.py", line 71, in split_and_store
    file_path = info["file_path"]
KeyError: 'file_path'
[2025-11-20T00:28:51.045+0000] {taskinstance.py:1206} INFO - Marking task as FAILED. dag_id=job_ingestion_pipeline, task_id=split_and_store, run_id=manual__2025-11-20T00:28:25.832543+00:00, execution_date=20251120T002825, start_date=20251120T002850, end_date=20251120T002851
[2025-11-20T00:28:51.069+0000] {standard_task_runner.py:110} ERROR - Failed to execute job 7 for task split_and_store ('file_path'; 408)
[2025-11-20T00:28:51.140+0000] {local_task_job_runner.py:243} INFO - Task exited with return code 1
[2025-11-20T00:28:51.186+0000] {taskinstance.py:3503} INFO - 0 downstream tasks scheduled from follow-on schedule check
[2025-11-20T00:28:51.216+0000] {local_task_job_runner.py:222} INFO - ::endgroup::
