[2025-11-16T19:16:16.844+0000] {local_task_job_runner.py:120} INFO - ::group::Pre task execution logs
[2025-11-16T19:16:16.935+0000] {taskinstance.py:2076} INFO - Dependencies all met for dep_context=non-requeueable deps ti=<TaskInstance: job_ingestion_pipeline.send_alerts scheduled__2025-11-16T19:15:00+00:00 [queued]>
[2025-11-16T19:16:16.957+0000] {taskinstance.py:2076} INFO - Dependencies all met for dep_context=requeueable deps ti=<TaskInstance: job_ingestion_pipeline.send_alerts scheduled__2025-11-16T19:15:00+00:00 [queued]>
[2025-11-16T19:16:16.958+0000] {taskinstance.py:2306} INFO - Starting attempt 1 of 1
[2025-11-16T19:16:16.989+0000] {taskinstance.py:2330} INFO - Executing <Task(_PythonDecoratedOperator): send_alerts> on 2025-11-16 19:15:00+00:00
[2025-11-16T19:16:17.022+0000] {logging_mixin.py:188} WARNING - /home/***/.local/lib/python3.12/site-packages/***/task/task_runner/standard_task_runner.py:62 DeprecationWarning: This process (pid=563) is multi-threaded, use of fork() may lead to deadlocks in the child.
[2025-11-16T19:16:17.026+0000] {standard_task_runner.py:64} INFO - Started process 579 to run task
[2025-11-16T19:16:17.021+0000] {standard_task_runner.py:90} INFO - Running: ['***', 'tasks', 'run', 'job_ingestion_pipeline', 'send_alerts', 'scheduled__2025-11-16T19:15:00+00:00', '--job-id', '41', '--raw', '--subdir', 'DAGS_FOLDER/dag_ingestion.py', '--cfg-path', '/tmp/tmpxmp7c9pf']
[2025-11-16T19:16:17.029+0000] {standard_task_runner.py:91} INFO - Job 41: Subtask send_alerts
[2025-11-16T19:16:17.193+0000] {task_command.py:426} INFO - Running <TaskInstance: job_ingestion_pipeline.send_alerts scheduled__2025-11-16T19:15:00+00:00 [running]> on host 2446aed405f7
[2025-11-16T19:16:17.915+0000] {taskinstance.py:2648} INFO - Exporting env vars: AIRFLOW_CTX_DAG_OWNER='***' AIRFLOW_CTX_DAG_ID='job_ingestion_pipeline' AIRFLOW_CTX_TASK_ID='send_alerts' AIRFLOW_CTX_EXECUTION_DATE='2025-11-16T19:15:00+00:00' AIRFLOW_CTX_TRY_NUMBER='1' AIRFLOW_CTX_DAG_RUN_ID='scheduled__2025-11-16T19:15:00+00:00'
[2025-11-16T19:16:17.917+0000] {taskinstance.py:430} INFO - ::endgroup::
[2025-11-16T19:16:17.919+0000] {logging_mixin.py:188} INFO - 📣 Sending alert...
[2025-11-16T19:16:17.920+0000] {logging_mixin.py:188} INFO - {
  "file_path": "/opt/***/data/raw_data/job_part_007.csv",
  "errors": [
    "Missing column: age",
    "Missing column: salary",
    "Column gender has missing values",
    "Column city has missing values",
    "Column experience has missing values"
  ],
  "criticality": "medium",
  "valid": false
}
[2025-11-16T19:16:17.921+0000] {python.py:237} INFO - Done. Returned value was: None
[2025-11-16T19:16:17.923+0000] {taskinstance.py:441} INFO - ::group::Post task execution logs
[2025-11-16T19:16:17.948+0000] {taskinstance.py:1206} INFO - Marking task as SUCCESS. dag_id=job_ingestion_pipeline, task_id=send_alerts, run_id=scheduled__2025-11-16T19:15:00+00:00, execution_date=20251116T191500, start_date=20251116T191616, end_date=20251116T191617
[2025-11-16T19:16:18.047+0000] {local_task_job_runner.py:243} INFO - Task exited with return code 0
[2025-11-16T19:16:18.089+0000] {taskinstance.py:3503} INFO - 0 downstream tasks scheduled from follow-on schedule check
[2025-11-16T19:16:18.097+0000] {local_task_job_runner.py:222} INFO - ::endgroup::
