[2025-11-14T16:00:01.745+0000] {local_task_job_runner.py:120} INFO - ::group::Pre task execution logs
[2025-11-14T16:00:01.823+0000] {taskinstance.py:2076} INFO - Dependencies all met for dep_context=non-requeueable deps ti=<TaskInstance: job_prediction_pipeline.check_for_new_data manual__2025-11-14T15:59:59.685980+00:00 [queued]>
[2025-11-14T16:00:01.842+0000] {taskinstance.py:2076} INFO - Dependencies all met for dep_context=requeueable deps ti=<TaskInstance: job_prediction_pipeline.check_for_new_data manual__2025-11-14T15:59:59.685980+00:00 [queued]>
[2025-11-14T16:00:01.844+0000] {taskinstance.py:2306} INFO - Starting attempt 1 of 1
[2025-11-14T16:00:01.875+0000] {taskinstance.py:2330} INFO - Executing <Task(BranchPythonOperator): check_for_new_data> on 2025-11-14 15:59:59.685980+00:00
[2025-11-14T16:00:01.899+0000] {standard_task_runner.py:90} INFO - Running: ['***', 'tasks', 'run', 'job_prediction_pipeline', 'check_for_new_data', 'manual__2025-11-14T15:59:59.685980+00:00', '--job-id', '107', '--raw', '--subdir', 'DAGS_FOLDER/dag_prediction.py', '--cfg-path', '/tmp/tmp3su8s696']
[2025-11-14T16:00:01.905+0000] {logging_mixin.py:188} WARNING - /home/***/.local/lib/python3.12/site-packages/***/task/task_runner/standard_task_runner.py:62 DeprecationWarning: This process (pid=306) is multi-threaded, use of fork() may lead to deadlocks in the child.
[2025-11-14T16:00:01.906+0000] {standard_task_runner.py:91} INFO - Job 107: Subtask check_for_new_data
[2025-11-14T16:00:01.907+0000] {standard_task_runner.py:64} INFO - Started process 313 to run task
[2025-11-14T16:00:02.045+0000] {task_command.py:426} INFO - Running <TaskInstance: job_prediction_pipeline.check_for_new_data manual__2025-11-14T15:59:59.685980+00:00 [running]> on host 01f98b13abaa
[2025-11-14T16:00:02.801+0000] {taskinstance.py:2648} INFO - Exporting env vars: AIRFLOW_CTX_DAG_OWNER='***' AIRFLOW_CTX_DAG_ID='job_prediction_pipeline' AIRFLOW_CTX_TASK_ID='check_for_new_data' AIRFLOW_CTX_EXECUTION_DATE='2025-11-14T15:59:59.685980+00:00' AIRFLOW_CTX_TRY_NUMBER='1' AIRFLOW_CTX_DAG_RUN_ID='manual__2025-11-14T15:59:59.685980+00:00'
[2025-11-14T16:00:02.803+0000] {taskinstance.py:430} INFO - ::endgroup::
[2025-11-14T16:00:02.825+0000] {baseoperator.py:400} WARNING - BranchPythonOperator.execute cannot be called outside TaskInstance!
[2025-11-14T16:00:02.831+0000] {logging_mixin.py:188} INFO - New files found: ['job_missingcol_city.csv', 'job_missingcol_gender.csv', 'job_part_001.csv', 'job_part_003.csv', 'job_part_004.csv', 'job_part_005.csv', 'job_part_007.csv', 'job_part_008.csv', 'job_part_009.csv', 'job_part_010.csv', 'job_part_011.csv', 'job_part_012.csv', 'job_part_013.csv', 'job_part_014.csv', 'job_part_015.csv']
[2025-11-14T16:00:02.832+0000] {python.py:237} INFO - Done. Returned value was: make_predictions
[2025-11-14T16:00:02.833+0000] {branch.py:36} INFO - Branch into make_predictions
[2025-11-14T16:00:02.834+0000] {skipmixin.py:178} INFO - Following branch make_predictions
[2025-11-14T16:00:02.886+0000] {skipmixin.py:246} INFO - Skipping tasks [('no_new_data', -1)]
[2025-11-14T16:00:02.952+0000] {taskinstance.py:441} INFO - ::group::Post task execution logs
[2025-11-14T16:00:03.004+0000] {taskinstance.py:1206} INFO - Marking task as SUCCESS. dag_id=job_prediction_pipeline, task_id=check_for_new_data, run_id=manual__2025-11-14T15:59:59.685980+00:00, execution_date=20251114T155959, start_date=20251114T160001, end_date=20251114T160003
[2025-11-14T16:00:03.087+0000] {local_task_job_runner.py:243} INFO - Task exited with return code 0
[2025-11-14T16:00:03.146+0000] {taskinstance.py:3503} INFO - 1 downstream tasks scheduled from follow-on schedule check
[2025-11-14T16:00:03.151+0000] {local_task_job_runner.py:222} INFO - ::endgroup::
