[2025-11-17T15:40:01.801+0000] {local_task_job_runner.py:120} INFO - ::group::Pre task execution logs
[2025-11-17T15:40:01.839+0000] {taskinstance.py:2076} INFO - Dependencies all met for dep_context=non-requeueable deps ti=<TaskInstance: job_ingestion_pipeline.list_new_files scheduled__2025-11-17T15:30:00+00:00 [queued]>
[2025-11-17T15:40:01.846+0000] {taskinstance.py:2076} INFO - Dependencies all met for dep_context=requeueable deps ti=<TaskInstance: job_ingestion_pipeline.list_new_files scheduled__2025-11-17T15:30:00+00:00 [queued]>
[2025-11-17T15:40:01.847+0000] {taskinstance.py:2306} INFO - Starting attempt 1 of 2
[2025-11-17T15:40:01.860+0000] {taskinstance.py:2330} INFO - Executing <Task(_PythonDecoratedOperator): list_new_files> on 2025-11-17 15:30:00+00:00
[2025-11-17T15:40:01.875+0000] {logging_mixin.py:188} WARNING - /home/***/.local/lib/python3.12/site-packages/***/task/task_runner/standard_task_runner.py:62 DeprecationWarning: This process (pid=1786) is multi-threaded, use of fork() may lead to deadlocks in the child.
[2025-11-17T15:40:01.877+0000] {standard_task_runner.py:64} INFO - Started process 1814 to run task
[2025-11-17T15:40:01.875+0000] {standard_task_runner.py:90} INFO - Running: ['***', 'tasks', 'run', 'job_ingestion_pipeline', 'list_new_files', 'scheduled__2025-11-17T15:30:00+00:00', '--job-id', '98', '--raw', '--subdir', 'DAGS_FOLDER/dag_ingestion.py', '--cfg-path', '/tmp/tmpq97w4v3c']
[2025-11-17T15:40:01.878+0000] {standard_task_runner.py:91} INFO - Job 98: Subtask list_new_files
[2025-11-17T15:40:01.950+0000] {task_command.py:426} INFO - Running <TaskInstance: job_ingestion_pipeline.list_new_files scheduled__2025-11-17T15:30:00+00:00 [running]> on host 2921dde74235
[2025-11-17T15:40:02.048+0000] {taskinstance.py:2648} INFO - Exporting env vars: AIRFLOW_CTX_DAG_OWNER='***' AIRFLOW_CTX_DAG_ID='job_ingestion_pipeline' AIRFLOW_CTX_TASK_ID='list_new_files' AIRFLOW_CTX_EXECUTION_DATE='2025-11-17T15:30:00+00:00' AIRFLOW_CTX_TRY_NUMBER='1' AIRFLOW_CTX_DAG_RUN_ID='scheduled__2025-11-17T15:30:00+00:00'
[2025-11-17T15:40:02.049+0000] {taskinstance.py:430} INFO - ::endgroup::
[2025-11-17T15:40:02.050+0000] {logging_mixin.py:188} INFO - 📌 Checking raw folder: /opt/***/data/raw_data
[2025-11-17T15:40:02.052+0000] {logging_mixin.py:188} INFO - 📌 Found CSV files: ['/opt/***/data/raw_data/job_missingcol_city.csv', '/opt/***/data/raw_data/job_missingcol_experience.csv', '/opt/***/data/raw_data/job_part_001.csv', '/opt/***/data/raw_data/job_part_002.csv', '/opt/***/data/raw_data/job_part_003.csv', '/opt/***/data/raw_data/job_part_004.csv', '/opt/***/data/raw_data/job_part_005.csv', '/opt/***/data/raw_data/job_part_006.csv', '/opt/***/data/raw_data/job_part_007.csv', '/opt/***/data/raw_data/job_part_009.csv', '/opt/***/data/raw_data/job_part_011.csv', '/opt/***/data/raw_data/job_part_012.csv', '/opt/***/data/raw_data/job_part_014.csv', '/opt/***/data/raw_data/job_part_015.csv']
[2025-11-17T15:40:02.053+0000] {python.py:237} INFO - Done. Returned value was: ['/opt/***/data/raw_data/job_missingcol_city.csv', '/opt/***/data/raw_data/job_missingcol_experience.csv', '/opt/***/data/raw_data/job_part_001.csv', '/opt/***/data/raw_data/job_part_002.csv', '/opt/***/data/raw_data/job_part_003.csv', '/opt/***/data/raw_data/job_part_004.csv', '/opt/***/data/raw_data/job_part_005.csv', '/opt/***/data/raw_data/job_part_006.csv', '/opt/***/data/raw_data/job_part_007.csv', '/opt/***/data/raw_data/job_part_009.csv', '/opt/***/data/raw_data/job_part_011.csv', '/opt/***/data/raw_data/job_part_012.csv', '/opt/***/data/raw_data/job_part_014.csv', '/opt/***/data/raw_data/job_part_015.csv']
[2025-11-17T15:40:02.054+0000] {taskinstance.py:441} INFO - ::group::Post task execution logs
[2025-11-17T15:40:02.091+0000] {taskinstance.py:1206} INFO - Marking task as SUCCESS. dag_id=job_ingestion_pipeline, task_id=list_new_files, run_id=scheduled__2025-11-17T15:30:00+00:00, execution_date=20251117T153000, start_date=20251117T154001, end_date=20251117T154002
[2025-11-17T15:40:02.136+0000] {local_task_job_runner.py:243} INFO - Task exited with return code 0
[2025-11-17T15:40:02.247+0000] {taskinstance.py:3503} INFO - 14 downstream tasks scheduled from follow-on schedule check
[2025-11-17T15:40:02.254+0000] {local_task_job_runner.py:222} INFO - ::endgroup::
