[2025-11-16T19:11:26.099+0000] {local_task_job_runner.py:120} INFO - ::group::Pre task execution logs
[2025-11-16T19:11:26.290+0000] {taskinstance.py:2076} INFO - Dependencies all met for dep_context=non-requeueable deps ti=<TaskInstance: job_ingestion_pipeline.send_alerts scheduled__2025-11-16T19:09:00+00:00 [queued]>
[2025-11-16T19:11:26.365+0000] {taskinstance.py:2076} INFO - Dependencies all met for dep_context=requeueable deps ti=<TaskInstance: job_ingestion_pipeline.send_alerts scheduled__2025-11-16T19:09:00+00:00 [queued]>
[2025-11-16T19:11:26.372+0000] {taskinstance.py:2306} INFO - Starting attempt 1 of 1
[2025-11-16T19:11:26.528+0000] {taskinstance.py:2330} INFO - Executing <Task(_PythonDecoratedOperator): send_alerts> on 2025-11-16 19:09:00+00:00
[2025-11-16T19:11:26.588+0000] {standard_task_runner.py:90} INFO - Running: ['***', 'tasks', 'run', 'job_ingestion_pipeline', 'send_alerts', 'scheduled__2025-11-16T19:09:00+00:00', '--job-id', '9', '--raw', '--subdir', 'DAGS_FOLDER/dag_ingestion.py', '--cfg-path', '/tmp/tmpygsogi37']
[2025-11-16T19:11:26.626+0000] {standard_task_runner.py:91} INFO - Job 9: Subtask send_alerts
[2025-11-16T19:11:26.619+0000] {logging_mixin.py:188} WARNING - /home/***/.local/lib/python3.12/site-packages/***/task/task_runner/standard_task_runner.py:62 DeprecationWarning: This process (pid=304) is multi-threaded, use of fork() may lead to deadlocks in the child.
[2025-11-16T19:11:26.661+0000] {standard_task_runner.py:64} INFO - Started process 321 to run task
[2025-11-16T19:11:27.050+0000] {task_command.py:426} INFO - Running <TaskInstance: job_ingestion_pipeline.send_alerts scheduled__2025-11-16T19:09:00+00:00 [running]> on host 2446aed405f7
[2025-11-16T19:11:28.435+0000] {taskinstance.py:2648} INFO - Exporting env vars: AIRFLOW_CTX_DAG_OWNER='***' AIRFLOW_CTX_DAG_ID='job_ingestion_pipeline' AIRFLOW_CTX_TASK_ID='send_alerts' AIRFLOW_CTX_EXECUTION_DATE='2025-11-16T19:09:00+00:00' AIRFLOW_CTX_TRY_NUMBER='1' AIRFLOW_CTX_DAG_RUN_ID='scheduled__2025-11-16T19:09:00+00:00'
[2025-11-16T19:11:28.437+0000] {taskinstance.py:430} INFO - ::endgroup::
[2025-11-16T19:11:28.439+0000] {logging_mixin.py:188} INFO - 📣 Sending alert...
[2025-11-16T19:11:28.440+0000] {logging_mixin.py:188} INFO - {
  "file_path": "/opt/***/data/raw_data/job_missingcol_city.csv",
  "errors": [
    "Missing column: age",
    "Missing column: city",
    "Missing column: salary",
    "Column gender has missing values",
    "Column experience has missing values"
  ],
  "criticality": "medium",
  "valid": false
}
[2025-11-16T19:11:28.441+0000] {python.py:237} INFO - Done. Returned value was: None
[2025-11-16T19:11:28.442+0000] {taskinstance.py:441} INFO - ::group::Post task execution logs
[2025-11-16T19:11:28.473+0000] {taskinstance.py:1206} INFO - Marking task as SUCCESS. dag_id=job_ingestion_pipeline, task_id=send_alerts, run_id=scheduled__2025-11-16T19:09:00+00:00, execution_date=20251116T190900, start_date=20251116T191126, end_date=20251116T191128
[2025-11-16T19:11:28.602+0000] {local_task_job_runner.py:243} INFO - Task exited with return code 0
[2025-11-16T19:11:28.666+0000] {taskinstance.py:3503} INFO - 0 downstream tasks scheduled from follow-on schedule check
[2025-11-16T19:11:28.677+0000] {local_task_job_runner.py:222} INFO - ::endgroup::
