[2025-11-14T16:02:05.334+0000] {local_task_job_runner.py:120} INFO - ::group::Pre task execution logs
[2025-11-14T16:02:05.425+0000] {taskinstance.py:2076} INFO - Dependencies all met for dep_context=non-requeueable deps ti=<TaskInstance: job_prediction_pipeline.make_predictions scheduled__2025-11-14T16:00:00+00:00 [queued]>
[2025-11-14T16:02:05.447+0000] {taskinstance.py:2076} INFO - Dependencies all met for dep_context=requeueable deps ti=<TaskInstance: job_prediction_pipeline.make_predictions scheduled__2025-11-14T16:00:00+00:00 [queued]>
[2025-11-14T16:02:05.453+0000] {taskinstance.py:2306} INFO - Starting attempt 1 of 1
[2025-11-14T16:02:05.483+0000] {taskinstance.py:2330} INFO - Executing <Task(PythonOperator): make_predictions> on 2025-11-14 16:00:00+00:00
[2025-11-14T16:02:05.506+0000] {standard_task_runner.py:90} INFO - Running: ['***', 'tasks', 'run', 'job_prediction_pipeline', 'make_predictions', 'scheduled__2025-11-14T16:00:00+00:00', '--job-id', '124', '--raw', '--subdir', 'DAGS_FOLDER/dag_prediction.py', '--cfg-path', '/tmp/tmp4h4cr_u6']
[2025-11-14T16:02:05.514+0000] {standard_task_runner.py:91} INFO - Job 124: Subtask make_predictions
[2025-11-14T16:02:05.515+0000] {logging_mixin.py:188} WARNING - /home/***/.local/lib/python3.12/site-packages/***/task/task_runner/standard_task_runner.py:62 DeprecationWarning: This process (pid=405) is multi-threaded, use of fork() may lead to deadlocks in the child.
[2025-11-14T16:02:05.517+0000] {standard_task_runner.py:64} INFO - Started process 409 to run task
[2025-11-14T16:02:05.674+0000] {task_command.py:426} INFO - Running <TaskInstance: job_prediction_pipeline.make_predictions scheduled__2025-11-14T16:00:00+00:00 [running]> on host 01f98b13abaa
[2025-11-14T16:02:06.338+0000] {taskinstance.py:2648} INFO - Exporting env vars: AIRFLOW_CTX_DAG_OWNER='***' AIRFLOW_CTX_DAG_ID='job_prediction_pipeline' AIRFLOW_CTX_TASK_ID='make_predictions' AIRFLOW_CTX_EXECUTION_DATE='2025-11-14T16:00:00+00:00' AIRFLOW_CTX_TRY_NUMBER='1' AIRFLOW_CTX_DAG_RUN_ID='scheduled__2025-11-14T16:00:00+00:00'
[2025-11-14T16:02:06.341+0000] {taskinstance.py:430} INFO - ::endgroup::
[2025-11-14T16:02:06.379+0000] {logging_mixin.py:188} INFO - Processing file: job_missingcol_city.csv
[2025-11-14T16:02:06.505+0000] {logging_mixin.py:188} INFO - Sending batch 0-500 (size=500) to API...
[2025-11-14T16:02:14.477+0000] {logging_mixin.py:188} INFO - API status: 200
[2025-11-14T16:02:14.478+0000] {logging_mixin.py:188} INFO - API response (first 300 chars): {"predictions":[{"prediction":0,"probability":0.04},{"prediction":0,"probability":0.415},{"prediction":0,"probability":0.02},{"prediction":0,"probability":0.075},{"prediction":0,"probability":0.295},{"prediction":0,"probability":0.285},{"prediction":0,"probability":0.035},{"prediction":0,"probabilit
[2025-11-14T16:02:14.487+0000] {logging_mixin.py:188} INFO - Sending batch 500-1000 (size=500) to API...
[2025-11-14T16:02:20.147+0000] {logging_mixin.py:188} INFO - API status: 200
[2025-11-14T16:02:20.149+0000] {logging_mixin.py:188} INFO - API response (first 300 chars): {"predictions":[{"prediction":0,"probability":0.085},{"prediction":0,"probability":0.035},{"prediction":0,"probability":0.385},{"prediction":0,"probability":0.065},{"prediction":0,"probability":0.075},{"prediction":0,"probability":0.11},{"prediction":0,"probability":0.025},{"prediction":0,"probabili
[2025-11-14T16:02:20.164+0000] {logging_mixin.py:188} INFO - Sending batch 1000-1500 (size=500) to API...
[2025-11-14T16:02:25.312+0000] {logging_mixin.py:188} INFO - API status: 200
[2025-11-14T16:02:25.314+0000] {logging_mixin.py:188} INFO - API response (first 300 chars): {"predictions":[{"prediction":0,"probability":0.07},{"prediction":0,"probability":0.065},{"prediction":0,"probability":0.155},{"prediction":0,"probability":0.45},{"prediction":0,"probability":0.225},{"prediction":0,"probability":0.19},{"prediction":0,"probability":0.025},{"prediction":0,"probability
[2025-11-14T16:02:25.332+0000] {logging_mixin.py:188} INFO - Sending batch 1500-2000 (size=500) to API...
[2025-11-14T16:02:32.307+0000] {logging_mixin.py:188} INFO - API status: 200
[2025-11-14T16:02:32.309+0000] {logging_mixin.py:188} INFO - API response (first 300 chars): {"predictions":[{"prediction":0,"probability":0.09},{"prediction":0,"probability":0.08},{"prediction":1,"probability":0.765},{"prediction":0,"probability":0.09},{"prediction":0,"probability":0.4483372009375073},{"prediction":0,"probability":0.01},{"prediction":0,"probability":0.235},{"prediction":0,
[2025-11-14T16:02:32.325+0000] {logging_mixin.py:188} INFO - Sending batch 2000-2500 (size=500) to API...
[2025-11-14T16:02:37.549+0000] {logging_mixin.py:188} INFO - API status: 200
[2025-11-14T16:02:37.550+0000] {logging_mixin.py:188} INFO - API response (first 300 chars): {"predictions":[{"prediction":1,"probability":0.735},{"prediction":0,"probability":0.045},{"prediction":0,"probability":0.08},{"prediction":0,"probability":0.085},{"prediction":0,"probability":0.07},{"prediction":1,"probability":0.51},{"prediction":0,"probability":0.065},{"prediction":0,"probability
[2025-11-14T16:02:37.558+0000] {logging_mixin.py:188} INFO - Sending batch 2500-3000 (size=500) to API...
[2025-11-14T16:02:42.952+0000] {logging_mixin.py:188} INFO - API status: 200
[2025-11-14T16:02:42.953+0000] {logging_mixin.py:188} INFO - API response (first 300 chars): {"predictions":[{"prediction":0,"probability":0.415},{"prediction":0,"probability":0.06},{"prediction":0,"probability":0.11},{"prediction":1,"probability":0.54},{"prediction":0,"probability":0.475},{"prediction":0,"probability":0.065},{"prediction":0,"probability":0.015},{"prediction":0,"probability
[2025-11-14T16:02:42.963+0000] {logging_mixin.py:188} INFO - Sending batch 3000-3500 (size=500) to API...
[2025-11-14T16:02:46.855+0000] {logging_mixin.py:188} INFO - API status: 200
[2025-11-14T16:02:46.857+0000] {logging_mixin.py:188} INFO - API response (first 300 chars): {"predictions":[{"prediction":1,"probability":0.605},{"prediction":0,"probability":0.275},{"prediction":0,"probability":0.01},{"prediction":0,"probability":0.105},{"prediction":0,"probability":0.06},{"prediction":0,"probability":0.345},{"prediction":0,"probability":0.24},{"prediction":0,"probability
[2025-11-14T16:02:46.866+0000] {logging_mixin.py:188} INFO - Sending batch 3500-4000 (size=500) to API...
[2025-11-14T16:02:50.925+0000] {logging_mixin.py:188} INFO - API status: 200
[2025-11-14T16:02:50.926+0000] {logging_mixin.py:188} INFO - API response (first 300 chars): {"predictions":[{"prediction":0,"probability":0.46428784400250456},{"prediction":0,"probability":0.43},{"prediction":0,"probability":0.04},{"prediction":0,"probability":0.05},{"prediction":0,"probability":0.06},{"prediction":0,"probability":0.055},{"prediction":0,"probability":0.055},{"prediction":0
[2025-11-14T16:02:50.935+0000] {logging_mixin.py:188} INFO - Sending batch 4000-4500 (size=500) to API...
[2025-11-14T16:02:55.042+0000] {logging_mixin.py:188} INFO - API status: 200
[2025-11-14T16:02:55.043+0000] {logging_mixin.py:188} INFO - API response (first 300 chars): {"predictions":[{"prediction":0,"probability":0.03},{"prediction":0,"probability":0.065},{"prediction":0,"probability":0.145},{"prediction":0,"probability":0.21},{"prediction":0,"probability":0.125},{"prediction":0,"probability":0.09},{"prediction":0,"probability":0.16},{"prediction":0,"probability"
[2025-11-14T16:02:55.051+0000] {logging_mixin.py:188} INFO - Sending batch 4500-5000 (size=500) to API...
[2025-11-14T16:03:00.108+0000] {logging_mixin.py:188} INFO - API status: 200
[2025-11-14T16:03:00.109+0000] {logging_mixin.py:188} INFO - API response (first 300 chars): {"predictions":[{"prediction":0,"probability":0.03},{"prediction":0,"probability":0.465},{"prediction":0,"probability":0.18},{"prediction":0,"probability":0.02},{"prediction":0,"probability":0.04},{"prediction":0,"probability":0.03},{"prediction":0,"probability":0.045},{"prediction":0,"probability":
[2025-11-14T16:03:00.118+0000] {logging_mixin.py:188} INFO - Sending batch 5000-5500 (size=500) to API...
[2025-11-14T16:03:04.255+0000] {logging_mixin.py:188} INFO - API status: 200
[2025-11-14T16:03:04.256+0000] {logging_mixin.py:188} INFO - API response (first 300 chars): {"predictions":[{"prediction":0,"probability":0.495},{"prediction":0,"probability":0.09},{"prediction":0,"probability":0.205},{"prediction":0,"probability":0.07},{"prediction":0,"probability":0.005},{"prediction":0,"probability":0.315},{"prediction":0,"probability":0.08},{"prediction":0,"probability
[2025-11-14T16:03:04.264+0000] {logging_mixin.py:188} INFO - Sending batch 5500-6000 (size=500) to API...
[2025-11-14T16:03:07.879+0000] {logging_mixin.py:188} INFO - API status: 200
[2025-11-14T16:03:07.880+0000] {logging_mixin.py:188} INFO - API response (first 300 chars): {"predictions":[{"prediction":0,"probability":0.275},{"prediction":0,"probability":0.06},{"prediction":0,"probability":0.11},{"prediction":0,"probability":0.04},{"prediction":0,"probability":0.045},{"prediction":0,"probability":0.285},{"prediction":0,"probability":0.22},{"prediction":0,"probability"
[2025-11-14T16:03:07.890+0000] {logging_mixin.py:188} INFO - Sending batch 6000-6500 (size=500) to API...
[2025-11-14T16:03:12.615+0000] {logging_mixin.py:188} INFO - API status: 200
[2025-11-14T16:03:12.617+0000] {logging_mixin.py:188} INFO - API response (first 300 chars): {"predictions":[{"prediction":0,"probability":0.46},{"prediction":0,"probability":0.115},{"prediction":0,"probability":0.295},{"prediction":0,"probability":0.005},{"prediction":0,"probability":0.02},{"prediction":0,"probability":0.47},{"prediction":0,"probability":0.485},{"prediction":0,"probability
[2025-11-14T16:03:12.625+0000] {logging_mixin.py:188} INFO - Sending batch 6500-7000 (size=500) to API...
[2025-11-14T16:03:16.157+0000] {logging_mixin.py:188} INFO - API status: 200
[2025-11-14T16:03:16.158+0000] {logging_mixin.py:188} INFO - API response (first 300 chars): {"predictions":[{"prediction":0,"probability":0.315},{"prediction":0,"probability":0.065},{"prediction":0,"probability":0.08},{"prediction":0,"probability":0.18},{"prediction":0,"probability":0.43},{"prediction":1,"probability":0.525},{"prediction":0,"probability":0.08},{"prediction":0,"probability"
[2025-11-14T16:03:16.167+0000] {logging_mixin.py:188} INFO - Sending batch 7000-7500 (size=500) to API...
[2025-11-14T16:03:19.840+0000] {logging_mixin.py:188} INFO - API status: 200
[2025-11-14T16:03:19.841+0000] {logging_mixin.py:188} INFO - API response (first 300 chars): {"predictions":[{"prediction":0,"probability":0.11},{"prediction":1,"probability":0.5},{"prediction":0,"probability":0.085},{"prediction":0,"probability":0.255},{"prediction":0,"probability":0.295},{"prediction":0,"probability":0.0},{"prediction":0,"probability":0.295},{"prediction":0,"probability":
[2025-11-14T16:03:19.859+0000] {logging_mixin.py:188} INFO - Sending batch 7500-8000 (size=500) to API...
[2025-11-14T16:03:23.905+0000] {logging_mixin.py:188} INFO - API status: 200
[2025-11-14T16:03:23.907+0000] {logging_mixin.py:188} INFO - API response (first 300 chars): {"predictions":[{"prediction":0,"probability":0.19},{"prediction":0,"probability":0.375},{"prediction":0,"probability":0.29},{"prediction":0,"probability":0.055},{"prediction":0,"probability":0.135},{"prediction":0,"probability":0.145},{"prediction":0,"probability":0.2230041779820347},{"prediction":
[2025-11-14T16:03:23.915+0000] {logging_mixin.py:188} INFO - Sending batch 8000-8500 (size=500) to API...
[2025-11-14T16:03:27.525+0000] {logging_mixin.py:188} INFO - API status: 200
[2025-11-14T16:03:27.526+0000] {logging_mixin.py:188} INFO - API response (first 300 chars): {"predictions":[{"prediction":0,"probability":0.085},{"prediction":0,"probability":0.2},{"prediction":0,"probability":0.04},{"prediction":0,"probability":0.12},{"prediction":0,"probability":0.15},{"prediction":0,"probability":0.01},{"prediction":0,"probability":0.045},{"prediction":0,"probability":0
[2025-11-14T16:03:27.534+0000] {logging_mixin.py:188} INFO - Sending batch 8500-9000 (size=500) to API...
[2025-11-14T16:03:32.877+0000] {logging_mixin.py:188} INFO - API status: 200
[2025-11-14T16:03:32.878+0000] {logging_mixin.py:188} INFO - API response (first 300 chars): {"predictions":[{"prediction":0,"probability":0.185},{"prediction":0,"probability":0.47},{"prediction":0,"probability":0.05},{"prediction":0,"probability":0.03},{"prediction":0,"probability":0.245},{"prediction":0,"probability":0.035},{"prediction":0,"probability":0.08},{"prediction":0,"probability"
[2025-11-14T16:03:32.887+0000] {logging_mixin.py:188} INFO - Sending batch 9000-9500 (size=500) to API...
[2025-11-14T16:03:36.756+0000] {logging_mixin.py:188} INFO - API status: 200
[2025-11-14T16:03:36.758+0000] {logging_mixin.py:188} INFO - API response (first 300 chars): {"predictions":[{"prediction":0,"probability":0.445},{"prediction":0,"probability":0.05},{"prediction":0,"probability":0.035},{"prediction":0,"probability":0.105},{"prediction":0,"probability":0.43},{"prediction":0,"probability":0.09},{"prediction":0,"probability":0.17},{"prediction":0,"probability"
[2025-11-14T16:03:36.767+0000] {logging_mixin.py:188} INFO - Sending batch 9500-10000 (size=500) to API...
[2025-11-14T16:03:40.780+0000] {logging_mixin.py:188} INFO - API status: 200
[2025-11-14T16:03:40.781+0000] {logging_mixin.py:188} INFO - API response (first 300 chars): {"predictions":[{"prediction":0,"probability":0.075},{"prediction":0,"probability":0.07},{"prediction":0,"probability":0.31},{"prediction":0,"probability":0.025},{"prediction":0,"probability":0.055},{"prediction":0,"probability":0.175},{"prediction":0,"probability":0.05},{"prediction":0,"probability
[2025-11-14T16:03:40.791+0000] {logging_mixin.py:188} INFO - Sending batch 10000-10500 (size=500) to API...
[2025-11-14T16:03:44.730+0000] {logging_mixin.py:188} INFO - API status: 200
[2025-11-14T16:03:44.731+0000] {logging_mixin.py:188} INFO - API response (first 300 chars): {"predictions":[{"prediction":0,"probability":0.04},{"prediction":0,"probability":0.07},{"prediction":0,"probability":0.41},{"prediction":0,"probability":0.095},{"prediction":0,"probability":0.065},{"prediction":0,"probability":0.04300417798203467},{"prediction":0,"probability":0.055},{"prediction":
[2025-11-14T16:03:44.742+0000] {logging_mixin.py:188} INFO - Sending batch 10500-11000 (size=500) to API...
[2025-11-14T16:03:48.687+0000] {logging_mixin.py:188} INFO - API status: 200
[2025-11-14T16:03:48.688+0000] {logging_mixin.py:188} INFO - API response (first 300 chars): {"predictions":[{"prediction":0,"probability":0.38},{"prediction":0,"probability":0.06},{"prediction":0,"probability":0.035},{"prediction":0,"probability":0.03},{"prediction":0,"probability":0.03},{"prediction":0,"probability":0.035},{"prediction":0,"probability":0.45},{"prediction":0,"probability":
[2025-11-14T16:03:48.696+0000] {logging_mixin.py:188} INFO - Sending batch 11000-11500 (size=500) to API...
[2025-11-14T16:03:52.621+0000] {logging_mixin.py:188} INFO - API status: 200
[2025-11-14T16:03:52.622+0000] {logging_mixin.py:188} INFO - API response (first 300 chars): {"predictions":[{"prediction":1,"probability":0.645},{"prediction":0,"probability":0.015},{"prediction":0,"probability":0.29},{"prediction":0,"probability":0.055},{"prediction":0,"probability":0.01},{"prediction":0,"probability":0.145},{"prediction":0,"probability":0.025},{"prediction":0,"probabilit
[2025-11-14T16:03:52.630+0000] {logging_mixin.py:188} INFO - Sending batch 11500-12000 (size=500) to API...
[2025-11-14T16:03:56.219+0000] {logging_mixin.py:188} INFO - API status: 200
[2025-11-14T16:03:56.220+0000] {logging_mixin.py:188} INFO - API response (first 300 chars): {"predictions":[{"prediction":0,"probability":0.065},{"prediction":0,"probability":0.1},{"prediction":0,"probability":0.255},{"prediction":0,"probability":0.045},{"prediction":0,"probability":0.025},{"prediction":0,"probability":0.185},{"prediction":0,"probability":0.11},{"prediction":0,"probability
[2025-11-14T16:03:56.228+0000] {logging_mixin.py:188} INFO - Sending batch 12000-12500 (size=500) to API...
[2025-11-14T16:03:59.933+0000] {logging_mixin.py:188} INFO - API status: 200
[2025-11-14T16:03:59.938+0000] {logging_mixin.py:188} INFO - API response (first 300 chars): {"predictions":[{"prediction":0,"probability":0.02},{"prediction":0,"probability":0.265},{"prediction":0,"probability":0.145},{"prediction":0,"probability":0.03},{"prediction":0,"probability":0.17},{"prediction":0,"probability":0.17},{"prediction":0,"probability":0.05},{"prediction":0,"probability":
[2025-11-14T16:03:59.959+0000] {logging_mixin.py:188} INFO - Sending batch 12500-13000 (size=500) to API...
[2025-11-14T16:04:04.915+0000] {logging_mixin.py:188} INFO - API status: 200
[2025-11-14T16:04:04.917+0000] {logging_mixin.py:188} INFO - API response (first 300 chars): {"predictions":[{"prediction":0,"probability":0.015},{"prediction":0,"probability":0.02},{"prediction":0,"probability":0.055},{"prediction":0,"probability":0.32},{"prediction":0,"probability":0.08},{"prediction":0,"probability":0.09},{"prediction":0,"probability":0.145},{"prediction":0,"probability"
[2025-11-14T16:04:04.927+0000] {logging_mixin.py:188} INFO - Sending batch 13000-13500 (size=500) to API...
[2025-11-14T16:04:08.727+0000] {logging_mixin.py:188} INFO - API status: 200
[2025-11-14T16:04:08.728+0000] {logging_mixin.py:188} INFO - API response (first 300 chars): {"predictions":[{"prediction":0,"probability":0.03},{"prediction":0,"probability":0.04800417798203467},{"prediction":0,"probability":0.07},{"prediction":0,"probability":0.025},{"prediction":0,"probability":0.025},{"prediction":0,"probability":0.025},{"prediction":0,"probability":0.085},{"prediction"
[2025-11-14T16:04:08.739+0000] {logging_mixin.py:188} INFO - Sending batch 13500-14000 (size=500) to API...
[2025-11-14T16:04:13.915+0000] {logging_mixin.py:188} INFO - API status: 200
[2025-11-14T16:04:13.916+0000] {logging_mixin.py:188} INFO - API response (first 300 chars): {"predictions":[{"prediction":0,"probability":0.095},{"prediction":0,"probability":0.035},{"prediction":0,"probability":0.12875326234471238},{"prediction":0,"probability":0.05},{"prediction":0,"probability":0.06},{"prediction":0,"probability":0.1},{"prediction":0,"probability":0.025},{"prediction":0
[2025-11-14T16:04:13.927+0000] {logging_mixin.py:188} INFO - Sending batch 14000-14500 (size=500) to API...
[2025-11-14T16:04:17.798+0000] {logging_mixin.py:188} INFO - API status: 200
[2025-11-14T16:04:17.799+0000] {logging_mixin.py:188} INFO - API response (first 300 chars): {"predictions":[{"prediction":1,"probability":0.5},{"prediction":0,"probability":0.075},{"prediction":0,"probability":0.4},{"prediction":0,"probability":0.06},{"prediction":0,"probability":0.14},{"prediction":0,"probability":0.235},{"prediction":0,"probability":0.03},{"prediction":0,"probability":0.
[2025-11-14T16:04:17.805+0000] {logging_mixin.py:188} INFO - Sending batch 14500-15000 (size=150) to API...
[2025-11-14T16:04:21.792+0000] {logging_mixin.py:188} INFO - API status: 200
[2025-11-14T16:04:21.793+0000] {logging_mixin.py:188} INFO - API response (first 300 chars): {"predictions":[{"prediction":0,"probability":0.025},{"prediction":0,"probability":0.015},{"prediction":0,"probability":0.045},{"prediction":0,"probability":0.19},{"prediction":0,"probability":0.04},{"prediction":0,"probability":0.395},{"prediction":1,"probability":0.605},{"prediction":0,"probabilit
[2025-11-14T16:04:21.806+0000] {logging_mixin.py:188} INFO - Completed predictions for: job_missingcol_city.csv
[2025-11-14T16:04:21.809+0000] {python.py:237} INFO - Done. Returned value was: None
[2025-11-14T16:04:21.810+0000] {taskinstance.py:441} INFO - ::group::Post task execution logs
[2025-11-14T16:04:21.834+0000] {taskinstance.py:1206} INFO - Marking task as SUCCESS. dag_id=job_prediction_pipeline, task_id=make_predictions, run_id=scheduled__2025-11-14T16:00:00+00:00, execution_date=20251114T160000, start_date=20251114T160205, end_date=20251114T160421
[2025-11-14T16:04:21.908+0000] {local_task_job_runner.py:243} INFO - Task exited with return code 0
[2025-11-14T16:04:21.940+0000] {taskinstance.py:3503} INFO - 0 downstream tasks scheduled from follow-on schedule check
[2025-11-14T16:04:21.945+0000] {local_task_job_runner.py:222} INFO - ::endgroup::
