[2025-11-14T16:00:02.807+0000] {local_task_job_runner.py:120} INFO - ::group::Pre task execution logs
[2025-11-14T16:00:02.894+0000] {taskinstance.py:2076} INFO - Dependencies all met for dep_context=non-requeueable deps ti=<TaskInstance: job_prediction_pipeline.make_predictions scheduled__2025-11-14T15:56:00+00:00 [queued]>
[2025-11-14T16:00:02.923+0000] {taskinstance.py:2076} INFO - Dependencies all met for dep_context=requeueable deps ti=<TaskInstance: job_prediction_pipeline.make_predictions scheduled__2025-11-14T15:56:00+00:00 [queued]>
[2025-11-14T16:00:02.925+0000] {taskinstance.py:2306} INFO - Starting attempt 1 of 1
[2025-11-14T16:00:02.956+0000] {taskinstance.py:2330} INFO - Executing <Task(PythonOperator): make_predictions> on 2025-11-14 15:56:00+00:00
[2025-11-14T16:00:02.980+0000] {standard_task_runner.py:90} INFO - Running: ['***', 'tasks', 'run', 'job_prediction_pipeline', 'make_predictions', 'scheduled__2025-11-14T15:56:00+00:00', '--job-id', '110', '--raw', '--subdir', 'DAGS_FOLDER/dag_prediction.py', '--cfg-path', '/tmp/tmpurrejf6w']
[2025-11-14T16:00:02.987+0000] {logging_mixin.py:188} WARNING - /home/***/.local/lib/python3.12/site-packages/***/task/task_runner/standard_task_runner.py:62 DeprecationWarning: This process (pid=312) is multi-threaded, use of fork() may lead to deadlocks in the child.
[2025-11-14T16:00:02.988+0000] {standard_task_runner.py:91} INFO - Job 110: Subtask make_predictions
[2025-11-14T16:00:02.989+0000] {standard_task_runner.py:64} INFO - Started process 317 to run task
[2025-11-14T16:00:03.142+0000] {task_command.py:426} INFO - Running <TaskInstance: job_prediction_pipeline.make_predictions scheduled__2025-11-14T15:56:00+00:00 [running]> on host 01f98b13abaa
[2025-11-14T16:00:03.688+0000] {taskinstance.py:2648} INFO - Exporting env vars: AIRFLOW_CTX_DAG_OWNER='***' AIRFLOW_CTX_DAG_ID='job_prediction_pipeline' AIRFLOW_CTX_TASK_ID='make_predictions' AIRFLOW_CTX_EXECUTION_DATE='2025-11-14T15:56:00+00:00' AIRFLOW_CTX_TRY_NUMBER='1' AIRFLOW_CTX_DAG_RUN_ID='scheduled__2025-11-14T15:56:00+00:00'
[2025-11-14T16:00:03.690+0000] {taskinstance.py:430} INFO - ::endgroup::
[2025-11-14T16:00:03.721+0000] {logging_mixin.py:188} INFO - Processing file: job_missingcol_city.csv
[2025-11-14T16:00:03.827+0000] {logging_mixin.py:188} INFO - Sending batch 0-500 (size=500) to API...
[2025-11-14T16:00:11.168+0000] {logging_mixin.py:188} INFO - API status: 200
[2025-11-14T16:00:11.170+0000] {logging_mixin.py:188} INFO - API response (first 300 chars): {"predictions":[{"prediction":0,"probability":0.04},{"prediction":0,"probability":0.415},{"prediction":0,"probability":0.02},{"prediction":0,"probability":0.075},{"prediction":0,"probability":0.295},{"prediction":0,"probability":0.285},{"prediction":0,"probability":0.035},{"prediction":0,"probabilit
[2025-11-14T16:00:11.184+0000] {logging_mixin.py:188} INFO - Sending batch 500-1000 (size=500) to API...
[2025-11-14T16:00:16.142+0000] {logging_mixin.py:188} INFO - API status: 200
[2025-11-14T16:00:16.144+0000] {logging_mixin.py:188} INFO - API response (first 300 chars): {"predictions":[{"prediction":0,"probability":0.085},{"prediction":0,"probability":0.035},{"prediction":0,"probability":0.385},{"prediction":0,"probability":0.065},{"prediction":0,"probability":0.075},{"prediction":0,"probability":0.11},{"prediction":0,"probability":0.025},{"prediction":0,"probabili
[2025-11-14T16:00:16.155+0000] {logging_mixin.py:188} INFO - Sending batch 1000-1500 (size=500) to API...
[2025-11-14T16:00:21.286+0000] {logging_mixin.py:188} INFO - API status: 200
[2025-11-14T16:00:21.287+0000] {logging_mixin.py:188} INFO - API response (first 300 chars): {"predictions":[{"prediction":0,"probability":0.07},{"prediction":0,"probability":0.065},{"prediction":0,"probability":0.155},{"prediction":0,"probability":0.45},{"prediction":0,"probability":0.225},{"prediction":0,"probability":0.19},{"prediction":0,"probability":0.025},{"prediction":0,"probability
[2025-11-14T16:00:21.297+0000] {logging_mixin.py:188} INFO - Sending batch 1500-2000 (size=500) to API...
[2025-11-14T16:00:27.237+0000] {logging_mixin.py:188} INFO - API status: 200
[2025-11-14T16:00:27.238+0000] {logging_mixin.py:188} INFO - API response (first 300 chars): {"predictions":[{"prediction":0,"probability":0.09},{"prediction":0,"probability":0.08},{"prediction":1,"probability":0.765},{"prediction":0,"probability":0.09},{"prediction":0,"probability":0.4483372009375073},{"prediction":0,"probability":0.01},{"prediction":0,"probability":0.235},{"prediction":0,
[2025-11-14T16:00:27.250+0000] {logging_mixin.py:188} INFO - Sending batch 2000-2500 (size=500) to API...
[2025-11-14T16:00:32.560+0000] {logging_mixin.py:188} INFO - API status: 200
[2025-11-14T16:00:32.562+0000] {logging_mixin.py:188} INFO - API response (first 300 chars): {"predictions":[{"prediction":1,"probability":0.735},{"prediction":0,"probability":0.045},{"prediction":0,"probability":0.08},{"prediction":0,"probability":0.085},{"prediction":0,"probability":0.07},{"prediction":1,"probability":0.51},{"prediction":0,"probability":0.065},{"prediction":0,"probability
[2025-11-14T16:00:32.573+0000] {logging_mixin.py:188} INFO - Sending batch 2500-3000 (size=500) to API...
[2025-11-14T16:00:37.154+0000] {logging_mixin.py:188} INFO - API status: 200
[2025-11-14T16:00:37.156+0000] {logging_mixin.py:188} INFO - API response (first 300 chars): {"predictions":[{"prediction":0,"probability":0.415},{"prediction":0,"probability":0.06},{"prediction":0,"probability":0.11},{"prediction":1,"probability":0.54},{"prediction":0,"probability":0.475},{"prediction":0,"probability":0.065},{"prediction":0,"probability":0.015},{"prediction":0,"probability
[2025-11-14T16:00:37.166+0000] {logging_mixin.py:188} INFO - Sending batch 3000-3500 (size=500) to API...
[2025-11-14T16:00:42.051+0000] {logging_mixin.py:188} INFO - API status: 200
[2025-11-14T16:00:42.052+0000] {logging_mixin.py:188} INFO - API response (first 300 chars): {"predictions":[{"prediction":1,"probability":0.605},{"prediction":0,"probability":0.275},{"prediction":0,"probability":0.01},{"prediction":0,"probability":0.105},{"prediction":0,"probability":0.06},{"prediction":0,"probability":0.345},{"prediction":0,"probability":0.24},{"prediction":0,"probability
[2025-11-14T16:00:42.063+0000] {logging_mixin.py:188} INFO - Sending batch 3500-4000 (size=500) to API...
[2025-11-14T16:00:46.486+0000] {logging_mixin.py:188} INFO - API status: 200
[2025-11-14T16:00:46.488+0000] {logging_mixin.py:188} INFO - API response (first 300 chars): {"predictions":[{"prediction":0,"probability":0.46428784400250456},{"prediction":0,"probability":0.43},{"prediction":0,"probability":0.04},{"prediction":0,"probability":0.05},{"prediction":0,"probability":0.06},{"prediction":0,"probability":0.055},{"prediction":0,"probability":0.055},{"prediction":0
[2025-11-14T16:00:46.498+0000] {logging_mixin.py:188} INFO - Sending batch 4000-4500 (size=500) to API...
[2025-11-14T16:00:51.488+0000] {logging_mixin.py:188} INFO - API status: 200
[2025-11-14T16:00:51.489+0000] {logging_mixin.py:188} INFO - API response (first 300 chars): {"predictions":[{"prediction":0,"probability":0.03},{"prediction":0,"probability":0.065},{"prediction":0,"probability":0.145},{"prediction":0,"probability":0.21},{"prediction":0,"probability":0.125},{"prediction":0,"probability":0.09},{"prediction":0,"probability":0.16},{"prediction":0,"probability"
[2025-11-14T16:00:51.500+0000] {logging_mixin.py:188} INFO - Sending batch 4500-5000 (size=500) to API...
[2025-11-14T16:00:57.109+0000] {logging_mixin.py:188} INFO - API status: 200
[2025-11-14T16:00:57.111+0000] {logging_mixin.py:188} INFO - API response (first 300 chars): {"predictions":[{"prediction":0,"probability":0.03},{"prediction":0,"probability":0.465},{"prediction":0,"probability":0.18},{"prediction":0,"probability":0.02},{"prediction":0,"probability":0.04},{"prediction":0,"probability":0.03},{"prediction":0,"probability":0.045},{"prediction":0,"probability":
[2025-11-14T16:00:57.119+0000] {logging_mixin.py:188} INFO - Sending batch 5000-5500 (size=500) to API...
[2025-11-14T16:01:01.997+0000] {logging_mixin.py:188} INFO - API status: 200
[2025-11-14T16:01:01.998+0000] {logging_mixin.py:188} INFO - API response (first 300 chars): {"predictions":[{"prediction":0,"probability":0.495},{"prediction":0,"probability":0.09},{"prediction":0,"probability":0.205},{"prediction":0,"probability":0.07},{"prediction":0,"probability":0.005},{"prediction":0,"probability":0.315},{"prediction":0,"probability":0.08},{"prediction":0,"probability
[2025-11-14T16:01:02.007+0000] {logging_mixin.py:188} INFO - Sending batch 5500-6000 (size=500) to API...
[2025-11-14T16:01:06.927+0000] {logging_mixin.py:188} INFO - API status: 200
[2025-11-14T16:01:06.929+0000] {logging_mixin.py:188} INFO - API response (first 300 chars): {"predictions":[{"prediction":0,"probability":0.275},{"prediction":0,"probability":0.06},{"prediction":0,"probability":0.11},{"prediction":0,"probability":0.04},{"prediction":0,"probability":0.045},{"prediction":0,"probability":0.285},{"prediction":0,"probability":0.22},{"prediction":0,"probability"
[2025-11-14T16:01:06.938+0000] {logging_mixin.py:188} INFO - Sending batch 6000-6500 (size=500) to API...
[2025-11-14T16:01:13.079+0000] {logging_mixin.py:188} INFO - API status: 200
[2025-11-14T16:01:13.080+0000] {logging_mixin.py:188} INFO - API response (first 300 chars): {"predictions":[{"prediction":0,"probability":0.46},{"prediction":0,"probability":0.115},{"prediction":0,"probability":0.295},{"prediction":0,"probability":0.005},{"prediction":0,"probability":0.02},{"prediction":0,"probability":0.47},{"prediction":0,"probability":0.485},{"prediction":0,"probability
[2025-11-14T16:01:13.092+0000] {logging_mixin.py:188} INFO - Sending batch 6500-7000 (size=500) to API...
[2025-11-14T16:01:17.603+0000] {logging_mixin.py:188} INFO - API status: 200
[2025-11-14T16:01:17.605+0000] {logging_mixin.py:188} INFO - API response (first 300 chars): {"predictions":[{"prediction":0,"probability":0.315},{"prediction":0,"probability":0.065},{"prediction":0,"probability":0.08},{"prediction":0,"probability":0.18},{"prediction":0,"probability":0.43},{"prediction":1,"probability":0.525},{"prediction":0,"probability":0.08},{"prediction":0,"probability"
[2025-11-14T16:01:17.614+0000] {logging_mixin.py:188} INFO - Sending batch 7000-7500 (size=500) to API...
[2025-11-14T16:01:22.391+0000] {logging_mixin.py:188} INFO - API status: 200
[2025-11-14T16:01:22.393+0000] {logging_mixin.py:188} INFO - API response (first 300 chars): {"predictions":[{"prediction":0,"probability":0.11},{"prediction":1,"probability":0.5},{"prediction":0,"probability":0.085},{"prediction":0,"probability":0.255},{"prediction":0,"probability":0.295},{"prediction":0,"probability":0.0},{"prediction":0,"probability":0.295},{"prediction":0,"probability":
[2025-11-14T16:01:22.402+0000] {logging_mixin.py:188} INFO - Sending batch 7500-8000 (size=500) to API...
[2025-11-14T16:01:28.125+0000] {logging_mixin.py:188} INFO - API status: 200
[2025-11-14T16:01:28.126+0000] {logging_mixin.py:188} INFO - API response (first 300 chars): {"predictions":[{"prediction":0,"probability":0.19},{"prediction":0,"probability":0.375},{"prediction":0,"probability":0.29},{"prediction":0,"probability":0.055},{"prediction":0,"probability":0.135},{"prediction":0,"probability":0.145},{"prediction":0,"probability":0.2230041779820347},{"prediction":
[2025-11-14T16:01:28.141+0000] {logging_mixin.py:188} INFO - Sending batch 8000-8500 (size=500) to API...
[2025-11-14T16:01:32.836+0000] {logging_mixin.py:188} INFO - API status: 200
[2025-11-14T16:01:32.837+0000] {logging_mixin.py:188} INFO - API response (first 300 chars): {"predictions":[{"prediction":0,"probability":0.085},{"prediction":0,"probability":0.2},{"prediction":0,"probability":0.04},{"prediction":0,"probability":0.12},{"prediction":0,"probability":0.15},{"prediction":0,"probability":0.01},{"prediction":0,"probability":0.045},{"prediction":0,"probability":0
[2025-11-14T16:01:32.850+0000] {logging_mixin.py:188} INFO - Sending batch 8500-9000 (size=500) to API...
[2025-11-14T16:01:37.125+0000] {logging_mixin.py:188} INFO - API status: 200
[2025-11-14T16:01:37.127+0000] {logging_mixin.py:188} INFO - API response (first 300 chars): {"predictions":[{"prediction":0,"probability":0.185},{"prediction":0,"probability":0.47},{"prediction":0,"probability":0.05},{"prediction":0,"probability":0.03},{"prediction":0,"probability":0.245},{"prediction":0,"probability":0.035},{"prediction":0,"probability":0.08},{"prediction":0,"probability"
[2025-11-14T16:01:37.138+0000] {logging_mixin.py:188} INFO - Sending batch 9000-9500 (size=500) to API...
[2025-11-14T16:01:42.614+0000] {logging_mixin.py:188} INFO - API status: 200
[2025-11-14T16:01:42.615+0000] {logging_mixin.py:188} INFO - API response (first 300 chars): {"predictions":[{"prediction":0,"probability":0.445},{"prediction":0,"probability":0.05},{"prediction":0,"probability":0.035},{"prediction":0,"probability":0.105},{"prediction":0,"probability":0.43},{"prediction":0,"probability":0.09},{"prediction":0,"probability":0.17},{"prediction":0,"probability"
[2025-11-14T16:01:42.624+0000] {logging_mixin.py:188} INFO - Sending batch 9500-10000 (size=500) to API...
[2025-11-14T16:01:47.461+0000] {logging_mixin.py:188} INFO - API status: 200
[2025-11-14T16:01:47.462+0000] {logging_mixin.py:188} INFO - API response (first 300 chars): {"predictions":[{"prediction":0,"probability":0.075},{"prediction":0,"probability":0.07},{"prediction":0,"probability":0.31},{"prediction":0,"probability":0.025},{"prediction":0,"probability":0.055},{"prediction":0,"probability":0.175},{"prediction":0,"probability":0.05},{"prediction":0,"probability
[2025-11-14T16:01:47.472+0000] {logging_mixin.py:188} INFO - Sending batch 10000-10500 (size=500) to API...
[2025-11-14T16:01:52.425+0000] {logging_mixin.py:188} INFO - API status: 200
[2025-11-14T16:01:52.426+0000] {logging_mixin.py:188} INFO - API response (first 300 chars): {"predictions":[{"prediction":0,"probability":0.04},{"prediction":0,"probability":0.07},{"prediction":0,"probability":0.41},{"prediction":0,"probability":0.095},{"prediction":0,"probability":0.065},{"prediction":0,"probability":0.04300417798203467},{"prediction":0,"probability":0.055},{"prediction":
[2025-11-14T16:01:52.436+0000] {logging_mixin.py:188} INFO - Sending batch 10500-11000 (size=500) to API...
[2025-11-14T16:01:57.980+0000] {logging_mixin.py:188} INFO - API status: 200
[2025-11-14T16:01:57.982+0000] {logging_mixin.py:188} INFO - API response (first 300 chars): {"predictions":[{"prediction":0,"probability":0.38},{"prediction":0,"probability":0.06},{"prediction":0,"probability":0.035},{"prediction":0,"probability":0.03},{"prediction":0,"probability":0.03},{"prediction":0,"probability":0.035},{"prediction":0,"probability":0.45},{"prediction":0,"probability":
[2025-11-14T16:01:57.994+0000] {logging_mixin.py:188} INFO - Sending batch 11000-11500 (size=500) to API...
[2025-11-14T16:02:02.485+0000] {logging_mixin.py:188} INFO - API status: 200
[2025-11-14T16:02:02.486+0000] {logging_mixin.py:188} INFO - API response (first 300 chars): {"predictions":[{"prediction":1,"probability":0.645},{"prediction":0,"probability":0.015},{"prediction":0,"probability":0.29},{"prediction":0,"probability":0.055},{"prediction":0,"probability":0.01},{"prediction":0,"probability":0.145},{"prediction":0,"probability":0.025},{"prediction":0,"probabilit
[2025-11-14T16:02:02.496+0000] {logging_mixin.py:188} INFO - Sending batch 11500-12000 (size=500) to API...
[2025-11-14T16:02:07.108+0000] {logging_mixin.py:188} INFO - API status: 200
[2025-11-14T16:02:07.110+0000] {logging_mixin.py:188} INFO - API response (first 300 chars): {"predictions":[{"prediction":0,"probability":0.065},{"prediction":0,"probability":0.1},{"prediction":0,"probability":0.255},{"prediction":0,"probability":0.045},{"prediction":0,"probability":0.025},{"prediction":0,"probability":0.185},{"prediction":0,"probability":0.11},{"prediction":0,"probability
[2025-11-14T16:02:07.124+0000] {logging_mixin.py:188} INFO - Sending batch 12000-12500 (size=500) to API...
[2025-11-14T16:02:14.170+0000] {logging_mixin.py:188} INFO - API status: 200
[2025-11-14T16:02:14.171+0000] {logging_mixin.py:188} INFO - API response (first 300 chars): {"predictions":[{"prediction":0,"probability":0.02},{"prediction":0,"probability":0.265},{"prediction":0,"probability":0.145},{"prediction":0,"probability":0.03},{"prediction":0,"probability":0.17},{"prediction":0,"probability":0.17},{"prediction":0,"probability":0.05},{"prediction":0,"probability":
[2025-11-14T16:02:14.182+0000] {logging_mixin.py:188} INFO - Sending batch 12500-13000 (size=500) to API...
[2025-11-14T16:02:19.390+0000] {logging_mixin.py:188} INFO - API status: 200
[2025-11-14T16:02:19.391+0000] {logging_mixin.py:188} INFO - API response (first 300 chars): {"predictions":[{"prediction":0,"probability":0.015},{"prediction":0,"probability":0.02},{"prediction":0,"probability":0.055},{"prediction":0,"probability":0.32},{"prediction":0,"probability":0.08},{"prediction":0,"probability":0.09},{"prediction":0,"probability":0.145},{"prediction":0,"probability"
[2025-11-14T16:02:19.401+0000] {logging_mixin.py:188} INFO - Sending batch 13000-13500 (size=500) to API...
[2025-11-14T16:02:24.805+0000] {logging_mixin.py:188} INFO - API status: 200
[2025-11-14T16:02:24.807+0000] {logging_mixin.py:188} INFO - API response (first 300 chars): {"predictions":[{"prediction":0,"probability":0.03},{"prediction":0,"probability":0.04800417798203467},{"prediction":0,"probability":0.07},{"prediction":0,"probability":0.025},{"prediction":0,"probability":0.025},{"prediction":0,"probability":0.025},{"prediction":0,"probability":0.085},{"prediction"
[2025-11-14T16:02:24.817+0000] {logging_mixin.py:188} INFO - Sending batch 13500-14000 (size=500) to API...
[2025-11-14T16:02:31.711+0000] {logging_mixin.py:188} INFO - API status: 200
[2025-11-14T16:02:31.712+0000] {logging_mixin.py:188} INFO - API response (first 300 chars): {"predictions":[{"prediction":0,"probability":0.095},{"prediction":0,"probability":0.035},{"prediction":0,"probability":0.12875326234471238},{"prediction":0,"probability":0.05},{"prediction":0,"probability":0.06},{"prediction":0,"probability":0.1},{"prediction":0,"probability":0.025},{"prediction":0
[2025-11-14T16:02:31.725+0000] {logging_mixin.py:188} INFO - Sending batch 14000-14500 (size=500) to API...
[2025-11-14T16:02:36.976+0000] {logging_mixin.py:188} INFO - API status: 200
[2025-11-14T16:02:36.977+0000] {logging_mixin.py:188} INFO - API response (first 300 chars): {"predictions":[{"prediction":1,"probability":0.5},{"prediction":0,"probability":0.075},{"prediction":0,"probability":0.4},{"prediction":0,"probability":0.06},{"prediction":0,"probability":0.14},{"prediction":0,"probability":0.235},{"prediction":0,"probability":0.03},{"prediction":0,"probability":0.
[2025-11-14T16:02:36.985+0000] {logging_mixin.py:188} INFO - Sending batch 14500-15000 (size=150) to API...
[2025-11-14T16:02:41.981+0000] {logging_mixin.py:188} INFO - API status: 200
[2025-11-14T16:02:41.983+0000] {logging_mixin.py:188} INFO - API response (first 300 chars): {"predictions":[{"prediction":0,"probability":0.025},{"prediction":0,"probability":0.015},{"prediction":0,"probability":0.045},{"prediction":0,"probability":0.19},{"prediction":0,"probability":0.04},{"prediction":0,"probability":0.395},{"prediction":1,"probability":0.605},{"prediction":0,"probabilit
[2025-11-14T16:02:41.993+0000] {logging_mixin.py:188} INFO - Completed predictions for: job_missingcol_city.csv
[2025-11-14T16:02:41.996+0000] {python.py:237} INFO - Done. Returned value was: None
[2025-11-14T16:02:41.997+0000] {taskinstance.py:441} INFO - ::group::Post task execution logs
[2025-11-14T16:02:42.024+0000] {taskinstance.py:1206} INFO - Marking task as SUCCESS. dag_id=job_prediction_pipeline, task_id=make_predictions, run_id=scheduled__2025-11-14T15:56:00+00:00, execution_date=20251114T155600, start_date=20251114T160002, end_date=20251114T160242
[2025-11-14T16:02:42.162+0000] {local_task_job_runner.py:243} INFO - Task exited with return code 0
[2025-11-14T16:02:42.207+0000] {taskinstance.py:3503} INFO - 0 downstream tasks scheduled from follow-on schedule check
[2025-11-14T16:02:42.234+0000] {local_task_job_runner.py:222} INFO - ::endgroup::
