[2025-11-16T19:11:34.537+0000] {local_task_job_runner.py:120} INFO - ::group::Pre task execution logs
[2025-11-16T19:11:34.634+0000] {taskinstance.py:2076} INFO - Dependencies all met for dep_context=non-requeueable deps ti=<TaskInstance: job_ingestion_pipeline.send_alerts manual__2025-11-16T19:11:18.911791+00:00 [queued]>
[2025-11-16T19:11:34.658+0000] {taskinstance.py:2076} INFO - Dependencies all met for dep_context=requeueable deps ti=<TaskInstance: job_ingestion_pipeline.send_alerts manual__2025-11-16T19:11:18.911791+00:00 [queued]>
[2025-11-16T19:11:34.673+0000] {taskinstance.py:2306} INFO - Starting attempt 1 of 1
[2025-11-16T19:11:34.733+0000] {taskinstance.py:2330} INFO - Executing <Task(_PythonDecoratedOperator): send_alerts> on 2025-11-16 19:11:18.911791+00:00
[2025-11-16T19:11:34.761+0000] {standard_task_runner.py:90} INFO - Running: ['***', 'tasks', 'run', 'job_ingestion_pipeline', 'send_alerts', 'manual__2025-11-16T19:11:18.911791+00:00', '--job-id', '16', '--raw', '--subdir', 'DAGS_FOLDER/dag_ingestion.py', '--cfg-path', '/tmp/tmpdvxqp8q_']
[2025-11-16T19:11:34.769+0000] {logging_mixin.py:188} WARNING - /home/***/.local/lib/python3.12/site-packages/***/task/task_runner/standard_task_runner.py:62 DeprecationWarning: This process (pid=333) is multi-threaded, use of fork() may lead to deadlocks in the child.
[2025-11-16T19:11:34.770+0000] {standard_task_runner.py:91} INFO - Job 16: Subtask send_alerts
[2025-11-16T19:11:34.772+0000] {standard_task_runner.py:64} INFO - Started process 340 to run task
[2025-11-16T19:11:34.925+0000] {task_command.py:426} INFO - Running <TaskInstance: job_ingestion_pipeline.send_alerts manual__2025-11-16T19:11:18.911791+00:00 [running]> on host 2446aed405f7
[2025-11-16T19:11:35.502+0000] {taskinstance.py:2648} INFO - Exporting env vars: AIRFLOW_CTX_DAG_OWNER='***' AIRFLOW_CTX_DAG_ID='job_ingestion_pipeline' AIRFLOW_CTX_TASK_ID='send_alerts' AIRFLOW_CTX_EXECUTION_DATE='2025-11-16T19:11:18.911791+00:00' AIRFLOW_CTX_TRY_NUMBER='1' AIRFLOW_CTX_DAG_RUN_ID='manual__2025-11-16T19:11:18.911791+00:00'
[2025-11-16T19:11:35.509+0000] {taskinstance.py:430} INFO - ::endgroup::
[2025-11-16T19:11:35.511+0000] {logging_mixin.py:188} INFO - 📣 Sending alert...
[2025-11-16T19:11:35.512+0000] {logging_mixin.py:188} INFO - {
  "file_path": "/opt/***/data/raw_data/job_part_006.csv",
  "errors": [
    "Missing column: age",
    "Missing column: salary",
    "Column gender has missing values",
    "Column city has missing values",
    "Column experience has missing values"
  ],
  "criticality": "medium",
  "valid": false
}
[2025-11-16T19:11:35.513+0000] {python.py:237} INFO - Done. Returned value was: None
[2025-11-16T19:11:35.514+0000] {taskinstance.py:441} INFO - ::group::Post task execution logs
[2025-11-16T19:11:35.541+0000] {taskinstance.py:1206} INFO - Marking task as SUCCESS. dag_id=job_ingestion_pipeline, task_id=send_alerts, run_id=manual__2025-11-16T19:11:18.911791+00:00, execution_date=20251116T191118, start_date=20251116T191134, end_date=20251116T191135
[2025-11-16T19:11:35.634+0000] {local_task_job_runner.py:243} INFO - Task exited with return code 0
[2025-11-16T19:11:35.675+0000] {taskinstance.py:3503} INFO - 0 downstream tasks scheduled from follow-on schedule check
[2025-11-16T19:11:35.681+0000] {local_task_job_runner.py:222} INFO - ::endgroup::
