[2025-11-27T19:52:01.273+0000] {local_task_job_runner.py:120} INFO - ::group::Pre task execution logs
[2025-11-27T19:52:01.355+0000] {taskinstance.py:2076} INFO - Dependencies all met for dep_context=non-requeueable deps ti=<TaskInstance: job_prediction_pipeline.make_predictions scheduled__2025-11-27T19:50:00+00:00 [queued]>
[2025-11-27T19:52:01.370+0000] {taskinstance.py:2076} INFO - Dependencies all met for dep_context=requeueable deps ti=<TaskInstance: job_prediction_pipeline.make_predictions scheduled__2025-11-27T19:50:00+00:00 [queued]>
[2025-11-27T19:52:01.371+0000] {taskinstance.py:2306} INFO - Starting attempt 1 of 1
[2025-11-27T19:52:01.396+0000] {taskinstance.py:2330} INFO - Executing <Task(_PythonDecoratedOperator): make_predictions> on 2025-11-27 19:50:00+00:00
[2025-11-27T19:52:01.410+0000] {standard_task_runner.py:64} INFO - Started process 465 to run task
[2025-11-27T19:52:01.416+0000] {standard_task_runner.py:90} INFO - Running: ['***', 'tasks', 'run', 'job_prediction_pipeline', 'make_predictions', 'scheduled__2025-11-27T19:50:00+00:00', '--job-id', '42', '--raw', '--subdir', 'DAGS_FOLDER/dag_prediction.py', '--cfg-path', '/tmp/tmp9cqdlird']
[2025-11-27T19:52:01.418+0000] {standard_task_runner.py:91} INFO - Job 42: Subtask make_predictions
[2025-11-27T19:52:01.528+0000] {task_command.py:426} INFO - Running <TaskInstance: job_prediction_pipeline.make_predictions scheduled__2025-11-27T19:50:00+00:00 [running]> on host e0996db533ea
[2025-11-27T19:52:01.727+0000] {taskinstance.py:2648} INFO - Exporting env vars: AIRFLOW_CTX_DAG_OWNER='***' AIRFLOW_CTX_DAG_ID='job_prediction_pipeline' AIRFLOW_CTX_TASK_ID='make_predictions' AIRFLOW_CTX_EXECUTION_DATE='2025-11-27T19:50:00+00:00' AIRFLOW_CTX_TRY_NUMBER='1' AIRFLOW_CTX_DAG_RUN_ID='scheduled__2025-11-27T19:50:00+00:00'
[2025-11-27T19:52:01.730+0000] {taskinstance.py:430} INFO - ::endgroup::
[2025-11-27T19:52:08.135+0000] {logging_mixin.py:188} INFO - ✔ Saved prediction file: /opt/***/data/predicted_files/job_part_0010_predicted.csv
[2025-11-27T19:52:10.874+0000] {logging_mixin.py:188} INFO - ✔ Saved prediction file: /opt/***/data/predicted_files/job_part_0012_predicted.csv
[2025-11-27T19:52:14.133+0000] {logging_mixin.py:188} INFO - ✔ Saved prediction file: /opt/***/data/predicted_files/job_part_0014_predicted.csv
[2025-11-27T19:52:19.421+0000] {logging_mixin.py:188} INFO - ✔ Saved prediction file: /opt/***/data/predicted_files/job_part_0017_predicted.csv
[2025-11-27T19:52:22.595+0000] {logging_mixin.py:188} INFO - ✔ Saved prediction file: /opt/***/data/predicted_files/job_part_0018_predicted.csv
[2025-11-27T19:52:24.859+0000] {logging_mixin.py:188} INFO - ✔ Saved prediction file: /opt/***/data/predicted_files/job_part_0019_predicted.csv
[2025-11-27T19:52:27.380+0000] {logging_mixin.py:188} INFO - ✔ Saved prediction file: /opt/***/data/predicted_files/job_part_0020_predicted.csv
[2025-11-27T19:52:27.382+0000] {python.py:237} INFO - Done. Returned value was: [{'file': 'job_part_0010.csv', 'status': 'ok', 'output': 'job_part_0010_predicted.csv'}, {'file': 'job_part_0012.csv', 'status': 'ok', 'output': 'job_part_0012_predicted.csv'}, {'file': 'job_part_0014.csv', 'status': 'ok', 'output': 'job_part_0014_predicted.csv'}, {'file': 'job_part_0017.csv', 'status': 'ok', 'output': 'job_part_0017_predicted.csv'}, {'file': 'job_part_0018.csv', 'status': 'ok', 'output': 'job_part_0018_predicted.csv'}, {'file': 'job_part_0019.csv', 'status': 'ok', 'output': 'job_part_0019_predicted.csv'}, {'file': 'job_part_0020.csv', 'status': 'ok', 'output': 'job_part_0020_predicted.csv'}]
[2025-11-27T19:52:27.383+0000] {taskinstance.py:441} INFO - ::group::Post task execution logs
[2025-11-27T19:52:27.416+0000] {taskinstance.py:1206} INFO - Marking task as SUCCESS. dag_id=job_prediction_pipeline, task_id=make_predictions, run_id=scheduled__2025-11-27T19:50:00+00:00, execution_date=20251127T195000, start_date=20251127T195201, end_date=20251127T195227
[2025-11-27T19:52:27.452+0000] {local_task_job_runner.py:243} INFO - Task exited with return code 0
[2025-11-27T19:52:27.475+0000] {taskinstance.py:3503} INFO - 0 downstream tasks scheduled from follow-on schedule check
[2025-11-27T19:52:27.480+0000] {local_task_job_runner.py:222} INFO - ::endgroup::
