[2025-11-14T15:33:08.606+0000] {local_task_job_runner.py:120} INFO - ::group::Pre task execution logs
[2025-11-14T15:33:08.796+0000] {taskinstance.py:2076} INFO - Dependencies all met for dep_context=non-requeueable deps ti=<TaskInstance: job_ingestion_pipeline.split_and_save_data scheduled__2025-11-14T15:32:00+00:00 [queued]>
[2025-11-14T15:33:08.843+0000] {taskinstance.py:2076} INFO - Dependencies all met for dep_context=requeueable deps ti=<TaskInstance: job_ingestion_pipeline.split_and_save_data scheduled__2025-11-14T15:32:00+00:00 [queued]>
[2025-11-14T15:33:08.850+0000] {taskinstance.py:2306} INFO - Starting attempt 1 of 1
[2025-11-14T15:33:08.977+0000] {taskinstance.py:2330} INFO - Executing <Task(_PythonDecoratedOperator): split_and_save_data> on 2025-11-14 15:32:00+00:00
[2025-11-14T15:33:09.113+0000] {standard_task_runner.py:90} INFO - Running: ['***', 'tasks', 'run', 'job_ingestion_pipeline', 'split_and_save_data', 'scheduled__2025-11-14T15:32:00+00:00', '--job-id', '42', '--raw', '--subdir', 'DAGS_FOLDER/dag_ingestion.py', '--cfg-path', '/tmp/tmpm9f1vpfh']
[2025-11-14T15:33:09.133+0000] {logging_mixin.py:188} WARNING - /home/***/.local/lib/python3.12/site-packages/***/task/task_runner/standard_task_runner.py:62 DeprecationWarning: This process (pid=328) is multi-threaded, use of fork() may lead to deadlocks in the child.
[2025-11-14T15:33:09.139+0000] {standard_task_runner.py:91} INFO - Job 42: Subtask split_and_save_data
[2025-11-14T15:33:09.171+0000] {standard_task_runner.py:64} INFO - Started process 345 to run task
[2025-11-14T15:33:09.602+0000] {task_command.py:426} INFO - Running <TaskInstance: job_ingestion_pipeline.split_and_save_data scheduled__2025-11-14T15:32:00+00:00 [running]> on host 01f98b13abaa
[2025-11-14T15:33:10.999+0000] {taskinstance.py:2648} INFO - Exporting env vars: AIRFLOW_CTX_DAG_OWNER='***' AIRFLOW_CTX_DAG_ID='job_ingestion_pipeline' AIRFLOW_CTX_TASK_ID='split_and_save_data' AIRFLOW_CTX_EXECUTION_DATE='2025-11-14T15:32:00+00:00' AIRFLOW_CTX_TRY_NUMBER='1' AIRFLOW_CTX_DAG_RUN_ID='scheduled__2025-11-14T15:32:00+00:00'
[2025-11-14T15:33:11.006+0000] {taskinstance.py:430} INFO - ::endgroup::
[2025-11-14T15:33:11.020+0000] {taskinstance.py:441} INFO - ::group::Post task execution logs
[2025-11-14T15:33:11.022+0000] {taskinstance.py:2905} ERROR - Task failed with exception
Traceback (most recent call last):
  File "/home/airflow/.local/lib/python3.12/site-packages/airflow/models/taskinstance.py", line 465, in _execute_task
    result = _execute_callable(context=context, **execute_callable_kwargs)
             ^^^^^^^^^^^^^^^^^^^^^^^^^^^^^^^^^^^^^^^^^^^^^^^^^^^^^^^^^^^^^
  File "/home/airflow/.local/lib/python3.12/site-packages/airflow/models/taskinstance.py", line 432, in _execute_callable
    return execute_callable(context=context, **execute_callable_kwargs)
           ^^^^^^^^^^^^^^^^^^^^^^^^^^^^^^^^^^^^^^^^^^^^^^^^^^^^^^^^^^^^
  File "/home/airflow/.local/lib/python3.12/site-packages/airflow/models/baseoperator.py", line 401, in wrapper
    return func(self, *args, **kwargs)
           ^^^^^^^^^^^^^^^^^^^^^^^^^^^
  File "/home/airflow/.local/lib/python3.12/site-packages/airflow/decorators/base.py", line 265, in execute
    return_value = super().execute(context)
                   ^^^^^^^^^^^^^^^^^^^^^^^^
  File "/home/airflow/.local/lib/python3.12/site-packages/airflow/models/baseoperator.py", line 401, in wrapper
    return func(self, *args, **kwargs)
           ^^^^^^^^^^^^^^^^^^^^^^^^^^^
  File "/home/airflow/.local/lib/python3.12/site-packages/airflow/operators/python.py", line 235, in execute
    return_value = self.execute_callable()
                   ^^^^^^^^^^^^^^^^^^^^^^^
  File "/home/airflow/.local/lib/python3.12/site-packages/airflow/operators/python.py", line 252, in execute_callable
    return self.python_callable(*self.op_args, **self.op_kwargs)
           ^^^^^^^^^^^^^^^^^^^^^^^^^^^^^^^^^^^^^^^^^^^^^^^^^^^^^
  File "/opt/airflow/dags/dag_ingestion.py", line 156, in split_and_save_data
    df = pd.read_csv(meta["path"])
         ^^^^^^^^^^^^^^^^^^^^^^^^^
  File "/home/airflow/.local/lib/python3.12/site-packages/pandas/io/parsers/readers.py", line 948, in read_csv
    return _read(filepath_or_buffer, kwds)
           ^^^^^^^^^^^^^^^^^^^^^^^^^^^^^^^
  File "/home/airflow/.local/lib/python3.12/site-packages/pandas/io/parsers/readers.py", line 611, in _read
    parser = TextFileReader(filepath_or_buffer, **kwds)
             ^^^^^^^^^^^^^^^^^^^^^^^^^^^^^^^^^^^^^^^^^^
  File "/home/airflow/.local/lib/python3.12/site-packages/pandas/io/parsers/readers.py", line 1448, in __init__
    self._engine = self._make_engine(f, self.engine)
                   ^^^^^^^^^^^^^^^^^^^^^^^^^^^^^^^^^
  File "/home/airflow/.local/lib/python3.12/site-packages/pandas/io/parsers/readers.py", line 1705, in _make_engine
    self.handles = get_handle(
                   ^^^^^^^^^^^
  File "/home/airflow/.local/lib/python3.12/site-packages/pandas/io/common.py", line 863, in get_handle
    handle = open(
             ^^^^^
FileNotFoundError: [Errno 2] No such file or directory: '/opt/airflow/data/raw_data/job_part_014.csv'
[2025-11-14T15:33:11.107+0000] {taskinstance.py:1206} INFO - Marking task as FAILED. dag_id=job_ingestion_pipeline, task_id=split_and_save_data, run_id=scheduled__2025-11-14T15:32:00+00:00, execution_date=20251114T153200, start_date=20251114T153308, end_date=20251114T153311
[2025-11-14T15:33:11.174+0000] {standard_task_runner.py:110} ERROR - Failed to execute job 42 for task split_and_save_data ([Errno 2] No such file or directory: '/opt/airflow/data/raw_data/job_part_014.csv'; 345)
[2025-11-14T15:33:11.312+0000] {local_task_job_runner.py:243} INFO - Task exited with return code 1
[2025-11-14T15:33:11.357+0000] {local_task_job_runner.py:222} INFO - ::endgroup::
