[2025-11-29T02:08:02.593+0000] {local_task_job_runner.py:120} INFO - ::group::Pre task execution logs
[2025-11-29T02:08:02.666+0000] {taskinstance.py:2076} INFO - Dependencies all met for dep_context=non-requeueable deps ti=<TaskInstance: job_prediction_pipeline.check_for_new_data scheduled__2025-11-29T02:06:00+00:00 [queued]>
[2025-11-29T02:08:02.681+0000] {taskinstance.py:2076} INFO - Dependencies all met for dep_context=requeueable deps ti=<TaskInstance: job_prediction_pipeline.check_for_new_data scheduled__2025-11-29T02:06:00+00:00 [queued]>
[2025-11-29T02:08:02.700+0000] {taskinstance.py:2306} INFO - Starting attempt 1 of 1
[2025-11-29T02:08:02.727+0000] {taskinstance.py:2330} INFO - Executing <Task(_PythonDecoratedOperator): check_for_new_data> on 2025-11-29 02:06:00+00:00
[2025-11-29T02:08:02.744+0000] {standard_task_runner.py:64} INFO - Started process 9170 to run task
[2025-11-29T02:08:02.752+0000] {standard_task_runner.py:90} INFO - Running: ['***', 'tasks', 'run', 'job_prediction_pipeline', 'check_for_new_data', 'scheduled__2025-11-29T02:06:00+00:00', '--job-id', '885', '--raw', '--subdir', 'DAGS_FOLDER/dag_prediction.py', '--cfg-path', '/tmp/tmpoo8ei5cs']
[2025-11-29T02:08:02.760+0000] {standard_task_runner.py:91} INFO - Job 885: Subtask check_for_new_data
[2025-11-29T02:08:02.934+0000] {task_command.py:426} INFO - Running <TaskInstance: job_prediction_pipeline.check_for_new_data scheduled__2025-11-29T02:06:00+00:00 [running]> on host 9e1c9e9647a7
[2025-11-29T02:08:03.386+0000] {taskinstance.py:2648} INFO - Exporting env vars: AIRFLOW_CTX_DAG_OWNER='***' AIRFLOW_CTX_DAG_ID='job_prediction_pipeline' AIRFLOW_CTX_TASK_ID='check_for_new_data' AIRFLOW_CTX_EXECUTION_DATE='2025-11-29T02:06:00+00:00' AIRFLOW_CTX_TRY_NUMBER='1' AIRFLOW_CTX_DAG_RUN_ID='scheduled__2025-11-29T02:06:00+00:00'
[2025-11-29T02:08:03.388+0000] {taskinstance.py:430} INFO - ::endgroup::
[2025-11-29T02:08:03.396+0000] {logging_mixin.py:188} INFO - Last processed timestamp = 1764381933.2995384
[2025-11-29T02:08:03.497+0000] {logging_mixin.py:188} INFO - New files for prediction = ['job_part_0013.csv', 'job_part_0014.csv']
[2025-11-29T02:08:03.498+0000] {logging_mixin.py:188} INFO - New latest timestamp = 1764382054.4406316
[2025-11-29T02:08:03.499+0000] {python.py:237} INFO - Done. Returned value was: {'files': ['job_part_0013.csv', 'job_part_0014.csv'], 'latest_ts': 1764382054.4406316}
[2025-11-29T02:08:03.500+0000] {taskinstance.py:441} INFO - ::group::Post task execution logs
[2025-11-29T02:08:03.570+0000] {taskinstance.py:1206} INFO - Marking task as SUCCESS. dag_id=job_prediction_pipeline, task_id=check_for_new_data, run_id=scheduled__2025-11-29T02:06:00+00:00, execution_date=20251129T020600, start_date=20251129T020802, end_date=20251129T020803
[2025-11-29T02:08:03.618+0000] {local_task_job_runner.py:243} INFO - Task exited with return code 0
[2025-11-29T02:08:03.671+0000] {taskinstance.py:3503} INFO - 1 downstream tasks scheduled from follow-on schedule check
[2025-11-29T02:08:03.677+0000] {local_task_job_runner.py:222} INFO - ::endgroup::
