[2025-11-17T15:36:54.823+0000] {local_task_job_runner.py:120} INFO - ::group::Pre task execution logs
[2025-11-17T15:36:54.860+0000] {taskinstance.py:2076} INFO - Dependencies all met for dep_context=non-requeueable deps ti=<TaskInstance: job_ingestion_pipeline.list_new_files manual__2025-11-17T15:36:50.629434+00:00 [queued]>
[2025-11-17T15:36:54.869+0000] {taskinstance.py:2076} INFO - Dependencies all met for dep_context=requeueable deps ti=<TaskInstance: job_ingestion_pipeline.list_new_files manual__2025-11-17T15:36:50.629434+00:00 [queued]>
[2025-11-17T15:36:54.870+0000] {taskinstance.py:2306} INFO - Starting attempt 1 of 2
[2025-11-17T15:36:54.883+0000] {taskinstance.py:2330} INFO - Executing <Task(_PythonDecoratedOperator): list_new_files> on 2025-11-17 15:36:50.629434+00:00
[2025-11-17T15:36:54.899+0000] {logging_mixin.py:188} WARNING - /home/***/.local/lib/python3.12/site-packages/***/task/task_runner/standard_task_runner.py:62 DeprecationWarning: This process (pid=801) is multi-threaded, use of fork() may lead to deadlocks in the child.
[2025-11-17T15:36:54.901+0000] {standard_task_runner.py:64} INFO - Started process 815 to run task
[2025-11-17T15:36:54.898+0000] {standard_task_runner.py:90} INFO - Running: ['***', 'tasks', 'run', 'job_ingestion_pipeline', 'list_new_files', 'manual__2025-11-17T15:36:50.629434+00:00', '--job-id', '41', '--raw', '--subdir', 'DAGS_FOLDER/dag_ingestion.py', '--cfg-path', '/tmp/tmpi_fhvued']
[2025-11-17T15:36:54.902+0000] {standard_task_runner.py:91} INFO - Job 41: Subtask list_new_files
[2025-11-17T15:36:54.979+0000] {task_command.py:426} INFO - Running <TaskInstance: job_ingestion_pipeline.list_new_files manual__2025-11-17T15:36:50.629434+00:00 [running]> on host 2921dde74235
[2025-11-17T15:36:55.082+0000] {taskinstance.py:2648} INFO - Exporting env vars: AIRFLOW_CTX_DAG_OWNER='***' AIRFLOW_CTX_DAG_ID='job_ingestion_pipeline' AIRFLOW_CTX_TASK_ID='list_new_files' AIRFLOW_CTX_EXECUTION_DATE='2025-11-17T15:36:50.629434+00:00' AIRFLOW_CTX_TRY_NUMBER='1' AIRFLOW_CTX_DAG_RUN_ID='manual__2025-11-17T15:36:50.629434+00:00'
[2025-11-17T15:36:55.086+0000] {taskinstance.py:430} INFO - ::endgroup::
[2025-11-17T15:36:55.087+0000] {logging_mixin.py:188} INFO - 📌 Checking raw folder: /opt/***/data/raw_data
[2025-11-17T15:36:55.089+0000] {logging_mixin.py:188} INFO - 📌 Found CSV files: ['/opt/***/data/raw_data/job_missingcol_city.csv', '/opt/***/data/raw_data/job_missingcol_experience.csv', '/opt/***/data/raw_data/job_part_001.csv', '/opt/***/data/raw_data/job_part_002.csv', '/opt/***/data/raw_data/job_part_003.csv', '/opt/***/data/raw_data/job_part_004.csv', '/opt/***/data/raw_data/job_part_005.csv', '/opt/***/data/raw_data/job_part_006.csv', '/opt/***/data/raw_data/job_part_007.csv', '/opt/***/data/raw_data/job_part_009.csv', '/opt/***/data/raw_data/job_part_011.csv', '/opt/***/data/raw_data/job_part_012.csv', '/opt/***/data/raw_data/job_part_014.csv', '/opt/***/data/raw_data/job_part_015.csv']
[2025-11-17T15:36:55.089+0000] {python.py:237} INFO - Done. Returned value was: ['/opt/***/data/raw_data/job_missingcol_city.csv', '/opt/***/data/raw_data/job_missingcol_experience.csv', '/opt/***/data/raw_data/job_part_001.csv', '/opt/***/data/raw_data/job_part_002.csv', '/opt/***/data/raw_data/job_part_003.csv', '/opt/***/data/raw_data/job_part_004.csv', '/opt/***/data/raw_data/job_part_005.csv', '/opt/***/data/raw_data/job_part_006.csv', '/opt/***/data/raw_data/job_part_007.csv', '/opt/***/data/raw_data/job_part_009.csv', '/opt/***/data/raw_data/job_part_011.csv', '/opt/***/data/raw_data/job_part_012.csv', '/opt/***/data/raw_data/job_part_014.csv', '/opt/***/data/raw_data/job_part_015.csv']
[2025-11-17T15:36:55.090+0000] {taskinstance.py:441} INFO - ::group::Post task execution logs
[2025-11-17T15:36:55.126+0000] {taskinstance.py:1206} INFO - Marking task as SUCCESS. dag_id=job_ingestion_pipeline, task_id=list_new_files, run_id=manual__2025-11-17T15:36:50.629434+00:00, execution_date=20251117T153650, start_date=20251117T153654, end_date=20251117T153655
[2025-11-17T15:36:55.165+0000] {local_task_job_runner.py:243} INFO - Task exited with return code 0
[2025-11-17T15:36:55.280+0000] {taskinstance.py:3503} INFO - 14 downstream tasks scheduled from follow-on schedule check
[2025-11-17T15:36:55.284+0000] {local_task_job_runner.py:222} INFO - ::endgroup::
