[2025-11-23T19:13:16.539+0000] {processor.py:161} INFO - Started process (PID=191) to work on /opt/airflow/dags/dag_prediction.py
[2025-11-23T19:13:16.544+0000] {processor.py:830} INFO - Processing file /opt/airflow/dags/dag_prediction.py for tasks to queue
[2025-11-23T19:13:16.555+0000] {logging_mixin.py:188} INFO - [2025-11-23T19:13:16.553+0000] {dagbag.py:545} INFO - Filling up the DagBag from /opt/airflow/dags/dag_prediction.py
[2025-11-23T19:13:18.412+0000] {processor.py:840} INFO - DAG(s) 'job_prediction_pipeline' retrieved from /opt/airflow/dags/dag_prediction.py
[2025-11-23T19:13:18.805+0000] {logging_mixin.py:188} INFO - [2025-11-23T19:13:18.803+0000] {override.py:1858} INFO - Created Permission View: can edit on DAG:job_prediction_pipeline
[2025-11-23T19:13:18.831+0000] {logging_mixin.py:188} INFO - [2025-11-23T19:13:18.830+0000] {override.py:1858} INFO - Created Permission View: can read on DAG:job_prediction_pipeline
[2025-11-23T19:13:18.849+0000] {logging_mixin.py:188} INFO - [2025-11-23T19:13:18.848+0000] {override.py:1858} INFO - Created Permission View: can delete on DAG:job_prediction_pipeline
[2025-11-23T19:13:18.850+0000] {logging_mixin.py:188} INFO - [2025-11-23T19:13:18.850+0000] {dag.py:3089} INFO - Sync 1 DAGs
[2025-11-23T19:13:18.892+0000] {logging_mixin.py:188} INFO - [2025-11-23T19:13:18.891+0000] {dag.py:3111} INFO - Creating ORM DAG for job_prediction_pipeline
[2025-11-23T19:13:18.920+0000] {logging_mixin.py:188} INFO - [2025-11-23T19:13:18.919+0000] {dag.py:3947} INFO - Setting next_dagrun for job_prediction_pipeline to 2025-11-23 19:10:00+00:00, run_after=2025-11-23 19:12:00+00:00
[2025-11-23T19:13:18.967+0000] {processor.py:183} INFO - Processing /opt/airflow/dags/dag_prediction.py took 4.769 seconds
[2025-11-23T19:13:49.754+0000] {processor.py:161} INFO - Started process (PID=235) to work on /opt/airflow/dags/dag_prediction.py
[2025-11-23T19:13:49.757+0000] {processor.py:830} INFO - Processing file /opt/airflow/dags/dag_prediction.py for tasks to queue
[2025-11-23T19:13:49.763+0000] {logging_mixin.py:188} INFO - [2025-11-23T19:13:49.762+0000] {dagbag.py:545} INFO - Filling up the DagBag from /opt/airflow/dags/dag_prediction.py
[2025-11-23T19:13:50.451+0000] {processor.py:840} INFO - DAG(s) 'job_prediction_pipeline' retrieved from /opt/airflow/dags/dag_prediction.py
[2025-11-23T19:13:50.533+0000] {logging_mixin.py:188} INFO - [2025-11-23T19:13:50.532+0000] {dag.py:3089} INFO - Sync 1 DAGs
[2025-11-23T19:13:50.601+0000] {logging_mixin.py:188} INFO - [2025-11-23T19:13:50.601+0000] {dag.py:3947} INFO - Setting next_dagrun for job_prediction_pipeline to 2025-11-23 19:10:00+00:00, run_after=2025-11-23 19:12:00+00:00
[2025-11-23T19:13:50.865+0000] {processor.py:183} INFO - Processing /opt/airflow/dags/dag_prediction.py took 1.133 seconds
[2025-11-23T19:14:21.147+0000] {processor.py:161} INFO - Started process (PID=259) to work on /opt/airflow/dags/dag_prediction.py
[2025-11-23T19:14:21.149+0000] {processor.py:830} INFO - Processing file /opt/airflow/dags/dag_prediction.py for tasks to queue
[2025-11-23T19:14:21.154+0000] {logging_mixin.py:188} INFO - [2025-11-23T19:14:21.154+0000] {dagbag.py:545} INFO - Filling up the DagBag from /opt/airflow/dags/dag_prediction.py
[2025-11-23T19:14:21.941+0000] {processor.py:840} INFO - DAG(s) 'job_prediction_pipeline' retrieved from /opt/airflow/dags/dag_prediction.py
[2025-11-23T19:14:22.010+0000] {logging_mixin.py:188} INFO - [2025-11-23T19:14:22.009+0000] {dag.py:3089} INFO - Sync 1 DAGs
[2025-11-23T19:14:22.083+0000] {logging_mixin.py:188} INFO - [2025-11-23T19:14:22.083+0000] {dag.py:3947} INFO - Setting next_dagrun for job_prediction_pipeline to 2025-11-23 19:12:00+00:00, run_after=2025-11-23 19:14:00+00:00
[2025-11-23T19:14:22.137+0000] {processor.py:183} INFO - Processing /opt/airflow/dags/dag_prediction.py took 1.007 seconds
[2025-11-23T19:14:52.769+0000] {processor.py:161} INFO - Started process (PID=283) to work on /opt/airflow/dags/dag_prediction.py
[2025-11-23T19:14:52.772+0000] {processor.py:830} INFO - Processing file /opt/airflow/dags/dag_prediction.py for tasks to queue
[2025-11-23T19:14:52.778+0000] {logging_mixin.py:188} INFO - [2025-11-23T19:14:52.777+0000] {dagbag.py:545} INFO - Filling up the DagBag from /opt/airflow/dags/dag_prediction.py
[2025-11-23T19:14:53.441+0000] {processor.py:840} INFO - DAG(s) 'job_prediction_pipeline' retrieved from /opt/airflow/dags/dag_prediction.py
[2025-11-23T19:14:53.510+0000] {logging_mixin.py:188} INFO - [2025-11-23T19:14:53.509+0000] {dag.py:3089} INFO - Sync 1 DAGs
[2025-11-23T19:14:53.576+0000] {logging_mixin.py:188} INFO - [2025-11-23T19:14:53.575+0000] {dag.py:3947} INFO - Setting next_dagrun for job_prediction_pipeline to 2025-11-23 19:12:00+00:00, run_after=2025-11-23 19:14:00+00:00
[2025-11-23T19:14:53.620+0000] {processor.py:183} INFO - Processing /opt/airflow/dags/dag_prediction.py took 0.871 seconds
[2025-11-23T19:33:25.362+0000] {processor.py:161} INFO - Started process (PID=192) to work on /opt/airflow/dags/dag_prediction.py
[2025-11-23T19:33:25.366+0000] {processor.py:830} INFO - Processing file /opt/airflow/dags/dag_prediction.py for tasks to queue
[2025-11-23T19:33:25.371+0000] {logging_mixin.py:188} INFO - [2025-11-23T19:33:25.371+0000] {dagbag.py:545} INFO - Filling up the DagBag from /opt/airflow/dags/dag_prediction.py
[2025-11-23T19:33:28.202+0000] {processor.py:840} INFO - DAG(s) 'job_prediction_pipeline' retrieved from /opt/airflow/dags/dag_prediction.py
[2025-11-23T19:33:28.898+0000] {logging_mixin.py:188} INFO - [2025-11-23T19:33:28.896+0000] {override.py:1858} INFO - Created Permission View: can delete on DAG:job_prediction_pipeline
[2025-11-23T19:33:28.928+0000] {logging_mixin.py:188} INFO - [2025-11-23T19:33:28.927+0000] {override.py:1858} INFO - Created Permission View: can edit on DAG:job_prediction_pipeline
[2025-11-23T19:33:28.947+0000] {logging_mixin.py:188} INFO - [2025-11-23T19:33:28.946+0000] {override.py:1858} INFO - Created Permission View: can read on DAG:job_prediction_pipeline
[2025-11-23T19:33:28.949+0000] {logging_mixin.py:188} INFO - [2025-11-23T19:33:28.949+0000] {dag.py:3089} INFO - Sync 1 DAGs
[2025-11-23T19:33:28.981+0000] {logging_mixin.py:188} INFO - [2025-11-23T19:33:28.980+0000] {dag.py:3111} INFO - Creating ORM DAG for job_prediction_pipeline
[2025-11-23T19:33:29.013+0000] {logging_mixin.py:188} INFO - [2025-11-23T19:33:29.012+0000] {dag.py:3947} INFO - Setting next_dagrun for job_prediction_pipeline to 2025-11-23 19:30:00+00:00, run_after=2025-11-23 19:32:00+00:00
[2025-11-23T19:33:29.055+0000] {processor.py:183} INFO - Processing /opt/airflow/dags/dag_prediction.py took 3.713 seconds
[2025-11-23T19:33:59.776+0000] {processor.py:161} INFO - Started process (PID=236) to work on /opt/airflow/dags/dag_prediction.py
[2025-11-23T19:33:59.788+0000] {processor.py:830} INFO - Processing file /opt/airflow/dags/dag_prediction.py for tasks to queue
[2025-11-23T19:33:59.793+0000] {logging_mixin.py:188} INFO - [2025-11-23T19:33:59.792+0000] {dagbag.py:545} INFO - Filling up the DagBag from /opt/airflow/dags/dag_prediction.py
[2025-11-23T19:34:00.431+0000] {processor.py:840} INFO - DAG(s) 'job_prediction_pipeline' retrieved from /opt/airflow/dags/dag_prediction.py
[2025-11-23T19:34:00.496+0000] {logging_mixin.py:188} INFO - [2025-11-23T19:34:00.495+0000] {dag.py:3089} INFO - Sync 1 DAGs
[2025-11-23T19:34:00.544+0000] {logging_mixin.py:188} INFO - [2025-11-23T19:34:00.543+0000] {dag.py:3947} INFO - Setting next_dagrun for job_prediction_pipeline to 2025-11-23 19:32:00+00:00, run_after=2025-11-23 19:34:00+00:00
[2025-11-23T19:34:00.826+0000] {processor.py:183} INFO - Processing /opt/airflow/dags/dag_prediction.py took 1.074 seconds
[2025-11-23T19:34:31.078+0000] {processor.py:161} INFO - Started process (PID=260) to work on /opt/airflow/dags/dag_prediction.py
[2025-11-23T19:34:31.081+0000] {processor.py:830} INFO - Processing file /opt/airflow/dags/dag_prediction.py for tasks to queue
[2025-11-23T19:34:31.086+0000] {logging_mixin.py:188} INFO - [2025-11-23T19:34:31.085+0000] {dagbag.py:545} INFO - Filling up the DagBag from /opt/airflow/dags/dag_prediction.py
[2025-11-23T19:34:31.772+0000] {processor.py:840} INFO - DAG(s) 'job_prediction_pipeline' retrieved from /opt/airflow/dags/dag_prediction.py
[2025-11-23T19:34:31.837+0000] {logging_mixin.py:188} INFO - [2025-11-23T19:34:31.836+0000] {dag.py:3089} INFO - Sync 1 DAGs
[2025-11-23T19:34:31.888+0000] {logging_mixin.py:188} INFO - [2025-11-23T19:34:31.888+0000] {dag.py:3947} INFO - Setting next_dagrun for job_prediction_pipeline to 2025-11-23 19:32:00+00:00, run_after=2025-11-23 19:34:00+00:00
[2025-11-23T19:34:31.956+0000] {processor.py:183} INFO - Processing /opt/airflow/dags/dag_prediction.py took 0.893 seconds
[2025-11-23T19:35:02.636+0000] {processor.py:161} INFO - Started process (PID=284) to work on /opt/airflow/dags/dag_prediction.py
[2025-11-23T19:35:02.639+0000] {processor.py:830} INFO - Processing file /opt/airflow/dags/dag_prediction.py for tasks to queue
[2025-11-23T19:35:02.643+0000] {logging_mixin.py:188} INFO - [2025-11-23T19:35:02.643+0000] {dagbag.py:545} INFO - Filling up the DagBag from /opt/airflow/dags/dag_prediction.py
[2025-11-23T19:35:03.256+0000] {processor.py:840} INFO - DAG(s) 'job_prediction_pipeline' retrieved from /opt/airflow/dags/dag_prediction.py
[2025-11-23T19:35:03.322+0000] {logging_mixin.py:188} INFO - [2025-11-23T19:35:03.321+0000] {dag.py:3089} INFO - Sync 1 DAGs
[2025-11-23T19:35:03.386+0000] {logging_mixin.py:188} INFO - [2025-11-23T19:35:03.385+0000] {dag.py:3947} INFO - Setting next_dagrun for job_prediction_pipeline to 2025-11-23 19:32:00+00:00, run_after=2025-11-23 19:34:00+00:00
[2025-11-23T19:35:03.432+0000] {processor.py:183} INFO - Processing /opt/airflow/dags/dag_prediction.py took 0.813 seconds
[2025-11-23T19:35:34.407+0000] {processor.py:161} INFO - Started process (PID=308) to work on /opt/airflow/dags/dag_prediction.py
[2025-11-23T19:35:34.409+0000] {processor.py:830} INFO - Processing file /opt/airflow/dags/dag_prediction.py for tasks to queue
[2025-11-23T19:35:34.413+0000] {logging_mixin.py:188} INFO - [2025-11-23T19:35:34.413+0000] {dagbag.py:545} INFO - Filling up the DagBag from /opt/airflow/dags/dag_prediction.py
[2025-11-23T19:35:35.059+0000] {processor.py:840} INFO - DAG(s) 'job_prediction_pipeline' retrieved from /opt/airflow/dags/dag_prediction.py
[2025-11-23T19:35:35.127+0000] {logging_mixin.py:188} INFO - [2025-11-23T19:35:35.126+0000] {dag.py:3089} INFO - Sync 1 DAGs
[2025-11-23T19:35:35.177+0000] {logging_mixin.py:188} INFO - [2025-11-23T19:35:35.177+0000] {dag.py:3947} INFO - Setting next_dagrun for job_prediction_pipeline to 2025-11-23 19:32:00+00:00, run_after=2025-11-23 19:34:00+00:00
[2025-11-23T19:35:35.246+0000] {processor.py:183} INFO - Processing /opt/airflow/dags/dag_prediction.py took 0.854 seconds
[2025-11-23T19:36:05.932+0000] {processor.py:161} INFO - Started process (PID=330) to work on /opt/airflow/dags/dag_prediction.py
[2025-11-23T19:36:05.935+0000] {processor.py:830} INFO - Processing file /opt/airflow/dags/dag_prediction.py for tasks to queue
[2025-11-23T19:36:05.940+0000] {logging_mixin.py:188} INFO - [2025-11-23T19:36:05.939+0000] {dagbag.py:545} INFO - Filling up the DagBag from /opt/airflow/dags/dag_prediction.py
[2025-11-23T19:36:06.560+0000] {processor.py:840} INFO - DAG(s) 'job_prediction_pipeline' retrieved from /opt/airflow/dags/dag_prediction.py
[2025-11-23T19:36:06.622+0000] {logging_mixin.py:188} INFO - [2025-11-23T19:36:06.621+0000] {dag.py:3089} INFO - Sync 1 DAGs
[2025-11-23T19:36:06.668+0000] {logging_mixin.py:188} INFO - [2025-11-23T19:36:06.668+0000] {dag.py:3947} INFO - Setting next_dagrun for job_prediction_pipeline to 2025-11-23 19:34:00+00:00, run_after=2025-11-23 19:36:00+00:00
[2025-11-23T19:36:06.734+0000] {processor.py:183} INFO - Processing /opt/airflow/dags/dag_prediction.py took 0.821 seconds
[2025-11-23T19:36:37.059+0000] {processor.py:161} INFO - Started process (PID=342) to work on /opt/airflow/dags/dag_prediction.py
[2025-11-23T19:36:37.061+0000] {processor.py:830} INFO - Processing file /opt/airflow/dags/dag_prediction.py for tasks to queue
[2025-11-23T19:36:37.066+0000] {logging_mixin.py:188} INFO - [2025-11-23T19:36:37.066+0000] {dagbag.py:545} INFO - Filling up the DagBag from /opt/airflow/dags/dag_prediction.py
[2025-11-23T19:36:37.744+0000] {processor.py:840} INFO - DAG(s) 'job_prediction_pipeline' retrieved from /opt/airflow/dags/dag_prediction.py
[2025-11-23T19:36:37.826+0000] {logging_mixin.py:188} INFO - [2025-11-23T19:36:37.825+0000] {dag.py:3089} INFO - Sync 1 DAGs
[2025-11-23T19:36:37.877+0000] {logging_mixin.py:188} INFO - [2025-11-23T19:36:37.877+0000] {dag.py:3947} INFO - Setting next_dagrun for job_prediction_pipeline to 2025-11-23 19:34:00+00:00, run_after=2025-11-23 19:36:00+00:00
[2025-11-23T19:36:38.192+0000] {processor.py:183} INFO - Processing /opt/airflow/dags/dag_prediction.py took 1.150 seconds
[2025-11-23T19:37:08.843+0000] {processor.py:161} INFO - Started process (PID=362) to work on /opt/airflow/dags/dag_prediction.py
[2025-11-23T19:37:08.861+0000] {processor.py:830} INFO - Processing file /opt/airflow/dags/dag_prediction.py for tasks to queue
[2025-11-23T19:37:08.873+0000] {logging_mixin.py:188} INFO - [2025-11-23T19:37:08.872+0000] {dagbag.py:545} INFO - Filling up the DagBag from /opt/airflow/dags/dag_prediction.py
[2025-11-23T19:37:09.607+0000] {processor.py:840} INFO - DAG(s) 'job_prediction_pipeline' retrieved from /opt/airflow/dags/dag_prediction.py
[2025-11-23T19:37:09.675+0000] {logging_mixin.py:188} INFO - [2025-11-23T19:37:09.674+0000] {dag.py:3089} INFO - Sync 1 DAGs
[2025-11-23T19:37:09.729+0000] {logging_mixin.py:188} INFO - [2025-11-23T19:37:09.729+0000] {dag.py:3947} INFO - Setting next_dagrun for job_prediction_pipeline to 2025-11-23 19:34:00+00:00, run_after=2025-11-23 19:36:00+00:00
[2025-11-23T19:37:09.796+0000] {processor.py:183} INFO - Processing /opt/airflow/dags/dag_prediction.py took 0.995 seconds
[2025-11-23T19:37:40.147+0000] {processor.py:161} INFO - Started process (PID=386) to work on /opt/airflow/dags/dag_prediction.py
[2025-11-23T19:37:40.150+0000] {processor.py:830} INFO - Processing file /opt/airflow/dags/dag_prediction.py for tasks to queue
[2025-11-23T19:37:40.154+0000] {logging_mixin.py:188} INFO - [2025-11-23T19:37:40.153+0000] {dagbag.py:545} INFO - Filling up the DagBag from /opt/airflow/dags/dag_prediction.py
[2025-11-23T19:37:40.759+0000] {processor.py:840} INFO - DAG(s) 'job_prediction_pipeline' retrieved from /opt/airflow/dags/dag_prediction.py
[2025-11-23T19:37:40.824+0000] {logging_mixin.py:188} INFO - [2025-11-23T19:37:40.823+0000] {dag.py:3089} INFO - Sync 1 DAGs
[2025-11-23T19:37:40.875+0000] {logging_mixin.py:188} INFO - [2025-11-23T19:37:40.874+0000] {dag.py:3947} INFO - Setting next_dagrun for job_prediction_pipeline to 2025-11-23 19:34:00+00:00, run_after=2025-11-23 19:36:00+00:00
[2025-11-23T19:37:41.153+0000] {processor.py:183} INFO - Processing /opt/airflow/dags/dag_prediction.py took 1.019 seconds
[2025-11-23T19:38:11.580+0000] {processor.py:161} INFO - Started process (PID=410) to work on /opt/airflow/dags/dag_prediction.py
[2025-11-23T19:38:11.583+0000] {processor.py:830} INFO - Processing file /opt/airflow/dags/dag_prediction.py for tasks to queue
[2025-11-23T19:38:11.587+0000] {logging_mixin.py:188} INFO - [2025-11-23T19:38:11.586+0000] {dagbag.py:545} INFO - Filling up the DagBag from /opt/airflow/dags/dag_prediction.py
[2025-11-23T19:38:12.217+0000] {processor.py:840} INFO - DAG(s) 'job_prediction_pipeline' retrieved from /opt/airflow/dags/dag_prediction.py
[2025-11-23T19:38:12.295+0000] {logging_mixin.py:188} INFO - [2025-11-23T19:38:12.294+0000] {dag.py:3089} INFO - Sync 1 DAGs
[2025-11-23T19:38:12.350+0000] {logging_mixin.py:188} INFO - [2025-11-23T19:38:12.350+0000] {dag.py:3947} INFO - Setting next_dagrun for job_prediction_pipeline to 2025-11-23 19:36:00+00:00, run_after=2025-11-23 19:38:00+00:00
[2025-11-23T19:38:12.391+0000] {processor.py:183} INFO - Processing /opt/airflow/dags/dag_prediction.py took 0.826 seconds
[2025-11-23T19:38:42.680+0000] {processor.py:161} INFO - Started process (PID=434) to work on /opt/airflow/dags/dag_prediction.py
[2025-11-23T19:38:42.683+0000] {processor.py:830} INFO - Processing file /opt/airflow/dags/dag_prediction.py for tasks to queue
[2025-11-23T19:38:42.687+0000] {logging_mixin.py:188} INFO - [2025-11-23T19:38:42.687+0000] {dagbag.py:545} INFO - Filling up the DagBag from /opt/airflow/dags/dag_prediction.py
[2025-11-23T19:38:43.409+0000] {processor.py:840} INFO - DAG(s) 'job_prediction_pipeline' retrieved from /opt/airflow/dags/dag_prediction.py
[2025-11-23T19:38:43.474+0000] {logging_mixin.py:188} INFO - [2025-11-23T19:38:43.474+0000] {dag.py:3089} INFO - Sync 1 DAGs
[2025-11-23T19:38:43.526+0000] {logging_mixin.py:188} INFO - [2025-11-23T19:38:43.526+0000] {dag.py:3947} INFO - Setting next_dagrun for job_prediction_pipeline to 2025-11-23 19:36:00+00:00, run_after=2025-11-23 19:38:00+00:00
[2025-11-23T19:38:43.595+0000] {processor.py:183} INFO - Processing /opt/airflow/dags/dag_prediction.py took 0.932 seconds
[2025-11-23T19:39:14.193+0000] {processor.py:161} INFO - Started process (PID=458) to work on /opt/airflow/dags/dag_prediction.py
[2025-11-23T19:39:14.196+0000] {processor.py:830} INFO - Processing file /opt/airflow/dags/dag_prediction.py for tasks to queue
[2025-11-23T19:39:14.200+0000] {logging_mixin.py:188} INFO - [2025-11-23T19:39:14.199+0000] {dagbag.py:545} INFO - Filling up the DagBag from /opt/airflow/dags/dag_prediction.py
[2025-11-23T19:39:14.811+0000] {processor.py:840} INFO - DAG(s) 'job_prediction_pipeline' retrieved from /opt/airflow/dags/dag_prediction.py
[2025-11-23T19:39:14.875+0000] {logging_mixin.py:188} INFO - [2025-11-23T19:39:14.874+0000] {dag.py:3089} INFO - Sync 1 DAGs
[2025-11-23T19:39:14.927+0000] {logging_mixin.py:188} INFO - [2025-11-23T19:39:14.926+0000] {dag.py:3947} INFO - Setting next_dagrun for job_prediction_pipeline to 2025-11-23 19:36:00+00:00, run_after=2025-11-23 19:38:00+00:00
[2025-11-23T19:39:15.291+0000] {processor.py:183} INFO - Processing /opt/airflow/dags/dag_prediction.py took 1.112 seconds
[2025-11-23T19:39:45.660+0000] {processor.py:161} INFO - Started process (PID=482) to work on /opt/airflow/dags/dag_prediction.py
[2025-11-23T19:39:45.663+0000] {processor.py:830} INFO - Processing file /opt/airflow/dags/dag_prediction.py for tasks to queue
[2025-11-23T19:39:45.667+0000] {logging_mixin.py:188} INFO - [2025-11-23T19:39:45.666+0000] {dagbag.py:545} INFO - Filling up the DagBag from /opt/airflow/dags/dag_prediction.py
[2025-11-23T19:39:46.265+0000] {processor.py:840} INFO - DAG(s) 'job_prediction_pipeline' retrieved from /opt/airflow/dags/dag_prediction.py
[2025-11-23T19:39:46.330+0000] {logging_mixin.py:188} INFO - [2025-11-23T19:39:46.330+0000] {dag.py:3089} INFO - Sync 1 DAGs
[2025-11-23T19:39:46.396+0000] {logging_mixin.py:188} INFO - [2025-11-23T19:39:46.395+0000] {dag.py:3947} INFO - Setting next_dagrun for job_prediction_pipeline to 2025-11-23 19:36:00+00:00, run_after=2025-11-23 19:38:00+00:00
[2025-11-23T19:39:46.441+0000] {processor.py:183} INFO - Processing /opt/airflow/dags/dag_prediction.py took 0.796 seconds
[2025-11-23T19:40:17.117+0000] {processor.py:161} INFO - Started process (PID=492) to work on /opt/airflow/dags/dag_prediction.py
[2025-11-23T19:40:17.120+0000] {processor.py:830} INFO - Processing file /opt/airflow/dags/dag_prediction.py for tasks to queue
[2025-11-23T19:40:17.127+0000] {logging_mixin.py:188} INFO - [2025-11-23T19:40:17.126+0000] {dagbag.py:545} INFO - Filling up the DagBag from /opt/airflow/dags/dag_prediction.py
[2025-11-23T19:40:17.863+0000] {processor.py:840} INFO - DAG(s) 'job_prediction_pipeline' retrieved from /opt/airflow/dags/dag_prediction.py
[2025-11-23T19:40:17.924+0000] {logging_mixin.py:188} INFO - [2025-11-23T19:40:17.923+0000] {dag.py:3089} INFO - Sync 1 DAGs
[2025-11-23T19:40:17.978+0000] {logging_mixin.py:188} INFO - [2025-11-23T19:40:17.977+0000] {dag.py:3947} INFO - Setting next_dagrun for job_prediction_pipeline to 2025-11-23 19:38:00+00:00, run_after=2025-11-23 19:40:00+00:00
[2025-11-23T19:40:18.152+0000] {processor.py:183} INFO - Processing /opt/airflow/dags/dag_prediction.py took 1.053 seconds
[2025-11-23T19:40:48.832+0000] {processor.py:161} INFO - Started process (PID=512) to work on /opt/airflow/dags/dag_prediction.py
[2025-11-23T19:40:48.840+0000] {processor.py:830} INFO - Processing file /opt/airflow/dags/dag_prediction.py for tasks to queue
[2025-11-23T19:40:48.852+0000] {logging_mixin.py:188} INFO - [2025-11-23T19:40:48.851+0000] {dagbag.py:545} INFO - Filling up the DagBag from /opt/airflow/dags/dag_prediction.py
[2025-11-23T19:40:49.629+0000] {processor.py:840} INFO - DAG(s) 'job_prediction_pipeline' retrieved from /opt/airflow/dags/dag_prediction.py
[2025-11-23T19:40:49.704+0000] {logging_mixin.py:188} INFO - [2025-11-23T19:40:49.703+0000] {dag.py:3089} INFO - Sync 1 DAGs
[2025-11-23T19:40:49.751+0000] {logging_mixin.py:188} INFO - [2025-11-23T19:40:49.750+0000] {dag.py:3947} INFO - Setting next_dagrun for job_prediction_pipeline to 2025-11-23 19:38:00+00:00, run_after=2025-11-23 19:40:00+00:00
[2025-11-23T19:40:49.793+0000] {processor.py:183} INFO - Processing /opt/airflow/dags/dag_prediction.py took 1.009 seconds
[2025-11-23T19:41:20.158+0000] {processor.py:161} INFO - Started process (PID=536) to work on /opt/airflow/dags/dag_prediction.py
[2025-11-23T19:41:20.161+0000] {processor.py:830} INFO - Processing file /opt/airflow/dags/dag_prediction.py for tasks to queue
[2025-11-23T19:41:20.165+0000] {logging_mixin.py:188} INFO - [2025-11-23T19:41:20.164+0000] {dagbag.py:545} INFO - Filling up the DagBag from /opt/airflow/dags/dag_prediction.py
[2025-11-23T19:41:20.775+0000] {processor.py:840} INFO - DAG(s) 'job_prediction_pipeline' retrieved from /opt/airflow/dags/dag_prediction.py
[2025-11-23T19:41:20.839+0000] {logging_mixin.py:188} INFO - [2025-11-23T19:41:20.838+0000] {dag.py:3089} INFO - Sync 1 DAGs
[2025-11-23T19:41:20.887+0000] {logging_mixin.py:188} INFO - [2025-11-23T19:41:20.887+0000] {dag.py:3947} INFO - Setting next_dagrun for job_prediction_pipeline to 2025-11-23 19:38:00+00:00, run_after=2025-11-23 19:40:00+00:00
[2025-11-23T19:41:20.955+0000] {processor.py:183} INFO - Processing /opt/airflow/dags/dag_prediction.py took 0.812 seconds
[2025-11-23T19:41:51.580+0000] {processor.py:161} INFO - Started process (PID=560) to work on /opt/airflow/dags/dag_prediction.py
[2025-11-23T19:41:51.583+0000] {processor.py:830} INFO - Processing file /opt/airflow/dags/dag_prediction.py for tasks to queue
[2025-11-23T19:41:51.587+0000] {logging_mixin.py:188} INFO - [2025-11-23T19:41:51.586+0000] {dagbag.py:545} INFO - Filling up the DagBag from /opt/airflow/dags/dag_prediction.py
[2025-11-23T19:41:52.204+0000] {processor.py:840} INFO - DAG(s) 'job_prediction_pipeline' retrieved from /opt/airflow/dags/dag_prediction.py
[2025-11-23T19:41:52.270+0000] {logging_mixin.py:188} INFO - [2025-11-23T19:41:52.269+0000] {dag.py:3089} INFO - Sync 1 DAGs
[2025-11-23T19:41:52.349+0000] {logging_mixin.py:188} INFO - [2025-11-23T19:41:52.349+0000] {dag.py:3947} INFO - Setting next_dagrun for job_prediction_pipeline to 2025-11-23 19:38:00+00:00, run_after=2025-11-23 19:40:00+00:00
[2025-11-23T19:41:52.418+0000] {processor.py:183} INFO - Processing /opt/airflow/dags/dag_prediction.py took 0.854 seconds
[2025-11-23T19:42:23.035+0000] {processor.py:161} INFO - Started process (PID=584) to work on /opt/airflow/dags/dag_prediction.py
[2025-11-23T19:42:23.038+0000] {processor.py:830} INFO - Processing file /opt/airflow/dags/dag_prediction.py for tasks to queue
[2025-11-23T19:42:23.043+0000] {logging_mixin.py:188} INFO - [2025-11-23T19:42:23.043+0000] {dagbag.py:545} INFO - Filling up the DagBag from /opt/airflow/dags/dag_prediction.py
[2025-11-23T19:42:21.423+0000] {processor.py:840} INFO - DAG(s) 'job_prediction_pipeline' retrieved from /opt/airflow/dags/dag_prediction.py
[2025-11-23T19:42:21.495+0000] {logging_mixin.py:188} INFO - [2025-11-23T19:42:21.494+0000] {dag.py:3089} INFO - Sync 1 DAGs
[2025-11-23T19:42:21.554+0000] {logging_mixin.py:188} INFO - [2025-11-23T19:42:21.553+0000] {dag.py:3947} INFO - Setting next_dagrun for job_prediction_pipeline to 2025-11-23 19:40:00+00:00, run_after=2025-11-23 19:42:00+00:00
[2025-11-23T19:42:21.736+0000] {processor.py:183} INFO - Processing /opt/airflow/dags/dag_prediction.py took 1.033 seconds
[2025-11-23T19:42:52.053+0000] {processor.py:161} INFO - Started process (PID=608) to work on /opt/airflow/dags/dag_prediction.py
[2025-11-23T19:42:52.056+0000] {processor.py:830} INFO - Processing file /opt/airflow/dags/dag_prediction.py for tasks to queue
[2025-11-23T19:42:52.060+0000] {logging_mixin.py:188} INFO - [2025-11-23T19:42:52.060+0000] {dagbag.py:545} INFO - Filling up the DagBag from /opt/airflow/dags/dag_prediction.py
[2025-11-23T19:42:52.689+0000] {processor.py:840} INFO - DAG(s) 'job_prediction_pipeline' retrieved from /opt/airflow/dags/dag_prediction.py
[2025-11-23T19:42:52.761+0000] {logging_mixin.py:188} INFO - [2025-11-23T19:42:52.760+0000] {dag.py:3089} INFO - Sync 1 DAGs
[2025-11-23T19:42:52.814+0000] {logging_mixin.py:188} INFO - [2025-11-23T19:42:52.813+0000] {dag.py:3947} INFO - Setting next_dagrun for job_prediction_pipeline to 2025-11-23 19:40:00+00:00, run_after=2025-11-23 19:42:00+00:00
[2025-11-23T19:42:52.886+0000] {processor.py:183} INFO - Processing /opt/airflow/dags/dag_prediction.py took 0.848 seconds
[2025-11-23T19:43:23.433+0000] {processor.py:161} INFO - Started process (PID=630) to work on /opt/airflow/dags/dag_prediction.py
[2025-11-23T19:43:23.436+0000] {processor.py:830} INFO - Processing file /opt/airflow/dags/dag_prediction.py for tasks to queue
[2025-11-23T19:43:23.441+0000] {logging_mixin.py:188} INFO - [2025-11-23T19:43:23.440+0000] {dagbag.py:545} INFO - Filling up the DagBag from /opt/airflow/dags/dag_prediction.py
[2025-11-23T19:43:24.155+0000] {processor.py:840} INFO - DAG(s) 'job_prediction_pipeline' retrieved from /opt/airflow/dags/dag_prediction.py
[2025-11-23T19:43:24.226+0000] {logging_mixin.py:188} INFO - [2025-11-23T19:43:24.225+0000] {dag.py:3089} INFO - Sync 1 DAGs
[2025-11-23T19:43:24.277+0000] {logging_mixin.py:188} INFO - [2025-11-23T19:43:24.277+0000] {dag.py:3947} INFO - Setting next_dagrun for job_prediction_pipeline to 2025-11-23 19:40:00+00:00, run_after=2025-11-23 19:42:00+00:00
[2025-11-23T19:43:24.365+0000] {processor.py:183} INFO - Processing /opt/airflow/dags/dag_prediction.py took 0.948 seconds
[2025-11-23T19:43:54.808+0000] {processor.py:161} INFO - Started process (PID=638) to work on /opt/airflow/dags/dag_prediction.py
[2025-11-23T19:43:54.811+0000] {processor.py:830} INFO - Processing file /opt/airflow/dags/dag_prediction.py for tasks to queue
[2025-11-23T19:43:54.815+0000] {logging_mixin.py:188} INFO - [2025-11-23T19:43:54.815+0000] {dagbag.py:545} INFO - Filling up the DagBag from /opt/airflow/dags/dag_prediction.py
[2025-11-23T19:43:55.469+0000] {processor.py:840} INFO - DAG(s) 'job_prediction_pipeline' retrieved from /opt/airflow/dags/dag_prediction.py
[2025-11-23T19:43:55.541+0000] {logging_mixin.py:188} INFO - [2025-11-23T19:43:55.540+0000] {dag.py:3089} INFO - Sync 1 DAGs
[2025-11-23T19:43:55.601+0000] {logging_mixin.py:188} INFO - [2025-11-23T19:43:55.601+0000] {dag.py:3947} INFO - Setting next_dagrun for job_prediction_pipeline to 2025-11-23 19:40:00+00:00, run_after=2025-11-23 19:42:00+00:00
[2025-11-23T19:43:55.648+0000] {processor.py:183} INFO - Processing /opt/airflow/dags/dag_prediction.py took 0.855 seconds
[2025-11-23T19:44:26.622+0000] {processor.py:161} INFO - Started process (PID=668) to work on /opt/airflow/dags/dag_prediction.py
[2025-11-23T19:44:26.625+0000] {processor.py:830} INFO - Processing file /opt/airflow/dags/dag_prediction.py for tasks to queue
[2025-11-23T19:44:26.629+0000] {logging_mixin.py:188} INFO - [2025-11-23T19:44:26.628+0000] {dagbag.py:545} INFO - Filling up the DagBag from /opt/airflow/dags/dag_prediction.py
[2025-11-23T19:44:27.257+0000] {processor.py:840} INFO - DAG(s) 'job_prediction_pipeline' retrieved from /opt/airflow/dags/dag_prediction.py
[2025-11-23T19:44:27.320+0000] {logging_mixin.py:188} INFO - [2025-11-23T19:44:27.320+0000] {dag.py:3089} INFO - Sync 1 DAGs
[2025-11-23T19:44:27.372+0000] {logging_mixin.py:188} INFO - [2025-11-23T19:44:27.371+0000] {dag.py:3947} INFO - Setting next_dagrun for job_prediction_pipeline to 2025-11-23 19:42:00+00:00, run_after=2025-11-23 19:44:00+00:00
[2025-11-23T19:44:27.443+0000] {processor.py:183} INFO - Processing /opt/airflow/dags/dag_prediction.py took 0.833 seconds
[2025-11-23T19:44:57.621+0000] {processor.py:161} INFO - Started process (PID=692) to work on /opt/airflow/dags/dag_prediction.py
[2025-11-23T19:44:57.624+0000] {processor.py:830} INFO - Processing file /opt/airflow/dags/dag_prediction.py for tasks to queue
[2025-11-23T19:44:57.628+0000] {logging_mixin.py:188} INFO - [2025-11-23T19:44:57.628+0000] {dagbag.py:545} INFO - Filling up the DagBag from /opt/airflow/dags/dag_prediction.py
[2025-11-23T19:44:58.236+0000] {processor.py:840} INFO - DAG(s) 'job_prediction_pipeline' retrieved from /opt/airflow/dags/dag_prediction.py
[2025-11-23T19:44:58.302+0000] {logging_mixin.py:188} INFO - [2025-11-23T19:44:58.301+0000] {dag.py:3089} INFO - Sync 1 DAGs
[2025-11-23T19:44:58.350+0000] {logging_mixin.py:188} INFO - [2025-11-23T19:44:58.349+0000] {dag.py:3947} INFO - Setting next_dagrun for job_prediction_pipeline to 2025-11-23 19:42:00+00:00, run_after=2025-11-23 19:44:00+00:00
[2025-11-23T19:44:58.416+0000] {processor.py:183} INFO - Processing /opt/airflow/dags/dag_prediction.py took 0.812 seconds
[2025-11-23T19:45:29.249+0000] {processor.py:161} INFO - Started process (PID=729) to work on /opt/airflow/dags/dag_prediction.py
[2025-11-23T19:45:29.254+0000] {processor.py:830} INFO - Processing file /opt/airflow/dags/dag_prediction.py for tasks to queue
[2025-11-23T19:45:29.286+0000] {logging_mixin.py:188} INFO - [2025-11-23T19:45:29.284+0000] {dagbag.py:545} INFO - Filling up the DagBag from /opt/airflow/dags/dag_prediction.py
[2025-11-23T19:45:30.181+0000] {processor.py:840} INFO - DAG(s) 'job_prediction_pipeline' retrieved from /opt/airflow/dags/dag_prediction.py
[2025-11-23T19:45:30.244+0000] {logging_mixin.py:188} INFO - [2025-11-23T19:45:30.244+0000] {dag.py:3089} INFO - Sync 1 DAGs
[2025-11-23T19:45:30.297+0000] {logging_mixin.py:188} INFO - [2025-11-23T19:45:30.296+0000] {dag.py:3947} INFO - Setting next_dagrun for job_prediction_pipeline to 2025-11-23 19:42:00+00:00, run_after=2025-11-23 19:44:00+00:00
[2025-11-23T19:45:30.363+0000] {processor.py:183} INFO - Processing /opt/airflow/dags/dag_prediction.py took 1.160 seconds
[2025-11-23T19:46:00.775+0000] {processor.py:161} INFO - Started process (PID=766) to work on /opt/airflow/dags/dag_prediction.py
[2025-11-23T19:46:00.778+0000] {processor.py:830} INFO - Processing file /opt/airflow/dags/dag_prediction.py for tasks to queue
[2025-11-23T19:46:00.785+0000] {logging_mixin.py:188} INFO - [2025-11-23T19:46:00.784+0000] {dagbag.py:545} INFO - Filling up the DagBag from /opt/airflow/dags/dag_prediction.py
[2025-11-23T19:46:01.416+0000] {processor.py:840} INFO - DAG(s) 'job_prediction_pipeline' retrieved from /opt/airflow/dags/dag_prediction.py
[2025-11-23T19:46:01.494+0000] {logging_mixin.py:188} INFO - [2025-11-23T19:46:01.493+0000] {dag.py:3089} INFO - Sync 1 DAGs
[2025-11-23T19:46:01.550+0000] {logging_mixin.py:188} INFO - [2025-11-23T19:46:01.550+0000] {dag.py:3947} INFO - Setting next_dagrun for job_prediction_pipeline to 2025-11-23 19:44:00+00:00, run_after=2025-11-23 19:46:00+00:00
[2025-11-23T19:46:01.599+0000] {processor.py:183} INFO - Processing /opt/airflow/dags/dag_prediction.py took 0.841 seconds
[2025-11-23T19:46:30.259+0000] {processor.py:161} INFO - Started process (PID=788) to work on /opt/airflow/dags/dag_prediction.py
[2025-11-23T19:46:30.262+0000] {processor.py:830} INFO - Processing file /opt/airflow/dags/dag_prediction.py for tasks to queue
[2025-11-23T19:46:30.267+0000] {logging_mixin.py:188} INFO - [2025-11-23T19:46:30.266+0000] {dagbag.py:545} INFO - Filling up the DagBag from /opt/airflow/dags/dag_prediction.py
[2025-11-23T19:46:30.977+0000] {processor.py:840} INFO - DAG(s) 'job_prediction_pipeline' retrieved from /opt/airflow/dags/dag_prediction.py
[2025-11-23T19:46:31.047+0000] {logging_mixin.py:188} INFO - [2025-11-23T19:46:31.046+0000] {dag.py:3089} INFO - Sync 1 DAGs
[2025-11-23T19:46:31.100+0000] {logging_mixin.py:188} INFO - [2025-11-23T19:46:31.099+0000] {dag.py:3947} INFO - Setting next_dagrun for job_prediction_pipeline to 2025-11-23 19:44:00+00:00, run_after=2025-11-23 19:46:00+00:00
[2025-11-23T19:46:31.142+0000] {processor.py:183} INFO - Processing /opt/airflow/dags/dag_prediction.py took 0.902 seconds
[2025-11-23T19:47:01.818+0000] {processor.py:161} INFO - Started process (PID=799) to work on /opt/airflow/dags/dag_prediction.py
[2025-11-23T19:47:01.821+0000] {processor.py:830} INFO - Processing file /opt/airflow/dags/dag_prediction.py for tasks to queue
[2025-11-23T19:47:01.826+0000] {logging_mixin.py:188} INFO - [2025-11-23T19:47:01.825+0000] {dagbag.py:545} INFO - Filling up the DagBag from /opt/airflow/dags/dag_prediction.py
[2025-11-23T19:47:02.522+0000] {processor.py:840} INFO - DAG(s) 'job_prediction_pipeline' retrieved from /opt/airflow/dags/dag_prediction.py
[2025-11-23T19:47:02.595+0000] {logging_mixin.py:188} INFO - [2025-11-23T19:47:02.594+0000] {dag.py:3089} INFO - Sync 1 DAGs
[2025-11-23T19:47:02.654+0000] {logging_mixin.py:188} INFO - [2025-11-23T19:47:02.653+0000] {dag.py:3947} INFO - Setting next_dagrun for job_prediction_pipeline to 2025-11-23 19:44:00+00:00, run_after=2025-11-23 19:46:00+00:00
[2025-11-23T19:47:02.935+0000] {processor.py:183} INFO - Processing /opt/airflow/dags/dag_prediction.py took 1.137 seconds
[2025-11-23T19:47:33.393+0000] {processor.py:161} INFO - Started process (PID=820) to work on /opt/airflow/dags/dag_prediction.py
[2025-11-23T19:47:33.395+0000] {processor.py:830} INFO - Processing file /opt/airflow/dags/dag_prediction.py for tasks to queue
[2025-11-23T19:47:33.399+0000] {logging_mixin.py:188} INFO - [2025-11-23T19:47:33.399+0000] {dagbag.py:545} INFO - Filling up the DagBag from /opt/airflow/dags/dag_prediction.py
[2025-11-23T19:47:34.027+0000] {processor.py:840} INFO - DAG(s) 'job_prediction_pipeline' retrieved from /opt/airflow/dags/dag_prediction.py
[2025-11-23T19:47:34.091+0000] {logging_mixin.py:188} INFO - [2025-11-23T19:47:34.091+0000] {dag.py:3089} INFO - Sync 1 DAGs
[2025-11-23T19:47:34.143+0000] {logging_mixin.py:188} INFO - [2025-11-23T19:47:34.142+0000] {dag.py:3947} INFO - Setting next_dagrun for job_prediction_pipeline to 2025-11-23 19:44:00+00:00, run_after=2025-11-23 19:46:00+00:00
[2025-11-23T19:47:34.200+0000] {processor.py:183} INFO - Processing /opt/airflow/dags/dag_prediction.py took 0.823 seconds
[2025-11-23T19:48:04.881+0000] {processor.py:161} INFO - Started process (PID=844) to work on /opt/airflow/dags/dag_prediction.py
[2025-11-23T19:48:04.884+0000] {processor.py:830} INFO - Processing file /opt/airflow/dags/dag_prediction.py for tasks to queue
[2025-11-23T19:48:04.889+0000] {logging_mixin.py:188} INFO - [2025-11-23T19:48:04.888+0000] {dagbag.py:545} INFO - Filling up the DagBag from /opt/airflow/dags/dag_prediction.py
[2025-11-23T19:48:05.576+0000] {processor.py:840} INFO - DAG(s) 'job_prediction_pipeline' retrieved from /opt/airflow/dags/dag_prediction.py
[2025-11-23T19:48:05.655+0000] {logging_mixin.py:188} INFO - [2025-11-23T19:48:05.654+0000] {dag.py:3089} INFO - Sync 1 DAGs
[2025-11-23T19:48:05.716+0000] {logging_mixin.py:188} INFO - [2025-11-23T19:48:05.715+0000] {dag.py:3947} INFO - Setting next_dagrun for job_prediction_pipeline to 2025-11-23 19:46:00+00:00, run_after=2025-11-23 19:48:00+00:00
[2025-11-23T19:48:05.831+0000] {processor.py:183} INFO - Processing /opt/airflow/dags/dag_prediction.py took 0.967 seconds
[2025-11-23T19:48:36.311+0000] {processor.py:161} INFO - Started process (PID=868) to work on /opt/airflow/dags/dag_prediction.py
[2025-11-23T19:48:36.314+0000] {processor.py:830} INFO - Processing file /opt/airflow/dags/dag_prediction.py for tasks to queue
[2025-11-23T19:48:36.318+0000] {logging_mixin.py:188} INFO - [2025-11-23T19:48:36.317+0000] {dagbag.py:545} INFO - Filling up the DagBag from /opt/airflow/dags/dag_prediction.py
[2025-11-23T19:48:36.933+0000] {processor.py:840} INFO - DAG(s) 'job_prediction_pipeline' retrieved from /opt/airflow/dags/dag_prediction.py
[2025-11-23T19:48:36.993+0000] {logging_mixin.py:188} INFO - [2025-11-23T19:48:36.992+0000] {dag.py:3089} INFO - Sync 1 DAGs
[2025-11-23T19:48:37.046+0000] {logging_mixin.py:188} INFO - [2025-11-23T19:48:37.045+0000] {dag.py:3947} INFO - Setting next_dagrun for job_prediction_pipeline to 2025-11-23 19:46:00+00:00, run_after=2025-11-23 19:48:00+00:00
[2025-11-23T19:48:37.113+0000] {processor.py:183} INFO - Processing /opt/airflow/dags/dag_prediction.py took 0.817 seconds
[2025-11-23T19:49:07.460+0000] {processor.py:161} INFO - Started process (PID=892) to work on /opt/airflow/dags/dag_prediction.py
[2025-11-23T19:49:07.462+0000] {processor.py:830} INFO - Processing file /opt/airflow/dags/dag_prediction.py for tasks to queue
[2025-11-23T19:49:07.467+0000] {logging_mixin.py:188} INFO - [2025-11-23T19:49:07.466+0000] {dagbag.py:545} INFO - Filling up the DagBag from /opt/airflow/dags/dag_prediction.py
[2025-11-23T19:49:08.074+0000] {processor.py:840} INFO - DAG(s) 'job_prediction_pipeline' retrieved from /opt/airflow/dags/dag_prediction.py
[2025-11-23T19:49:08.142+0000] {logging_mixin.py:188} INFO - [2025-11-23T19:49:08.142+0000] {dag.py:3089} INFO - Sync 1 DAGs
[2025-11-23T19:49:08.195+0000] {logging_mixin.py:188} INFO - [2025-11-23T19:49:08.195+0000] {dag.py:3947} INFO - Setting next_dagrun for job_prediction_pipeline to 2025-11-23 19:46:00+00:00, run_after=2025-11-23 19:48:00+00:00
[2025-11-23T19:49:08.475+0000] {processor.py:183} INFO - Processing /opt/airflow/dags/dag_prediction.py took 1.030 seconds
[2025-11-23T19:49:38.999+0000] {processor.py:161} INFO - Started process (PID=916) to work on /opt/airflow/dags/dag_prediction.py
[2025-11-23T19:49:39.002+0000] {processor.py:830} INFO - Processing file /opt/airflow/dags/dag_prediction.py for tasks to queue
[2025-11-23T19:49:39.007+0000] {logging_mixin.py:188} INFO - [2025-11-23T19:49:39.006+0000] {dagbag.py:545} INFO - Filling up the DagBag from /opt/airflow/dags/dag_prediction.py
[2025-11-23T19:49:40.108+0000] {processor.py:840} INFO - DAG(s) 'job_prediction_pipeline' retrieved from /opt/airflow/dags/dag_prediction.py
[2025-11-23T19:49:40.177+0000] {logging_mixin.py:188} INFO - [2025-11-23T19:49:40.176+0000] {dag.py:3089} INFO - Sync 1 DAGs
[2025-11-23T19:49:40.231+0000] {logging_mixin.py:188} INFO - [2025-11-23T19:49:40.231+0000] {dag.py:3947} INFO - Setting next_dagrun for job_prediction_pipeline to 2025-11-23 19:46:00+00:00, run_after=2025-11-23 19:48:00+00:00
[2025-11-23T19:49:40.279+0000] {processor.py:183} INFO - Processing /opt/airflow/dags/dag_prediction.py took 1.295 seconds
[2025-11-23T19:50:10.521+0000] {processor.py:161} INFO - Started process (PID=952) to work on /opt/airflow/dags/dag_prediction.py
[2025-11-23T19:50:10.524+0000] {processor.py:830} INFO - Processing file /opt/airflow/dags/dag_prediction.py for tasks to queue
[2025-11-23T19:50:10.531+0000] {logging_mixin.py:188} INFO - [2025-11-23T19:50:10.530+0000] {dagbag.py:545} INFO - Filling up the DagBag from /opt/airflow/dags/dag_prediction.py
[2025-11-23T19:50:11.251+0000] {processor.py:840} INFO - DAG(s) 'job_prediction_pipeline' retrieved from /opt/airflow/dags/dag_prediction.py
[2025-11-23T19:50:11.333+0000] {logging_mixin.py:188} INFO - [2025-11-23T19:50:11.332+0000] {dag.py:3089} INFO - Sync 1 DAGs
[2025-11-23T19:50:11.385+0000] {logging_mixin.py:188} INFO - [2025-11-23T19:50:11.384+0000] {dag.py:3947} INFO - Setting next_dagrun for job_prediction_pipeline to 2025-11-23 19:48:00+00:00, run_after=2025-11-23 19:50:00+00:00
[2025-11-23T19:50:11.451+0000] {processor.py:183} INFO - Processing /opt/airflow/dags/dag_prediction.py took 0.948 seconds
[2025-11-23T19:50:39.490+0000] {processor.py:161} INFO - Started process (PID=971) to work on /opt/airflow/dags/dag_prediction.py
[2025-11-23T19:50:39.492+0000] {processor.py:830} INFO - Processing file /opt/airflow/dags/dag_prediction.py for tasks to queue
[2025-11-23T19:50:39.497+0000] {logging_mixin.py:188} INFO - [2025-11-23T19:50:39.496+0000] {dagbag.py:545} INFO - Filling up the DagBag from /opt/airflow/dags/dag_prediction.py
[2025-11-23T19:50:40.133+0000] {processor.py:840} INFO - DAG(s) 'job_prediction_pipeline' retrieved from /opt/airflow/dags/dag_prediction.py
[2025-11-23T19:50:40.228+0000] {logging_mixin.py:188} INFO - [2025-11-23T19:50:40.227+0000] {dag.py:3089} INFO - Sync 1 DAGs
[2025-11-23T19:50:40.278+0000] {logging_mixin.py:188} INFO - [2025-11-23T19:50:40.277+0000] {dag.py:3947} INFO - Setting next_dagrun for job_prediction_pipeline to 2025-11-23 19:48:00+00:00, run_after=2025-11-23 19:50:00+00:00
[2025-11-23T19:50:40.536+0000] {processor.py:183} INFO - Processing /opt/airflow/dags/dag_prediction.py took 1.059 seconds
[2025-11-23T19:51:10.910+0000] {processor.py:161} INFO - Started process (PID=995) to work on /opt/airflow/dags/dag_prediction.py
[2025-11-23T19:51:10.913+0000] {processor.py:830} INFO - Processing file /opt/airflow/dags/dag_prediction.py for tasks to queue
[2025-11-23T19:51:10.918+0000] {logging_mixin.py:188} INFO - [2025-11-23T19:51:10.917+0000] {dagbag.py:545} INFO - Filling up the DagBag from /opt/airflow/dags/dag_prediction.py
[2025-11-23T19:51:11.615+0000] {processor.py:840} INFO - DAG(s) 'job_prediction_pipeline' retrieved from /opt/airflow/dags/dag_prediction.py
[2025-11-23T19:51:11.681+0000] {logging_mixin.py:188} INFO - [2025-11-23T19:51:11.680+0000] {dag.py:3089} INFO - Sync 1 DAGs
[2025-11-23T19:51:11.735+0000] {logging_mixin.py:188} INFO - [2025-11-23T19:51:11.734+0000] {dag.py:3947} INFO - Setting next_dagrun for job_prediction_pipeline to 2025-11-23 19:48:00+00:00, run_after=2025-11-23 19:50:00+00:00
[2025-11-23T19:51:11.806+0000] {processor.py:183} INFO - Processing /opt/airflow/dags/dag_prediction.py took 0.909 seconds
[2025-11-23T19:51:41.966+0000] {processor.py:161} INFO - Started process (PID=1019) to work on /opt/airflow/dags/dag_prediction.py
[2025-11-23T19:51:41.970+0000] {processor.py:830} INFO - Processing file /opt/airflow/dags/dag_prediction.py for tasks to queue
[2025-11-23T19:51:41.975+0000] {logging_mixin.py:188} INFO - [2025-11-23T19:51:41.974+0000] {dagbag.py:545} INFO - Filling up the DagBag from /opt/airflow/dags/dag_prediction.py
[2025-11-23T19:51:42.624+0000] {processor.py:840} INFO - DAG(s) 'job_prediction_pipeline' retrieved from /opt/airflow/dags/dag_prediction.py
[2025-11-23T19:51:42.692+0000] {logging_mixin.py:188} INFO - [2025-11-23T19:51:42.691+0000] {dag.py:3089} INFO - Sync 1 DAGs
[2025-11-23T19:51:42.743+0000] {logging_mixin.py:188} INFO - [2025-11-23T19:51:42.742+0000] {dag.py:3947} INFO - Setting next_dagrun for job_prediction_pipeline to 2025-11-23 19:48:00+00:00, run_after=2025-11-23 19:50:00+00:00
[2025-11-23T19:51:42.791+0000] {processor.py:183} INFO - Processing /opt/airflow/dags/dag_prediction.py took 0.840 seconds
[2025-11-23T19:52:13.220+0000] {processor.py:161} INFO - Started process (PID=1043) to work on /opt/airflow/dags/dag_prediction.py
[2025-11-23T19:52:13.222+0000] {processor.py:830} INFO - Processing file /opt/airflow/dags/dag_prediction.py for tasks to queue
[2025-11-23T19:52:13.227+0000] {logging_mixin.py:188} INFO - [2025-11-23T19:52:13.226+0000] {dagbag.py:545} INFO - Filling up the DagBag from /opt/airflow/dags/dag_prediction.py
[2025-11-23T19:52:13.827+0000] {processor.py:840} INFO - DAG(s) 'job_prediction_pipeline' retrieved from /opt/airflow/dags/dag_prediction.py
[2025-11-23T19:52:13.890+0000] {logging_mixin.py:188} INFO - [2025-11-23T19:52:13.890+0000] {dag.py:3089} INFO - Sync 1 DAGs
[2025-11-23T19:52:13.937+0000] {logging_mixin.py:188} INFO - [2025-11-23T19:52:13.937+0000] {dag.py:3947} INFO - Setting next_dagrun for job_prediction_pipeline to 2025-11-23 19:50:00+00:00, run_after=2025-11-23 19:52:00+00:00
[2025-11-23T19:52:13.976+0000] {processor.py:183} INFO - Processing /opt/airflow/dags/dag_prediction.py took 0.771 seconds
[2025-11-23T19:52:44.141+0000] {processor.py:161} INFO - Started process (PID=1067) to work on /opt/airflow/dags/dag_prediction.py
[2025-11-23T19:52:44.144+0000] {processor.py:830} INFO - Processing file /opt/airflow/dags/dag_prediction.py for tasks to queue
[2025-11-23T19:52:44.148+0000] {logging_mixin.py:188} INFO - [2025-11-23T19:52:44.147+0000] {dagbag.py:545} INFO - Filling up the DagBag from /opt/airflow/dags/dag_prediction.py
[2025-11-23T19:52:44.755+0000] {processor.py:840} INFO - DAG(s) 'job_prediction_pipeline' retrieved from /opt/airflow/dags/dag_prediction.py
[2025-11-23T19:52:44.820+0000] {logging_mixin.py:188} INFO - [2025-11-23T19:52:44.820+0000] {dag.py:3089} INFO - Sync 1 DAGs
[2025-11-23T19:52:44.876+0000] {logging_mixin.py:188} INFO - [2025-11-23T19:52:44.876+0000] {dag.py:3947} INFO - Setting next_dagrun for job_prediction_pipeline to 2025-11-23 19:50:00+00:00, run_after=2025-11-23 19:52:00+00:00
[2025-11-23T19:52:45.037+0000] {processor.py:183} INFO - Processing /opt/airflow/dags/dag_prediction.py took 0.911 seconds
[2025-11-23T19:53:15.596+0000] {processor.py:161} INFO - Started process (PID=1089) to work on /opt/airflow/dags/dag_prediction.py
[2025-11-23T19:53:15.600+0000] {processor.py:830} INFO - Processing file /opt/airflow/dags/dag_prediction.py for tasks to queue
[2025-11-23T19:53:15.606+0000] {logging_mixin.py:188} INFO - [2025-11-23T19:53:15.605+0000] {dagbag.py:545} INFO - Filling up the DagBag from /opt/airflow/dags/dag_prediction.py
[2025-11-23T19:53:16.349+0000] {processor.py:840} INFO - DAG(s) 'job_prediction_pipeline' retrieved from /opt/airflow/dags/dag_prediction.py
[2025-11-23T19:53:16.430+0000] {logging_mixin.py:188} INFO - [2025-11-23T19:53:16.428+0000] {dag.py:3089} INFO - Sync 1 DAGs
[2025-11-23T19:53:16.490+0000] {logging_mixin.py:188} INFO - [2025-11-23T19:53:16.490+0000] {dag.py:3947} INFO - Setting next_dagrun for job_prediction_pipeline to 2025-11-23 19:50:00+00:00, run_after=2025-11-23 19:52:00+00:00
[2025-11-23T19:53:16.542+0000] {processor.py:183} INFO - Processing /opt/airflow/dags/dag_prediction.py took 0.965 seconds
[2025-11-23T19:53:47.133+0000] {processor.py:161} INFO - Started process (PID=1097) to work on /opt/airflow/dags/dag_prediction.py
[2025-11-23T19:53:47.137+0000] {processor.py:830} INFO - Processing file /opt/airflow/dags/dag_prediction.py for tasks to queue
[2025-11-23T19:53:47.143+0000] {logging_mixin.py:188} INFO - [2025-11-23T19:53:47.142+0000] {dagbag.py:545} INFO - Filling up the DagBag from /opt/airflow/dags/dag_prediction.py
[2025-11-23T19:53:47.784+0000] {processor.py:840} INFO - DAG(s) 'job_prediction_pipeline' retrieved from /opt/airflow/dags/dag_prediction.py
[2025-11-23T19:53:47.850+0000] {logging_mixin.py:188} INFO - [2025-11-23T19:53:47.849+0000] {dag.py:3089} INFO - Sync 1 DAGs
[2025-11-23T19:53:47.902+0000] {logging_mixin.py:188} INFO - [2025-11-23T19:53:47.901+0000] {dag.py:3947} INFO - Setting next_dagrun for job_prediction_pipeline to 2025-11-23 19:50:00+00:00, run_after=2025-11-23 19:52:00+00:00
[2025-11-23T19:53:47.972+0000] {processor.py:183} INFO - Processing /opt/airflow/dags/dag_prediction.py took 0.858 seconds
[2025-11-23T19:54:18.935+0000] {processor.py:161} INFO - Started process (PID=1121) to work on /opt/airflow/dags/dag_prediction.py
[2025-11-23T19:54:18.937+0000] {processor.py:830} INFO - Processing file /opt/airflow/dags/dag_prediction.py for tasks to queue
[2025-11-23T19:54:18.941+0000] {logging_mixin.py:188} INFO - [2025-11-23T19:54:18.940+0000] {dagbag.py:545} INFO - Filling up the DagBag from /opt/airflow/dags/dag_prediction.py
[2025-11-23T19:54:19.555+0000] {processor.py:840} INFO - DAG(s) 'job_prediction_pipeline' retrieved from /opt/airflow/dags/dag_prediction.py
[2025-11-23T19:54:19.651+0000] {logging_mixin.py:188} INFO - [2025-11-23T19:54:19.650+0000] {dag.py:3089} INFO - Sync 1 DAGs
[2025-11-23T19:54:19.771+0000] {logging_mixin.py:188} INFO - [2025-11-23T19:54:19.770+0000] {dag.py:3947} INFO - Setting next_dagrun for job_prediction_pipeline to 2025-11-23 19:52:00+00:00, run_after=2025-11-23 19:54:00+00:00
[2025-11-23T19:54:20.024+0000] {processor.py:183} INFO - Processing /opt/airflow/dags/dag_prediction.py took 1.103 seconds
[2025-11-23T19:54:50.412+0000] {processor.py:161} INFO - Started process (PID=1145) to work on /opt/airflow/dags/dag_prediction.py
[2025-11-23T19:54:50.415+0000] {processor.py:830} INFO - Processing file /opt/airflow/dags/dag_prediction.py for tasks to queue
[2025-11-23T19:54:50.421+0000] {logging_mixin.py:188} INFO - [2025-11-23T19:54:50.420+0000] {dagbag.py:545} INFO - Filling up the DagBag from /opt/airflow/dags/dag_prediction.py
[2025-11-23T19:54:48.836+0000] {processor.py:840} INFO - DAG(s) 'job_prediction_pipeline' retrieved from /opt/airflow/dags/dag_prediction.py
[2025-11-23T19:54:48.902+0000] {logging_mixin.py:188} INFO - [2025-11-23T19:54:48.901+0000] {dag.py:3089} INFO - Sync 1 DAGs
[2025-11-23T19:54:48.954+0000] {logging_mixin.py:188} INFO - [2025-11-23T19:54:48.954+0000] {dag.py:3947} INFO - Setting next_dagrun for job_prediction_pipeline to 2025-11-23 19:52:00+00:00, run_after=2025-11-23 19:54:00+00:00
[2025-11-23T19:54:48.997+0000] {processor.py:183} INFO - Processing /opt/airflow/dags/dag_prediction.py took 0.884 seconds
[2025-11-23T19:55:19.450+0000] {processor.py:161} INFO - Started process (PID=1169) to work on /opt/airflow/dags/dag_prediction.py
[2025-11-23T19:55:19.453+0000] {processor.py:830} INFO - Processing file /opt/airflow/dags/dag_prediction.py for tasks to queue
[2025-11-23T19:55:19.458+0000] {logging_mixin.py:188} INFO - [2025-11-23T19:55:19.457+0000] {dagbag.py:545} INFO - Filling up the DagBag from /opt/airflow/dags/dag_prediction.py
[2025-11-23T19:55:20.113+0000] {processor.py:840} INFO - DAG(s) 'job_prediction_pipeline' retrieved from /opt/airflow/dags/dag_prediction.py
[2025-11-23T19:55:20.176+0000] {logging_mixin.py:188} INFO - [2025-11-23T19:55:20.175+0000] {dag.py:3089} INFO - Sync 1 DAGs
[2025-11-23T19:55:20.224+0000] {logging_mixin.py:188} INFO - [2025-11-23T19:55:20.223+0000] {dag.py:3947} INFO - Setting next_dagrun for job_prediction_pipeline to 2025-11-23 19:52:00+00:00, run_after=2025-11-23 19:54:00+00:00
[2025-11-23T19:55:20.380+0000] {processor.py:183} INFO - Processing /opt/airflow/dags/dag_prediction.py took 0.945 seconds
[2025-11-23T19:55:50.896+0000] {processor.py:161} INFO - Started process (PID=1193) to work on /opt/airflow/dags/dag_prediction.py
[2025-11-23T19:55:50.898+0000] {processor.py:830} INFO - Processing file /opt/airflow/dags/dag_prediction.py for tasks to queue
[2025-11-23T19:55:50.902+0000] {logging_mixin.py:188} INFO - [2025-11-23T19:55:50.902+0000] {dagbag.py:545} INFO - Filling up the DagBag from /opt/airflow/dags/dag_prediction.py
[2025-11-23T19:55:51.500+0000] {processor.py:840} INFO - DAG(s) 'job_prediction_pipeline' retrieved from /opt/airflow/dags/dag_prediction.py
[2025-11-23T19:55:51.566+0000] {logging_mixin.py:188} INFO - [2025-11-23T19:55:51.565+0000] {dag.py:3089} INFO - Sync 1 DAGs
[2025-11-23T19:55:51.621+0000] {logging_mixin.py:188} INFO - [2025-11-23T19:55:51.620+0000] {dag.py:3947} INFO - Setting next_dagrun for job_prediction_pipeline to 2025-11-23 19:52:00+00:00, run_after=2025-11-23 19:54:00+00:00
[2025-11-23T19:55:51.694+0000] {processor.py:183} INFO - Processing /opt/airflow/dags/dag_prediction.py took 0.811 seconds
[2025-11-23T19:56:22.434+0000] {processor.py:161} INFO - Started process (PID=1217) to work on /opt/airflow/dags/dag_prediction.py
[2025-11-23T19:56:22.437+0000] {processor.py:830} INFO - Processing file /opt/airflow/dags/dag_prediction.py for tasks to queue
[2025-11-23T19:56:22.441+0000] {logging_mixin.py:188} INFO - [2025-11-23T19:56:22.441+0000] {dagbag.py:545} INFO - Filling up the DagBag from /opt/airflow/dags/dag_prediction.py
[2025-11-23T19:56:23.023+0000] {processor.py:840} INFO - DAG(s) 'job_prediction_pipeline' retrieved from /opt/airflow/dags/dag_prediction.py
[2025-11-23T19:56:23.080+0000] {logging_mixin.py:188} INFO - [2025-11-23T19:56:23.080+0000] {dag.py:3089} INFO - Sync 1 DAGs
[2025-11-23T19:56:23.125+0000] {logging_mixin.py:188} INFO - [2025-11-23T19:56:23.125+0000] {dag.py:3947} INFO - Setting next_dagrun for job_prediction_pipeline to 2025-11-23 19:54:00+00:00, run_after=2025-11-23 19:56:00+00:00
[2025-11-23T19:56:23.191+0000] {processor.py:183} INFO - Processing /opt/airflow/dags/dag_prediction.py took 0.771 seconds
[2025-11-23T19:56:53.616+0000] {processor.py:161} INFO - Started process (PID=1227) to work on /opt/airflow/dags/dag_prediction.py
[2025-11-23T19:56:53.619+0000] {processor.py:830} INFO - Processing file /opt/airflow/dags/dag_prediction.py for tasks to queue
[2025-11-23T19:56:53.624+0000] {logging_mixin.py:188} INFO - [2025-11-23T19:56:53.624+0000] {dagbag.py:545} INFO - Filling up the DagBag from /opt/airflow/dags/dag_prediction.py
[2025-11-23T19:56:54.305+0000] {processor.py:840} INFO - DAG(s) 'job_prediction_pipeline' retrieved from /opt/airflow/dags/dag_prediction.py
[2025-11-23T19:56:54.375+0000] {logging_mixin.py:188} INFO - [2025-11-23T19:56:54.374+0000] {dag.py:3089} INFO - Sync 1 DAGs
[2025-11-23T19:56:54.442+0000] {logging_mixin.py:188} INFO - [2025-11-23T19:56:54.442+0000] {dag.py:3947} INFO - Setting next_dagrun for job_prediction_pipeline to 2025-11-23 19:54:00+00:00, run_after=2025-11-23 19:56:00+00:00
[2025-11-23T19:56:54.509+0000] {processor.py:183} INFO - Processing /opt/airflow/dags/dag_prediction.py took 0.911 seconds
[2025-11-23T19:57:25.124+0000] {processor.py:161} INFO - Started process (PID=1247) to work on /opt/airflow/dags/dag_prediction.py
[2025-11-23T19:57:25.128+0000] {processor.py:830} INFO - Processing file /opt/airflow/dags/dag_prediction.py for tasks to queue
[2025-11-23T19:57:25.134+0000] {logging_mixin.py:188} INFO - [2025-11-23T19:57:25.133+0000] {dagbag.py:545} INFO - Filling up the DagBag from /opt/airflow/dags/dag_prediction.py
[2025-11-23T19:57:25.751+0000] {processor.py:840} INFO - DAG(s) 'job_prediction_pipeline' retrieved from /opt/airflow/dags/dag_prediction.py
[2025-11-23T19:57:25.815+0000] {logging_mixin.py:188} INFO - [2025-11-23T19:57:25.814+0000] {dag.py:3089} INFO - Sync 1 DAGs
[2025-11-23T19:57:25.867+0000] {logging_mixin.py:188} INFO - [2025-11-23T19:57:25.866+0000] {dag.py:3947} INFO - Setting next_dagrun for job_prediction_pipeline to 2025-11-23 19:54:00+00:00, run_after=2025-11-23 19:56:00+00:00
[2025-11-23T19:57:25.910+0000] {processor.py:183} INFO - Processing /opt/airflow/dags/dag_prediction.py took 0.807 seconds
[2025-11-23T19:57:56.931+0000] {processor.py:161} INFO - Started process (PID=1271) to work on /opt/airflow/dags/dag_prediction.py
[2025-11-23T19:57:56.934+0000] {processor.py:830} INFO - Processing file /opt/airflow/dags/dag_prediction.py for tasks to queue
[2025-11-23T19:57:56.938+0000] {logging_mixin.py:188} INFO - [2025-11-23T19:57:56.938+0000] {dagbag.py:545} INFO - Filling up the DagBag from /opt/airflow/dags/dag_prediction.py
[2025-11-23T19:57:57.527+0000] {processor.py:840} INFO - DAG(s) 'job_prediction_pipeline' retrieved from /opt/airflow/dags/dag_prediction.py
[2025-11-23T19:57:57.593+0000] {logging_mixin.py:188} INFO - [2025-11-23T19:57:57.592+0000] {dag.py:3089} INFO - Sync 1 DAGs
[2025-11-23T19:57:57.647+0000] {logging_mixin.py:188} INFO - [2025-11-23T19:57:57.646+0000] {dag.py:3947} INFO - Setting next_dagrun for job_prediction_pipeline to 2025-11-23 19:54:00+00:00, run_after=2025-11-23 19:56:00+00:00
[2025-11-23T19:57:57.822+0000] {processor.py:183} INFO - Processing /opt/airflow/dags/dag_prediction.py took 0.904 seconds
[2025-11-23T19:58:28.607+0000] {processor.py:161} INFO - Started process (PID=1295) to work on /opt/airflow/dags/dag_prediction.py
[2025-11-23T19:58:28.610+0000] {processor.py:830} INFO - Processing file /opt/airflow/dags/dag_prediction.py for tasks to queue
[2025-11-23T19:58:28.615+0000] {logging_mixin.py:188} INFO - [2025-11-23T19:58:28.614+0000] {dagbag.py:545} INFO - Filling up the DagBag from /opt/airflow/dags/dag_prediction.py
[2025-11-23T19:58:29.258+0000] {processor.py:840} INFO - DAG(s) 'job_prediction_pipeline' retrieved from /opt/airflow/dags/dag_prediction.py
[2025-11-23T19:58:29.324+0000] {logging_mixin.py:188} INFO - [2025-11-23T19:58:29.323+0000] {dag.py:3089} INFO - Sync 1 DAGs
[2025-11-23T19:58:29.376+0000] {logging_mixin.py:188} INFO - [2025-11-23T19:58:29.375+0000] {dag.py:3947} INFO - Setting next_dagrun for job_prediction_pipeline to 2025-11-23 19:56:00+00:00, run_after=2025-11-23 19:58:00+00:00
[2025-11-23T19:58:29.533+0000] {processor.py:183} INFO - Processing /opt/airflow/dags/dag_prediction.py took 0.939 seconds
[2025-11-23T19:58:59.757+0000] {processor.py:161} INFO - Started process (PID=1319) to work on /opt/airflow/dags/dag_prediction.py
[2025-11-23T19:58:59.760+0000] {processor.py:830} INFO - Processing file /opt/airflow/dags/dag_prediction.py for tasks to queue
[2025-11-23T19:58:59.764+0000] {logging_mixin.py:188} INFO - [2025-11-23T19:58:59.763+0000] {dagbag.py:545} INFO - Filling up the DagBag from /opt/airflow/dags/dag_prediction.py
[2025-11-23T19:58:58.616+0000] {processor.py:840} INFO - DAG(s) 'job_prediction_pipeline' retrieved from /opt/airflow/dags/dag_prediction.py
[2025-11-23T19:58:58.709+0000] {logging_mixin.py:188} INFO - [2025-11-23T19:58:58.708+0000] {dag.py:3089} INFO - Sync 1 DAGs
[2025-11-23T19:58:58.776+0000] {logging_mixin.py:188} INFO - [2025-11-23T19:58:58.775+0000] {dag.py:3947} INFO - Setting next_dagrun for job_prediction_pipeline to 2025-11-23 19:56:00+00:00, run_after=2025-11-23 19:58:00+00:00
[2025-11-23T19:58:58.933+0000] {processor.py:183} INFO - Processing /opt/airflow/dags/dag_prediction.py took 1.501 seconds
[2025-11-23T20:01:40.839+0000] {processor.py:161} INFO - Started process (PID=212) to work on /opt/airflow/dags/dag_prediction.py
[2025-11-23T20:01:40.842+0000] {processor.py:830} INFO - Processing file /opt/airflow/dags/dag_prediction.py for tasks to queue
[2025-11-23T20:01:40.849+0000] {logging_mixin.py:188} INFO - [2025-11-23T20:01:40.848+0000] {dagbag.py:545} INFO - Filling up the DagBag from /opt/airflow/dags/dag_prediction.py
[2025-11-23T20:01:41.638+0000] {processor.py:840} INFO - DAG(s) 'job_prediction_pipeline' retrieved from /opt/airflow/dags/dag_prediction.py
[2025-11-23T20:01:42.137+0000] {logging_mixin.py:188} INFO - [2025-11-23T20:01:42.135+0000] {override.py:1858} INFO - Created Permission View: can delete on DAG:job_prediction_pipeline
[2025-11-23T20:01:42.166+0000] {logging_mixin.py:188} INFO - [2025-11-23T20:01:42.165+0000] {override.py:1858} INFO - Created Permission View: can edit on DAG:job_prediction_pipeline
[2025-11-23T20:01:42.185+0000] {logging_mixin.py:188} INFO - [2025-11-23T20:01:42.184+0000] {override.py:1858} INFO - Created Permission View: can read on DAG:job_prediction_pipeline
[2025-11-23T20:01:42.187+0000] {logging_mixin.py:188} INFO - [2025-11-23T20:01:42.186+0000] {dag.py:3089} INFO - Sync 1 DAGs
[2025-11-23T20:01:42.216+0000] {logging_mixin.py:188} INFO - [2025-11-23T20:01:42.215+0000] {dag.py:3111} INFO - Creating ORM DAG for job_prediction_pipeline
[2025-11-23T20:01:42.251+0000] {logging_mixin.py:188} INFO - [2025-11-23T20:01:42.251+0000] {dag.py:3947} INFO - Setting next_dagrun for job_prediction_pipeline to 2025-11-23 19:58:00+00:00, run_after=2025-11-23 20:00:00+00:00
[2025-11-23T20:01:42.306+0000] {processor.py:183} INFO - Processing /opt/airflow/dags/dag_prediction.py took 1.484 seconds
[2025-11-23T20:02:13.397+0000] {processor.py:161} INFO - Started process (PID=268) to work on /opt/airflow/dags/dag_prediction.py
[2025-11-23T20:02:13.400+0000] {processor.py:830} INFO - Processing file /opt/airflow/dags/dag_prediction.py for tasks to queue
[2025-11-23T20:02:13.405+0000] {logging_mixin.py:188} INFO - [2025-11-23T20:02:13.404+0000] {dagbag.py:545} INFO - Filling up the DagBag from /opt/airflow/dags/dag_prediction.py
[2025-11-23T20:02:14.070+0000] {processor.py:840} INFO - DAG(s) 'job_prediction_pipeline' retrieved from /opt/airflow/dags/dag_prediction.py
[2025-11-23T20:02:14.967+0000] {logging_mixin.py:188} INFO - [2025-11-23T20:02:14.966+0000] {dag.py:3089} INFO - Sync 1 DAGs
[2025-11-23T20:02:11.890+0000] {logging_mixin.py:188} INFO - [2025-11-23T20:02:11.889+0000] {dag.py:3947} INFO - Setting next_dagrun for job_prediction_pipeline to 2025-11-23 20:00:00+00:00, run_after=2025-11-23 20:02:00+00:00
[2025-11-23T20:02:11.940+0000] {processor.py:183} INFO - Processing /opt/airflow/dags/dag_prediction.py took 0.870 seconds
[2025-11-23T20:02:42.560+0000] {processor.py:161} INFO - Started process (PID=292) to work on /opt/airflow/dags/dag_prediction.py
[2025-11-23T20:02:42.562+0000] {processor.py:830} INFO - Processing file /opt/airflow/dags/dag_prediction.py for tasks to queue
[2025-11-23T20:02:42.567+0000] {logging_mixin.py:188} INFO - [2025-11-23T20:02:42.566+0000] {dagbag.py:545} INFO - Filling up the DagBag from /opt/airflow/dags/dag_prediction.py
[2025-11-23T20:02:43.699+0000] {processor.py:840} INFO - DAG(s) 'job_prediction_pipeline' retrieved from /opt/airflow/dags/dag_prediction.py
[2025-11-23T20:02:43.818+0000] {logging_mixin.py:188} INFO - [2025-11-23T20:02:43.817+0000] {dag.py:3089} INFO - Sync 1 DAGs
[2025-11-23T20:02:43.909+0000] {logging_mixin.py:188} INFO - [2025-11-23T20:02:43.908+0000] {dag.py:3947} INFO - Setting next_dagrun for job_prediction_pipeline to 2025-11-23 20:00:00+00:00, run_after=2025-11-23 20:02:00+00:00
[2025-11-23T20:02:44.037+0000] {processor.py:183} INFO - Processing /opt/airflow/dags/dag_prediction.py took 1.491 seconds
[2025-11-23T20:03:14.898+0000] {processor.py:161} INFO - Started process (PID=316) to work on /opt/airflow/dags/dag_prediction.py
[2025-11-23T20:03:14.900+0000] {processor.py:830} INFO - Processing file /opt/airflow/dags/dag_prediction.py for tasks to queue
[2025-11-23T20:03:14.904+0000] {logging_mixin.py:188} INFO - [2025-11-23T20:03:14.904+0000] {dagbag.py:545} INFO - Filling up the DagBag from /opt/airflow/dags/dag_prediction.py
[2025-11-23T20:03:15.534+0000] {processor.py:840} INFO - DAG(s) 'job_prediction_pipeline' retrieved from /opt/airflow/dags/dag_prediction.py
[2025-11-23T20:03:15.622+0000] {logging_mixin.py:188} INFO - [2025-11-23T20:03:15.621+0000] {dag.py:3089} INFO - Sync 1 DAGs
[2025-11-23T20:03:15.685+0000] {logging_mixin.py:188} INFO - [2025-11-23T20:03:15.684+0000] {dag.py:3947} INFO - Setting next_dagrun for job_prediction_pipeline to 2025-11-23 20:00:00+00:00, run_after=2025-11-23 20:02:00+00:00
[2025-11-23T20:03:15.745+0000] {processor.py:183} INFO - Processing /opt/airflow/dags/dag_prediction.py took 0.864 seconds
[2025-11-23T20:03:46.042+0000] {processor.py:161} INFO - Started process (PID=340) to work on /opt/airflow/dags/dag_prediction.py
[2025-11-23T20:03:46.045+0000] {processor.py:830} INFO - Processing file /opt/airflow/dags/dag_prediction.py for tasks to queue
[2025-11-23T20:03:46.049+0000] {logging_mixin.py:188} INFO - [2025-11-23T20:03:46.048+0000] {dagbag.py:545} INFO - Filling up the DagBag from /opt/airflow/dags/dag_prediction.py
[2025-11-23T20:03:46.705+0000] {processor.py:840} INFO - DAG(s) 'job_prediction_pipeline' retrieved from /opt/airflow/dags/dag_prediction.py
[2025-11-23T20:03:46.765+0000] {logging_mixin.py:188} INFO - [2025-11-23T20:03:46.765+0000] {dag.py:3089} INFO - Sync 1 DAGs
[2025-11-23T20:03:46.818+0000] {logging_mixin.py:188} INFO - [2025-11-23T20:03:46.817+0000] {dag.py:3947} INFO - Setting next_dagrun for job_prediction_pipeline to 2025-11-23 20:00:00+00:00, run_after=2025-11-23 20:02:00+00:00
[2025-11-23T20:03:47.066+0000] {processor.py:183} INFO - Processing /opt/airflow/dags/dag_prediction.py took 1.039 seconds
[2025-11-23T20:06:07.629+0000] {processor.py:161} INFO - Started process (PID=223) to work on /opt/airflow/dags/dag_prediction.py
[2025-11-23T20:06:07.634+0000] {processor.py:830} INFO - Processing file /opt/airflow/dags/dag_prediction.py for tasks to queue
[2025-11-23T20:06:07.640+0000] {logging_mixin.py:188} INFO - [2025-11-23T20:06:07.639+0000] {dagbag.py:545} INFO - Filling up the DagBag from /opt/airflow/dags/dag_prediction.py
[2025-11-23T20:06:08.305+0000] {processor.py:840} INFO - DAG(s) 'job_prediction_pipeline' retrieved from /opt/airflow/dags/dag_prediction.py
[2025-11-23T20:06:08.639+0000] {logging_mixin.py:188} INFO - [2025-11-23T20:06:08.638+0000] {override.py:1858} INFO - Created Permission View: can read on DAG:job_prediction_pipeline
[2025-11-23T20:06:08.663+0000] {logging_mixin.py:188} INFO - [2025-11-23T20:06:08.662+0000] {override.py:1858} INFO - Created Permission View: can delete on DAG:job_prediction_pipeline
[2025-11-23T20:06:08.681+0000] {logging_mixin.py:188} INFO - [2025-11-23T20:06:08.681+0000] {override.py:1858} INFO - Created Permission View: can edit on DAG:job_prediction_pipeline
[2025-11-23T20:06:08.683+0000] {logging_mixin.py:188} INFO - [2025-11-23T20:06:08.683+0000] {dag.py:3089} INFO - Sync 1 DAGs
[2025-11-23T20:06:08.711+0000] {logging_mixin.py:188} INFO - [2025-11-23T20:06:08.710+0000] {dag.py:3111} INFO - Creating ORM DAG for job_prediction_pipeline
[2025-11-23T20:06:08.739+0000] {logging_mixin.py:188} INFO - [2025-11-23T20:06:08.739+0000] {dag.py:3947} INFO - Setting next_dagrun for job_prediction_pipeline to 2025-11-23 20:04:00+00:00, run_after=2025-11-23 20:06:00+00:00
[2025-11-23T20:06:08.787+0000] {processor.py:183} INFO - Processing /opt/airflow/dags/dag_prediction.py took 1.181 seconds
[2025-11-23T20:06:39.251+0000] {processor.py:161} INFO - Started process (PID=267) to work on /opt/airflow/dags/dag_prediction.py
[2025-11-23T20:06:39.254+0000] {processor.py:830} INFO - Processing file /opt/airflow/dags/dag_prediction.py for tasks to queue
[2025-11-23T20:06:39.258+0000] {logging_mixin.py:188} INFO - [2025-11-23T20:06:39.257+0000] {dagbag.py:545} INFO - Filling up the DagBag from /opt/airflow/dags/dag_prediction.py
[2025-11-23T20:06:39.910+0000] {processor.py:840} INFO - DAG(s) 'job_prediction_pipeline' retrieved from /opt/airflow/dags/dag_prediction.py
[2025-11-23T20:06:39.993+0000] {logging_mixin.py:188} INFO - [2025-11-23T20:06:39.992+0000] {dag.py:3089} INFO - Sync 1 DAGs
[2025-11-23T20:06:40.051+0000] {logging_mixin.py:188} INFO - [2025-11-23T20:06:40.051+0000] {dag.py:3947} INFO - Setting next_dagrun for job_prediction_pipeline to 2025-11-23 20:04:00+00:00, run_after=2025-11-23 20:06:00+00:00
[2025-11-23T20:06:40.098+0000] {processor.py:183} INFO - Processing /opt/airflow/dags/dag_prediction.py took 0.867 seconds
[2025-11-23T20:07:10.601+0000] {processor.py:161} INFO - Started process (PID=291) to work on /opt/airflow/dags/dag_prediction.py
[2025-11-23T20:07:10.604+0000] {processor.py:830} INFO - Processing file /opt/airflow/dags/dag_prediction.py for tasks to queue
[2025-11-23T20:07:10.608+0000] {logging_mixin.py:188} INFO - [2025-11-23T20:07:10.608+0000] {dagbag.py:545} INFO - Filling up the DagBag from /opt/airflow/dags/dag_prediction.py
[2025-11-23T20:07:11.257+0000] {processor.py:840} INFO - DAG(s) 'job_prediction_pipeline' retrieved from /opt/airflow/dags/dag_prediction.py
[2025-11-23T20:07:11.326+0000] {logging_mixin.py:188} INFO - [2025-11-23T20:07:11.325+0000] {dag.py:3089} INFO - Sync 1 DAGs
[2025-11-23T20:07:11.380+0000] {logging_mixin.py:188} INFO - [2025-11-23T20:07:11.379+0000] {dag.py:3947} INFO - Setting next_dagrun for job_prediction_pipeline to 2025-11-23 20:04:00+00:00, run_after=2025-11-23 20:06:00+00:00
[2025-11-23T20:07:11.538+0000] {processor.py:183} INFO - Processing /opt/airflow/dags/dag_prediction.py took 0.957 seconds
[2025-11-23T20:07:41.964+0000] {processor.py:161} INFO - Started process (PID=315) to work on /opt/airflow/dags/dag_prediction.py
[2025-11-23T20:07:41.967+0000] {processor.py:830} INFO - Processing file /opt/airflow/dags/dag_prediction.py for tasks to queue
[2025-11-23T20:07:41.972+0000] {logging_mixin.py:188} INFO - [2025-11-23T20:07:41.971+0000] {dagbag.py:545} INFO - Filling up the DagBag from /opt/airflow/dags/dag_prediction.py
[2025-11-23T20:07:43.059+0000] {processor.py:840} INFO - DAG(s) 'job_prediction_pipeline' retrieved from /opt/airflow/dags/dag_prediction.py
[2025-11-23T20:07:43.147+0000] {logging_mixin.py:188} INFO - [2025-11-23T20:07:43.146+0000] {dag.py:3089} INFO - Sync 1 DAGs
[2025-11-23T20:07:43.221+0000] {logging_mixin.py:188} INFO - [2025-11-23T20:07:43.221+0000] {dag.py:3947} INFO - Setting next_dagrun for job_prediction_pipeline to 2025-11-23 20:04:00+00:00, run_after=2025-11-23 20:06:00+00:00
[2025-11-23T20:07:43.265+0000] {processor.py:183} INFO - Processing /opt/airflow/dags/dag_prediction.py took 1.322 seconds
[2025-11-23T20:08:14.001+0000] {processor.py:161} INFO - Started process (PID=339) to work on /opt/airflow/dags/dag_prediction.py
[2025-11-23T20:08:14.021+0000] {processor.py:830} INFO - Processing file /opt/airflow/dags/dag_prediction.py for tasks to queue
[2025-11-23T20:08:14.032+0000] {logging_mixin.py:188} INFO - [2025-11-23T20:08:14.031+0000] {dagbag.py:545} INFO - Filling up the DagBag from /opt/airflow/dags/dag_prediction.py
[2025-11-23T20:08:13.095+0000] {processor.py:840} INFO - DAG(s) 'job_prediction_pipeline' retrieved from /opt/airflow/dags/dag_prediction.py
[2025-11-23T20:08:13.202+0000] {logging_mixin.py:188} INFO - [2025-11-23T20:08:13.201+0000] {dag.py:3089} INFO - Sync 1 DAGs
[2025-11-23T20:08:13.306+0000] {logging_mixin.py:188} INFO - [2025-11-23T20:08:13.305+0000] {dag.py:3947} INFO - Setting next_dagrun for job_prediction_pipeline to 2025-11-23 20:06:00+00:00, run_after=2025-11-23 20:08:00+00:00
[2025-11-23T20:08:13.399+0000] {processor.py:183} INFO - Processing /opt/airflow/dags/dag_prediction.py took 1.740 seconds
[2025-11-23T20:18:52.517+0000] {processor.py:161} INFO - Started process (PID=223) to work on /opt/airflow/dags/dag_prediction.py
[2025-11-23T20:18:52.521+0000] {processor.py:830} INFO - Processing file /opt/airflow/dags/dag_prediction.py for tasks to queue
[2025-11-23T20:18:52.526+0000] {logging_mixin.py:188} INFO - [2025-11-23T20:18:52.526+0000] {dagbag.py:545} INFO - Filling up the DagBag from /opt/airflow/dags/dag_prediction.py
[2025-11-23T20:18:53.711+0000] {processor.py:840} INFO - DAG(s) 'job_prediction_pipeline' retrieved from /opt/airflow/dags/dag_prediction.py
[2025-11-23T20:18:54.134+0000] {logging_mixin.py:188} INFO - [2025-11-23T20:18:54.133+0000] {override.py:1858} INFO - Created Permission View: can read on DAG:job_prediction_pipeline
[2025-11-23T20:18:54.157+0000] {logging_mixin.py:188} INFO - [2025-11-23T20:18:54.156+0000] {override.py:1858} INFO - Created Permission View: can edit on DAG:job_prediction_pipeline
[2025-11-23T20:18:54.175+0000] {logging_mixin.py:188} INFO - [2025-11-23T20:18:54.174+0000] {override.py:1858} INFO - Created Permission View: can delete on DAG:job_prediction_pipeline
[2025-11-23T20:18:54.177+0000] {logging_mixin.py:188} INFO - [2025-11-23T20:18:54.176+0000] {dag.py:3089} INFO - Sync 1 DAGs
[2025-11-23T20:18:54.202+0000] {logging_mixin.py:188} INFO - [2025-11-23T20:18:54.200+0000] {dag.py:3111} INFO - Creating ORM DAG for job_prediction_pipeline
[2025-11-23T20:18:54.231+0000] {logging_mixin.py:188} INFO - [2025-11-23T20:18:54.230+0000] {dag.py:3947} INFO - Setting next_dagrun for job_prediction_pipeline to 2025-11-23 20:16:00+00:00, run_after=2025-11-23 20:18:00+00:00
[2025-11-23T20:18:54.274+0000] {processor.py:183} INFO - Processing /opt/airflow/dags/dag_prediction.py took 1.776 seconds
[2025-11-23T20:19:24.808+0000] {processor.py:161} INFO - Started process (PID=267) to work on /opt/airflow/dags/dag_prediction.py
[2025-11-23T20:19:24.812+0000] {processor.py:830} INFO - Processing file /opt/airflow/dags/dag_prediction.py for tasks to queue
[2025-11-23T20:19:24.817+0000] {logging_mixin.py:188} INFO - [2025-11-23T20:19:24.816+0000] {dagbag.py:545} INFO - Filling up the DagBag from /opt/airflow/dags/dag_prediction.py
[2025-11-23T20:19:25.543+0000] {processor.py:840} INFO - DAG(s) 'job_prediction_pipeline' retrieved from /opt/airflow/dags/dag_prediction.py
[2025-11-23T20:19:25.611+0000] {logging_mixin.py:188} INFO - [2025-11-23T20:19:25.610+0000] {dag.py:3089} INFO - Sync 1 DAGs
[2025-11-23T20:19:25.662+0000] {logging_mixin.py:188} INFO - [2025-11-23T20:19:25.662+0000] {dag.py:3947} INFO - Setting next_dagrun for job_prediction_pipeline to 2025-11-23 20:16:00+00:00, run_after=2025-11-23 20:18:00+00:00
[2025-11-23T20:19:25.731+0000] {processor.py:183} INFO - Processing /opt/airflow/dags/dag_prediction.py took 0.940 seconds
[2025-11-23T20:19:56.301+0000] {processor.py:161} INFO - Started process (PID=291) to work on /opt/airflow/dags/dag_prediction.py
[2025-11-23T20:19:56.303+0000] {processor.py:830} INFO - Processing file /opt/airflow/dags/dag_prediction.py for tasks to queue
[2025-11-23T20:19:56.309+0000] {logging_mixin.py:188} INFO - [2025-11-23T20:19:56.307+0000] {dagbag.py:545} INFO - Filling up the DagBag from /opt/airflow/dags/dag_prediction.py
[2025-11-23T20:19:57.036+0000] {processor.py:840} INFO - DAG(s) 'job_prediction_pipeline' retrieved from /opt/airflow/dags/dag_prediction.py
[2025-11-23T20:19:57.106+0000] {logging_mixin.py:188} INFO - [2025-11-23T20:19:57.105+0000] {dag.py:3089} INFO - Sync 1 DAGs
[2025-11-23T20:19:57.161+0000] {logging_mixin.py:188} INFO - [2025-11-23T20:19:57.160+0000] {dag.py:3947} INFO - Setting next_dagrun for job_prediction_pipeline to 2025-11-23 20:16:00+00:00, run_after=2025-11-23 20:18:00+00:00
[2025-11-23T20:19:57.321+0000] {processor.py:183} INFO - Processing /opt/airflow/dags/dag_prediction.py took 1.034 seconds
[2025-11-23T20:20:27.761+0000] {processor.py:161} INFO - Started process (PID=315) to work on /opt/airflow/dags/dag_prediction.py
[2025-11-23T20:20:27.764+0000] {processor.py:830} INFO - Processing file /opt/airflow/dags/dag_prediction.py for tasks to queue
[2025-11-23T20:20:27.768+0000] {logging_mixin.py:188} INFO - [2025-11-23T20:20:27.767+0000] {dagbag.py:545} INFO - Filling up the DagBag from /opt/airflow/dags/dag_prediction.py
[2025-11-23T20:20:28.420+0000] {processor.py:840} INFO - DAG(s) 'job_prediction_pipeline' retrieved from /opt/airflow/dags/dag_prediction.py
[2025-11-23T20:20:28.479+0000] {logging_mixin.py:188} INFO - [2025-11-23T20:20:28.479+0000] {dag.py:3089} INFO - Sync 1 DAGs
[2025-11-23T20:20:28.530+0000] {logging_mixin.py:188} INFO - [2025-11-23T20:20:28.529+0000] {dag.py:3947} INFO - Setting next_dagrun for job_prediction_pipeline to 2025-11-23 20:18:00+00:00, run_after=2025-11-23 20:20:00+00:00
[2025-11-23T20:20:28.598+0000] {processor.py:183} INFO - Processing /opt/airflow/dags/dag_prediction.py took 0.854 seconds
[2025-11-23T20:20:59.339+0000] {processor.py:161} INFO - Started process (PID=340) to work on /opt/airflow/dags/dag_prediction.py
[2025-11-23T20:20:59.341+0000] {processor.py:830} INFO - Processing file /opt/airflow/dags/dag_prediction.py for tasks to queue
[2025-11-23T20:20:59.347+0000] {logging_mixin.py:188} INFO - [2025-11-23T20:20:59.346+0000] {dagbag.py:545} INFO - Filling up the DagBag from /opt/airflow/dags/dag_prediction.py
[2025-11-23T20:21:00.009+0000] {processor.py:840} INFO - DAG(s) 'job_prediction_pipeline' retrieved from /opt/airflow/dags/dag_prediction.py
[2025-11-23T20:21:00.071+0000] {logging_mixin.py:188} INFO - [2025-11-23T20:21:00.070+0000] {dag.py:3089} INFO - Sync 1 DAGs
[2025-11-23T20:21:00.122+0000] {logging_mixin.py:188} INFO - [2025-11-23T20:21:00.121+0000] {dag.py:3947} INFO - Setting next_dagrun for job_prediction_pipeline to 2025-11-23 20:18:00+00:00, run_after=2025-11-23 20:20:00+00:00
[2025-11-23T20:21:00.377+0000] {processor.py:183} INFO - Processing /opt/airflow/dags/dag_prediction.py took 1.053 seconds
[2025-11-23T20:21:30.660+0000] {processor.py:161} INFO - Started process (PID=364) to work on /opt/airflow/dags/dag_prediction.py
[2025-11-23T20:21:30.662+0000] {processor.py:830} INFO - Processing file /opt/airflow/dags/dag_prediction.py for tasks to queue
[2025-11-23T20:21:30.667+0000] {logging_mixin.py:188} INFO - [2025-11-23T20:21:30.666+0000] {dagbag.py:545} INFO - Filling up the DagBag from /opt/airflow/dags/dag_prediction.py
[2025-11-23T20:21:31.366+0000] {processor.py:840} INFO - DAG(s) 'job_prediction_pipeline' retrieved from /opt/airflow/dags/dag_prediction.py
[2025-11-23T20:21:31.422+0000] {logging_mixin.py:188} INFO - [2025-11-23T20:21:31.422+0000] {dag.py:3089} INFO - Sync 1 DAGs
[2025-11-23T20:21:31.495+0000] {logging_mixin.py:188} INFO - [2025-11-23T20:21:31.494+0000] {dag.py:3947} INFO - Setting next_dagrun for job_prediction_pipeline to 2025-11-23 20:18:00+00:00, run_after=2025-11-23 20:20:00+00:00
[2025-11-23T20:21:31.654+0000] {processor.py:183} INFO - Processing /opt/airflow/dags/dag_prediction.py took 1.013 seconds
[2025-11-23T20:22:02.200+0000] {processor.py:161} INFO - Started process (PID=374) to work on /opt/airflow/dags/dag_prediction.py
[2025-11-23T20:22:02.203+0000] {processor.py:830} INFO - Processing file /opt/airflow/dags/dag_prediction.py for tasks to queue
[2025-11-23T20:22:02.208+0000] {logging_mixin.py:188} INFO - [2025-11-23T20:22:02.208+0000] {dagbag.py:545} INFO - Filling up the DagBag from /opt/airflow/dags/dag_prediction.py
[2025-11-23T20:22:03.035+0000] {processor.py:840} INFO - DAG(s) 'job_prediction_pipeline' retrieved from /opt/airflow/dags/dag_prediction.py
[2025-11-23T20:29:19.939+0000] {processor.py:161} INFO - Started process (PID=200) to work on /opt/airflow/dags/dag_prediction.py
[2025-11-23T20:29:19.942+0000] {processor.py:830} INFO - Processing file /opt/airflow/dags/dag_prediction.py for tasks to queue
[2025-11-23T20:29:19.949+0000] {logging_mixin.py:188} INFO - [2025-11-23T20:29:19.948+0000] {dagbag.py:545} INFO - Filling up the DagBag from /opt/airflow/dags/dag_prediction.py
[2025-11-23T20:29:22.571+0000] {processor.py:840} INFO - DAG(s) 'job_prediction_pipeline' retrieved from /opt/airflow/dags/dag_prediction.py
[2025-11-23T20:29:22.937+0000] {logging_mixin.py:188} INFO - [2025-11-23T20:29:22.935+0000] {override.py:1858} INFO - Created Permission View: can delete on DAG:job_prediction_pipeline
[2025-11-23T20:29:23.014+0000] {logging_mixin.py:188} INFO - [2025-11-23T20:29:23.009+0000] {override.py:1858} INFO - Created Permission View: can edit on DAG:job_prediction_pipeline
[2025-11-23T20:29:23.058+0000] {logging_mixin.py:188} INFO - [2025-11-23T20:29:23.057+0000] {override.py:1858} INFO - Created Permission View: can read on DAG:job_prediction_pipeline
[2025-11-23T20:29:23.065+0000] {logging_mixin.py:188} INFO - [2025-11-23T20:29:23.060+0000] {dag.py:3089} INFO - Sync 1 DAGs
[2025-11-23T20:29:23.155+0000] {logging_mixin.py:188} INFO - [2025-11-23T20:29:23.154+0000] {dag.py:3111} INFO - Creating ORM DAG for job_prediction_pipeline
[2025-11-23T20:29:23.276+0000] {logging_mixin.py:188} INFO - [2025-11-23T20:29:23.275+0000] {dag.py:3947} INFO - Setting next_dagrun for job_prediction_pipeline to 2025-11-23 20:26:00+00:00, run_after=2025-11-23 20:28:00+00:00
[2025-11-23T20:29:23.525+0000] {processor.py:183} INFO - Processing /opt/airflow/dags/dag_prediction.py took 3.607 seconds
[2025-11-23T20:29:53.846+0000] {processor.py:161} INFO - Started process (PID=233) to work on /opt/airflow/dags/dag_prediction.py
[2025-11-23T20:29:53.854+0000] {processor.py:830} INFO - Processing file /opt/airflow/dags/dag_prediction.py for tasks to queue
[2025-11-23T20:29:53.867+0000] {logging_mixin.py:188} INFO - [2025-11-23T20:29:53.867+0000] {dagbag.py:545} INFO - Filling up the DagBag from /opt/airflow/dags/dag_prediction.py
[2025-11-23T20:29:54.589+0000] {processor.py:840} INFO - DAG(s) 'job_prediction_pipeline' retrieved from /opt/airflow/dags/dag_prediction.py
[2025-11-23T20:29:54.654+0000] {logging_mixin.py:188} INFO - [2025-11-23T20:29:54.653+0000] {dag.py:3089} INFO - Sync 1 DAGs
[2025-11-23T20:29:54.706+0000] {logging_mixin.py:188} INFO - [2025-11-23T20:29:54.705+0000] {dag.py:3947} INFO - Setting next_dagrun for job_prediction_pipeline to 2025-11-23 20:26:00+00:00, run_after=2025-11-23 20:28:00+00:00
[2025-11-23T20:29:54.843+0000] {processor.py:183} INFO - Processing /opt/airflow/dags/dag_prediction.py took 1.021 seconds
[2025-11-23T20:30:25.376+0000] {processor.py:161} INFO - Started process (PID=282) to work on /opt/airflow/dags/dag_prediction.py
[2025-11-23T20:30:25.380+0000] {processor.py:830} INFO - Processing file /opt/airflow/dags/dag_prediction.py for tasks to queue
[2025-11-23T20:30:25.385+0000] {logging_mixin.py:188} INFO - [2025-11-23T20:30:25.384+0000] {dagbag.py:545} INFO - Filling up the DagBag from /opt/airflow/dags/dag_prediction.py
[2025-11-23T20:30:26.072+0000] {processor.py:840} INFO - DAG(s) 'job_prediction_pipeline' retrieved from /opt/airflow/dags/dag_prediction.py
[2025-11-23T20:30:26.136+0000] {logging_mixin.py:188} INFO - [2025-11-23T20:30:26.135+0000] {dag.py:3089} INFO - Sync 1 DAGs
[2025-11-23T20:30:26.188+0000] {logging_mixin.py:188} INFO - [2025-11-23T20:30:26.187+0000] {dag.py:3947} INFO - Setting next_dagrun for job_prediction_pipeline to 2025-11-23 20:28:00+00:00, run_after=2025-11-23 20:30:00+00:00
[2025-11-23T20:30:26.467+0000] {processor.py:183} INFO - Processing /opt/airflow/dags/dag_prediction.py took 1.105 seconds
[2025-11-23T20:30:57.022+0000] {processor.py:161} INFO - Started process (PID=307) to work on /opt/airflow/dags/dag_prediction.py
[2025-11-23T20:30:57.025+0000] {processor.py:830} INFO - Processing file /opt/airflow/dags/dag_prediction.py for tasks to queue
[2025-11-23T20:30:57.029+0000] {logging_mixin.py:188} INFO - [2025-11-23T20:30:57.028+0000] {dagbag.py:545} INFO - Filling up the DagBag from /opt/airflow/dags/dag_prediction.py
[2025-11-23T20:30:57.666+0000] {processor.py:840} INFO - DAG(s) 'job_prediction_pipeline' retrieved from /opt/airflow/dags/dag_prediction.py
[2025-11-23T20:30:57.735+0000] {logging_mixin.py:188} INFO - [2025-11-23T20:30:57.735+0000] {dag.py:3089} INFO - Sync 1 DAGs
[2025-11-23T20:30:57.792+0000] {logging_mixin.py:188} INFO - [2025-11-23T20:30:57.791+0000] {dag.py:3947} INFO - Setting next_dagrun for job_prediction_pipeline to 2025-11-23 20:28:00+00:00, run_after=2025-11-23 20:30:00+00:00
[2025-11-23T20:30:58.073+0000] {processor.py:183} INFO - Processing /opt/airflow/dags/dag_prediction.py took 1.065 seconds
[2025-11-23T20:33:44.456+0000] {processor.py:161} INFO - Started process (PID=214) to work on /opt/airflow/dags/dag_prediction.py
[2025-11-23T20:33:44.460+0000] {processor.py:830} INFO - Processing file /opt/airflow/dags/dag_prediction.py for tasks to queue
[2025-11-23T20:33:44.466+0000] {logging_mixin.py:188} INFO - [2025-11-23T20:33:44.465+0000] {dagbag.py:545} INFO - Filling up the DagBag from /opt/airflow/dags/dag_prediction.py
[2025-11-23T20:33:45.266+0000] {processor.py:840} INFO - DAG(s) 'job_prediction_pipeline' retrieved from /opt/airflow/dags/dag_prediction.py
[2025-11-23T20:33:45.339+0000] {logging_mixin.py:188} INFO - [2025-11-23T20:33:45.338+0000] {dag.py:3089} INFO - Sync 1 DAGs
[2025-11-23T20:33:45.396+0000] {logging_mixin.py:188} INFO - [2025-11-23T20:33:45.396+0000] {dag.py:3947} INFO - Setting next_dagrun for job_prediction_pipeline to 2025-11-23 20:30:00+00:00, run_after=2025-11-23 20:32:00+00:00
[2025-11-23T20:33:45.470+0000] {processor.py:183} INFO - Processing /opt/airflow/dags/dag_prediction.py took 1.035 seconds
[2025-11-23T20:34:16.012+0000] {processor.py:161} INFO - Started process (PID=284) to work on /opt/airflow/dags/dag_prediction.py
[2025-11-23T20:34:16.016+0000] {processor.py:830} INFO - Processing file /opt/airflow/dags/dag_prediction.py for tasks to queue
[2025-11-23T20:34:16.022+0000] {logging_mixin.py:188} INFO - [2025-11-23T20:34:16.021+0000] {dagbag.py:545} INFO - Filling up the DagBag from /opt/airflow/dags/dag_prediction.py
[2025-11-23T20:34:16.725+0000] {processor.py:840} INFO - DAG(s) 'job_prediction_pipeline' retrieved from /opt/airflow/dags/dag_prediction.py
[2025-11-23T20:34:16.954+0000] {logging_mixin.py:188} INFO - [2025-11-23T20:34:16.953+0000] {dag.py:3089} INFO - Sync 1 DAGs
[2025-11-23T20:34:17.001+0000] {logging_mixin.py:188} INFO - [2025-11-23T20:34:17.000+0000] {dag.py:3947} INFO - Setting next_dagrun for job_prediction_pipeline to 2025-11-23 20:32:00+00:00, run_after=2025-11-23 20:34:00+00:00
[2025-11-23T20:34:17.052+0000] {processor.py:183} INFO - Processing /opt/airflow/dags/dag_prediction.py took 1.057 seconds
[2025-11-23T20:34:47.639+0000] {processor.py:161} INFO - Started process (PID=310) to work on /opt/airflow/dags/dag_prediction.py
[2025-11-23T20:34:47.642+0000] {processor.py:830} INFO - Processing file /opt/airflow/dags/dag_prediction.py for tasks to queue
[2025-11-23T20:34:47.647+0000] {logging_mixin.py:188} INFO - [2025-11-23T20:34:47.646+0000] {dagbag.py:545} INFO - Filling up the DagBag from /opt/airflow/dags/dag_prediction.py
[2025-11-23T20:34:48.380+0000] {processor.py:840} INFO - DAG(s) 'job_prediction_pipeline' retrieved from /opt/airflow/dags/dag_prediction.py
[2025-11-23T20:34:48.458+0000] {logging_mixin.py:188} INFO - [2025-11-23T20:34:48.457+0000] {dag.py:3089} INFO - Sync 1 DAGs
[2025-11-23T20:34:48.520+0000] {logging_mixin.py:188} INFO - [2025-11-23T20:34:48.520+0000] {dag.py:3947} INFO - Setting next_dagrun for job_prediction_pipeline to 2025-11-23 20:32:00+00:00, run_after=2025-11-23 20:34:00+00:00
[2025-11-23T20:34:48.564+0000] {processor.py:183} INFO - Processing /opt/airflow/dags/dag_prediction.py took 0.941 seconds
[2025-11-23T20:35:18.985+0000] {processor.py:161} INFO - Started process (PID=359) to work on /opt/airflow/dags/dag_prediction.py
[2025-11-23T20:35:18.987+0000] {processor.py:830} INFO - Processing file /opt/airflow/dags/dag_prediction.py for tasks to queue
[2025-11-23T20:35:18.992+0000] {logging_mixin.py:188} INFO - [2025-11-23T20:35:18.991+0000] {dagbag.py:545} INFO - Filling up the DagBag from /opt/airflow/dags/dag_prediction.py
[2025-11-23T20:35:19.626+0000] {processor.py:840} INFO - DAG(s) 'job_prediction_pipeline' retrieved from /opt/airflow/dags/dag_prediction.py
[2025-11-23T20:35:19.697+0000] {logging_mixin.py:188} INFO - [2025-11-23T20:35:19.697+0000] {dag.py:3089} INFO - Sync 1 DAGs
[2025-11-23T20:35:19.756+0000] {logging_mixin.py:188} INFO - [2025-11-23T20:35:19.756+0000] {dag.py:3947} INFO - Setting next_dagrun for job_prediction_pipeline to 2025-11-23 20:32:00+00:00, run_after=2025-11-23 20:34:00+00:00
[2025-11-23T20:35:20.042+0000] {processor.py:183} INFO - Processing /opt/airflow/dags/dag_prediction.py took 1.072 seconds
[2025-11-23T20:35:50.508+0000] {processor.py:161} INFO - Started process (PID=384) to work on /opt/airflow/dags/dag_prediction.py
[2025-11-23T20:35:50.511+0000] {processor.py:830} INFO - Processing file /opt/airflow/dags/dag_prediction.py for tasks to queue
[2025-11-23T20:35:50.516+0000] {logging_mixin.py:188} INFO - [2025-11-23T20:35:50.515+0000] {dagbag.py:545} INFO - Filling up the DagBag from /opt/airflow/dags/dag_prediction.py
[2025-11-23T20:35:51.241+0000] {processor.py:840} INFO - DAG(s) 'job_prediction_pipeline' retrieved from /opt/airflow/dags/dag_prediction.py
[2025-11-23T20:35:51.313+0000] {logging_mixin.py:188} INFO - [2025-11-23T20:35:51.312+0000] {dag.py:3089} INFO - Sync 1 DAGs
[2025-11-23T20:35:51.368+0000] {logging_mixin.py:188} INFO - [2025-11-23T20:35:51.368+0000] {dag.py:3947} INFO - Setting next_dagrun for job_prediction_pipeline to 2025-11-23 20:32:00+00:00, run_after=2025-11-23 20:34:00+00:00
[2025-11-23T20:35:51.440+0000] {processor.py:183} INFO - Processing /opt/airflow/dags/dag_prediction.py took 0.947 seconds
[2025-11-23T20:36:22.296+0000] {processor.py:161} INFO - Started process (PID=406) to work on /opt/airflow/dags/dag_prediction.py
[2025-11-23T20:36:22.311+0000] {processor.py:830} INFO - Processing file /opt/airflow/dags/dag_prediction.py for tasks to queue
[2025-11-23T20:36:22.318+0000] {logging_mixin.py:188} INFO - [2025-11-23T20:36:22.317+0000] {dagbag.py:545} INFO - Filling up the DagBag from /opt/airflow/dags/dag_prediction.py
[2025-11-23T20:36:23.623+0000] {processor.py:840} INFO - DAG(s) 'job_prediction_pipeline' retrieved from /opt/airflow/dags/dag_prediction.py
[2025-11-23T20:36:23.715+0000] {logging_mixin.py:188} INFO - [2025-11-23T20:36:23.714+0000] {dag.py:3089} INFO - Sync 1 DAGs
[2025-11-23T20:36:23.771+0000] {logging_mixin.py:188} INFO - [2025-11-23T20:36:23.771+0000] {dag.py:3947} INFO - Setting next_dagrun for job_prediction_pipeline to 2025-11-23 20:34:00+00:00, run_after=2025-11-23 20:36:00+00:00
[2025-11-23T20:36:23.859+0000] {processor.py:183} INFO - Processing /opt/airflow/dags/dag_prediction.py took 1.605 seconds
[2025-11-23T20:36:54.309+0000] {processor.py:161} INFO - Started process (PID=417) to work on /opt/airflow/dags/dag_prediction.py
[2025-11-23T20:36:54.314+0000] {processor.py:830} INFO - Processing file /opt/airflow/dags/dag_prediction.py for tasks to queue
[2025-11-23T20:36:54.319+0000] {logging_mixin.py:188} INFO - [2025-11-23T20:36:54.318+0000] {dagbag.py:545} INFO - Filling up the DagBag from /opt/airflow/dags/dag_prediction.py
[2025-11-23T20:36:55.072+0000] {processor.py:840} INFO - DAG(s) 'job_prediction_pipeline' retrieved from /opt/airflow/dags/dag_prediction.py
[2025-11-23T20:36:55.149+0000] {logging_mixin.py:188} INFO - [2025-11-23T20:36:55.148+0000] {dag.py:3089} INFO - Sync 1 DAGs
[2025-11-23T20:36:55.209+0000] {logging_mixin.py:188} INFO - [2025-11-23T20:36:55.209+0000] {dag.py:3947} INFO - Setting next_dagrun for job_prediction_pipeline to 2025-11-23 20:34:00+00:00, run_after=2025-11-23 20:36:00+00:00
[2025-11-23T20:36:55.373+0000] {processor.py:183} INFO - Processing /opt/airflow/dags/dag_prediction.py took 1.080 seconds
[2025-11-23T20:37:25.611+0000] {processor.py:161} INFO - Started process (PID=438) to work on /opt/airflow/dags/dag_prediction.py
[2025-11-23T20:37:25.613+0000] {processor.py:830} INFO - Processing file /opt/airflow/dags/dag_prediction.py for tasks to queue
[2025-11-23T20:37:25.618+0000] {logging_mixin.py:188} INFO - [2025-11-23T20:37:25.617+0000] {dagbag.py:545} INFO - Filling up the DagBag from /opt/airflow/dags/dag_prediction.py
[2025-11-23T20:37:26.353+0000] {processor.py:840} INFO - DAG(s) 'job_prediction_pipeline' retrieved from /opt/airflow/dags/dag_prediction.py
[2025-11-23T20:37:26.440+0000] {logging_mixin.py:188} INFO - [2025-11-23T20:37:26.439+0000] {dag.py:3089} INFO - Sync 1 DAGs
[2025-11-23T20:37:26.497+0000] {logging_mixin.py:188} INFO - [2025-11-23T20:37:26.496+0000] {dag.py:3947} INFO - Setting next_dagrun for job_prediction_pipeline to 2025-11-23 20:34:00+00:00, run_after=2025-11-23 20:36:00+00:00
[2025-11-23T20:37:26.569+0000] {processor.py:183} INFO - Processing /opt/airflow/dags/dag_prediction.py took 0.977 seconds
[2025-11-23T20:37:57.068+0000] {processor.py:161} INFO - Started process (PID=487) to work on /opt/airflow/dags/dag_prediction.py
[2025-11-23T20:37:57.071+0000] {processor.py:830} INFO - Processing file /opt/airflow/dags/dag_prediction.py for tasks to queue
[2025-11-23T20:37:57.076+0000] {logging_mixin.py:188} INFO - [2025-11-23T20:37:57.075+0000] {dagbag.py:545} INFO - Filling up the DagBag from /opt/airflow/dags/dag_prediction.py
[2025-11-23T20:37:57.836+0000] {processor.py:840} INFO - DAG(s) 'job_prediction_pipeline' retrieved from /opt/airflow/dags/dag_prediction.py
[2025-11-23T20:37:57.899+0000] {logging_mixin.py:188} INFO - [2025-11-23T20:37:57.898+0000] {dag.py:3089} INFO - Sync 1 DAGs
[2025-11-23T20:37:57.952+0000] {logging_mixin.py:188} INFO - [2025-11-23T20:37:57.952+0000] {dag.py:3947} INFO - Setting next_dagrun for job_prediction_pipeline to 2025-11-23 20:34:00+00:00, run_after=2025-11-23 20:36:00+00:00
[2025-11-23T20:37:58.024+0000] {processor.py:183} INFO - Processing /opt/airflow/dags/dag_prediction.py took 0.973 seconds
[2025-11-23T20:38:28.364+0000] {processor.py:161} INFO - Started process (PID=511) to work on /opt/airflow/dags/dag_prediction.py
[2025-11-23T20:38:28.367+0000] {processor.py:830} INFO - Processing file /opt/airflow/dags/dag_prediction.py for tasks to queue
[2025-11-23T20:38:28.373+0000] {logging_mixin.py:188} INFO - [2025-11-23T20:38:28.372+0000] {dagbag.py:545} INFO - Filling up the DagBag from /opt/airflow/dags/dag_prediction.py
[2025-11-23T20:38:29.099+0000] {processor.py:840} INFO - DAG(s) 'job_prediction_pipeline' retrieved from /opt/airflow/dags/dag_prediction.py
[2025-11-23T20:38:29.164+0000] {logging_mixin.py:188} INFO - [2025-11-23T20:38:29.163+0000] {dag.py:3089} INFO - Sync 1 DAGs
[2025-11-23T20:38:29.221+0000] {logging_mixin.py:188} INFO - [2025-11-23T20:38:29.220+0000] {dag.py:3947} INFO - Setting next_dagrun for job_prediction_pipeline to 2025-11-23 20:36:00+00:00, run_after=2025-11-23 20:38:00+00:00
[2025-11-23T20:38:29.268+0000] {processor.py:183} INFO - Processing /opt/airflow/dags/dag_prediction.py took 0.924 seconds
