[2025-11-16T19:38:18.772+0000] {local_task_job_runner.py:120} INFO - ::group::Pre task execution logs
[2025-11-16T19:38:18.868+0000] {taskinstance.py:2076} INFO - Dependencies all met for dep_context=non-requeueable deps ti=<TaskInstance: job_ingestion_pipeline.send_alerts scheduled__2025-11-16T19:37:00+00:00 [queued]>
[2025-11-16T19:38:18.887+0000] {taskinstance.py:2076} INFO - Dependencies all met for dep_context=requeueable deps ti=<TaskInstance: job_ingestion_pipeline.send_alerts scheduled__2025-11-16T19:37:00+00:00 [queued]>
[2025-11-16T19:38:18.888+0000] {taskinstance.py:2306} INFO - Starting attempt 1 of 1
[2025-11-16T19:38:18.926+0000] {taskinstance.py:2330} INFO - Executing <Task(_PythonDecoratedOperator): send_alerts> on 2025-11-16 19:37:00+00:00
[2025-11-16T19:38:18.952+0000] {logging_mixin.py:188} WARNING - /home/***/.local/lib/python3.12/site-packages/***/task/task_runner/standard_task_runner.py:62 DeprecationWarning: This process (pid=311) is multi-threaded, use of fork() may lead to deadlocks in the child.
[2025-11-16T19:38:18.954+0000] {standard_task_runner.py:64} INFO - Started process 332 to run task
[2025-11-16T19:38:18.952+0000] {standard_task_runner.py:90} INFO - Running: ['***', 'tasks', 'run', 'job_ingestion_pipeline', 'send_alerts', 'scheduled__2025-11-16T19:37:00+00:00', '--job-id', '10', '--raw', '--subdir', 'DAGS_FOLDER/dag_ingestion.py', '--cfg-path', '/tmp/tmpelt9ptz_']
[2025-11-16T19:38:18.960+0000] {standard_task_runner.py:91} INFO - Job 10: Subtask send_alerts
[2025-11-16T19:38:19.103+0000] {task_command.py:426} INFO - Running <TaskInstance: job_ingestion_pipeline.send_alerts scheduled__2025-11-16T19:37:00+00:00 [running]> on host 8088341ffd4c
[2025-11-16T19:38:19.819+0000] {taskinstance.py:2648} INFO - Exporting env vars: AIRFLOW_CTX_DAG_OWNER='***' AIRFLOW_CTX_DAG_ID='job_ingestion_pipeline' AIRFLOW_CTX_TASK_ID='send_alerts' AIRFLOW_CTX_EXECUTION_DATE='2025-11-16T19:37:00+00:00' AIRFLOW_CTX_TRY_NUMBER='1' AIRFLOW_CTX_DAG_RUN_ID='scheduled__2025-11-16T19:37:00+00:00'
[2025-11-16T19:38:19.822+0000] {taskinstance.py:430} INFO - ::endgroup::
[2025-11-16T19:38:19.824+0000] {logging_mixin.py:188} INFO - [send_alerts] DATA QUALITY ALERT:
[2025-11-16T19:38:19.825+0000] {logging_mixin.py:188} INFO -  File: job_part_010.csv
Criticality: medium
Invalid rows: 109 (0.8%)
Failed expectations: 0
Report path: /opt/***/data/reports/job_part_010.csv.html
[2025-11-16T19:38:19.826+0000] {python.py:237} INFO - Done. Returned value was: ok
[2025-11-16T19:38:19.827+0000] {taskinstance.py:441} INFO - ::group::Post task execution logs
[2025-11-16T19:38:19.887+0000] {taskinstance.py:1206} INFO - Marking task as SUCCESS. dag_id=job_ingestion_pipeline, task_id=send_alerts, run_id=scheduled__2025-11-16T19:37:00+00:00, execution_date=20251116T193700, start_date=20251116T193818, end_date=20251116T193819
[2025-11-16T19:38:19.985+0000] {local_task_job_runner.py:243} INFO - Task exited with return code 0
[2025-11-16T19:38:20.019+0000] {taskinstance.py:3503} INFO - 0 downstream tasks scheduled from follow-on schedule check
[2025-11-16T19:38:20.024+0000] {local_task_job_runner.py:222} INFO - ::endgroup::
