[2025-11-14T15:46:01.699+0000] {local_task_job_runner.py:120} INFO - ::group::Pre task execution logs
[2025-11-14T15:46:01.771+0000] {taskinstance.py:2076} INFO - Dependencies all met for dep_context=non-requeueable deps ti=<TaskInstance: job_prediction_pipeline.check_for_new_data scheduled__2025-11-14T15:44:00+00:00 [queued]>
[2025-11-14T15:46:01.788+0000] {taskinstance.py:2076} INFO - Dependencies all met for dep_context=requeueable deps ti=<TaskInstance: job_prediction_pipeline.check_for_new_data scheduled__2025-11-14T15:44:00+00:00 [queued]>
[2025-11-14T15:46:01.789+0000] {taskinstance.py:2306} INFO - Starting attempt 1 of 1
[2025-11-14T15:46:01.813+0000] {taskinstance.py:2330} INFO - Executing <Task(BranchPythonOperator): check_for_new_data> on 2025-11-14 15:44:00+00:00
[2025-11-14T15:46:01.834+0000] {logging_mixin.py:188} WARNING - /home/***/.local/lib/python3.12/site-packages/***/task/task_runner/standard_task_runner.py:62 DeprecationWarning: This process (pid=694) is multi-threaded, use of fork() may lead to deadlocks in the child.
[2025-11-14T15:46:01.838+0000] {standard_task_runner.py:64} INFO - Started process 698 to run task
[2025-11-14T15:46:01.835+0000] {standard_task_runner.py:90} INFO - Running: ['***', 'tasks', 'run', 'job_prediction_pipeline', 'check_for_new_data', 'scheduled__2025-11-14T15:44:00+00:00', '--job-id', '64', '--raw', '--subdir', 'DAGS_FOLDER/dag_prediction.py', '--cfg-path', '/tmp/tmpeo61w0ro']
[2025-11-14T15:46:01.840+0000] {standard_task_runner.py:91} INFO - Job 64: Subtask check_for_new_data
[2025-11-14T15:46:01.984+0000] {task_command.py:426} INFO - Running <TaskInstance: job_prediction_pipeline.check_for_new_data scheduled__2025-11-14T15:44:00+00:00 [running]> on host 01f98b13abaa
[2025-11-14T15:46:02.618+0000] {taskinstance.py:2648} INFO - Exporting env vars: AIRFLOW_CTX_DAG_OWNER='***' AIRFLOW_CTX_DAG_ID='job_prediction_pipeline' AIRFLOW_CTX_TASK_ID='check_for_new_data' AIRFLOW_CTX_EXECUTION_DATE='2025-11-14T15:44:00+00:00' AIRFLOW_CTX_TRY_NUMBER='1' AIRFLOW_CTX_DAG_RUN_ID='scheduled__2025-11-14T15:44:00+00:00'
[2025-11-14T15:46:02.620+0000] {taskinstance.py:430} INFO - ::endgroup::
[2025-11-14T15:46:02.652+0000] {baseoperator.py:400} WARNING - BranchPythonOperator.execute cannot be called outside TaskInstance!
[2025-11-14T15:46:02.658+0000] {logging_mixin.py:188} INFO - New files found: ['job_missingcol_city.csv', 'job_part_001.csv', 'job_part_008.csv', 'job_part_010.csv', 'job_part_012.csv', 'job_part_013.csv', 'job_part_014.csv', 'job_part_015.csv']
[2025-11-14T15:46:02.659+0000] {python.py:237} INFO - Done. Returned value was: make_predictions
[2025-11-14T15:46:02.660+0000] {branch.py:36} INFO - Branch into make_predictions
[2025-11-14T15:46:02.661+0000] {skipmixin.py:178} INFO - Following branch make_predictions
[2025-11-14T15:46:02.711+0000] {skipmixin.py:246} INFO - Skipping tasks [('no_new_data', -1)]
[2025-11-14T15:46:02.768+0000] {taskinstance.py:441} INFO - ::group::Post task execution logs
[2025-11-14T15:46:02.816+0000] {taskinstance.py:1206} INFO - Marking task as SUCCESS. dag_id=job_prediction_pipeline, task_id=check_for_new_data, run_id=scheduled__2025-11-14T15:44:00+00:00, execution_date=20251114T154400, start_date=20251114T154601, end_date=20251114T154602
[2025-11-14T15:46:02.899+0000] {local_task_job_runner.py:243} INFO - Task exited with return code 0
[2025-11-14T15:46:02.952+0000] {taskinstance.py:3503} INFO - 1 downstream tasks scheduled from follow-on schedule check
[2025-11-14T15:46:02.958+0000] {local_task_job_runner.py:222} INFO - ::endgroup::
