[2025-11-14T16:04:06.779+0000] {local_task_job_runner.py:120} INFO - ::group::Pre task execution logs
[2025-11-14T16:04:06.870+0000] {taskinstance.py:2076} INFO - Dependencies all met for dep_context=non-requeueable deps ti=<TaskInstance: job_prediction_pipeline.make_predictions scheduled__2025-11-14T16:02:00+00:00 [queued]>
[2025-11-14T16:04:06.893+0000] {taskinstance.py:2076} INFO - Dependencies all met for dep_context=requeueable deps ti=<TaskInstance: job_prediction_pipeline.make_predictions scheduled__2025-11-14T16:02:00+00:00 [queued]>
[2025-11-14T16:04:06.910+0000] {taskinstance.py:2306} INFO - Starting attempt 1 of 1
[2025-11-14T16:04:06.941+0000] {taskinstance.py:2330} INFO - Executing <Task(PythonOperator): make_predictions> on 2025-11-14 16:02:00+00:00
[2025-11-14T16:04:06.963+0000] {logging_mixin.py:188} WARNING - /home/***/.local/lib/python3.12/site-packages/***/task/task_runner/standard_task_runner.py:62 DeprecationWarning: This process (pid=477) is multi-threaded, use of fork() may lead to deadlocks in the child.
[2025-11-14T16:04:06.966+0000] {standard_task_runner.py:64} INFO - Started process 479 to run task
[2025-11-14T16:04:06.963+0000] {standard_task_runner.py:90} INFO - Running: ['***', 'tasks', 'run', 'job_prediction_pipeline', 'make_predictions', 'scheduled__2025-11-14T16:02:00+00:00', '--job-id', '132', '--raw', '--subdir', 'DAGS_FOLDER/dag_prediction.py', '--cfg-path', '/tmp/tmp9y_auk8n']
[2025-11-14T16:04:06.968+0000] {standard_task_runner.py:91} INFO - Job 132: Subtask make_predictions
[2025-11-14T16:04:07.123+0000] {task_command.py:426} INFO - Running <TaskInstance: job_prediction_pipeline.make_predictions scheduled__2025-11-14T16:02:00+00:00 [running]> on host 01f98b13abaa
[2025-11-14T16:04:07.836+0000] {taskinstance.py:2648} INFO - Exporting env vars: AIRFLOW_CTX_DAG_OWNER='***' AIRFLOW_CTX_DAG_ID='job_prediction_pipeline' AIRFLOW_CTX_TASK_ID='make_predictions' AIRFLOW_CTX_EXECUTION_DATE='2025-11-14T16:02:00+00:00' AIRFLOW_CTX_TRY_NUMBER='1' AIRFLOW_CTX_DAG_RUN_ID='scheduled__2025-11-14T16:02:00+00:00'
[2025-11-14T16:04:07.838+0000] {taskinstance.py:430} INFO - ::endgroup::
[2025-11-14T16:04:07.877+0000] {logging_mixin.py:188} INFO - Processing file: job_missingcol_experience.csv
[2025-11-14T16:04:08.034+0000] {logging_mixin.py:188} INFO - Sending batch 0-500 (size=500) to API...
[2025-11-14T16:04:13.556+0000] {logging_mixin.py:188} INFO - API status: 200
[2025-11-14T16:04:13.557+0000] {logging_mixin.py:188} INFO - API response (first 300 chars): {"predictions":[{"prediction":0,"probability":0.075},{"prediction":0,"probability":0.28},{"prediction":1,"probability":0.51},{"prediction":0,"probability":0.19},{"prediction":0,"probability":0.08},{"prediction":0,"probability":0.215},{"prediction":0,"probability":0.11},{"prediction":0,"probability":
[2025-11-14T16:04:13.579+0000] {logging_mixin.py:188} INFO - Sending batch 500-1000 (size=500) to API...
[2025-11-14T16:04:17.602+0000] {logging_mixin.py:188} INFO - API status: 200
[2025-11-14T16:04:17.603+0000] {logging_mixin.py:188} INFO - API response (first 300 chars): {"predictions":[{"prediction":0,"probability":0.015},{"prediction":0,"probability":0.135},{"prediction":0,"probability":0.05},{"prediction":0,"probability":0.245},{"prediction":0,"probability":0.025},{"prediction":1,"probability":0.58},{"prediction":0,"probability":0.09},{"prediction":0,"probability
[2025-11-14T16:04:17.611+0000] {logging_mixin.py:188} INFO - Sending batch 1000-1500 (size=500) to API...
[2025-11-14T16:04:22.070+0000] {logging_mixin.py:188} INFO - API status: 200
[2025-11-14T16:04:22.071+0000] {logging_mixin.py:188} INFO - API response (first 300 chars): {"predictions":[{"prediction":1,"probability":0.73},{"prediction":0,"probability":0.03},{"prediction":0,"probability":0.115},{"prediction":0,"probability":0.035},{"prediction":1,"probability":0.545},{"prediction":0,"probability":0.17},{"prediction":0,"probability":0.025},{"prediction":0,"probability
[2025-11-14T16:04:22.081+0000] {logging_mixin.py:188} INFO - Sending batch 1500-2000 (size=500) to API...
[2025-11-14T16:04:26.082+0000] {logging_mixin.py:188} INFO - API status: 200
[2025-11-14T16:04:26.083+0000] {logging_mixin.py:188} INFO - API response (first 300 chars): {"predictions":[{"prediction":1,"probability":0.555},{"prediction":0,"probability":0.13},{"prediction":0,"probability":0.22},{"prediction":0,"probability":0.085},{"prediction":0,"probability":0.025},{"prediction":0,"probability":0.09},{"prediction":0,"probability":0.325},{"prediction":0,"probability
[2025-11-14T16:04:26.091+0000] {logging_mixin.py:188} INFO - Sending batch 2000-2500 (size=500) to API...
[2025-11-14T16:04:29.901+0000] {logging_mixin.py:188} INFO - API status: 200
[2025-11-14T16:04:29.905+0000] {logging_mixin.py:188} INFO - API response (first 300 chars): {"predictions":[{"prediction":0,"probability":0.04800417798203467},{"prediction":0,"probability":0.335},{"prediction":0,"probability":0.035},{"prediction":0,"probability":0.02},{"prediction":1,"probability":0.5215907442568531},{"prediction":0,"probability":0.05},{"prediction":0,"probability":0.245},
[2025-11-14T16:04:29.933+0000] {logging_mixin.py:188} INFO - Sending batch 2500-3000 (size=500) to API...
[2025-11-14T16:04:35.132+0000] {logging_mixin.py:188} INFO - API status: 200
[2025-11-14T16:04:35.133+0000] {logging_mixin.py:188} INFO - API response (first 300 chars): {"predictions":[{"prediction":0,"probability":0.07},{"prediction":0,"probability":0.11},{"prediction":0,"probability":0.04},{"prediction":0,"probability":0.035},{"prediction":0,"probability":0.27},{"prediction":0,"probability":0.025},{"prediction":1,"probability":0.64},{"prediction":0,"probability":
[2025-11-14T16:04:35.143+0000] {logging_mixin.py:188} INFO - Sending batch 3000-3500 (size=500) to API...
[2025-11-14T16:04:38.795+0000] {logging_mixin.py:188} INFO - API status: 200
[2025-11-14T16:04:38.797+0000] {logging_mixin.py:188} INFO - API response (first 300 chars): {"predictions":[{"prediction":0,"probability":0.02},{"prediction":0,"probability":0.04950156510851419},{"prediction":0,"probability":0.385},{"prediction":1,"probability":0.5},{"prediction":1,"probability":0.525},{"prediction":0,"probability":0.075},{"prediction":0,"probability":0.03},{"prediction":0
[2025-11-14T16:04:38.805+0000] {logging_mixin.py:188} INFO - Sending batch 3500-4000 (size=500) to API...
[2025-11-14T16:04:43.056+0000] {logging_mixin.py:188} INFO - API status: 200
[2025-11-14T16:04:43.057+0000] {logging_mixin.py:188} INFO - API response (first 300 chars): {"predictions":[{"prediction":0,"probability":0.155},{"prediction":0,"probability":0.0},{"prediction":0,"probability":0.38},{"prediction":0,"probability":0.085},{"prediction":0,"probability":0.07},{"prediction":0,"probability":0.06},{"prediction":0,"probability":0.05},{"prediction":0,"probability":0
[2025-11-14T16:04:43.065+0000] {logging_mixin.py:188} INFO - Sending batch 4000-4500 (size=500) to API...
[2025-11-14T16:04:46.883+0000] {logging_mixin.py:188} INFO - API status: 200
[2025-11-14T16:04:46.884+0000] {logging_mixin.py:188} INFO - API response (first 300 chars): {"predictions":[{"prediction":0,"probability":0.125},{"prediction":1,"probability":0.5000108782698093},{"prediction":0,"probability":0.005},{"prediction":0,"probability":0.135},{"prediction":0,"probability":0.145},{"prediction":0,"probability":0.019641127820139832},{"prediction":0,"probability":0.25
[2025-11-14T16:04:46.892+0000] {logging_mixin.py:188} INFO - Sending batch 4500-5000 (size=500) to API...
[2025-11-14T16:04:51.017+0000] {logging_mixin.py:188} INFO - API status: 200
[2025-11-14T16:04:51.018+0000] {logging_mixin.py:188} INFO - API response (first 300 chars): {"predictions":[{"prediction":0,"probability":0.095},{"prediction":0,"probability":0.04},{"prediction":0,"probability":0.075},{"prediction":1,"probability":0.605},{"prediction":0,"probability":0.07},{"prediction":0,"probability":0.385},{"prediction":0,"probability":0.17},{"prediction":0,"probability
[2025-11-14T16:04:51.026+0000] {logging_mixin.py:188} INFO - Sending batch 5000-5500 (size=500) to API...
[2025-11-14T16:04:54.646+0000] {logging_mixin.py:188} INFO - API status: 200
[2025-11-14T16:04:54.647+0000] {logging_mixin.py:188} INFO - API response (first 300 chars): {"predictions":[{"prediction":0,"probability":0.125},{"prediction":0,"probability":0.08},{"prediction":0,"probability":0.075},{"prediction":1,"probability":0.5175065246894248},{"prediction":1,"probability":0.54},{"prediction":0,"probability":0.305},{"prediction":0,"probability":0.1},{"prediction":0,
[2025-11-14T16:04:54.655+0000] {logging_mixin.py:188} INFO - Sending batch 5500-6000 (size=500) to API...
[2025-11-14T16:04:58.147+0000] {logging_mixin.py:188} INFO - API status: 200
[2025-11-14T16:04:58.148+0000] {logging_mixin.py:188} INFO - API response (first 300 chars): {"predictions":[{"prediction":0,"probability":0.09},{"prediction":0,"probability":0.015},{"prediction":0,"probability":0.015},{"prediction":0,"probability":0.135},{"prediction":0,"probability":0.41},{"prediction":0,"probability":0.065},{"prediction":1,"probability":0.505},{"prediction":0,"probabilit
[2025-11-14T16:04:58.157+0000] {logging_mixin.py:188} INFO - Sending batch 6000-6500 (size=500) to API...
[2025-11-14T16:05:02.259+0000] {logging_mixin.py:188} INFO - API status: 200
[2025-11-14T16:05:02.260+0000] {logging_mixin.py:188} INFO - API response (first 300 chars): {"predictions":[{"prediction":0,"probability":0.115},{"prediction":0,"probability":0.01},{"prediction":0,"probability":0.135},{"prediction":0,"probability":0.385},{"prediction":0,"probability":0.275},{"prediction":0,"probability":0.025},{"prediction":0,"probability":0.035},{"prediction":1,"probabili
[2025-11-14T16:05:02.268+0000] {logging_mixin.py:188} INFO - Sending batch 6500-7000 (size=500) to API...
[2025-11-14T16:05:07.368+0000] {logging_mixin.py:188} INFO - API status: 200
[2025-11-14T16:05:07.369+0000] {logging_mixin.py:188} INFO - API response (first 300 chars): {"predictions":[{"prediction":0,"probability":0.22},{"prediction":0,"probability":0.42},{"prediction":0,"probability":0.15},{"prediction":0,"probability":0.065},{"prediction":0,"probability":0.06},{"prediction":0,"probability":0.095},{"prediction":0,"probability":0.225},{"prediction":0,"probability"
[2025-11-14T16:05:07.377+0000] {logging_mixin.py:188} INFO - Sending batch 7000-7500 (size=500) to API...
[2025-11-14T16:05:12.009+0000] {logging_mixin.py:188} INFO - API status: 200
[2025-11-14T16:05:12.010+0000] {logging_mixin.py:188} INFO - API response (first 300 chars): {"predictions":[{"prediction":0,"probability":0.065},{"prediction":0,"probability":0.085},{"prediction":0,"probability":0.015},{"prediction":0,"probability":0.11},{"prediction":0,"probability":0.08},{"prediction":0,"probability":0.045},{"prediction":0,"probability":0.085},{"prediction":0,"probabilit
[2025-11-14T16:05:12.018+0000] {logging_mixin.py:188} INFO - Sending batch 7500-8000 (size=500) to API...
[2025-11-14T16:05:16.048+0000] {logging_mixin.py:188} INFO - API status: 200
[2025-11-14T16:05:16.049+0000] {logging_mixin.py:188} INFO - API response (first 300 chars): {"predictions":[{"prediction":0,"probability":0.12},{"prediction":0,"probability":0.115},{"prediction":0,"probability":0.2937532623447124},{"prediction":0,"probability":0.11},{"prediction":0,"probability":0.135},{"prediction":1,"probability":0.6955476310366417},{"prediction":0,"probability":0.47},{"
[2025-11-14T16:05:16.057+0000] {logging_mixin.py:188} INFO - Sending batch 8000-8500 (size=500) to API...
[2025-11-14T16:05:19.781+0000] {logging_mixin.py:188} INFO - API status: 200
[2025-11-14T16:05:19.783+0000] {logging_mixin.py:188} INFO - API response (first 300 chars): {"predictions":[{"prediction":0,"probability":0.045},{"prediction":0,"probability":0.2987532623447124},{"prediction":0,"probability":0.045},{"prediction":0,"probability":0.05},{"prediction":0,"probability":0.02},{"prediction":1,"probability":0.7137532623447123},{"prediction":0,"probability":0.03},{"
[2025-11-14T16:05:19.793+0000] {logging_mixin.py:188} INFO - Sending batch 8500-9000 (size=500) to API...
[2025-11-14T16:05:24.051+0000] {logging_mixin.py:188} INFO - API status: 200
[2025-11-14T16:05:24.052+0000] {logging_mixin.py:188} INFO - API response (first 300 chars): {"predictions":[{"prediction":1,"probability":0.595},{"prediction":0,"probability":0.05},{"prediction":0,"probability":0.28},{"prediction":1,"probability":0.705},{"prediction":0,"probability":0.11},{"prediction":0,"probability":0.08},{"prediction":0,"probability":0.03},{"prediction":0,"probability":
[2025-11-14T16:05:24.061+0000] {logging_mixin.py:188} INFO - Sending batch 9000-9500 (size=500) to API...
[2025-11-14T16:05:27.954+0000] {logging_mixin.py:188} INFO - API status: 200
[2025-11-14T16:05:27.955+0000] {logging_mixin.py:188} INFO - API response (first 300 chars): {"predictions":[{"prediction":1,"probability":0.51},{"prediction":0,"probability":0.05},{"prediction":0,"probability":0.07},{"prediction":0,"probability":0.115},{"prediction":0,"probability":0.1},{"prediction":0,"probability":0.13},{"prediction":0,"probability":0.04},{"prediction":0,"probability":0.
[2025-11-14T16:05:27.964+0000] {logging_mixin.py:188} INFO - Sending batch 9500-10000 (size=500) to API...
[2025-11-14T16:05:32.150+0000] {logging_mixin.py:188} INFO - API status: 200
[2025-11-14T16:05:32.151+0000] {logging_mixin.py:188} INFO - API response (first 300 chars): {"predictions":[{"prediction":0,"probability":0.14},{"prediction":0,"probability":0.12589657263619644},{"prediction":0,"probability":0.175},{"prediction":1,"probability":0.735},{"prediction":1,"probability":0.665},{"prediction":0,"probability":0.195},{"prediction":0,"probability":0.035},{"prediction
[2025-11-14T16:05:32.159+0000] {logging_mixin.py:188} INFO - Sending batch 10000-10500 (size=500) to API...
[2025-11-14T16:05:37.256+0000] {logging_mixin.py:188} INFO - API status: 200
[2025-11-14T16:05:37.257+0000] {logging_mixin.py:188} INFO - API response (first 300 chars): {"predictions":[{"prediction":0,"probability":0.16},{"prediction":0,"probability":0.12},{"prediction":0,"probability":0.255},{"prediction":0,"probability":0.06},{"prediction":0,"probability":0.05},{"prediction":0,"probability":0.12},{"prediction":0,"probability":0.485},{"prediction":0,"probability":
[2025-11-14T16:05:37.265+0000] {logging_mixin.py:188} INFO - Sending batch 10500-11000 (size=500) to API...
[2025-11-14T16:05:41.441+0000] {logging_mixin.py:188} INFO - API status: 200
[2025-11-14T16:05:41.442+0000] {logging_mixin.py:188} INFO - API response (first 300 chars): {"predictions":[{"prediction":0,"probability":0.05},{"prediction":1,"probability":0.665},{"prediction":0,"probability":0.105},{"prediction":0,"probability":0.03},{"prediction":0,"probability":0.155},{"prediction":0,"probability":0.02},{"prediction":0,"probability":0.115},{"prediction":0,"probability
[2025-11-14T16:05:41.451+0000] {logging_mixin.py:188} INFO - Sending batch 11000-11500 (size=500) to API...
[2025-11-14T16:05:45.337+0000] {logging_mixin.py:188} INFO - API status: 200
[2025-11-14T16:05:45.339+0000] {logging_mixin.py:188} INFO - API response (first 300 chars): {"predictions":[{"prediction":0,"probability":0.09},{"prediction":0,"probability":0.055},{"prediction":0,"probability":0.105},{"prediction":0,"probability":0.075},{"prediction":0,"probability":0.085},{"prediction":0,"probability":0.28},{"prediction":1,"probability":0.555},{"prediction":0,"probabilit
[2025-11-14T16:05:45.346+0000] {logging_mixin.py:188} INFO - Sending batch 11500-12000 (size=500) to API...
[2025-11-14T16:05:49.018+0000] {logging_mixin.py:188} INFO - API status: 200
[2025-11-14T16:05:49.020+0000] {logging_mixin.py:188} INFO - API response (first 300 chars): {"predictions":[{"prediction":0,"probability":0.05},{"prediction":0,"probability":0.085},{"prediction":0,"probability":0.14},{"prediction":1,"probability":0.56},{"prediction":0,"probability":0.075},{"prediction":0,"probability":0.045},{"prediction":0,"probability":0.155},{"prediction":0,"probability
[2025-11-14T16:05:49.030+0000] {logging_mixin.py:188} INFO - Sending batch 12000-12500 (size=500) to API...
[2025-11-14T16:05:53.018+0000] {logging_mixin.py:188} INFO - API status: 200
[2025-11-14T16:05:53.019+0000] {logging_mixin.py:188} INFO - API response (first 300 chars): {"predictions":[{"prediction":0,"probability":0.095},{"prediction":0,"probability":0.065},{"prediction":1,"probability":0.685},{"prediction":0,"probability":0.11},{"prediction":0,"probability":0.06},{"prediction":0,"probability":0.175},{"prediction":0,"probability":0.055},{"prediction":0,"probabilit
[2025-11-14T16:05:53.027+0000] {logging_mixin.py:188} INFO - Sending batch 12500-13000 (size=500) to API...
[2025-11-14T16:05:56.563+0000] {logging_mixin.py:188} INFO - API status: 200
[2025-11-14T16:05:56.564+0000] {logging_mixin.py:188} INFO - API response (first 300 chars): {"predictions":[{"prediction":0,"probability":0.055},{"prediction":0,"probability":0.02},{"prediction":0,"probability":0.04},{"prediction":0,"probability":0.06},{"prediction":0,"probability":0.12},{"prediction":0,"probability":0.06},{"prediction":0,"probability":0.415},{"prediction":0,"probability":
[2025-11-14T16:05:56.573+0000] {logging_mixin.py:188} INFO - Sending batch 13000-13500 (size=500) to API...
[2025-11-14T16:06:00.275+0000] {logging_mixin.py:188} INFO - API status: 200
[2025-11-14T16:06:00.276+0000] {logging_mixin.py:188} INFO - API response (first 300 chars): {"predictions":[{"prediction":0,"probability":0.33},{"prediction":0,"probability":0.06},{"prediction":1,"probability":0.675},{"prediction":1,"probability":0.535},{"prediction":0,"probability":0.095},{"prediction":0,"probability":0.25},{"prediction":0,"probability":0.485},{"prediction":0,"probability
[2025-11-14T16:06:00.290+0000] {logging_mixin.py:188} INFO - Sending batch 13500-14000 (size=500) to API...
[2025-11-14T16:06:04.303+0000] {logging_mixin.py:188} INFO - API status: 200
[2025-11-14T16:06:04.304+0000] {logging_mixin.py:188} INFO - API response (first 300 chars): {"predictions":[{"prediction":0,"probability":0.175},{"prediction":0,"probability":0.055},{"prediction":0,"probability":0.09},{"prediction":0,"probability":0.1},{"prediction":0,"probability":0.05},{"prediction":0,"probability":0.22},{"prediction":0,"probability":0.015},{"prediction":0,"probability":
[2025-11-14T16:06:04.315+0000] {logging_mixin.py:188} INFO - Sending batch 14000-14500 (size=500) to API...
[2025-11-14T16:06:09.295+0000] {logging_mixin.py:188} INFO - API status: 200
[2025-11-14T16:06:09.296+0000] {logging_mixin.py:188} INFO - API response (first 300 chars): {"predictions":[{"prediction":0,"probability":0.015},{"prediction":0,"probability":0.03},{"prediction":0,"probability":0.04},{"prediction":0,"probability":0.095},{"prediction":0,"probability":0.11},{"prediction":0,"probability":0.015},{"prediction":0,"probability":0.055},{"prediction":0,"probability
[2025-11-14T16:06:09.305+0000] {logging_mixin.py:188} INFO - Sending batch 14500-15000 (size=500) to API...
[2025-11-14T16:06:14.369+0000] {logging_mixin.py:188} INFO - API status: 200
[2025-11-14T16:06:14.370+0000] {logging_mixin.py:188} INFO - API response (first 300 chars): {"predictions":[{"prediction":0,"probability":0.19},{"prediction":0,"probability":0.1},{"prediction":0,"probability":0.0},{"prediction":0,"probability":0.455},{"prediction":0,"probability":0.09},{"prediction":0,"probability":0.395},{"prediction":0,"probability":0.1},{"prediction":1,"probability":0.5
[2025-11-14T16:06:14.379+0000] {logging_mixin.py:188} INFO - Sending batch 15000-15500 (size=500) to API...
[2025-11-14T16:06:18.449+0000] {logging_mixin.py:188} INFO - API status: 200
[2025-11-14T16:06:18.451+0000] {logging_mixin.py:188} INFO - API response (first 300 chars): {"predictions":[{"prediction":0,"probability":0.05},{"prediction":0,"probability":0.175},{"prediction":0,"probability":0.28},{"prediction":0,"probability":0.195},{"prediction":0,"probability":0.1},{"prediction":0,"probability":0.07},{"prediction":0,"probability":0.055},{"prediction":0,"probability":
[2025-11-14T16:06:18.460+0000] {logging_mixin.py:188} INFO - Sending batch 15500-16000 (size=500) to API...
[2025-11-14T16:06:22.942+0000] {logging_mixin.py:188} INFO - API status: 200
[2025-11-14T16:06:22.944+0000] {logging_mixin.py:188} INFO - API response (first 300 chars): {"predictions":[{"prediction":0,"probability":0.205},{"prediction":1,"probability":0.51},{"prediction":1,"probability":0.65},{"prediction":0,"probability":0.365},{"prediction":0,"probability":0.09},{"prediction":0,"probability":0.065},{"prediction":0,"probability":0.025},{"prediction":0,"probability
[2025-11-14T16:06:22.960+0000] {logging_mixin.py:188} INFO - Sending batch 16000-16500 (size=500) to API...
[2025-11-14T16:06:26.960+0000] {logging_mixin.py:188} INFO - API status: 200
[2025-11-14T16:06:26.961+0000] {logging_mixin.py:188} INFO - API response (first 300 chars): {"predictions":[{"prediction":0,"probability":0.03},{"prediction":0,"probability":0.125},{"prediction":0,"probability":0.265},{"prediction":0,"probability":0.18},{"prediction":0,"probability":0.045},{"prediction":0,"probability":0.08},{"prediction":1,"probability":0.54},{"prediction":0,"probability"
[2025-11-14T16:06:26.976+0000] {logging_mixin.py:188} INFO - Sending batch 16500-17000 (size=500) to API...
[2025-11-14T16:06:31.278+0000] {logging_mixin.py:188} INFO - API status: 200
[2025-11-14T16:06:31.279+0000] {logging_mixin.py:188} INFO - API response (first 300 chars): {"predictions":[{"prediction":0,"probability":0.105},{"prediction":0,"probability":0.34},{"prediction":0,"probability":0.17},{"prediction":0,"probability":0.2},{"prediction":0,"probability":0.265},{"prediction":0,"probability":0.16},{"prediction":0,"probability":0.48},{"prediction":0,"probability":0
[2025-11-14T16:06:31.289+0000] {logging_mixin.py:188} INFO - Sending batch 17000-17500 (size=500) to API...
[2025-11-14T16:06:35.243+0000] {logging_mixin.py:188} INFO - API status: 200
[2025-11-14T16:06:35.244+0000] {logging_mixin.py:188} INFO - API response (first 300 chars): {"predictions":[{"prediction":0,"probability":0.075},{"prediction":0,"probability":0.04},{"prediction":1,"probability":0.605},{"prediction":0,"probability":0.065},{"prediction":0,"probability":0.125},{"prediction":0,"probability":0.06},{"prediction":0,"probability":0.43},{"prediction":0,"probability
[2025-11-14T16:06:35.256+0000] {logging_mixin.py:188} INFO - Sending batch 17500-18000 (size=500) to API...
[2025-11-14T16:06:40.567+0000] {logging_mixin.py:188} INFO - API status: 200
[2025-11-14T16:06:41.368+0000] {logging_mixin.py:188} INFO - API response (first 300 chars): {"predictions":[{"prediction":0,"probability":0.065},{"prediction":0,"probability":0.15},{"prediction":0,"probability":0.325},{"prediction":0,"probability":0.145},{"prediction":0,"probability":0.12},{"prediction":1,"probability":0.59},{"prediction":1,"probability":0.5815690363795606},{"prediction":0
[2025-11-14T16:06:41.587+0000] {logging_mixin.py:188} INFO - Sending batch 18000-18500 (size=500) to API...
[2025-11-14T18:33:19.159+0000] {logging_mixin.py:188} INFO - API status: 200
[2025-11-14T18:33:19.160+0000] {logging_mixin.py:188} INFO - API response (first 300 chars): {"predictions":[{"prediction":0,"probability":0.02},{"prediction":0,"probability":0.495},{"prediction":0,"probability":0.03},{"prediction":0,"probability":0.025},{"prediction":0,"probability":0.05},{"prediction":0,"probability":0.02},{"prediction":0,"probability":0.01},{"prediction":0,"probability":
[2025-11-14T18:33:19.171+0000] {logging_mixin.py:188} INFO - Sending batch 18500-19000 (size=500) to API...
[2025-11-14T18:33:23.853+0000] {logging_mixin.py:188} INFO - API status: 200
[2025-11-14T18:33:23.855+0000] {logging_mixin.py:188} INFO - API response (first 300 chars): {"predictions":[{"prediction":0,"probability":0.05},{"prediction":0,"probability":0.03},{"prediction":0,"probability":0.04},{"prediction":0,"probability":0.055},{"prediction":0,"probability":0.23},{"prediction":0,"probability":0.455},{"prediction":0,"probability":0.085},{"prediction":0,"probability"
[2025-11-14T18:33:23.862+0000] {logging_mixin.py:188} INFO - Sending batch 19000-19500 (size=158) to API...
[2025-11-14T18:33:25.709+0000] {local_task_job_runner.py:313} WARNING - State of this instance has been externally set to failed. Terminating instance.
[2025-11-14T18:33:25.711+0000] {local_task_job_runner.py:222} INFO - ::endgroup::
[2025-11-14T18:33:25.715+0000] {process_utils.py:132} INFO - Sending 15 to group 479. PIDs of all processes in the group: [479]
[2025-11-14T18:33:25.717+0000] {process_utils.py:87} INFO - Sending the signal 15 to group 479
[2025-11-14T18:33:25.718+0000] {taskinstance.py:2611} ERROR - Received SIGTERM. Terminating subprocesses.
[2025-11-14T18:33:25.719+0000] {taskinstance.py:441} INFO - ::group::Post task execution logs
[2025-11-14T18:33:25.811+0000] {process_utils.py:80} INFO - Process psutil.Process(pid=479, status='terminated', exitcode=0, started='16:04:06') (479) terminated with exit code 0
