[2025-11-27T20:00:04.365+0000] {local_task_job_runner.py:120} INFO - ::group::Pre task execution logs
[2025-11-27T20:00:04.443+0000] {taskinstance.py:2076} INFO - Dependencies all met for dep_context=non-requeueable deps ti=<TaskInstance: job_prediction_pipeline.make_predictions scheduled__2025-11-27T19:58:00+00:00 [queued]>
[2025-11-27T20:00:04.462+0000] {taskinstance.py:2076} INFO - Dependencies all met for dep_context=requeueable deps ti=<TaskInstance: job_prediction_pipeline.make_predictions scheduled__2025-11-27T19:58:00+00:00 [queued]>
[2025-11-27T20:00:04.465+0000] {taskinstance.py:2306} INFO - Starting attempt 1 of 1
[2025-11-27T20:00:04.495+0000] {taskinstance.py:2330} INFO - Executing <Task(_PythonDecoratedOperator): make_predictions> on 2025-11-27 19:58:00+00:00
[2025-11-27T20:00:04.513+0000] {standard_task_runner.py:64} INFO - Started process 774 to run task
[2025-11-27T20:00:04.522+0000] {standard_task_runner.py:90} INFO - Running: ['***', 'tasks', 'run', 'job_prediction_pipeline', 'make_predictions', 'scheduled__2025-11-27T19:58:00+00:00', '--job-id', '25', '--raw', '--subdir', 'DAGS_FOLDER/dag_prediction.py', '--cfg-path', '/tmp/tmp5hkkdkvb']
[2025-11-27T20:00:04.525+0000] {standard_task_runner.py:91} INFO - Job 25: Subtask make_predictions
[2025-11-27T20:00:04.716+0000] {task_command.py:426} INFO - Running <TaskInstance: job_prediction_pipeline.make_predictions scheduled__2025-11-27T19:58:00+00:00 [running]> on host 2505d82fd220
[2025-11-27T20:00:04.964+0000] {taskinstance.py:2648} INFO - Exporting env vars: AIRFLOW_CTX_DAG_OWNER='***' AIRFLOW_CTX_DAG_ID='job_prediction_pipeline' AIRFLOW_CTX_TASK_ID='make_predictions' AIRFLOW_CTX_EXECUTION_DATE='2025-11-27T19:58:00+00:00' AIRFLOW_CTX_TRY_NUMBER='1' AIRFLOW_CTX_DAG_RUN_ID='scheduled__2025-11-27T19:58:00+00:00'
[2025-11-27T20:00:04.967+0000] {taskinstance.py:430} INFO - ::endgroup::
[2025-11-27T20:00:12.089+0000] {logging_mixin.py:188} INFO - ✔ Saved prediction file: /opt/***/data/predicted_files/job_part_0008_predicted.csv
[2025-11-27T20:00:14.972+0000] {logging_mixin.py:188} INFO - ✔ Saved prediction file: /opt/***/data/predicted_files/job_part_0010_predicted.csv
[2025-11-27T20:00:21.047+0000] {logging_mixin.py:188} INFO - ✔ Saved prediction file: /opt/***/data/predicted_files/job_part_0011_predicted.csv
[2025-11-27T20:00:27.061+0000] {logging_mixin.py:188} INFO - ✔ Saved prediction file: /opt/***/data/predicted_files/job_part_0012_predicted.csv
[2025-11-27T20:00:33.308+0000] {logging_mixin.py:188} INFO - ✔ Saved prediction file: /opt/***/data/predicted_files/job_part_0014_predicted.csv
[2025-11-27T20:00:38.833+0000] {logging_mixin.py:188} INFO - ✔ Saved prediction file: /opt/***/data/predicted_files/job_part_0017_predicted.csv
[2025-11-27T20:00:42.316+0000] {logging_mixin.py:188} INFO - ✔ Saved prediction file: /opt/***/data/predicted_files/job_part_0018_predicted.csv
[2025-11-27T20:00:48.256+0000] {logging_mixin.py:188} INFO - ✔ Saved prediction file: /opt/***/data/predicted_files/job_part_0019_predicted.csv
[2025-11-27T20:00:53.715+0000] {logging_mixin.py:188} INFO - ✔ Saved prediction file: /opt/***/data/predicted_files/job_part_0020_predicted.csv
[2025-11-27T20:00:53.721+0000] {python.py:237} INFO - Done. Returned value was: [{'file': 'job_part_0008.csv', 'status': 'ok', 'output': 'job_part_0008_predicted.csv'}, {'file': 'job_part_0010.csv', 'status': 'ok', 'output': 'job_part_0010_predicted.csv'}, {'file': 'job_part_0011.csv', 'status': 'ok', 'output': 'job_part_0011_predicted.csv'}, {'file': 'job_part_0012.csv', 'status': 'ok', 'output': 'job_part_0012_predicted.csv'}, {'file': 'job_part_0014.csv', 'status': 'ok', 'output': 'job_part_0014_predicted.csv'}, {'file': 'job_part_0017.csv', 'status': 'ok', 'output': 'job_part_0017_predicted.csv'}, {'file': 'job_part_0018.csv', 'status': 'ok', 'output': 'job_part_0018_predicted.csv'}, {'file': 'job_part_0019.csv', 'status': 'ok', 'output': 'job_part_0019_predicted.csv'}, {'file': 'job_part_0020.csv', 'status': 'ok', 'output': 'job_part_0020_predicted.csv'}]
[2025-11-27T20:00:53.723+0000] {taskinstance.py:441} INFO - ::group::Post task execution logs
[2025-11-27T20:00:53.790+0000] {taskinstance.py:1206} INFO - Marking task as SUCCESS. dag_id=job_prediction_pipeline, task_id=make_predictions, run_id=scheduled__2025-11-27T19:58:00+00:00, execution_date=20251127T195800, start_date=20251127T200004, end_date=20251127T200053
[2025-11-27T20:00:53.854+0000] {local_task_job_runner.py:243} INFO - Task exited with return code 0
[2025-11-27T20:00:53.900+0000] {taskinstance.py:3503} INFO - 0 downstream tasks scheduled from follow-on schedule check
[2025-11-27T20:00:53.906+0000] {local_task_job_runner.py:222} INFO - ::endgroup::
