[2025-11-14T15:18:04.757+0000] {local_task_job_runner.py:120} INFO - ::group::Pre task execution logs
[2025-11-14T15:18:04.828+0000] {taskinstance.py:2076} INFO - Dependencies all met for dep_context=non-requeueable deps ti=<TaskInstance: job_prediction_pipeline.check_for_new_data manual__2025-11-14T15:18:03.114049+00:00 [queued]>
[2025-11-14T15:18:04.842+0000] {taskinstance.py:2076} INFO - Dependencies all met for dep_context=requeueable deps ti=<TaskInstance: job_prediction_pipeline.check_for_new_data manual__2025-11-14T15:18:03.114049+00:00 [queued]>
[2025-11-14T15:18:04.859+0000] {taskinstance.py:2306} INFO - Starting attempt 1 of 1
[2025-11-14T15:18:04.882+0000] {taskinstance.py:2330} INFO - Executing <Task(BranchPythonOperator): check_for_new_data> on 2025-11-14 15:18:03.114049+00:00
[2025-11-14T15:18:04.903+0000] {standard_task_runner.py:90} INFO - Running: ['***', 'tasks', 'run', 'job_prediction_pipeline', 'check_for_new_data', 'manual__2025-11-14T15:18:03.114049+00:00', '--job-id', '21', '--raw', '--subdir', 'DAGS_FOLDER/dag_prediction.py', '--cfg-path', '/tmp/tmpxsblkzeo']
[2025-11-14T15:18:04.907+0000] {logging_mixin.py:188} WARNING - /home/***/.local/lib/python3.12/site-packages/***/task/task_runner/standard_task_runner.py:62 DeprecationWarning: This process (pid=339) is multi-threaded, use of fork() may lead to deadlocks in the child.
[2025-11-14T15:18:04.910+0000] {standard_task_runner.py:91} INFO - Job 21: Subtask check_for_new_data
[2025-11-14T15:18:04.911+0000] {standard_task_runner.py:64} INFO - Started process 341 to run task
[2025-11-14T15:18:05.046+0000] {task_command.py:426} INFO - Running <TaskInstance: job_prediction_pipeline.check_for_new_data manual__2025-11-14T15:18:03.114049+00:00 [running]> on host 40c1e13051ad
[2025-11-14T15:18:05.860+0000] {taskinstance.py:2648} INFO - Exporting env vars: AIRFLOW_CTX_DAG_OWNER='***' AIRFLOW_CTX_DAG_ID='job_prediction_pipeline' AIRFLOW_CTX_TASK_ID='check_for_new_data' AIRFLOW_CTX_EXECUTION_DATE='2025-11-14T15:18:03.114049+00:00' AIRFLOW_CTX_TRY_NUMBER='1' AIRFLOW_CTX_DAG_RUN_ID='manual__2025-11-14T15:18:03.114049+00:00'
[2025-11-14T15:18:05.862+0000] {taskinstance.py:430} INFO - ::endgroup::
[2025-11-14T15:18:05.893+0000] {baseoperator.py:400} WARNING - BranchPythonOperator.execute cannot be called outside TaskInstance!
[2025-11-14T15:18:05.901+0000] {python.py:237} INFO - Done. Returned value was: make_predictions
[2025-11-14T15:18:05.902+0000] {branch.py:36} INFO - Branch into make_predictions
[2025-11-14T15:18:05.903+0000] {skipmixin.py:178} INFO - Following branch make_predictions
[2025-11-14T15:18:05.957+0000] {skipmixin.py:246} INFO - Skipping tasks [('no_new_data', -1)]
[2025-11-14T15:18:06.141+0000] {taskinstance.py:441} INFO - ::group::Post task execution logs
[2025-11-14T15:18:06.198+0000] {taskinstance.py:1206} INFO - Marking task as SUCCESS. dag_id=job_prediction_pipeline, task_id=check_for_new_data, run_id=manual__2025-11-14T15:18:03.114049+00:00, execution_date=20251114T151803, start_date=20251114T151804, end_date=20251114T151806
[2025-11-14T15:18:06.293+0000] {local_task_job_runner.py:243} INFO - Task exited with return code 0
[2025-11-14T15:18:06.377+0000] {taskinstance.py:3503} INFO - 1 downstream tasks scheduled from follow-on schedule check
[2025-11-14T15:18:06.499+0000] {local_task_job_runner.py:222} INFO - ::endgroup::
