[2025-11-20T00:22:29.440+0000] {local_task_job_runner.py:120} INFO - ::group::Pre task execution logs
[2025-11-20T00:22:29.510+0000] {taskinstance.py:2076} INFO - Dependencies all met for dep_context=non-requeueable deps ti=<TaskInstance: job_ingestion_pipeline.split_and_store manual__2025-11-20T00:22:02.715337+00:00 [queued]>
[2025-11-20T00:22:29.527+0000] {taskinstance.py:2076} INFO - Dependencies all met for dep_context=requeueable deps ti=<TaskInstance: job_ingestion_pipeline.split_and_store manual__2025-11-20T00:22:02.715337+00:00 [queued]>
[2025-11-20T00:22:29.549+0000] {taskinstance.py:2306} INFO - Starting attempt 1 of 1
[2025-11-20T00:22:29.579+0000] {taskinstance.py:2330} INFO - Executing <Task(_PythonDecoratedOperator): split_and_store> on 2025-11-20 00:22:02.715337+00:00
[2025-11-20T00:22:29.605+0000] {standard_task_runner.py:64} INFO - Started process 1434 to run task
[2025-11-20T00:22:29.614+0000] {standard_task_runner.py:90} INFO - Running: ['***', 'tasks', 'run', 'job_ingestion_pipeline', 'split_and_store', 'manual__2025-11-20T00:22:02.715337+00:00', '--job-id', '10', '--raw', '--subdir', 'DAGS_FOLDER/dag_ingestion.py', '--cfg-path', '/tmp/tmpc4bgpboj']
[2025-11-20T00:22:29.616+0000] {standard_task_runner.py:91} INFO - Job 10: Subtask split_and_store
[2025-11-20T00:22:29.780+0000] {task_command.py:426} INFO - Running <TaskInstance: job_ingestion_pipeline.split_and_store manual__2025-11-20T00:22:02.715337+00:00 [running]> on host 8428b8f3db66
[2025-11-20T00:22:30.038+0000] {taskinstance.py:2648} INFO - Exporting env vars: AIRFLOW_CTX_DAG_OWNER='***' AIRFLOW_CTX_DAG_ID='job_ingestion_pipeline' AIRFLOW_CTX_TASK_ID='split_and_store' AIRFLOW_CTX_EXECUTION_DATE='2025-11-20T00:22:02.715337+00:00' AIRFLOW_CTX_TRY_NUMBER='1' AIRFLOW_CTX_DAG_RUN_ID='manual__2025-11-20T00:22:02.715337+00:00'
[2025-11-20T00:22:30.043+0000] {taskinstance.py:430} INFO - ::endgroup::
[2025-11-20T00:22:30.045+0000] {taskinstance.py:441} INFO - ::group::Post task execution logs
[2025-11-20T00:22:30.047+0000] {taskinstance.py:2905} ERROR - Task failed with exception
Traceback (most recent call last):
  File "/home/airflow/.local/lib/python3.10/site-packages/airflow/models/taskinstance.py", line 465, in _execute_task
    result = _execute_callable(context=context, **execute_callable_kwargs)
  File "/home/airflow/.local/lib/python3.10/site-packages/airflow/models/taskinstance.py", line 432, in _execute_callable
    return execute_callable(context=context, **execute_callable_kwargs)
  File "/home/airflow/.local/lib/python3.10/site-packages/airflow/models/baseoperator.py", line 401, in wrapper
    return func(self, *args, **kwargs)
  File "/home/airflow/.local/lib/python3.10/site-packages/airflow/decorators/base.py", line 265, in execute
    return_value = super().execute(context)
  File "/home/airflow/.local/lib/python3.10/site-packages/airflow/models/baseoperator.py", line 401, in wrapper
    return func(self, *args, **kwargs)
  File "/home/airflow/.local/lib/python3.10/site-packages/airflow/operators/python.py", line 235, in execute
    return_value = self.execute_callable()
  File "/home/airflow/.local/lib/python3.10/site-packages/airflow/operators/python.py", line 252, in execute_callable
    return self.python_callable(*self.op_args, **self.op_kwargs)
  File "/opt/airflow/dags/dag_ingestion.py", line 71, in split_and_store
    file_path = info["file_path"]
KeyError: 'file_path'
[2025-11-20T00:22:30.074+0000] {taskinstance.py:1206} INFO - Marking task as FAILED. dag_id=job_ingestion_pipeline, task_id=split_and_store, run_id=manual__2025-11-20T00:22:02.715337+00:00, execution_date=20251120T002202, start_date=20251120T002229, end_date=20251120T002230
[2025-11-20T00:22:30.098+0000] {standard_task_runner.py:110} ERROR - Failed to execute job 10 for task split_and_store ('file_path'; 1434)
[2025-11-20T00:22:30.170+0000] {local_task_job_runner.py:243} INFO - Task exited with return code 1
[2025-11-20T00:22:30.212+0000] {taskinstance.py:3503} INFO - 0 downstream tasks scheduled from follow-on schedule check
[2025-11-20T00:22:30.218+0000] {local_task_job_runner.py:222} INFO - ::endgroup::
