[2025-11-14T16:00:05.239+0000] {local_task_job_runner.py:120} INFO - ::group::Pre task execution logs
[2025-11-14T16:00:05.331+0000] {taskinstance.py:2076} INFO - Dependencies all met for dep_context=non-requeueable deps ti=<TaskInstance: job_prediction_pipeline.make_predictions scheduled__2025-11-14T15:58:00+00:00 [queued]>
[2025-11-14T16:00:05.358+0000] {taskinstance.py:2076} INFO - Dependencies all met for dep_context=requeueable deps ti=<TaskInstance: job_prediction_pipeline.make_predictions scheduled__2025-11-14T15:58:00+00:00 [queued]>
[2025-11-14T16:00:05.360+0000] {taskinstance.py:2306} INFO - Starting attempt 1 of 1
[2025-11-14T16:00:05.390+0000] {taskinstance.py:2330} INFO - Executing <Task(PythonOperator): make_predictions> on 2025-11-14 15:58:00+00:00
[2025-11-14T16:00:05.414+0000] {standard_task_runner.py:90} INFO - Running: ['***', 'tasks', 'run', 'job_prediction_pipeline', 'make_predictions', 'scheduled__2025-11-14T15:58:00+00:00', '--job-id', '112', '--raw', '--subdir', 'DAGS_FOLDER/dag_prediction.py', '--cfg-path', '/tmp/tmpziek_ekp']
[2025-11-14T16:00:05.421+0000] {standard_task_runner.py:91} INFO - Job 112: Subtask make_predictions
[2025-11-14T16:00:05.422+0000] {logging_mixin.py:188} WARNING - /home/***/.local/lib/python3.12/site-packages/***/task/task_runner/standard_task_runner.py:62 DeprecationWarning: This process (pid=319) is multi-threaded, use of fork() may lead to deadlocks in the child.
[2025-11-14T16:00:05.423+0000] {standard_task_runner.py:64} INFO - Started process 325 to run task
[2025-11-14T16:00:05.583+0000] {task_command.py:426} INFO - Running <TaskInstance: job_prediction_pipeline.make_predictions scheduled__2025-11-14T15:58:00+00:00 [running]> on host 01f98b13abaa
[2025-11-14T16:00:06.204+0000] {taskinstance.py:2648} INFO - Exporting env vars: AIRFLOW_CTX_DAG_OWNER='***' AIRFLOW_CTX_DAG_ID='job_prediction_pipeline' AIRFLOW_CTX_TASK_ID='make_predictions' AIRFLOW_CTX_EXECUTION_DATE='2025-11-14T15:58:00+00:00' AIRFLOW_CTX_TRY_NUMBER='1' AIRFLOW_CTX_DAG_RUN_ID='scheduled__2025-11-14T15:58:00+00:00'
[2025-11-14T16:00:06.206+0000] {taskinstance.py:430} INFO - ::endgroup::
[2025-11-14T16:00:06.241+0000] {logging_mixin.py:188} INFO - Processing file: job_missingcol_city.csv
[2025-11-14T16:00:06.369+0000] {logging_mixin.py:188} INFO - Sending batch 0-500 (size=500) to API...
[2025-11-14T16:00:13.573+0000] {logging_mixin.py:188} INFO - API status: 200
[2025-11-14T16:00:13.575+0000] {logging_mixin.py:188} INFO - API response (first 300 chars): {"predictions":[{"prediction":0,"probability":0.04},{"prediction":0,"probability":0.415},{"prediction":0,"probability":0.02},{"prediction":0,"probability":0.075},{"prediction":0,"probability":0.295},{"prediction":0,"probability":0.285},{"prediction":0,"probability":0.035},{"prediction":0,"probabilit
[2025-11-14T16:00:13.585+0000] {logging_mixin.py:188} INFO - Sending batch 500-1000 (size=500) to API...
[2025-11-14T16:00:18.595+0000] {logging_mixin.py:188} INFO - API status: 200
[2025-11-14T16:00:18.597+0000] {logging_mixin.py:188} INFO - API response (first 300 chars): {"predictions":[{"prediction":0,"probability":0.085},{"prediction":0,"probability":0.035},{"prediction":0,"probability":0.385},{"prediction":0,"probability":0.065},{"prediction":0,"probability":0.075},{"prediction":0,"probability":0.11},{"prediction":0,"probability":0.025},{"prediction":0,"probabili
[2025-11-14T16:00:18.607+0000] {logging_mixin.py:188} INFO - Sending batch 1000-1500 (size=500) to API...
[2025-11-14T16:00:25.241+0000] {logging_mixin.py:188} INFO - API status: 200
[2025-11-14T16:00:25.242+0000] {logging_mixin.py:188} INFO - API response (first 300 chars): {"predictions":[{"prediction":0,"probability":0.07},{"prediction":0,"probability":0.065},{"prediction":0,"probability":0.155},{"prediction":0,"probability":0.45},{"prediction":0,"probability":0.225},{"prediction":0,"probability":0.19},{"prediction":0,"probability":0.025},{"prediction":0,"probability
[2025-11-14T16:00:25.253+0000] {logging_mixin.py:188} INFO - Sending batch 1500-2000 (size=500) to API...
[2025-11-14T16:00:30.222+0000] {logging_mixin.py:188} INFO - API status: 200
[2025-11-14T16:00:30.229+0000] {logging_mixin.py:188} INFO - API response (first 300 chars): {"predictions":[{"prediction":0,"probability":0.09},{"prediction":0,"probability":0.08},{"prediction":1,"probability":0.765},{"prediction":0,"probability":0.09},{"prediction":0,"probability":0.4483372009375073},{"prediction":0,"probability":0.01},{"prediction":0,"probability":0.235},{"prediction":0,
[2025-11-14T16:00:30.249+0000] {logging_mixin.py:188} INFO - Sending batch 2000-2500 (size=500) to API...
[2025-11-14T16:00:35.462+0000] {logging_mixin.py:188} INFO - API status: 200
[2025-11-14T16:00:35.463+0000] {logging_mixin.py:188} INFO - API response (first 300 chars): {"predictions":[{"prediction":1,"probability":0.735},{"prediction":0,"probability":0.045},{"prediction":0,"probability":0.08},{"prediction":0,"probability":0.085},{"prediction":0,"probability":0.07},{"prediction":1,"probability":0.51},{"prediction":0,"probability":0.065},{"prediction":0,"probability
[2025-11-14T16:00:35.474+0000] {logging_mixin.py:188} INFO - Sending batch 2500-3000 (size=500) to API...
[2025-11-14T16:00:40.312+0000] {logging_mixin.py:188} INFO - API status: 200
[2025-11-14T16:00:40.313+0000] {logging_mixin.py:188} INFO - API response (first 300 chars): {"predictions":[{"prediction":0,"probability":0.415},{"prediction":0,"probability":0.06},{"prediction":0,"probability":0.11},{"prediction":1,"probability":0.54},{"prediction":0,"probability":0.475},{"prediction":0,"probability":0.065},{"prediction":0,"probability":0.015},{"prediction":0,"probability
[2025-11-14T16:00:40.326+0000] {logging_mixin.py:188} INFO - Sending batch 3000-3500 (size=500) to API...
[2025-11-14T16:00:44.887+0000] {logging_mixin.py:188} INFO - API status: 200
[2025-11-14T16:00:44.888+0000] {logging_mixin.py:188} INFO - API response (first 300 chars): {"predictions":[{"prediction":1,"probability":0.605},{"prediction":0,"probability":0.275},{"prediction":0,"probability":0.01},{"prediction":0,"probability":0.105},{"prediction":0,"probability":0.06},{"prediction":0,"probability":0.345},{"prediction":0,"probability":0.24},{"prediction":0,"probability
[2025-11-14T16:00:44.897+0000] {logging_mixin.py:188} INFO - Sending batch 3500-4000 (size=500) to API...
[2025-11-14T16:00:49.767+0000] {logging_mixin.py:188} INFO - API status: 200
[2025-11-14T16:00:49.770+0000] {logging_mixin.py:188} INFO - API response (first 300 chars): {"predictions":[{"prediction":0,"probability":0.46428784400250456},{"prediction":0,"probability":0.43},{"prediction":0,"probability":0.04},{"prediction":0,"probability":0.05},{"prediction":0,"probability":0.06},{"prediction":0,"probability":0.055},{"prediction":0,"probability":0.055},{"prediction":0
[2025-11-14T16:00:49.787+0000] {logging_mixin.py:188} INFO - Sending batch 4000-4500 (size=500) to API...
[2025-11-14T16:00:55.758+0000] {logging_mixin.py:188} INFO - API status: 200
[2025-11-14T16:00:55.759+0000] {logging_mixin.py:188} INFO - API response (first 300 chars): {"predictions":[{"prediction":0,"probability":0.03},{"prediction":0,"probability":0.065},{"prediction":0,"probability":0.145},{"prediction":0,"probability":0.21},{"prediction":0,"probability":0.125},{"prediction":0,"probability":0.09},{"prediction":0,"probability":0.16},{"prediction":0,"probability"
[2025-11-14T16:00:55.768+0000] {logging_mixin.py:188} INFO - Sending batch 4500-5000 (size=500) to API...
[2025-11-14T16:01:00.383+0000] {logging_mixin.py:188} INFO - API status: 200
[2025-11-14T16:01:00.386+0000] {logging_mixin.py:188} INFO - API response (first 300 chars): {"predictions":[{"prediction":0,"probability":0.03},{"prediction":0,"probability":0.465},{"prediction":0,"probability":0.18},{"prediction":0,"probability":0.02},{"prediction":0,"probability":0.04},{"prediction":0,"probability":0.03},{"prediction":0,"probability":0.045},{"prediction":0,"probability":
[2025-11-14T16:01:00.402+0000] {logging_mixin.py:188} INFO - Sending batch 5000-5500 (size=500) to API...
[2025-11-14T16:01:05.458+0000] {logging_mixin.py:188} INFO - API status: 200
[2025-11-14T16:01:05.459+0000] {logging_mixin.py:188} INFO - API response (first 300 chars): {"predictions":[{"prediction":0,"probability":0.495},{"prediction":0,"probability":0.09},{"prediction":0,"probability":0.205},{"prediction":0,"probability":0.07},{"prediction":0,"probability":0.005},{"prediction":0,"probability":0.315},{"prediction":0,"probability":0.08},{"prediction":0,"probability
[2025-11-14T16:01:05.473+0000] {logging_mixin.py:188} INFO - Sending batch 5500-6000 (size=500) to API...
[2025-11-14T16:01:12.164+0000] {logging_mixin.py:188} INFO - API status: 200
[2025-11-14T16:01:12.166+0000] {logging_mixin.py:188} INFO - API response (first 300 chars): {"predictions":[{"prediction":0,"probability":0.275},{"prediction":0,"probability":0.06},{"prediction":0,"probability":0.11},{"prediction":0,"probability":0.04},{"prediction":0,"probability":0.045},{"prediction":0,"probability":0.285},{"prediction":0,"probability":0.22},{"prediction":0,"probability"
[2025-11-14T16:01:12.175+0000] {logging_mixin.py:188} INFO - Sending batch 6000-6500 (size=500) to API...
[2025-11-14T16:01:16.821+0000] {logging_mixin.py:188} INFO - API status: 200
[2025-11-14T16:01:16.823+0000] {logging_mixin.py:188} INFO - API response (first 300 chars): {"predictions":[{"prediction":0,"probability":0.46},{"prediction":0,"probability":0.115},{"prediction":0,"probability":0.295},{"prediction":0,"probability":0.005},{"prediction":0,"probability":0.02},{"prediction":0,"probability":0.47},{"prediction":0,"probability":0.485},{"prediction":0,"probability
[2025-11-14T16:01:16.833+0000] {logging_mixin.py:188} INFO - Sending batch 6500-7000 (size=500) to API...
[2025-11-14T16:01:21.561+0000] {logging_mixin.py:188} INFO - API status: 200
[2025-11-14T16:01:21.562+0000] {logging_mixin.py:188} INFO - API response (first 300 chars): {"predictions":[{"prediction":0,"probability":0.315},{"prediction":0,"probability":0.065},{"prediction":0,"probability":0.08},{"prediction":0,"probability":0.18},{"prediction":0,"probability":0.43},{"prediction":1,"probability":0.525},{"prediction":0,"probability":0.08},{"prediction":0,"probability"
[2025-11-14T16:01:21.573+0000] {logging_mixin.py:188} INFO - Sending batch 7000-7500 (size=500) to API...
[2025-11-14T16:01:27.461+0000] {logging_mixin.py:188} INFO - API status: 200
[2025-11-14T16:01:27.462+0000] {logging_mixin.py:188} INFO - API response (first 300 chars): {"predictions":[{"prediction":0,"probability":0.11},{"prediction":1,"probability":0.5},{"prediction":0,"probability":0.085},{"prediction":0,"probability":0.255},{"prediction":0,"probability":0.295},{"prediction":0,"probability":0.0},{"prediction":0,"probability":0.295},{"prediction":0,"probability":
[2025-11-14T16:01:27.475+0000] {logging_mixin.py:188} INFO - Sending batch 7500-8000 (size=500) to API...
[2025-11-14T16:01:32.070+0000] {logging_mixin.py:188} INFO - API status: 200
[2025-11-14T16:01:32.072+0000] {logging_mixin.py:188} INFO - API response (first 300 chars): {"predictions":[{"prediction":0,"probability":0.19},{"prediction":0,"probability":0.375},{"prediction":0,"probability":0.29},{"prediction":0,"probability":0.055},{"prediction":0,"probability":0.135},{"prediction":0,"probability":0.145},{"prediction":0,"probability":0.2230041779820347},{"prediction":
[2025-11-14T16:01:32.081+0000] {logging_mixin.py:188} INFO - Sending batch 8000-8500 (size=500) to API...
[2025-11-14T16:01:36.339+0000] {logging_mixin.py:188} INFO - API status: 200
[2025-11-14T16:01:36.340+0000] {logging_mixin.py:188} INFO - API response (first 300 chars): {"predictions":[{"prediction":0,"probability":0.085},{"prediction":0,"probability":0.2},{"prediction":0,"probability":0.04},{"prediction":0,"probability":0.12},{"prediction":0,"probability":0.15},{"prediction":0,"probability":0.01},{"prediction":0,"probability":0.045},{"prediction":0,"probability":0
[2025-11-14T16:01:36.350+0000] {logging_mixin.py:188} INFO - Sending batch 8500-9000 (size=500) to API...
[2025-11-14T16:01:41.653+0000] {logging_mixin.py:188} INFO - API status: 200
[2025-11-14T16:01:41.654+0000] {logging_mixin.py:188} INFO - API response (first 300 chars): {"predictions":[{"prediction":0,"probability":0.185},{"prediction":0,"probability":0.47},{"prediction":0,"probability":0.05},{"prediction":0,"probability":0.03},{"prediction":0,"probability":0.245},{"prediction":0,"probability":0.035},{"prediction":0,"probability":0.08},{"prediction":0,"probability"
[2025-11-14T16:01:41.664+0000] {logging_mixin.py:188} INFO - Sending batch 9000-9500 (size=500) to API...
[2025-11-14T16:01:46.270+0000] {logging_mixin.py:188} INFO - API status: 200
[2025-11-14T16:01:46.271+0000] {logging_mixin.py:188} INFO - API response (first 300 chars): {"predictions":[{"prediction":0,"probability":0.445},{"prediction":0,"probability":0.05},{"prediction":0,"probability":0.035},{"prediction":0,"probability":0.105},{"prediction":0,"probability":0.43},{"prediction":0,"probability":0.09},{"prediction":0,"probability":0.17},{"prediction":0,"probability"
[2025-11-14T16:01:46.280+0000] {logging_mixin.py:188} INFO - Sending batch 9500-10000 (size=500) to API...
[2025-11-14T16:01:51.447+0000] {logging_mixin.py:188} INFO - API status: 200
[2025-11-14T16:01:51.449+0000] {logging_mixin.py:188} INFO - API response (first 300 chars): {"predictions":[{"prediction":0,"probability":0.075},{"prediction":0,"probability":0.07},{"prediction":0,"probability":0.31},{"prediction":0,"probability":0.025},{"prediction":0,"probability":0.055},{"prediction":0,"probability":0.175},{"prediction":0,"probability":0.05},{"prediction":0,"probability
[2025-11-14T16:01:51.459+0000] {logging_mixin.py:188} INFO - Sending batch 10000-10500 (size=500) to API...
[2025-11-14T16:01:57.048+0000] {logging_mixin.py:188} INFO - API status: 200
[2025-11-14T16:01:57.049+0000] {logging_mixin.py:188} INFO - API response (first 300 chars): {"predictions":[{"prediction":0,"probability":0.04},{"prediction":0,"probability":0.07},{"prediction":0,"probability":0.41},{"prediction":0,"probability":0.095},{"prediction":0,"probability":0.065},{"prediction":0,"probability":0.04300417798203467},{"prediction":0,"probability":0.055},{"prediction":
[2025-11-14T16:01:57.060+0000] {logging_mixin.py:188} INFO - Sending batch 10500-11000 (size=500) to API...
[2025-11-14T16:02:01.439+0000] {logging_mixin.py:188} INFO - API status: 200
[2025-11-14T16:02:01.440+0000] {logging_mixin.py:188} INFO - API response (first 300 chars): {"predictions":[{"prediction":0,"probability":0.38},{"prediction":0,"probability":0.06},{"prediction":0,"probability":0.035},{"prediction":0,"probability":0.03},{"prediction":0,"probability":0.03},{"prediction":0,"probability":0.035},{"prediction":0,"probability":0.45},{"prediction":0,"probability":
[2025-11-14T16:02:01.448+0000] {logging_mixin.py:188} INFO - Sending batch 11000-11500 (size=500) to API...
[2025-11-14T16:02:05.948+0000] {logging_mixin.py:188} INFO - API status: 200
[2025-11-14T16:02:05.949+0000] {logging_mixin.py:188} INFO - API response (first 300 chars): {"predictions":[{"prediction":1,"probability":0.645},{"prediction":0,"probability":0.015},{"prediction":0,"probability":0.29},{"prediction":0,"probability":0.055},{"prediction":0,"probability":0.01},{"prediction":0,"probability":0.145},{"prediction":0,"probability":0.025},{"prediction":0,"probabilit
[2025-11-14T16:02:05.961+0000] {logging_mixin.py:188} INFO - Sending batch 11500-12000 (size=500) to API...
[2025-11-14T16:02:12.922+0000] {logging_mixin.py:188} INFO - API status: 200
[2025-11-14T16:02:12.924+0000] {logging_mixin.py:188} INFO - API response (first 300 chars): {"predictions":[{"prediction":0,"probability":0.065},{"prediction":0,"probability":0.1},{"prediction":0,"probability":0.255},{"prediction":0,"probability":0.045},{"prediction":0,"probability":0.025},{"prediction":0,"probability":0.185},{"prediction":0,"probability":0.11},{"prediction":0,"probability
[2025-11-14T16:02:12.935+0000] {logging_mixin.py:188} INFO - Sending batch 12000-12500 (size=500) to API...
[2025-11-14T16:02:18.060+0000] {logging_mixin.py:188} INFO - API status: 200
[2025-11-14T16:02:18.061+0000] {logging_mixin.py:188} INFO - API response (first 300 chars): {"predictions":[{"prediction":0,"probability":0.02},{"prediction":0,"probability":0.265},{"prediction":0,"probability":0.145},{"prediction":0,"probability":0.03},{"prediction":0,"probability":0.17},{"prediction":0,"probability":0.17},{"prediction":0,"probability":0.05},{"prediction":0,"probability":
[2025-11-14T16:02:18.073+0000] {logging_mixin.py:188} INFO - Sending batch 12500-13000 (size=500) to API...
[2025-11-14T16:02:23.434+0000] {logging_mixin.py:188} INFO - API status: 200
[2025-11-14T16:02:23.436+0000] {logging_mixin.py:188} INFO - API response (first 300 chars): {"predictions":[{"prediction":0,"probability":0.015},{"prediction":0,"probability":0.02},{"prediction":0,"probability":0.055},{"prediction":0,"probability":0.32},{"prediction":0,"probability":0.08},{"prediction":0,"probability":0.09},{"prediction":0,"probability":0.145},{"prediction":0,"probability"
[2025-11-14T16:02:23.445+0000] {logging_mixin.py:188} INFO - Sending batch 13000-13500 (size=500) to API...
[2025-11-14T16:02:29.933+0000] {logging_mixin.py:188} INFO - API status: 200
[2025-11-14T16:02:29.934+0000] {logging_mixin.py:188} INFO - API response (first 300 chars): {"predictions":[{"prediction":0,"probability":0.03},{"prediction":0,"probability":0.04800417798203467},{"prediction":0,"probability":0.07},{"prediction":0,"probability":0.025},{"prediction":0,"probability":0.025},{"prediction":0,"probability":0.025},{"prediction":0,"probability":0.085},{"prediction"
[2025-11-14T16:02:29.949+0000] {logging_mixin.py:188} INFO - Sending batch 13500-14000 (size=500) to API...
[2025-11-14T16:02:35.666+0000] {logging_mixin.py:188} INFO - API status: 200
[2025-11-14T16:02:35.667+0000] {logging_mixin.py:188} INFO - API response (first 300 chars): {"predictions":[{"prediction":0,"probability":0.095},{"prediction":0,"probability":0.035},{"prediction":0,"probability":0.12875326234471238},{"prediction":0,"probability":0.05},{"prediction":0,"probability":0.06},{"prediction":0,"probability":0.1},{"prediction":0,"probability":0.025},{"prediction":0
[2025-11-14T16:02:35.677+0000] {logging_mixin.py:188} INFO - Sending batch 14000-14500 (size=500) to API...
[2025-11-14T16:02:41.036+0000] {logging_mixin.py:188} INFO - API status: 200
[2025-11-14T16:02:41.037+0000] {logging_mixin.py:188} INFO - API response (first 300 chars): {"predictions":[{"prediction":1,"probability":0.5},{"prediction":0,"probability":0.075},{"prediction":0,"probability":0.4},{"prediction":0,"probability":0.06},{"prediction":0,"probability":0.14},{"prediction":0,"probability":0.235},{"prediction":0,"probability":0.03},{"prediction":0,"probability":0.
[2025-11-14T16:02:41.042+0000] {logging_mixin.py:188} INFO - Sending batch 14500-15000 (size=150) to API...
[2025-11-14T16:02:45.185+0000] {logging_mixin.py:188} INFO - API status: 200
[2025-11-14T16:02:45.186+0000] {logging_mixin.py:188} INFO - API response (first 300 chars): {"predictions":[{"prediction":0,"probability":0.025},{"prediction":0,"probability":0.015},{"prediction":0,"probability":0.045},{"prediction":0,"probability":0.19},{"prediction":0,"probability":0.04},{"prediction":0,"probability":0.395},{"prediction":1,"probability":0.605},{"prediction":0,"probabilit
[2025-11-14T16:02:45.201+0000] {logging_mixin.py:188} INFO - Completed predictions for: job_missingcol_city.csv
[2025-11-14T16:02:45.203+0000] {python.py:237} INFO - Done. Returned value was: None
[2025-11-14T16:02:45.204+0000] {taskinstance.py:441} INFO - ::group::Post task execution logs
[2025-11-14T16:02:45.229+0000] {taskinstance.py:1206} INFO - Marking task as SUCCESS. dag_id=job_prediction_pipeline, task_id=make_predictions, run_id=scheduled__2025-11-14T15:58:00+00:00, execution_date=20251114T155800, start_date=20251114T160005, end_date=20251114T160245
[2025-11-14T16:02:45.320+0000] {local_task_job_runner.py:243} INFO - Task exited with return code 0
[2025-11-14T16:02:45.357+0000] {taskinstance.py:3503} INFO - 0 downstream tasks scheduled from follow-on schedule check
[2025-11-14T16:02:45.363+0000] {local_task_job_runner.py:222} INFO - ::endgroup::
