[2025-11-16T19:00:56.215+0000] {local_task_job_runner.py:120} INFO - ::group::Pre task execution logs
[2025-11-16T19:00:56.316+0000] {taskinstance.py:2076} INFO - Dependencies all met for dep_context=non-requeueable deps ti=<TaskInstance: job_ingestion_pipeline.save_statistics manual__2025-11-16T19:00:38.917966+00:00 [queued]>
[2025-11-16T19:00:56.336+0000] {taskinstance.py:2076} INFO - Dependencies all met for dep_context=requeueable deps ti=<TaskInstance: job_ingestion_pipeline.save_statistics manual__2025-11-16T19:00:38.917966+00:00 [queued]>
[2025-11-16T19:00:56.338+0000] {taskinstance.py:2306} INFO - Starting attempt 1 of 1
[2025-11-16T19:00:56.371+0000] {taskinstance.py:2330} INFO - Executing <Task(_PythonDecoratedOperator): save_statistics> on 2025-11-16 19:00:38.917966+00:00
[2025-11-16T19:00:56.413+0000] {standard_task_runner.py:90} INFO - Running: ['***', 'tasks', 'run', 'job_ingestion_pipeline', 'save_statistics', 'manual__2025-11-16T19:00:38.917966+00:00', '--job-id', '7', '--raw', '--subdir', 'DAGS_FOLDER/dag_ingestion.py', '--cfg-path', '/tmp/tmptly8t6ma']
[2025-11-16T19:00:56.422+0000] {standard_task_runner.py:91} INFO - Job 7: Subtask save_statistics
[2025-11-16T19:00:56.419+0000] {logging_mixin.py:188} WARNING - /home/***/.local/lib/python3.12/site-packages/***/task/task_runner/standard_task_runner.py:62 DeprecationWarning: This process (pid=286) is multi-threaded, use of fork() may lead to deadlocks in the child.
[2025-11-16T19:00:56.427+0000] {standard_task_runner.py:64} INFO - Started process 301 to run task
[2025-11-16T19:00:53.869+0000] {task_command.py:426} INFO - Running <TaskInstance: job_ingestion_pipeline.save_statistics manual__2025-11-16T19:00:38.917966+00:00 [running]> on host 947c163543eb
[2025-11-16T19:00:54.851+0000] {taskinstance.py:2648} INFO - Exporting env vars: AIRFLOW_CTX_DAG_OWNER='***' AIRFLOW_CTX_DAG_ID='job_ingestion_pipeline' AIRFLOW_CTX_TASK_ID='save_statistics' AIRFLOW_CTX_EXECUTION_DATE='2025-11-16T19:00:38.917966+00:00' AIRFLOW_CTX_TRY_NUMBER='1' AIRFLOW_CTX_DAG_RUN_ID='manual__2025-11-16T19:00:38.917966+00:00'
[2025-11-16T19:00:54.864+0000] {taskinstance.py:430} INFO - ::endgroup::
[2025-11-16T19:00:54.865+0000] {logging_mixin.py:188} INFO - 📊 Saving ingestion statistics to DB...
[2025-11-16T19:00:54.888+0000] {taskinstance.py:441} INFO - ::group::Post task execution logs
[2025-11-16T19:00:54.890+0000] {taskinstance.py:2905} ERROR - Task failed with exception
Traceback (most recent call last):
  File "/home/airflow/.local/lib/python3.12/site-packages/airflow/models/taskinstance.py", line 465, in _execute_task
    result = _execute_callable(context=context, **execute_callable_kwargs)
             ^^^^^^^^^^^^^^^^^^^^^^^^^^^^^^^^^^^^^^^^^^^^^^^^^^^^^^^^^^^^^
  File "/home/airflow/.local/lib/python3.12/site-packages/airflow/models/taskinstance.py", line 432, in _execute_callable
    return execute_callable(context=context, **execute_callable_kwargs)
           ^^^^^^^^^^^^^^^^^^^^^^^^^^^^^^^^^^^^^^^^^^^^^^^^^^^^^^^^^^^^
  File "/home/airflow/.local/lib/python3.12/site-packages/airflow/models/baseoperator.py", line 401, in wrapper
    return func(self, *args, **kwargs)
           ^^^^^^^^^^^^^^^^^^^^^^^^^^^
  File "/home/airflow/.local/lib/python3.12/site-packages/airflow/decorators/base.py", line 265, in execute
    return_value = super().execute(context)
                   ^^^^^^^^^^^^^^^^^^^^^^^^
  File "/home/airflow/.local/lib/python3.12/site-packages/airflow/models/baseoperator.py", line 401, in wrapper
    return func(self, *args, **kwargs)
           ^^^^^^^^^^^^^^^^^^^^^^^^^^^
  File "/home/airflow/.local/lib/python3.12/site-packages/airflow/operators/python.py", line 235, in execute
    return_value = self.execute_callable()
                   ^^^^^^^^^^^^^^^^^^^^^^^
  File "/home/airflow/.local/lib/python3.12/site-packages/airflow/operators/python.py", line 252, in execute_callable
    return self.python_callable(*self.op_args, **self.op_kwargs)
           ^^^^^^^^^^^^^^^^^^^^^^^^^^^^^^^^^^^^^^^^^^^^^^^^^^^^^
  File "/opt/airflow/dags/dag_ingestion.py", line 129, in save_statistics
    cur.execute("""
psycopg2.errors.UndefinedTable: relation "data_quality_statistics" does not exist
LINE 2:             INSERT INTO data_quality_statistics (file_path, ...
                                ^

[2025-11-16T19:00:54.943+0000] {taskinstance.py:1206} INFO - Marking task as FAILED. dag_id=job_ingestion_pipeline, task_id=save_statistics, run_id=manual__2025-11-16T19:00:38.917966+00:00, execution_date=20251116T190038, start_date=20251116T190056, end_date=20251116T190054
[2025-11-16T19:00:54.976+0000] {standard_task_runner.py:110} ERROR - Failed to execute job 7 for task save_statistics (relation "data_quality_statistics" does not exist
LINE 2:             INSERT INTO data_quality_statistics (file_path, ...
                                ^
; 301)
[2025-11-16T19:00:55.065+0000] {local_task_job_runner.py:243} INFO - Task exited with return code 1
[2025-11-16T19:00:55.118+0000] {taskinstance.py:3503} INFO - 0 downstream tasks scheduled from follow-on schedule check
[2025-11-16T19:00:55.123+0000] {local_task_job_runner.py:222} INFO - ::endgroup::
