[2025-11-16T19:04:12.786+0000] {local_task_job_runner.py:120} INFO - ::group::Pre task execution logs
[2025-11-16T19:04:12.868+0000] {taskinstance.py:2076} INFO - Dependencies all met for dep_context=non-requeueable deps ti=<TaskInstance: job_ingestion_pipeline.send_alerts scheduled__2025-11-16T19:03:00+00:00 [queued]>
[2025-11-16T19:04:12.886+0000] {taskinstance.py:2076} INFO - Dependencies all met for dep_context=requeueable deps ti=<TaskInstance: job_ingestion_pipeline.send_alerts scheduled__2025-11-16T19:03:00+00:00 [queued]>
[2025-11-16T19:04:12.906+0000] {taskinstance.py:2306} INFO - Starting attempt 1 of 1
[2025-11-16T19:04:12.945+0000] {taskinstance.py:2330} INFO - Executing <Task(_PythonDecoratedOperator): send_alerts> on 2025-11-16 19:03:00+00:00
[2025-11-16T19:04:12.969+0000] {standard_task_runner.py:90} INFO - Running: ['***', 'tasks', 'run', 'job_ingestion_pipeline', 'send_alerts', 'scheduled__2025-11-16T19:03:00+00:00', '--job-id', '29', '--raw', '--subdir', 'DAGS_FOLDER/dag_ingestion.py', '--cfg-path', '/tmp/tmp78vwtsvz']
[2025-11-16T19:04:12.976+0000] {logging_mixin.py:188} WARNING - /home/***/.local/lib/python3.12/site-packages/***/task/task_runner/standard_task_runner.py:62 DeprecationWarning: This process (pid=474) is multi-threaded, use of fork() may lead to deadlocks in the child.
[2025-11-16T19:04:12.978+0000] {standard_task_runner.py:91} INFO - Job 29: Subtask send_alerts
[2025-11-16T19:04:12.979+0000] {standard_task_runner.py:64} INFO - Started process 480 to run task
[2025-11-16T19:04:13.152+0000] {task_command.py:426} INFO - Running <TaskInstance: job_ingestion_pipeline.send_alerts scheduled__2025-11-16T19:03:00+00:00 [running]> on host 947c163543eb
[2025-11-16T19:04:13.891+0000] {taskinstance.py:2648} INFO - Exporting env vars: AIRFLOW_CTX_DAG_OWNER='***' AIRFLOW_CTX_DAG_ID='job_ingestion_pipeline' AIRFLOW_CTX_TASK_ID='send_alerts' AIRFLOW_CTX_EXECUTION_DATE='2025-11-16T19:03:00+00:00' AIRFLOW_CTX_TRY_NUMBER='1' AIRFLOW_CTX_DAG_RUN_ID='scheduled__2025-11-16T19:03:00+00:00'
[2025-11-16T19:04:13.893+0000] {taskinstance.py:430} INFO - ::endgroup::
[2025-11-16T19:04:13.896+0000] {logging_mixin.py:188} INFO - 📣 Sending alert...
[2025-11-16T19:04:13.900+0000] {logging_mixin.py:188} INFO - {
  "file_path": "/opt/***/data/raw_data/job_part_006.csv",
  "errors": [
    "Missing column: age",
    "Missing column: salary",
    "Column gender has missing values",
    "Column city has missing values",
    "Column experience has missing values"
  ],
  "criticality": "medium",
  "valid": false
}
[2025-11-16T19:04:13.901+0000] {python.py:237} INFO - Done. Returned value was: None
[2025-11-16T19:04:13.902+0000] {taskinstance.py:441} INFO - ::group::Post task execution logs
[2025-11-16T19:04:13.932+0000] {taskinstance.py:1206} INFO - Marking task as SUCCESS. dag_id=job_ingestion_pipeline, task_id=send_alerts, run_id=scheduled__2025-11-16T19:03:00+00:00, execution_date=20251116T190300, start_date=20251116T190412, end_date=20251116T190413
[2025-11-16T19:04:14.055+0000] {local_task_job_runner.py:243} INFO - Task exited with return code 0
[2025-11-16T19:04:14.087+0000] {local_task_job_runner.py:222} INFO - ::endgroup::
