[2025-11-28T23:38:35.260+0000] {local_task_job_runner.py:120} INFO - ::group::Pre task execution logs
[2025-11-28T23:38:35.354+0000] {taskinstance.py:2076} INFO - Dependencies all met for dep_context=non-requeueable deps ti=<TaskInstance: job_prediction_pipeline.check_for_new_data scheduled__2025-11-28T23:36:00+00:00 [queued]>
[2025-11-28T23:38:35.377+0000] {taskinstance.py:2076} INFO - Dependencies all met for dep_context=requeueable deps ti=<TaskInstance: job_prediction_pipeline.check_for_new_data scheduled__2025-11-28T23:36:00+00:00 [queued]>
[2025-11-28T23:38:35.379+0000] {taskinstance.py:2306} INFO - Starting attempt 1 of 1
[2025-11-28T23:38:35.414+0000] {taskinstance.py:2330} INFO - Executing <Task(_PythonDecoratedOperator): check_for_new_data> on 2025-11-28 23:36:00+00:00
[2025-11-28T23:38:35.434+0000] {standard_task_runner.py:64} INFO - Started process 299 to run task
[2025-11-28T23:38:35.446+0000] {standard_task_runner.py:90} INFO - Running: ['***', 'tasks', 'run', 'job_prediction_pipeline', 'check_for_new_data', 'scheduled__2025-11-28T23:36:00+00:00', '--job-id', '356', '--raw', '--subdir', 'DAGS_FOLDER/dag_prediction.py', '--cfg-path', '/tmp/tmp2u3xugfl']
[2025-11-28T23:38:35.454+0000] {standard_task_runner.py:91} INFO - Job 356: Subtask check_for_new_data
[2025-11-28T23:38:35.648+0000] {task_command.py:426} INFO - Running <TaskInstance: job_prediction_pipeline.check_for_new_data scheduled__2025-11-28T23:36:00+00:00 [running]> on host 9e1c9e9647a7
[2025-11-28T23:38:35.892+0000] {taskinstance.py:2648} INFO - Exporting env vars: AIRFLOW_CTX_DAG_OWNER='***' AIRFLOW_CTX_DAG_ID='job_prediction_pipeline' AIRFLOW_CTX_TASK_ID='check_for_new_data' AIRFLOW_CTX_EXECUTION_DATE='2025-11-28T23:36:00+00:00' AIRFLOW_CTX_TRY_NUMBER='1' AIRFLOW_CTX_DAG_RUN_ID='scheduled__2025-11-28T23:36:00+00:00'
[2025-11-28T23:38:35.894+0000] {taskinstance.py:430} INFO - ::endgroup::
[2025-11-28T23:38:35.902+0000] {logging_mixin.py:188} INFO - Last processed timestamp = 0.0
[2025-11-28T23:38:36.023+0000] {logging_mixin.py:188} INFO - New files for prediction = ['job_part_0001.csv', 'job_part_0002.csv', 'job_part_0003.csv', 'job_part_0004.csv', 'job_part_0005.csv', 'job_part_0006.csv', 'job_part_0007.csv', 'job_part_0008.csv', 'job_part_0009.csv', 'job_part_0010.csv', 'job_part_0011.csv', 'job_part_0012.csv', 'job_part_0013.csv', 'job_part_0014.csv', 'job_part_0015.csv', 'job_part_0016.csv', 'job_part_0017.csv', 'job_part_0018.csv', 'job_part_0019.csv', 'job_part_0020.csv']
[2025-11-28T23:38:36.024+0000] {logging_mixin.py:188} INFO - New latest timestamp = 1764367579.3262072
[2025-11-28T23:38:36.026+0000] {python.py:237} INFO - Done. Returned value was: {'files': ['job_part_0001.csv', 'job_part_0002.csv', 'job_part_0003.csv', 'job_part_0004.csv', 'job_part_0005.csv', 'job_part_0006.csv', 'job_part_0007.csv', 'job_part_0008.csv', 'job_part_0009.csv', 'job_part_0010.csv', 'job_part_0011.csv', 'job_part_0012.csv', 'job_part_0013.csv', 'job_part_0014.csv', 'job_part_0015.csv', 'job_part_0016.csv', 'job_part_0017.csv', 'job_part_0018.csv', 'job_part_0019.csv', 'job_part_0020.csv'], 'latest_ts': 1764367579.3262072}
[2025-11-28T23:38:36.027+0000] {taskinstance.py:441} INFO - ::group::Post task execution logs
[2025-11-28T23:38:36.100+0000] {taskinstance.py:1206} INFO - Marking task as SUCCESS. dag_id=job_prediction_pipeline, task_id=check_for_new_data, run_id=scheduled__2025-11-28T23:36:00+00:00, execution_date=20251128T233600, start_date=20251128T233835, end_date=20251128T233836
[2025-11-28T23:38:36.153+0000] {local_task_job_runner.py:243} INFO - Task exited with return code 0
[2025-11-28T23:38:36.205+0000] {taskinstance.py:3503} INFO - 1 downstream tasks scheduled from follow-on schedule check
[2025-11-28T23:38:36.211+0000] {local_task_job_runner.py:222} INFO - ::endgroup::
