[2025-11-14T15:59:41.447+0000] {local_task_job_runner.py:120} INFO - ::group::Pre task execution logs
[2025-11-14T15:59:41.536+0000] {taskinstance.py:2076} INFO - Dependencies all met for dep_context=non-requeueable deps ti=<TaskInstance: job_ingestion_pipeline.send_alerts manual__2025-11-14T15:59:33.735266+00:00 [queued]>
[2025-11-14T15:59:41.552+0000] {taskinstance.py:2076} INFO - Dependencies all met for dep_context=requeueable deps ti=<TaskInstance: job_ingestion_pipeline.send_alerts manual__2025-11-14T15:59:33.735266+00:00 [queued]>
[2025-11-14T15:59:41.570+0000] {taskinstance.py:2306} INFO - Starting attempt 1 of 1
[2025-11-14T15:59:41.597+0000] {taskinstance.py:2330} INFO - Executing <Task(_PythonDecoratedOperator): send_alerts> on 2025-11-14 15:59:33.735266+00:00
[2025-11-14T15:59:41.621+0000] {standard_task_runner.py:90} INFO - Running: ['***', 'tasks', 'run', 'job_ingestion_pipeline', 'send_alerts', 'manual__2025-11-14T15:59:33.735266+00:00', '--job-id', '103', '--raw', '--subdir', 'DAGS_FOLDER/dag_ingestion.py', '--cfg-path', '/tmp/tmp07f4vn35']
[2025-11-14T15:59:41.629+0000] {logging_mixin.py:188} WARNING - /home/***/.local/lib/python3.12/site-packages/***/task/task_runner/standard_task_runner.py:62 DeprecationWarning: This process (pid=282) is multi-threaded, use of fork() may lead to deadlocks in the child.
[2025-11-14T15:59:41.630+0000] {standard_task_runner.py:91} INFO - Job 103: Subtask send_alerts
[2025-11-14T15:59:41.631+0000] {standard_task_runner.py:64} INFO - Started process 288 to run task
[2025-11-14T15:59:41.776+0000] {task_command.py:426} INFO - Running <TaskInstance: job_ingestion_pipeline.send_alerts manual__2025-11-14T15:59:33.735266+00:00 [running]> on host 01f98b13abaa
[2025-11-14T15:59:42.370+0000] {taskinstance.py:2648} INFO - Exporting env vars: AIRFLOW_CTX_DAG_OWNER='***' AIRFLOW_CTX_DAG_ID='job_ingestion_pipeline' AIRFLOW_CTX_TASK_ID='send_alerts' AIRFLOW_CTX_EXECUTION_DATE='2025-11-14T15:59:33.735266+00:00' AIRFLOW_CTX_TRY_NUMBER='1' AIRFLOW_CTX_DAG_RUN_ID='manual__2025-11-14T15:59:33.735266+00:00'
[2025-11-14T15:59:42.373+0000] {taskinstance.py:430} INFO - ::endgroup::
[2025-11-14T15:59:42.374+0000] {logging_mixin.py:188} INFO - ALERT - data quality issues: {'invalid_rows': 143, 'invalid_rows_pct': 0.010086760245468012, 'failed_checks': 1}
[2025-11-14T15:59:42.375+0000] {logging_mixin.py:188} INFO - Report: /opt/***/data/reports/job_part_003.csv.html
[2025-11-14T15:59:42.378+0000] {python.py:237} INFO - Done. Returned value was: ok
[2025-11-14T15:59:42.380+0000] {taskinstance.py:441} INFO - ::group::Post task execution logs
[2025-11-14T15:59:42.434+0000] {taskinstance.py:1206} INFO - Marking task as SUCCESS. dag_id=job_ingestion_pipeline, task_id=send_alerts, run_id=manual__2025-11-14T15:59:33.735266+00:00, execution_date=20251114T155933, start_date=20251114T155941, end_date=20251114T155942
[2025-11-14T15:59:42.531+0000] {local_task_job_runner.py:243} INFO - Task exited with return code 0
[2025-11-14T15:59:42.572+0000] {taskinstance.py:3503} INFO - 0 downstream tasks scheduled from follow-on schedule check
[2025-11-14T15:59:42.578+0000] {local_task_job_runner.py:222} INFO - ::endgroup::
